<?xml version="1.0" encoding="utf-8" standalone="no"?>
<test-run id="2" testcasecount="4" result="Passed" total="4" passed="4" failed="0" inconclusive="0" skipped="0" asserts="49" engine-version="3.5.0.0" clr-version="4.0.30319.42000" start-time="2017-03-01 11:34:46Z" end-time="2017-03-01 11:35:04Z" duration="17.402458">
  <command-line><![CDATA["C:/_repo/Narasoft/tinda/trunk/AmpedBiz/tools/NUnit.ConsoleRunner/tools/nunit3-console.exe" "C:/_repo/Narasoft/tinda/trunk/AmpedBiz/AmpedBiz.Tests/bin/Release/AmpedBiz.Tests.dll"]]></command-line>
  <test-suite type="Assembly" id="0-1007" name="AmpedBiz.Tests.dll" fullname="C:\_repo\Narasoft\tinda\trunk\AmpedBiz\AmpedBiz.Tests\bin\Release\AmpedBiz.Tests.dll" runstate="Runnable" testcasecount="4" result="Passed" start-time="2017-03-01 11:34:46Z" end-time="2017-03-01 11:34:59Z" duration="12.250273" total="4" passed="4" failed="0" warnings="0" inconclusive="0" skipped="0" asserts="49">
    <environment framework-version="3.6.0.0" clr-version="4.0.30319.42000" os-version="Microsoft Windows NT 10.0.10586.0" platform="Win32NT" cwd="C:\_repo\Narasoft\tinda\trunk\AmpedBiz" machine-name="PHMADJALIBUYOG2" user="jalibuyog" user-domain="INFOR" culture="en-US" uiculture="en-US" os-architecture="x64" />
    <settings>
      <setting name="DisposeRunners" value="True" />
      <setting name="WorkDirectory" value="C:\_repo\Narasoft\tinda\trunk\AmpedBiz" />
      <setting name="ImageRuntimeVersion" value="4.0.30319" />
      <setting name="ImageTargetFrameworkName" value=".NETFramework,Version=v4.6.1" />
      <setting name="ImageRequiresX86" value="False" />
      <setting name="ImageRequiresDefaultAppDomainAssemblyResolver" value="False" />
      <setting name="NumberOfTestWorkers" value="4" />
    </settings>
    <properties>
      <property name="_PID" value="21880" />
      <property name="_APPDOMAIN" value="test-domain-" />
    </properties>
    <test-suite type="TestSuite" id="0-1008" name="AmpedBiz" fullname="AmpedBiz" runstate="Runnable" testcasecount="4" result="Passed" start-time="2017-03-01 11:34:46Z" end-time="2017-03-01 11:34:59Z" duration="12.225757" total="4" passed="4" failed="0" warnings="0" inconclusive="0" skipped="0" asserts="49">
      <test-suite type="TestSuite" id="0-1009" name="Tests" fullname="AmpedBiz.Tests" runstate="Runnable" testcasecount="4" result="Passed" start-time="2017-03-01 11:34:46Z" end-time="2017-03-01 11:34:59Z" duration="12.222512" total="4" passed="4" failed="0" warnings="0" inconclusive="0" skipped="0" asserts="49">
        <test-suite type="TestSuite" id="0-1011" name="IntegrationTests" fullname="AmpedBiz.Tests.IntegrationTests" runstate="Runnable" testcasecount="3" result="Passed" start-time="2017-03-01 11:34:46Z" end-time="2017-03-01 11:34:59Z" duration="12.206239" total="3" passed="3" failed="0" warnings="0" inconclusive="0" skipped="0" asserts="21">
          <test-suite type="TestFixture" id="0-1002" name="IntegrationTests" fullname="AmpedBiz.Tests.IntegrationTests.IntegrationTests" classname="AmpedBiz.Tests.IntegrationTests.IntegrationTests" runstate="Runnable" testcasecount="2" result="Passed" start-time="2017-03-01 11:34:46Z" end-time="2017-03-01 11:34:59Z" duration="12.192811" total="2" passed="2" failed="0" warnings="0" inconclusive="0" skipped="0" asserts="21">
            <output><![CDATA[NHibernate: 
    select
        returnreas0_.ReturnReasonId as Retur1_18_,
        returnreas0_.Name as Name2_18_ 
    from
        dbo.ReturnReasons returnreas0_
NHibernate: Batch commands:
command 0:
    INSERT 
    INTO
        dbo.ReturnReasons
        (Name, ReturnReasonId) 
    VALUES
        (@p0, @p1);
    @p0 = 'Damaged' [Type: String (4000:0:0)], @p1 = 'D' [Type: String (4000:0:0)]
command 1:
    INSERT 
    INTO
        dbo.ReturnReasons
        (Name, ReturnReasonId) 
    VALUES
        (@p0, @p1);
    @p0 = 'Expired' [Type: String (4000:0:0)], @p1 = 'E' [Type: String (4000:0:0)]

NHibernate: 
    select
        currency0_.CurrencyId as Curren1_1_,
        currency0_.Symbol as Symbol2_1_,
        currency0_.Name as Name3_1_ 
    from
        dbo.Currencies currency0_
NHibernate: Batch commands:
command 0:
    INSERT 
    INTO
        dbo.Currencies
        (Symbol, Name, CurrencyId) 
    VALUES
        (@p0, @p1, @p2);
    @p0 = '₱' [Type: String (4000:0:0)], @p1 = 'Philipine Peso' [Type: String (4000:0:0)], @p2 = 'PHP' [Type: String (4000:0:0)]

NHibernate: 
    select
        paymenttyp0_.PaymentTypeId as Paymen1_8_,
        paymenttyp0_.Name as Name2_8_ 
    from
        dbo.PaymentTypes paymenttyp0_
NHibernate: Batch commands:
command 0:
    INSERT 
    INTO
        dbo.PaymentTypes
        (Name, PaymentTypeId) 
    VALUES
        (@p0, @p1);
    @p0 = 'Cash' [Type: String (4000:0:0)], @p1 = 'CS' [Type: String (4000:0:0)]
command 1:
    INSERT 
    INTO
        dbo.PaymentTypes
        (Name, PaymentTypeId) 
    VALUES
        (@p0, @p1);
    @p0 = 'Check' [Type: String (4000:0:0)], @p1 = 'CK' [Type: String (4000:0:0)]
command 2:
    INSERT 
    INTO
        dbo.PaymentTypes
        (Name, PaymentTypeId) 
    VALUES
        (@p0, @p1);
    @p0 = 'Credit Card' [Type: String (4000:0:0)], @p1 = 'CC' [Type: String (4000:0:0)]
command 3:
    INSERT 
    INTO
        dbo.PaymentTypes
        (Name, PaymentTypeId) 
    VALUES
        (@p0, @p1);
    @p0 = 'Mixed' [Type: String (4000:0:0)], @p1 = 'MX' [Type: String (4000:0:0)]

NHibernate: 
    select
        pricingsch0_.PricingSchemeId as Pricin1_9_,
        pricingsch0_.Name as Name2_9_ 
    from
        dbo.PricingSchemes pricingsch0_
NHibernate: Batch commands:
command 0:
    INSERT 
    INTO
        dbo.PricingSchemes
        (Name, PricingSchemeId) 
    VALUES
        (@p0, @p1);
    @p0 = 'Base Price' [Type: String (4000:0:0)], @p1 = 'BP' [Type: String (4000:0:0)]
command 1:
    INSERT 
    INTO
        dbo.PricingSchemes
        (Name, PricingSchemeId) 
    VALUES
        (@p0, @p1);
    @p0 = 'Wholesale Price' [Type: String (4000:0:0)], @p1 = 'WP' [Type: String (4000:0:0)]
command 2:
    INSERT 
    INTO
        dbo.PricingSchemes
        (Name, PricingSchemeId) 
    VALUES
        (@p0, @p1);
    @p0 = 'Retail Price' [Type: String (4000:0:0)], @p1 = 'RP' [Type: String (4000:0:0)]
command 3:
    INSERT 
    INTO
        dbo.PricingSchemes
        (Name, PricingSchemeId) 
    VALUES
        (@p0, @p1);
    @p0 = 'Bad Stock Price' [Type: String (4000:0:0)], @p1 = 'BSP' [Type: String (4000:0:0)]

NHibernate: 
    select
        productcat0_.ProductCategoryId as Produ1_10_,
        productcat0_.Name as Name2_10_ 
    from
        dbo.ProductCategories productcat0_
NHibernate: Batch commands:
command 0:
    INSERT 
    INTO
        dbo.ProductCategories
        (Name, ProductCategoryId) 
    VALUES
        (@p0, @p1);
    @p0 = 'Food' [Type: String (4000:0:0)], @p1 = 'F' [Type: String (4000:0:0)]
command 1:
    INSERT 
    INTO
        dbo.ProductCategories
        (Name, ProductCategoryId) 
    VALUES
        (@p0, @p1);
    @p0 = 'Drinks' [Type: String (4000:0:0)], @p1 = 'D' [Type: String (4000:0:0)]
command 2:
    INSERT 
    INTO
        dbo.ProductCategories
        (Name, ProductCategoryId) 
    VALUES
        (@p0, @p1);
    @p0 = 'Medicine' [Type: String (4000:0:0)], @p1 = 'M' [Type: String (4000:0:0)]

NHibernate: 
    select
        role0_.RoleId as RoleI1_19_,
        role0_.Name as Name2_19_ 
    from
        dbo.Roles role0_
NHibernate: Batch commands:
command 0:
    INSERT 
    INTO
        dbo.Roles
        (Name, RoleId) 
    VALUES
        (@p0, @p1);
    @p0 = 'Admin' [Type: String (4000:0:0)], @p1 = 'A' [Type: String (4000:0:0)]
command 1:
    INSERT 
    INTO
        dbo.Roles
        (Name, RoleId) 
    VALUES
        (@p0, @p1);
    @p0 = 'Encoder' [Type: String (4000:0:0)], @p1 = 'E' [Type: String (4000:0:0)]
command 2:
    INSERT 
    INTO
        dbo.Roles
        (Name, RoleId) 
    VALUES
        (@p0, @p1);
    @p0 = 'Manager' [Type: String (4000:0:0)], @p1 = 'M' [Type: String (4000:0:0)]
command 3:
    INSERT 
    INTO
        dbo.Roles
        (Name, RoleId) 
    VALUES
        (@p0, @p1);
    @p0 = 'Sales' [Type: String (4000:0:0)], @p1 = 'S' [Type: String (4000:0:0)]
command 4:
    INSERT 
    INTO
        dbo.Roles
        (Name, RoleId) 
    VALUES
        (@p0, @p1);
    @p0 = 'Super Admin' [Type: String (4000:0:0)], @p1 = 'SA' [Type: String (4000:0:0)]
command 5:
    INSERT 
    INTO
        dbo.Roles
        (Name, RoleId) 
    VALUES
        (@p0, @p1);
    @p0 = 'Warehouse' [Type: String (4000:0:0)], @p1 = 'W' [Type: String (4000:0:0)]

NHibernate: 
    select
        unitofmeas0_.UnitOfMeasureClassId as UnitO1_23_,
        unitofmeas0_.Name as Name2_23_ 
    from
        dbo.UnitOfMeasureClasses unitofmeas0_
NHibernate: 
    SELECT
        unitofmeas_.UnitOfMeasureId,
        unitofmeas_.Name as Name2_24_,
        unitofmeas_.IsBaseUnit as IsBas3_24_,
        unitofmeas_.ConversionFactor as Conve4_24_,
        unitofmeas_.UnitOfMeasureClassId as UnitO5_24_ 
    FROM
        dbo.UnitOfMeasures unitofmeas_ 
    WHERE
        unitofmeas_.UnitOfMeasureId=@p0;
    @p0 = 'ea' [Type: String (4000:0:0)]
NHibernate: 
    SELECT
        unitofmeas_.UnitOfMeasureId,
        unitofmeas_.Name as Name2_24_,
        unitofmeas_.IsBaseUnit as IsBas3_24_,
        unitofmeas_.ConversionFactor as Conve4_24_,
        unitofmeas_.UnitOfMeasureClassId as UnitO5_24_ 
    FROM
        dbo.UnitOfMeasures unitofmeas_ 
    WHERE
        unitofmeas_.UnitOfMeasureId=@p0;
    @p0 = 'dz' [Type: String (4000:0:0)]
NHibernate: 
    SELECT
        unitofmeas_.UnitOfMeasureId,
        unitofmeas_.Name as Name2_24_,
        unitofmeas_.IsBaseUnit as IsBas3_24_,
        unitofmeas_.ConversionFactor as Conve4_24_,
        unitofmeas_.UnitOfMeasureClassId as UnitO5_24_ 
    FROM
        dbo.UnitOfMeasures unitofmeas_ 
    WHERE
        unitofmeas_.UnitOfMeasureId=@p0;
    @p0 = 'cs' [Type: String (4000:0:0)]
NHibernate: 
    SELECT
        unitofmeas_.UnitOfMeasureId,
        unitofmeas_.Name as Name2_24_,
        unitofmeas_.IsBaseUnit as IsBas3_24_,
        unitofmeas_.ConversionFactor as Conve4_24_,
        unitofmeas_.UnitOfMeasureClassId as UnitO5_24_ 
    FROM
        dbo.UnitOfMeasures unitofmeas_ 
    WHERE
        unitofmeas_.UnitOfMeasureId=@p0;
    @p0 = 'sk' [Type: String (4000:0:0)]
NHibernate: 
    SELECT
        unitofmeas_.UnitOfMeasureId,
        unitofmeas_.Name as Name2_24_,
        unitofmeas_.IsBaseUnit as IsBas3_24_,
        unitofmeas_.ConversionFactor as Conve4_24_,
        unitofmeas_.UnitOfMeasureClassId as UnitO5_24_ 
    FROM
        dbo.UnitOfMeasures unitofmeas_ 
    WHERE
        unitofmeas_.UnitOfMeasureId=@p0;
    @p0 = 'mg' [Type: String (4000:0:0)]
NHibernate: 
    SELECT
        unitofmeas_.UnitOfMeasureId,
        unitofmeas_.Name as Name2_24_,
        unitofmeas_.IsBaseUnit as IsBas3_24_,
        unitofmeas_.ConversionFactor as Conve4_24_,
        unitofmeas_.UnitOfMeasureClassId as UnitO5_24_ 
    FROM
        dbo.UnitOfMeasures unitofmeas_ 
    WHERE
        unitofmeas_.UnitOfMeasureId=@p0;
    @p0 = 'cg' [Type: String (4000:0:0)]
NHibernate: 
    SELECT
        unitofmeas_.UnitOfMeasureId,
        unitofmeas_.Name as Name2_24_,
        unitofmeas_.IsBaseUnit as IsBas3_24_,
        unitofmeas_.ConversionFactor as Conve4_24_,
        unitofmeas_.UnitOfMeasureClassId as UnitO5_24_ 
    FROM
        dbo.UnitOfMeasures unitofmeas_ 
    WHERE
        unitofmeas_.UnitOfMeasureId=@p0;
    @p0 = 'dg' [Type: String (4000:0:0)]
NHibernate: 
    SELECT
        unitofmeas_.UnitOfMeasureId,
        unitofmeas_.Name as Name2_24_,
        unitofmeas_.IsBaseUnit as IsBas3_24_,
        unitofmeas_.ConversionFactor as Conve4_24_,
        unitofmeas_.UnitOfMeasureClassId as UnitO5_24_ 
    FROM
        dbo.UnitOfMeasures unitofmeas_ 
    WHERE
        unitofmeas_.UnitOfMeasureId=@p0;
    @p0 = 'g' [Type: String (4000:0:0)]
NHibernate: 
    SELECT
        unitofmeas_.UnitOfMeasureId,
        unitofmeas_.Name as Name2_24_,
        unitofmeas_.IsBaseUnit as IsBas3_24_,
        unitofmeas_.ConversionFactor as Conve4_24_,
        unitofmeas_.UnitOfMeasureClassId as UnitO5_24_ 
    FROM
        dbo.UnitOfMeasures unitofmeas_ 
    WHERE
        unitofmeas_.UnitOfMeasureId=@p0;
    @p0 = 'dag' [Type: String (4000:0:0)]
NHibernate: 
    SELECT
        unitofmeas_.UnitOfMeasureId,
        unitofmeas_.Name as Name2_24_,
        unitofmeas_.IsBaseUnit as IsBas3_24_,
        unitofmeas_.ConversionFactor as Conve4_24_,
        unitofmeas_.UnitOfMeasureClassId as UnitO5_24_ 
    FROM
        dbo.UnitOfMeasures unitofmeas_ 
    WHERE
        unitofmeas_.UnitOfMeasureId=@p0;
    @p0 = 'hg' [Type: String (4000:0:0)]
NHibernate: 
    SELECT
        unitofmeas_.UnitOfMeasureId,
        unitofmeas_.Name as Name2_24_,
        unitofmeas_.IsBaseUnit as IsBas3_24_,
        unitofmeas_.ConversionFactor as Conve4_24_,
        unitofmeas_.UnitOfMeasureClassId as UnitO5_24_ 
    FROM
        dbo.UnitOfMeasures unitofmeas_ 
    WHERE
        unitofmeas_.UnitOfMeasureId=@p0;
    @p0 = 'kl' [Type: String (4000:0:0)]
NHibernate: 
    SELECT
        unitofmeas_.UnitOfMeasureId,
        unitofmeas_.Name as Name2_24_,
        unitofmeas_.IsBaseUnit as IsBas3_24_,
        unitofmeas_.ConversionFactor as Conve4_24_,
        unitofmeas_.UnitOfMeasureClassId as UnitO5_24_ 
    FROM
        dbo.UnitOfMeasures unitofmeas_ 
    WHERE
        unitofmeas_.UnitOfMeasureId=@p0;
    @p0 = 't' [Type: String (4000:0:0)]
NHibernate: 
    SELECT
        unitofmeas_.UnitOfMeasureId,
        unitofmeas_.Name as Name2_24_,
        unitofmeas_.IsBaseUnit as IsBas3_24_,
        unitofmeas_.ConversionFactor as Conve4_24_,
        unitofmeas_.UnitOfMeasureClassId as UnitO5_24_ 
    FROM
        dbo.UnitOfMeasures unitofmeas_ 
    WHERE
        unitofmeas_.UnitOfMeasureId=@p0;
    @p0 = 'ml' [Type: String (4000:0:0)]
NHibernate: 
    SELECT
        unitofmeas_.UnitOfMeasureId,
        unitofmeas_.Name as Name2_24_,
        unitofmeas_.IsBaseUnit as IsBas3_24_,
        unitofmeas_.ConversionFactor as Conve4_24_,
        unitofmeas_.UnitOfMeasureClassId as UnitO5_24_ 
    FROM
        dbo.UnitOfMeasures unitofmeas_ 
    WHERE
        unitofmeas_.UnitOfMeasureId=@p0;
    @p0 = 'cl' [Type: String (4000:0:0)]
NHibernate: 
    SELECT
        unitofmeas_.UnitOfMeasureId,
        unitofmeas_.Name as Name2_24_,
        unitofmeas_.IsBaseUnit as IsBas3_24_,
        unitofmeas_.ConversionFactor as Conve4_24_,
        unitofmeas_.UnitOfMeasureClassId as UnitO5_24_ 
    FROM
        dbo.UnitOfMeasures unitofmeas_ 
    WHERE
        unitofmeas_.UnitOfMeasureId=@p0;
    @p0 = 'dl' [Type: String (4000:0:0)]
NHibernate: 
    SELECT
        unitofmeas_.UnitOfMeasureId,
        unitofmeas_.Name as Name2_24_,
        unitofmeas_.IsBaseUnit as IsBas3_24_,
        unitofmeas_.ConversionFactor as Conve4_24_,
        unitofmeas_.UnitOfMeasureClassId as UnitO5_24_ 
    FROM
        dbo.UnitOfMeasures unitofmeas_ 
    WHERE
        unitofmeas_.UnitOfMeasureId=@p0;
    @p0 = 'l' [Type: String (4000:0:0)]
NHibernate: 
    SELECT
        unitofmeas_.UnitOfMeasureId,
        unitofmeas_.Name as Name2_24_,
        unitofmeas_.IsBaseUnit as IsBas3_24_,
        unitofmeas_.ConversionFactor as Conve4_24_,
        unitofmeas_.UnitOfMeasureClassId as UnitO5_24_ 
    FROM
        dbo.UnitOfMeasures unitofmeas_ 
    WHERE
        unitofmeas_.UnitOfMeasureId=@p0;
    @p0 = 'dal' [Type: String (4000:0:0)]
NHibernate: 
    SELECT
        unitofmeas_.UnitOfMeasureId,
        unitofmeas_.Name as Name2_24_,
        unitofmeas_.IsBaseUnit as IsBas3_24_,
        unitofmeas_.ConversionFactor as Conve4_24_,
        unitofmeas_.UnitOfMeasureClassId as UnitO5_24_ 
    FROM
        dbo.UnitOfMeasures unitofmeas_ 
    WHERE
        unitofmeas_.UnitOfMeasureId=@p0;
    @p0 = 'hl' [Type: String (4000:0:0)]
NHibernate: 
    SELECT
        unitofmeas_.UnitOfMeasureId,
        unitofmeas_.Name as Name2_24_,
        unitofmeas_.IsBaseUnit as IsBas3_24_,
        unitofmeas_.ConversionFactor as Conve4_24_,
        unitofmeas_.UnitOfMeasureClassId as UnitO5_24_ 
    FROM
        dbo.UnitOfMeasures unitofmeas_ 
    WHERE
        unitofmeas_.UnitOfMeasureId=@p0;
    @p0 = 'mm' [Type: String (4000:0:0)]
NHibernate: 
    SELECT
        unitofmeas_.UnitOfMeasureId,
        unitofmeas_.Name as Name2_24_,
        unitofmeas_.IsBaseUnit as IsBas3_24_,
        unitofmeas_.ConversionFactor as Conve4_24_,
        unitofmeas_.UnitOfMeasureClassId as UnitO5_24_ 
    FROM
        dbo.UnitOfMeasures unitofmeas_ 
    WHERE
        unitofmeas_.UnitOfMeasureId=@p0;
    @p0 = 'cm' [Type: String (4000:0:0)]
NHibernate: 
    SELECT
        unitofmeas_.UnitOfMeasureId,
        unitofmeas_.Name as Name2_24_,
        unitofmeas_.IsBaseUnit as IsBas3_24_,
        unitofmeas_.ConversionFactor as Conve4_24_,
        unitofmeas_.UnitOfMeasureClassId as UnitO5_24_ 
    FROM
        dbo.UnitOfMeasures unitofmeas_ 
    WHERE
        unitofmeas_.UnitOfMeasureId=@p0;
    @p0 = 'dm' [Type: String (4000:0:0)]
NHibernate: 
    SELECT
        unitofmeas_.UnitOfMeasureId,
        unitofmeas_.Name as Name2_24_,
        unitofmeas_.IsBaseUnit as IsBas3_24_,
        unitofmeas_.ConversionFactor as Conve4_24_,
        unitofmeas_.UnitOfMeasureClassId as UnitO5_24_ 
    FROM
        dbo.UnitOfMeasures unitofmeas_ 
    WHERE
        unitofmeas_.UnitOfMeasureId=@p0;
    @p0 = 'm' [Type: String (4000:0:0)]
NHibernate: 
    SELECT
        unitofmeas_.UnitOfMeasureId,
        unitofmeas_.Name as Name2_24_,
        unitofmeas_.IsBaseUnit as IsBas3_24_,
        unitofmeas_.ConversionFactor as Conve4_24_,
        unitofmeas_.UnitOfMeasureClassId as UnitO5_24_ 
    FROM
        dbo.UnitOfMeasures unitofmeas_ 
    WHERE
        unitofmeas_.UnitOfMeasureId=@p0;
    @p0 = 'dam' [Type: String (4000:0:0)]
NHibernate: 
    SELECT
        unitofmeas_.UnitOfMeasureId,
        unitofmeas_.Name as Name2_24_,
        unitofmeas_.IsBaseUnit as IsBas3_24_,
        unitofmeas_.ConversionFactor as Conve4_24_,
        unitofmeas_.UnitOfMeasureClassId as UnitO5_24_ 
    FROM
        dbo.UnitOfMeasures unitofmeas_ 
    WHERE
        unitofmeas_.UnitOfMeasureId=@p0;
    @p0 = 'hm' [Type: String (4000:0:0)]
NHibernate: Batch commands:
command 0:
    INSERT 
    INTO
        dbo.UnitOfMeasureClasses
        (Name, UnitOfMeasureClassId) 
    VALUES
        (@p0, @p1);
    @p0 = 'Quantity' [Type: String (4000:0:0)], @p1 = 'qty' [Type: String (4000:0:0)]
command 1:
    INSERT 
    INTO
        dbo.UnitOfMeasureClasses
        (Name, UnitOfMeasureClassId) 
    VALUES
        (@p0, @p1);
    @p0 = 'Weight' [Type: String (4000:0:0)], @p1 = 'wt' [Type: String (4000:0:0)]
command 2:
    INSERT 
    INTO
        dbo.UnitOfMeasureClasses
        (Name, UnitOfMeasureClassId) 
    VALUES
        (@p0, @p1);
    @p0 = 'Volume' [Type: String (4000:0:0)], @p1 = 'vol' [Type: String (4000:0:0)]
command 3:
    INSERT 
    INTO
        dbo.UnitOfMeasureClasses
        (Name, UnitOfMeasureClassId) 
    VALUES
        (@p0, @p1);
    @p0 = 'Length' [Type: String (4000:0:0)], @p1 = 'l' [Type: String (4000:0:0)]

NHibernate: Batch commands:
command 0:
    INSERT 
    INTO
        dbo.UnitOfMeasures
        (Name, IsBaseUnit, ConversionFactor, UnitOfMeasureClassId, UnitOfMeasureId) 
    VALUES
        (@p0, @p1, @p2, @p3, @p4);
    @p0 = 'each' [Type: String (4000:0:0)], @p1 = True [Type: Boolean (0:0:0)], @p2 = 1 [Type: Decimal (0:5:28)], @p3 = 'qty' [Type: String (4000:0:0)], @p4 = 'ea' [Type: String (4000:0:0)]
command 1:
    INSERT 
    INTO
        dbo.UnitOfMeasures
        (Name, IsBaseUnit, ConversionFactor, UnitOfMeasureClassId, UnitOfMeasureId) 
    VALUES
        (@p0, @p1, @p2, @p3, @p4);
    @p0 = 'dozen' [Type: String (4000:0:0)], @p1 = False [Type: Boolean (0:0:0)], @p2 = 12 [Type: Decimal (0:5:28)], @p3 = 'qty' [Type: String (4000:0:0)], @p4 = 'dz' [Type: String (4000:0:0)]
command 2:
    INSERT 
    INTO
        dbo.UnitOfMeasures
        (Name, IsBaseUnit, ConversionFactor, UnitOfMeasureClassId, UnitOfMeasureId) 
    VALUES
        (@p0, @p1, @p2, @p3, @p4);
    @p0 = 'case' [Type: String (4000:0:0)], @p1 = False [Type: Boolean (0:0:0)], @p2 = NULL [Type: Decimal (0:5:28)], @p3 = 'qty' [Type: String (4000:0:0)], @p4 = 'cs' [Type: String (4000:0:0)]
command 3:
    INSERT 
    INTO
        dbo.UnitOfMeasures
        (Name, IsBaseUnit, ConversionFactor, UnitOfMeasureClassId, UnitOfMeasureId) 
    VALUES
        (@p0, @p1, @p2, @p3, @p4);
    @p0 = 'sack' [Type: String (4000:0:0)], @p1 = False [Type: Boolean (0:0:0)], @p2 = NULL [Type: Decimal (0:5:28)], @p3 = 'qty' [Type: String (4000:0:0)], @p4 = 'sk' [Type: String (4000:0:0)]
command 4:
    INSERT 
    INTO
        dbo.UnitOfMeasures
        (Name, IsBaseUnit, ConversionFactor, UnitOfMeasureClassId, UnitOfMeasureId) 
    VALUES
        (@p0, @p1, @p2, @p3, @p4);
    @p0 = 'milligram' [Type: String (4000:0:0)], @p1 = False [Type: Boolean (0:0:0)], @p2 = 0.000001 [Type: Decimal (0:5:28)], @p3 = 'wt' [Type: String (4000:0:0)], @p4 = 'mg' [Type: String (4000:0:0)]
command 5:
    INSERT 
    INTO
        dbo.UnitOfMeasures
        (Name, IsBaseUnit, ConversionFactor, UnitOfMeasureClassId, UnitOfMeasureId) 
    VALUES
        (@p0, @p1, @p2, @p3, @p4);
    @p0 = 'centigram' [Type: String (4000:0:0)], @p1 = False [Type: Boolean (0:0:0)], @p2 = 0.00001 [Type: Decimal (0:5:28)], @p3 = 'wt' [Type: String (4000:0:0)], @p4 = 'cg' [Type: String (4000:0:0)]
command 6:
    INSERT 
    INTO
        dbo.UnitOfMeasures
        (Name, IsBaseUnit, ConversionFactor, UnitOfMeasureClassId, UnitOfMeasureId) 
    VALUES
        (@p0, @p1, @p2, @p3, @p4);
    @p0 = 'decigram' [Type: String (4000:0:0)], @p1 = False [Type: Boolean (0:0:0)], @p2 = 0.0001 [Type: Decimal (0:5:28)], @p3 = 'wt' [Type: String (4000:0:0)], @p4 = 'dg' [Type: String (4000:0:0)]
command 7:
    INSERT 
    INTO
        dbo.UnitOfMeasures
        (Name, IsBaseUnit, ConversionFactor, UnitOfMeasureClassId, UnitOfMeasureId) 
    VALUES
        (@p0, @p1, @p2, @p3, @p4);
    @p0 = 'gram' [Type: String (4000:0:0)], @p1 = False [Type: Boolean (0:0:0)], @p2 = 0.001 [Type: Decimal (0:5:28)], @p3 = 'wt' [Type: String (4000:0:0)], @p4 = 'g' [Type: String (4000:0:0)]
command 8:
    INSERT 
    INTO
        dbo.UnitOfMeasures
        (Name, IsBaseUnit, ConversionFactor, UnitOfMeasureClassId, UnitOfMeasureId) 
    VALUES
        (@p0, @p1, @p2, @p3, @p4);
    @p0 = 'dekagram' [Type: String (4000:0:0)], @p1 = False [Type: Boolean (0:0:0)], @p2 = 0.01 [Type: Decimal (0:5:28)], @p3 = 'wt' [Type: String (4000:0:0)], @p4 = 'dag' [Type: String (4000:0:0)]
command 9:
    INSERT 
    INTO
        dbo.UnitOfMeasures
        (Name, IsBaseUnit, ConversionFactor, UnitOfMeasureClassId, UnitOfMeasureId) 
    VALUES
        (@p0, @p1, @p2, @p3, @p4);
    @p0 = 'hectogram' [Type: String (4000:0:0)], @p1 = False [Type: Boolean (0:0:0)], @p2 = 0.1 [Type: Decimal (0:5:28)], @p3 = 'wt' [Type: String (4000:0:0)], @p4 = 'hg' [Type: String (4000:0:0)]
command 10:
    INSERT 
    INTO
        dbo.UnitOfMeasures
        (Name, IsBaseUnit, ConversionFactor, UnitOfMeasureClassId, UnitOfMeasureId) 
    VALUES
        (@p0, @p1, @p2, @p3, @p4);
    @p0 = 'kilogram' [Type: String (4000:0:0)], @p1 = True [Type: Boolean (0:0:0)], @p2 = 1 [Type: Decimal (0:5:28)], @p3 = 'wt' [Type: String (4000:0:0)], @p4 = 'kl' [Type: String (4000:0:0)]
command 11:
    INSERT 
    INTO
        dbo.UnitOfMeasures
        (Name, IsBaseUnit, ConversionFactor, UnitOfMeasureClassId, UnitOfMeasureId) 
    VALUES
        (@p0, @p1, @p2, @p3, @p4);
    @p0 = 'metric ton' [Type: String (4000:0:0)], @p1 = False [Type: Boolean (0:0:0)], @p2 = 1000 [Type: Decimal (0:5:28)], @p3 = 'wt' [Type: String (4000:0:0)], @p4 = 't' [Type: String (4000:0:0)]
command 12:
    INSERT 
    INTO
        dbo.UnitOfMeasures
        (Name, IsBaseUnit, ConversionFactor, UnitOfMeasureClassId, UnitOfMeasureId) 
    VALUES
        (@p0, @p1, @p2, @p3, @p4);
    @p0 = 'milliliter' [Type: String (4000:0:0)], @p1 = False [Type: Boolean (0:0:0)], @p2 = 0.001 [Type: Decimal (0:5:28)], @p3 = 'vol' [Type: String (4000:0:0)], @p4 = 'ml' [Type: String (4000:0:0)]
command 13:
    INSERT 
    INTO
        dbo.UnitOfMeasures
        (Name, IsBaseUnit, ConversionFactor, UnitOfMeasureClassId, UnitOfMeasureId) 
    VALUES
        (@p0, @p1, @p2, @p3, @p4);
    @p0 = 'centiliter' [Type: String (4000:0:0)], @p1 = False [Type: Boolean (0:0:0)], @p2 = 0.01 [Type: Decimal (0:5:28)], @p3 = 'vol' [Type: String (4000:0:0)], @p4 = 'cl' [Type: String (4000:0:0)]
command 14:
    INSERT 
    INTO
        dbo.UnitOfMeasures
        (Name, IsBaseUnit, ConversionFactor, UnitOfMeasureClassId, UnitOfMeasureId) 
    VALUES
        (@p0, @p1, @p2, @p3, @p4);
    @p0 = 'deciliter' [Type: String (4000:0:0)], @p1 = False [Type: Boolean (0:0:0)], @p2 = 0.1 [Type: Decimal (0:5:28)], @p3 = 'vol' [Type: String (4000:0:0)], @p4 = 'dl' [Type: String (4000:0:0)]
command 15:
    INSERT 
    INTO
        dbo.UnitOfMeasures
        (Name, IsBaseUnit, ConversionFactor, UnitOfMeasureClassId, UnitOfMeasureId) 
    VALUES
        (@p0, @p1, @p2, @p3, @p4);
    @p0 = 'liter' [Type: String (4000:0:0)], @p1 = True [Type: Boolean (0:0:0)], @p2 = 1 [Type: Decimal (0:5:28)], @p3 = 'vol' [Type: String (4000:0:0)], @p4 = 'l' [Type: String (4000:0:0)]
command 16:
    INSERT 
    INTO
        dbo.UnitOfMeasures
        (Name, IsBaseUnit, ConversionFactor, UnitOfMeasureClassId, UnitOfMeasureId) 
    VALUES
        (@p0, @p1, @p2, @p3, @p4);
    @p0 = 'dekaliter' [Type: String (4000:0:0)], @p1 = False [Type: Boolean (0:0:0)], @p2 = 10 [Type: Decimal (0:5:28)], @p3 = 'vol' [Type: String (4000:0:0)], @p4 = 'dal' [Type: String (4000:0:0)]
command 17:
    INSERT 
    INTO
        dbo.UnitOfMeasures
        (Name, IsBaseUnit, ConversionFactor, UnitOfMeasureClassId, UnitOfMeasureId) 
    VALUES
        (@p0, @p1, @p2, @p3, @p4);
    @p0 = 'hectoliter' [Type: String (4000:0:0)], @p1 = False [Type: Boolean (0:0:0)], @p2 = 100 [Type: Decimal (0:5:28)], @p3 = 'vol' [Type: String (4000:0:0)], @p4 = 'hl' [Type: String (4000:0:0)]
command 18:
    INSERT 
    INTO
        dbo.UnitOfMeasures
        (Name, IsBaseUnit, ConversionFactor, UnitOfMeasureClassId, UnitOfMeasureId) 
    VALUES
        (@p0, @p1, @p2, @p3, @p4);
    @p0 = 'millimeter' [Type: String (4000:0:0)], @p1 = False [Type: Boolean (0:0:0)], @p2 = 0.001 [Type: Decimal (0:5:28)], @p3 = 'l' [Type: String (4000:0:0)], @p4 = 'mm' [Type: String (4000:0:0)]
command 19:
    INSERT 
    INTO
        dbo.UnitOfMeasures
        (Name, IsBaseUnit, ConversionFactor, UnitOfMeasureClassId, UnitOfMeasureId) 
    VALUES
        (@p0, @p1, @p2, @p3, @p4);
    @p0 = 'centimeter' [Type: String (4000:0:0)], @p1 = False [Type: Boolean (0:0:0)], @p2 = 0.01 [Type: Decimal (0:5:28)], @p3 = 'l' [Type: String (4000:0:0)], @p4 = 'cm' [Type: String (4000:0:0)]
command 20:
    INSERT 
    INTO
        dbo.UnitOfMeasures
        (Name, IsBaseUnit, ConversionFactor, UnitOfMeasureClassId, UnitOfMeasureId) 
    VALUES
        (@p0, @p1, @p2, @p3, @p4);
    @p0 = 'decimeter' [Type: String (4000:0:0)], @p1 = False [Type: Boolean (0:0:0)], @p2 = 0.1 [Type: Decimal (0:5:28)], @p3 = 'l' [Type: String (4000:0:0)], @p4 = 'dm' [Type: String (4000:0:0)]
command 21:
    INSERT 
    INTO
        dbo.UnitOfMeasures
        (Name, IsBaseUnit, ConversionFactor, UnitOfMeasureClassId, UnitOfMeasureId) 
    VALUES
        (@p0, @p1, @p2, @p3, @p4);
    @p0 = 'meter' [Type: String (4000:0:0)], @p1 = True [Type: Boolean (0:0:0)], @p2 = 1 [Type: Decimal (0:5:28)], @p3 = 'l' [Type: String (4000:0:0)], @p4 = 'm' [Type: String (4000:0:0)]
command 22:
    INSERT 
    INTO
        dbo.UnitOfMeasures
        (Name, IsBaseUnit, ConversionFactor, UnitOfMeasureClassId, UnitOfMeasureId) 
    VALUES
        (@p0, @p1, @p2, @p3, @p4);
    @p0 = 'dekameter' [Type: String (4000:0:0)], @p1 = False [Type: Boolean (0:0:0)], @p2 = 10 [Type: Decimal (0:5:28)], @p3 = 'l' [Type: String (4000:0:0)], @p4 = 'dam' [Type: String (4000:0:0)]
command 23:
    INSERT 
    INTO
        dbo.UnitOfMeasures
        (Name, IsBaseUnit, ConversionFactor, UnitOfMeasureClassId, UnitOfMeasureId) 
    VALUES
        (@p0, @p1, @p2, @p3, @p4);
    @p0 = 'hectometer' [Type: String (4000:0:0)], @p1 = False [Type: Boolean (0:0:0)], @p2 = 100 [Type: Decimal (0:5:28)], @p3 = 'l' [Type: String (4000:0:0)], @p4 = 'hm' [Type: String (4000:0:0)]

NHibernate: 
    SELECT
        branch0_.BranchId as Branch1_0_0_,
        branch0_.Name as Name2_0_0_,
        branch0_.Description as Descri3_0_0_,
        branch0_.Street as Street4_0_0_,
        branch0_.Barangay as Barang5_0_0_,
        branch0_.City as City6_0_0_,
        branch0_.Province as Provin7_0_0_,
        branch0_.Region as Region8_0_0_,
        branch0_.Country as Countr9_0_0_,
        branch0_.ZipCode as ZipCo10_0_0_ 
    FROM
        dbo.Branches branch0_ 
    WHERE
        branch0_.BranchId=@p0;
    @p0 = 406a71d8-4dfd-4d34-821e-a5e52e144e50 [Type: Guid (0:0:0)]
NHibernate: Batch commands:
command 0:
    INSERT 
    INTO
        dbo.Branches
        (Name, Description, Street, Barangay, City, Province, Region, Country, ZipCode, BranchId) 
    VALUES
        (@p0, @p1, @p2, @p3, @p4, @p5, @p6, @p7, @p8, @p9);
    @p0 = 'Super Branch' [Type: String (4000:0:0)], @p1 = 'Super Description' [Type: String (4000:0:0)], @p2 = 'Super Street' [Type: String (4000:0:0)], @p3 = 'Super Barangay' [Type: String (4000:0:0)], @p4 = 'Super City' [Type: String (4000:0:0)], @p5 = 'Super Province' [Type: String (4000:0:0)], @p6 = 'Super Region' [Type: String (4000:0:0)], @p7 = 'Super Country' [Type: String (4000:0:0)], @p8 = 'Super Zip Code' [Type: String (4000:0:0)], @p9 = 406a71d8-4dfd-4d34-821e-a5e52e144e50 [Type: Guid (0:0:0)]

NHibernate: 
    SELECT
        user0_.UserId as UserI1_25_0_,
        user0_.Username as Usern2_25_0_,
        user0_.Password as Passw3_25_0_,
        user0_.BranchId as Branc4_25_0_,
        user0_.FirstName as First5_25_0_,
        user0_.MiddleName as Middl6_25_0_,
        user0_.LastName as LastN7_25_0_,
        user0_.BirthDate as Birth8_25_0_,
        user0_.Street as Stree9_25_0_,
        user0_.Barangay as Bara10_25_0_,
        user0_.City as City11_25_0_,
        user0_.Province as Prov12_25_0_,
        user0_.Region as Regi13_25_0_,
        user0_.Country as Coun14_25_0_,
        user0_.ZipCode as ZipC15_25_0_ 
    FROM
        dbo.Users user0_ 
    WHERE
        user0_.UserId=@p0;
    @p0 = ca42947a-0ba3-4fc8-86e0-a635014b6b11 [Type: Guid (0:0:0)]
NHibernate: 
    select
        role0_.RoleId as RoleI1_19_,
        role0_.Name as Name2_19_ 
    from
        dbo.Roles role0_
NHibernate: Batch commands:
command 0:
    INSERT 
    INTO
        dbo.Users
        (Username, Password, BranchId, FirstName, MiddleName, LastName, BirthDate, Street, Barangay, City, Province, Region, Country, ZipCode, UserId) 
    VALUES
        (@p0, @p1, @p2, @p3, @p4, @p5, @p6, @p7, @p8, @p9, @p10, @p11, @p12, @p13, @p14);
    @p0 = 'super_user' [Type: String (4000:0:0)], @p1 = '123!@#qweASD' [Type: String (4000:0:0)], @p2 = 406a71d8-4dfd-4d34-821e-a5e52e144e50 [Type: Guid (0:0:0)], @p3 = 'Super' [Type: String (4000:0:0)], @p4 = 'Power' [Type: String (4000:0:0)], @p5 = 'User' [Type: String (4000:0:0)], @p6 = 1999-01-01T00:00:00.0000000 [Type: DateTime (0:0:0)], @p7 = 'Ocean Street' [Type: String (4000:0:0)], @p8 = 'Virginia Summer Ville, Mayamot' [Type: String (4000:0:0)], @p9 = 'Antipolo City' [Type: String (4000:0:0)], @p10 = 'Rizal' [Type: String (4000:0:0)], @p11 = 'NCR' [Type: String (4000:0:0)], @p12 = 'Philippines' [Type: String (4000:0:0)], @p13 = '1870' [Type: String (4000:0:0)], @p14 = ca42947a-0ba3-4fc8-86e0-a635014b6b11 [Type: Guid (0:0:0)]

NHibernate: Batch commands:
command 0:
    INSERT 
    INTO
        dbo.UsersRoles
        (UserId, RoleId) 
    VALUES
        (@p0, @p1);
    @p0 = ca42947a-0ba3-4fc8-86e0-a635014b6b11 [Type: Guid (0:0:0)], @p1 = 'A' [Type: String (4000:0:0)]
command 1:
    INSERT 
    INTO
        dbo.UsersRoles
        (UserId, RoleId) 
    VALUES
        (@p0, @p1);
    @p0 = ca42947a-0ba3-4fc8-86e0-a635014b6b11 [Type: Guid (0:0:0)], @p1 = 'E' [Type: String (4000:0:0)]
command 2:
    INSERT 
    INTO
        dbo.UsersRoles
        (UserId, RoleId) 
    VALUES
        (@p0, @p1);
    @p0 = ca42947a-0ba3-4fc8-86e0-a635014b6b11 [Type: Guid (0:0:0)], @p1 = 'M' [Type: String (4000:0:0)]
command 3:
    INSERT 
    INTO
        dbo.UsersRoles
        (UserId, RoleId) 
    VALUES
        (@p0, @p1);
    @p0 = ca42947a-0ba3-4fc8-86e0-a635014b6b11 [Type: Guid (0:0:0)], @p1 = 'S' [Type: String (4000:0:0)]
command 4:
    INSERT 
    INTO
        dbo.UsersRoles
        (UserId, RoleId) 
    VALUES
        (@p0, @p1);
    @p0 = ca42947a-0ba3-4fc8-86e0-a635014b6b11 [Type: Guid (0:0:0)], @p1 = 'SA' [Type: String (4000:0:0)]
command 5:
    INSERT 
    INTO
        dbo.UsersRoles
        (UserId, RoleId) 
    VALUES
        (@p0, @p1);
    @p0 = ca42947a-0ba3-4fc8-86e0-a635014b6b11 [Type: Guid (0:0:0)], @p1 = 'W' [Type: String (4000:0:0)]

NHibernate: 
    select
        user0_.UserId as UserI1_25_,
        user0_.Username as Usern2_25_,
        user0_.Password as Passw3_25_,
        user0_.BranchId as Branc4_25_,
        user0_.FirstName as First5_25_,
        user0_.MiddleName as Middl6_25_,
        user0_.LastName as LastN7_25_,
        user0_.BirthDate as Birth8_25_,
        user0_.Street as Stree9_25_,
        user0_.Barangay as Bara10_25_,
        user0_.City as City11_25_,
        user0_.Province as Prov12_25_,
        user0_.Region as Regi13_25_,
        user0_.Country as Coun14_25_,
        user0_.ZipCode as ZipC15_25_ 
    from
        dbo.Users user0_
NHibernate: 
    select
        branch0_.BranchId as Branch1_0_,
        branch0_.Name as Name2_0_,
        branch0_.Description as Descri3_0_,
        branch0_.Street as Street4_0_,
        branch0_.Barangay as Barang5_0_,
        branch0_.City as City6_0_,
        branch0_.Province as Provin7_0_,
        branch0_.Region as Region8_0_,
        branch0_.Country as Countr9_0_,
        branch0_.ZipCode as ZipCo10_0_ 
    from
        dbo.Branches branch0_
NHibernate: 
    select
        shipper0_.ShipperId as Shipp1_20_,
        shipper0_.Name as Name2_20_,
        shipper0_.Street as Stree3_20_,
        shipper0_.Barangay as Baran4_20_,
        shipper0_.City as City5_20_,
        shipper0_.Province as Provi6_20_,
        shipper0_.Region as Regio7_20_,
        shipper0_.Country as Count8_20_,
        shipper0_.ZipCode as ZipCo9_20_,
        shipper0_.Email as Emai10_20_,
        shipper0_.Landline as Land11_20_,
        shipper0_.Fax as Fax12_20_,
        shipper0_.Mobile as Mobi13_20_,
        shipper0_.Web as Web14_20_ 
    from
        dbo.Shippers shipper0_
NHibernate: 
    select
        customer0_.CustomerId as Custom1_2_,
        customer0_.Name as Name2_2_,
        customer0_.PricingSchemeId as Pricin3_2_,
        customer0_.CreditLimit_Amount as Credit4_2_,
        customer0_.CreditLimit_CurrencyId as Credit5_2_,
        customer0_.Office_Street as Office6_2_,
        customer0_.Office_Barangay as Office7_2_,
        customer0_.Office_City as Office8_2_,
        customer0_.Office_Province as Office9_2_,
        customer0_.Office_Region as Offic10_2_,
        customer0_.Office_Country as Offic11_2_,
        customer0_.Office_ZipCode as Offic12_2_,
        customer0_.Billing_Street as Billi13_2_,
        customer0_.Billing_Barangay as Billi14_2_,
        customer0_.Billing_City as Billi15_2_,
        customer0_.Billing_Province as Billi16_2_,
        customer0_.Billing_Region as Billi17_2_,
        customer0_.Billing_Country as Billi18_2_,
        customer0_.Billing_ZipCode as Billi19_2_,
        customer0_.Email as Email20_2_,
        customer0_.Landline as Landl21_2_,
        customer0_.Fax as Fax22_2_,
        customer0_.Mobile as Mobil23_2_,
        customer0_.Web as Web24_2_ 
    from
        dbo.Customers customer0_
NHibernate: 
    select
        currency0_.CurrencyId as Curren1_1_,
        currency0_.Symbol as Symbol2_1_,
        currency0_.Name as Name3_1_ 
    from
        dbo.Currencies currency0_
NHibernate: 
    select
        paymenttyp0_.PaymentTypeId as Paymen1_8_,
        paymenttyp0_.Name as Name2_8_ 
    from
        dbo.PaymentTypes paymenttyp0_
NHibernate: 
    select
        pricingsch0_.PricingSchemeId as Pricin1_9_,
        pricingsch0_.Name as Name2_9_ 
    from
        dbo.PricingSchemes pricingsch0_
NHibernate: 
    select
        productcat0_.ProductCategoryId as Produ1_10_,
        productcat0_.Name as Name2_10_ 
    from
        dbo.ProductCategories productcat0_
NHibernate: 
    select
        unitofmeas0_.UnitOfMeasureId as UnitO1_24_,
        unitofmeas0_.Name as Name2_24_,
        unitofmeas0_.IsBaseUnit as IsBas3_24_,
        unitofmeas0_.ConversionFactor as Conve4_24_,
        unitofmeas0_.UnitOfMeasureClassId as UnitO5_24_ 
    from
        dbo.UnitOfMeasures unitofmeas0_
NHibernate: 
    select
        supplier0_.SupplierId as Suppl1_22_,
        supplier0_.Name as Name2_22_,
        supplier0_.Street as Stree3_22_,
        supplier0_.Barangay as Baran4_22_,
        supplier0_.City as City5_22_,
        supplier0_.Province as Provi6_22_,
        supplier0_.Region as Regio7_22_,
        supplier0_.Country as Count8_22_,
        supplier0_.ZipCode as ZipCo9_22_,
        supplier0_.Email as Emai10_22_,
        supplier0_.Landline as Land11_22_,
        supplier0_.Fax as Fax12_22_,
        supplier0_.Mobile as Mobi13_22_,
        supplier0_.Web as Web14_22_ 
    from
        dbo.Suppliers supplier0_ 
    where
        (
            select
                cast(count(*) as INT) 
            from
                dbo.Products products1_ 
            where
                supplier0_.SupplierId=products1_.SupplierId
        )>@p0;
    @p0 = 0 [Type: Int32 (0:0:0)]
]]></output>
            <test-case id="0-1003" name="CommonScenarioTests" fullname="AmpedBiz.Tests.IntegrationTests.IntegrationTests.CommonScenarioTests" methodname="CommonScenarioTests" classname="AmpedBiz.Tests.IntegrationTests.IntegrationTests" runstate="Runnable" seed="302558989" result="Passed" start-time="2017-03-01 11:34:55Z" end-time="2017-03-01 11:34:58Z" duration="3.438334" asserts="21">
              <output><![CDATA[NHibernate: 
    select
        branch0_.BranchId as Branch1_0_,
        branch0_.Name as Name2_0_,
        branch0_.Description as Descri3_0_,
        branch0_.Street as Street4_0_,
        branch0_.Barangay as Barang5_0_,
        branch0_.City as City6_0_,
        branch0_.Province as Provin7_0_,
        branch0_.Region as Region8_0_,
        branch0_.Country as Countr9_0_,
        branch0_.ZipCode as ZipCo10_0_ 
    from
        dbo.Branches branch0_ 
    where
        branch0_.BranchId=@p0 
    ORDER BY
        CURRENT_TIMESTAMP OFFSET 0 ROWS FETCH FIRST 1 ROWS ONLY;
    @p0 = 00000000-0000-0000-0000-000000000000 [Type: Guid (0:0:0)]
NHibernate: Batch commands:
command 0:
    INSERT 
    INTO
        dbo.Branches
        (Name, Description, Street, Barangay, City, Province, Region, Country, ZipCode, BranchId) 
    VALUES
        (@p0, @p1, @p2, @p3, @p4, @p5, @p6, @p7, @p8, @p9);
    @p0 = 'Name_Yf7qudXudRRb3sug0H18gDXeT' [Type: String (4000:0:0)], @p1 = 'Description_f54da09a-e488-453e-812f-e5acc0647fae' [Type: String (4000:0:0)], @p2 = 'Street_gqFwm7tkMt' [Type: String (4000:0:0)], @p3 = 'Barangay_5pL0vo89Ei' [Type: String (4000:0:0)], @p4 = 'City_zwTHZcqxRA' [Type: String (4000:0:0)], @p5 = 'Province_9LLyGRXrhL' [Type: String (4000:0:0)], @p6 = 'Region_1FQd9ieJu3' [Type: String (4000:0:0)], @p7 = 'Philippines' [Type: String (4000:0:0)], @p8 = '4725' [Type: String (4000:0:0)], @p9 = b542461b-aa1f-46ef-afad-a72900bede17 [Type: Guid (0:0:0)]

NHibernate: Batch commands:
command 0:
    INSERT 
    INTO
        dbo.Users
        (Username, Password, BranchId, FirstName, MiddleName, LastName, BirthDate, Street, Barangay, City, Province, Region, Country, ZipCode, UserId) 
    VALUES
        (@p0, @p1, @p2, @p3, @p4, @p5, @p6, @p7, @p8, @p9, @p10, @p11, @p12, @p13, @p14);
    @p0 = 'Username_4cd37e80-fcc1-47f1-918d-1995e99b2976' [Type: String (4000:0:0)], @p1 = 'Password_6d58b75e-9349-4942-963a-e5f59c0e49da' [Type: String (4000:0:0)], @p2 = b542461b-aa1f-46ef-afad-a72900bede17 [Type: Guid (0:0:0)], @p3 = 'FirstName_f92eba82-1b37-4fef-ab76-145128cee120' [Type: String (4000:0:0)], @p4 = 'MiddleName_563c14c1-997e-4ae4-9d34-b111824c6690' [Type: String (4000:0:0)], @p5 = 'LastName_a72b9c46-b2cc-44f3-bc82-59ef0d26f8cc' [Type: String (4000:0:0)], @p6 = 2017-03-01T00:00:00.0000000 [Type: DateTime (0:0:0)], @p7 = 'Street_6400158f-3257-4d53-b2bc-3061c2dbc7b6' [Type: String (4000:0:0)], @p8 = 'Barangay_942d3659-f35c-4c19-84b7-c7e6576bf34b' [Type: String (4000:0:0)], @p9 = 'City_334f5d18-8d9d-437e-a262-95c963d3852a' [Type: String (4000:0:0)], @p10 = 'Province_a82230d6-e006-4c9a-9bd8-1e983b1a9092' [Type: String (4000:0:0)], @p11 = 'Region_f855befb-fadb-4f34-abcd-a49822ebf845' [Type: String (4000:0:0)], @p12 = 'Country_fcb30787-fd05-4777-9712-8c271f09165d' [Type: String (4000:0:0)], @p13 = 'ZipCode_053f896d-6cfd-4bc0-bb24-ed6ab24a061c' [Type: String (4000:0:0)], @p14 = 5c2b8cdf-64e5-483b-9252-a72900bede26 [Type: Guid (0:0:0)]

NHibernate: Batch commands:
command 0:
    INSERT 
    INTO
        dbo.UsersRoles
        (UserId, RoleId) 
    VALUES
        (@p0, @p1);
    @p0 = 5c2b8cdf-64e5-483b-9252-a72900bede26 [Type: Guid (0:0:0)], @p1 = 'A' [Type: String (4000:0:0)]
command 1:
    INSERT 
    INTO
        dbo.UsersRoles
        (UserId, RoleId) 
    VALUES
        (@p0, @p1);
    @p0 = 5c2b8cdf-64e5-483b-9252-a72900bede26 [Type: Guid (0:0:0)], @p1 = 'E' [Type: String (4000:0:0)]
command 2:
    INSERT 
    INTO
        dbo.UsersRoles
        (UserId, RoleId) 
    VALUES
        (@p0, @p1);
    @p0 = 5c2b8cdf-64e5-483b-9252-a72900bede26 [Type: Guid (0:0:0)], @p1 = 'M' [Type: String (4000:0:0)]
command 3:
    INSERT 
    INTO
        dbo.UsersRoles
        (UserId, RoleId) 
    VALUES
        (@p0, @p1);
    @p0 = 5c2b8cdf-64e5-483b-9252-a72900bede26 [Type: Guid (0:0:0)], @p1 = 'S' [Type: String (4000:0:0)]
command 4:
    INSERT 
    INTO
        dbo.UsersRoles
        (UserId, RoleId) 
    VALUES
        (@p0, @p1);
    @p0 = 5c2b8cdf-64e5-483b-9252-a72900bede26 [Type: Guid (0:0:0)], @p1 = 'SA' [Type: String (4000:0:0)]
command 5:
    INSERT 
    INTO
        dbo.UsersRoles
        (UserId, RoleId) 
    VALUES
        (@p0, @p1);
    @p0 = 5c2b8cdf-64e5-483b-9252-a72900bede26 [Type: Guid (0:0:0)], @p1 = 'W' [Type: String (4000:0:0)]

NHibernate: Batch commands:
command 0:
    INSERT 
    INTO
        dbo.Users
        (Username, Password, BranchId, FirstName, MiddleName, LastName, BirthDate, Street, Barangay, City, Province, Region, Country, ZipCode, UserId) 
    VALUES
        (@p0, @p1, @p2, @p3, @p4, @p5, @p6, @p7, @p8, @p9, @p10, @p11, @p12, @p13, @p14);
    @p0 = 'Username_8c0be682-a965-48d4-b3b4-a2bd600d4daf' [Type: String (4000:0:0)], @p1 = 'Password_4076bb7f-98ed-48b2-b80b-cc5ce0ce85c4' [Type: String (4000:0:0)], @p2 = b542461b-aa1f-46ef-afad-a72900bede17 [Type: Guid (0:0:0)], @p3 = 'FirstName_eedd9ba9-5d89-40c6-b66c-7a81681b605c' [Type: String (4000:0:0)], @p4 = 'MiddleName_4ee1a4cc-05e0-4764-9416-30b0b8f88125' [Type: String (4000:0:0)], @p5 = 'LastName_5498bb4b-b5fd-4a83-9a63-d45af15a19b0' [Type: String (4000:0:0)], @p6 = 2017-03-01T00:00:00.0000000 [Type: DateTime (0:0:0)], @p7 = 'Street_8f4311f1-c6af-48da-9536-a603aa3709f2' [Type: String (4000:0:0)], @p8 = 'Barangay_3d03a20d-1b32-4079-8a95-e911494c1e57' [Type: String (4000:0:0)], @p9 = 'City_f92c4981-d84c-48d4-8eec-d6e8b5824b7f' [Type: String (4000:0:0)], @p10 = 'Province_ef43f5d8-2bad-4a27-a1bf-c5c3c28d29d7' [Type: String (4000:0:0)], @p11 = 'Region_cd11ec24-4640-4764-a305-41f57305d493' [Type: String (4000:0:0)], @p12 = 'Country_aaca6985-7b00-413d-822b-51f79ba7593e' [Type: String (4000:0:0)], @p13 = 'ZipCode_941c6fdc-e90d-4084-8636-2389d3f59e47' [Type: String (4000:0:0)], @p14 = 790ee6b8-bc9d-4406-b3dc-a72900bede2a [Type: Guid (0:0:0)]

NHibernate: Batch commands:
command 0:
    INSERT 
    INTO
        dbo.UsersRoles
        (UserId, RoleId) 
    VALUES
        (@p0, @p1);
    @p0 = 790ee6b8-bc9d-4406-b3dc-a72900bede2a [Type: Guid (0:0:0)], @p1 = 'A' [Type: String (4000:0:0)]
command 1:
    INSERT 
    INTO
        dbo.UsersRoles
        (UserId, RoleId) 
    VALUES
        (@p0, @p1);
    @p0 = 790ee6b8-bc9d-4406-b3dc-a72900bede2a [Type: Guid (0:0:0)], @p1 = 'E' [Type: String (4000:0:0)]
command 2:
    INSERT 
    INTO
        dbo.UsersRoles
        (UserId, RoleId) 
    VALUES
        (@p0, @p1);
    @p0 = 790ee6b8-bc9d-4406-b3dc-a72900bede2a [Type: Guid (0:0:0)], @p1 = 'M' [Type: String (4000:0:0)]
command 3:
    INSERT 
    INTO
        dbo.UsersRoles
        (UserId, RoleId) 
    VALUES
        (@p0, @p1);
    @p0 = 790ee6b8-bc9d-4406-b3dc-a72900bede2a [Type: Guid (0:0:0)], @p1 = 'S' [Type: String (4000:0:0)]
command 4:
    INSERT 
    INTO
        dbo.UsersRoles
        (UserId, RoleId) 
    VALUES
        (@p0, @p1);
    @p0 = 790ee6b8-bc9d-4406-b3dc-a72900bede2a [Type: Guid (0:0:0)], @p1 = 'SA' [Type: String (4000:0:0)]
command 5:
    INSERT 
    INTO
        dbo.UsersRoles
        (UserId, RoleId) 
    VALUES
        (@p0, @p1);
    @p0 = 790ee6b8-bc9d-4406-b3dc-a72900bede2a [Type: Guid (0:0:0)], @p1 = 'W' [Type: String (4000:0:0)]

NHibernate: Batch commands:
command 0:
    INSERT 
    INTO
        dbo.Users
        (Username, Password, BranchId, FirstName, MiddleName, LastName, BirthDate, Street, Barangay, City, Province, Region, Country, ZipCode, UserId) 
    VALUES
        (@p0, @p1, @p2, @p3, @p4, @p5, @p6, @p7, @p8, @p9, @p10, @p11, @p12, @p13, @p14);
    @p0 = 'Username_693b5ada-681a-40b0-b4c5-deb6ea102028' [Type: String (4000:0:0)], @p1 = 'Password_9d911a5a-e7e1-4a21-9474-d59c088a7469' [Type: String (4000:0:0)], @p2 = b542461b-aa1f-46ef-afad-a72900bede17 [Type: Guid (0:0:0)], @p3 = 'FirstName_067460e9-1d0c-433f-93c2-8e207e69eaa2' [Type: String (4000:0:0)], @p4 = 'MiddleName_d077df22-21e7-4b8e-867f-d800db2bdb6c' [Type: String (4000:0:0)], @p5 = 'LastName_eb86c94d-0515-4145-a73b-4e8a58a6d5a2' [Type: String (4000:0:0)], @p6 = 2017-03-01T00:00:00.0000000 [Type: DateTime (0:0:0)], @p7 = 'Street_c8bd7aa8-c9fe-4471-961b-4695db2f6857' [Type: String (4000:0:0)], @p8 = 'Barangay_7fd63784-6938-43e9-bb2f-f8b66969559b' [Type: String (4000:0:0)], @p9 = 'City_b4d4f0e0-654e-4090-bda6-9bb7cd8b7969' [Type: String (4000:0:0)], @p10 = 'Province_cf9c5083-58f5-43be-a273-c1c2c6e0b66e' [Type: String (4000:0:0)], @p11 = 'Region_d2217b97-b0dc-4b39-83c7-4a25c4197f34' [Type: String (4000:0:0)], @p12 = 'Country_753a166f-bdea-4e52-8803-1c0f0cfb70f9' [Type: String (4000:0:0)], @p13 = 'ZipCode_62737632-4b79-4314-bc2a-16ffa6ed8a31' [Type: String (4000:0:0)], @p14 = 6c75fb1c-0e84-43f1-b458-a72900bede2c [Type: Guid (0:0:0)]

NHibernate: Batch commands:
command 0:
    INSERT 
    INTO
        dbo.UsersRoles
        (UserId, RoleId) 
    VALUES
        (@p0, @p1);
    @p0 = 6c75fb1c-0e84-43f1-b458-a72900bede2c [Type: Guid (0:0:0)], @p1 = 'A' [Type: String (4000:0:0)]
command 1:
    INSERT 
    INTO
        dbo.UsersRoles
        (UserId, RoleId) 
    VALUES
        (@p0, @p1);
    @p0 = 6c75fb1c-0e84-43f1-b458-a72900bede2c [Type: Guid (0:0:0)], @p1 = 'E' [Type: String (4000:0:0)]
command 2:
    INSERT 
    INTO
        dbo.UsersRoles
        (UserId, RoleId) 
    VALUES
        (@p0, @p1);
    @p0 = 6c75fb1c-0e84-43f1-b458-a72900bede2c [Type: Guid (0:0:0)], @p1 = 'M' [Type: String (4000:0:0)]
command 3:
    INSERT 
    INTO
        dbo.UsersRoles
        (UserId, RoleId) 
    VALUES
        (@p0, @p1);
    @p0 = 6c75fb1c-0e84-43f1-b458-a72900bede2c [Type: Guid (0:0:0)], @p1 = 'S' [Type: String (4000:0:0)]
command 4:
    INSERT 
    INTO
        dbo.UsersRoles
        (UserId, RoleId) 
    VALUES
        (@p0, @p1);
    @p0 = 6c75fb1c-0e84-43f1-b458-a72900bede2c [Type: Guid (0:0:0)], @p1 = 'SA' [Type: String (4000:0:0)]
command 5:
    INSERT 
    INTO
        dbo.UsersRoles
        (UserId, RoleId) 
    VALUES
        (@p0, @p1);
    @p0 = 6c75fb1c-0e84-43f1-b458-a72900bede2c [Type: Guid (0:0:0)], @p1 = 'W' [Type: String (4000:0:0)]

NHibernate: Batch commands:
command 0:
    INSERT 
    INTO
        dbo.Users
        (Username, Password, BranchId, FirstName, MiddleName, LastName, BirthDate, Street, Barangay, City, Province, Region, Country, ZipCode, UserId) 
    VALUES
        (@p0, @p1, @p2, @p3, @p4, @p5, @p6, @p7, @p8, @p9, @p10, @p11, @p12, @p13, @p14);
    @p0 = 'Username_6ba7e4b3-4ad5-43c2-97d4-f30edd6a9a2a' [Type: String (4000:0:0)], @p1 = 'Password_5a15a071-e410-4cd5-86a5-c9186644b0e1' [Type: String (4000:0:0)], @p2 = b542461b-aa1f-46ef-afad-a72900bede17 [Type: Guid (0:0:0)], @p3 = 'FirstName_cbdad19e-5367-4bfb-827a-4f45769eb22d' [Type: String (4000:0:0)], @p4 = 'MiddleName_2cf0a0de-60df-4c9d-af60-0cddd8db62dc' [Type: String (4000:0:0)], @p5 = 'LastName_d9a72b44-0f71-405a-9d74-eca027150ba5' [Type: String (4000:0:0)], @p6 = 2017-03-01T00:00:00.0000000 [Type: DateTime (0:0:0)], @p7 = 'Street_2f6b38da-8856-4b2d-93e3-23919f880ebf' [Type: String (4000:0:0)], @p8 = 'Barangay_144add9f-a550-4dec-a0e9-deb502d2c467' [Type: String (4000:0:0)], @p9 = 'City_92299705-09b5-495c-8e79-385fd537223b' [Type: String (4000:0:0)], @p10 = 'Province_37c8d21d-0890-4e51-8db2-63a33d5c83bb' [Type: String (4000:0:0)], @p11 = 'Region_33fb68b7-c969-473e-ad45-9c59a5b9afb6' [Type: String (4000:0:0)], @p12 = 'Country_0b68b684-54b9-45cb-b844-be5bde6bb27a' [Type: String (4000:0:0)], @p13 = 'ZipCode_0094293e-d393-4e25-a452-b224dedf5f41' [Type: String (4000:0:0)], @p14 = 758be66f-a814-4a22-be17-a72900bede2e [Type: Guid (0:0:0)]

NHibernate: Batch commands:
command 0:
    INSERT 
    INTO
        dbo.UsersRoles
        (UserId, RoleId) 
    VALUES
        (@p0, @p1);
    @p0 = 758be66f-a814-4a22-be17-a72900bede2e [Type: Guid (0:0:0)], @p1 = 'A' [Type: String (4000:0:0)]
command 1:
    INSERT 
    INTO
        dbo.UsersRoles
        (UserId, RoleId) 
    VALUES
        (@p0, @p1);
    @p0 = 758be66f-a814-4a22-be17-a72900bede2e [Type: Guid (0:0:0)], @p1 = 'E' [Type: String (4000:0:0)]
command 2:
    INSERT 
    INTO
        dbo.UsersRoles
        (UserId, RoleId) 
    VALUES
        (@p0, @p1);
    @p0 = 758be66f-a814-4a22-be17-a72900bede2e [Type: Guid (0:0:0)], @p1 = 'M' [Type: String (4000:0:0)]
command 3:
    INSERT 
    INTO
        dbo.UsersRoles
        (UserId, RoleId) 
    VALUES
        (@p0, @p1);
    @p0 = 758be66f-a814-4a22-be17-a72900bede2e [Type: Guid (0:0:0)], @p1 = 'S' [Type: String (4000:0:0)]
command 4:
    INSERT 
    INTO
        dbo.UsersRoles
        (UserId, RoleId) 
    VALUES
        (@p0, @p1);
    @p0 = 758be66f-a814-4a22-be17-a72900bede2e [Type: Guid (0:0:0)], @p1 = 'SA' [Type: String (4000:0:0)]
command 5:
    INSERT 
    INTO
        dbo.UsersRoles
        (UserId, RoleId) 
    VALUES
        (@p0, @p1);
    @p0 = 758be66f-a814-4a22-be17-a72900bede2e [Type: Guid (0:0:0)], @p1 = 'W' [Type: String (4000:0:0)]

NHibernate: Batch commands:
command 0:
    INSERT 
    INTO
        dbo.Users
        (Username, Password, BranchId, FirstName, MiddleName, LastName, BirthDate, Street, Barangay, City, Province, Region, Country, ZipCode, UserId) 
    VALUES
        (@p0, @p1, @p2, @p3, @p4, @p5, @p6, @p7, @p8, @p9, @p10, @p11, @p12, @p13, @p14);
    @p0 = 'Username_d0927397-a20f-4eb1-98b5-75874e48d4d6' [Type: String (4000:0:0)], @p1 = 'Password_0e11d1d6-4b99-4ad6-ac28-eb0a93af5ade' [Type: String (4000:0:0)], @p2 = b542461b-aa1f-46ef-afad-a72900bede17 [Type: Guid (0:0:0)], @p3 = 'FirstName_8a6ec749-c4cd-4a9e-8518-6cdd73ac7262' [Type: String (4000:0:0)], @p4 = 'MiddleName_3d9d660e-3d9b-4d90-b60d-6bc28d37458c' [Type: String (4000:0:0)], @p5 = 'LastName_b7865856-2559-4063-91cf-9ea22813a1f3' [Type: String (4000:0:0)], @p6 = 2017-03-01T00:00:00.0000000 [Type: DateTime (0:0:0)], @p7 = 'Street_88c40f7c-cee0-4662-979b-87b453db465e' [Type: String (4000:0:0)], @p8 = 'Barangay_473270ae-1aa6-4fb7-a90b-d3ad5b2007ae' [Type: String (4000:0:0)], @p9 = 'City_438c1fe6-0196-4b83-88ee-9597aac32dff' [Type: String (4000:0:0)], @p10 = 'Province_82042749-81ce-4251-bf6b-99a42f0648fa' [Type: String (4000:0:0)], @p11 = 'Region_c59a53cc-05b5-4a18-81f1-01d78a5a476e' [Type: String (4000:0:0)], @p12 = 'Country_36d9489c-fd85-469b-951c-ab7f17fca55b' [Type: String (4000:0:0)], @p13 = 'ZipCode_a83bda36-7e59-40df-969d-221731278ad7' [Type: String (4000:0:0)], @p14 = 6d0778ce-8d5a-40f8-9a93-a72900bede30 [Type: Guid (0:0:0)]

NHibernate: Batch commands:
command 0:
    INSERT 
    INTO
        dbo.UsersRoles
        (UserId, RoleId) 
    VALUES
        (@p0, @p1);
    @p0 = 6d0778ce-8d5a-40f8-9a93-a72900bede30 [Type: Guid (0:0:0)], @p1 = 'A' [Type: String (4000:0:0)]
command 1:
    INSERT 
    INTO
        dbo.UsersRoles
        (UserId, RoleId) 
    VALUES
        (@p0, @p1);
    @p0 = 6d0778ce-8d5a-40f8-9a93-a72900bede30 [Type: Guid (0:0:0)], @p1 = 'E' [Type: String (4000:0:0)]
command 2:
    INSERT 
    INTO
        dbo.UsersRoles
        (UserId, RoleId) 
    VALUES
        (@p0, @p1);
    @p0 = 6d0778ce-8d5a-40f8-9a93-a72900bede30 [Type: Guid (0:0:0)], @p1 = 'M' [Type: String (4000:0:0)]
command 3:
    INSERT 
    INTO
        dbo.UsersRoles
        (UserId, RoleId) 
    VALUES
        (@p0, @p1);
    @p0 = 6d0778ce-8d5a-40f8-9a93-a72900bede30 [Type: Guid (0:0:0)], @p1 = 'S' [Type: String (4000:0:0)]
command 4:
    INSERT 
    INTO
        dbo.UsersRoles
        (UserId, RoleId) 
    VALUES
        (@p0, @p1);
    @p0 = 6d0778ce-8d5a-40f8-9a93-a72900bede30 [Type: Guid (0:0:0)], @p1 = 'SA' [Type: String (4000:0:0)]
command 5:
    INSERT 
    INTO
        dbo.UsersRoles
        (UserId, RoleId) 
    VALUES
        (@p0, @p1);
    @p0 = 6d0778ce-8d5a-40f8-9a93-a72900bede30 [Type: Guid (0:0:0)], @p1 = 'W' [Type: String (4000:0:0)]

NHibernate: 
    select
        user0_.UserId as UserI1_25_,
        user0_.Username as Usern2_25_,
        user0_.Password as Passw3_25_,
        user0_.BranchId as Branc4_25_,
        user0_.FirstName as First5_25_,
        user0_.MiddleName as Middl6_25_,
        user0_.LastName as LastN7_25_,
        user0_.BirthDate as Birth8_25_,
        user0_.Street as Stree9_25_,
        user0_.Barangay as Bara10_25_,
        user0_.City as City11_25_,
        user0_.Province as Prov12_25_,
        user0_.Region as Regi13_25_,
        user0_.Country as Coun14_25_,
        user0_.ZipCode as ZipC15_25_ 
    from
        dbo.Users user0_
NHibernate: 
    select
        customer0_.CustomerId as Custom1_2_,
        customer0_.Name as Name2_2_,
        customer0_.PricingSchemeId as Pricin3_2_,
        customer0_.CreditLimit_Amount as Credit4_2_,
        customer0_.CreditLimit_CurrencyId as Credit5_2_,
        customer0_.Office_Street as Office6_2_,
        customer0_.Office_Barangay as Office7_2_,
        customer0_.Office_City as Office8_2_,
        customer0_.Office_Province as Office9_2_,
        customer0_.Office_Region as Offic10_2_,
        customer0_.Office_Country as Offic11_2_,
        customer0_.Office_ZipCode as Offic12_2_,
        customer0_.Billing_Street as Billi13_2_,
        customer0_.Billing_Barangay as Billi14_2_,
        customer0_.Billing_City as Billi15_2_,
        customer0_.Billing_Province as Billi16_2_,
        customer0_.Billing_Region as Billi17_2_,
        customer0_.Billing_Country as Billi18_2_,
        customer0_.Billing_ZipCode as Billi19_2_,
        customer0_.Email as Email20_2_,
        customer0_.Landline as Landl21_2_,
        customer0_.Fax as Fax22_2_,
        customer0_.Mobile as Mobil23_2_,
        customer0_.Web as Web24_2_ 
    from
        dbo.Customers customer0_ 
    where
        customer0_.CustomerId=@p0 
    ORDER BY
        CURRENT_TIMESTAMP OFFSET 0 ROWS FETCH FIRST 1 ROWS ONLY;
    @p0 = 'Id__3a72e713-151e-4713-b394-a57f682b4b02' [Type: String (4000:0:0)]
NHibernate: Batch commands:
command 0:
    INSERT 
    INTO
        dbo.Customers
        (Name, PricingSchemeId, CreditLimit_Amount, CreditLimit_CurrencyId, Office_Street, Office_Barangay, Office_City, Office_Province, Office_Region, Office_Country, Office_ZipCode, Billing_Street, Billing_Barangay, Billing_City, Billing_Province, Billing_Region, Billing_Country, Billing_ZipCode, Email, Landline, Fax, Mobile, Web, CustomerId) 
    VALUES
        (@p0, @p1, @p2, @p3, @p4, @p5, @p6, @p7, @p8, @p9, @p10, @p11, @p12, @p13, @p14, @p15, @p16, @p17, @p18, @p19, @p20, @p21, @p22, @p23);
    @p0 = 'Name__493f6dbe-3609-479c-b891-af217e354ed7' [Type: String (4000:0:0)], @p1 = 'RP' [Type: String (4000:0:0)], @p2 = 1000.00 [Type: Decimal (0:5:28)], @p3 = 'PHP' [Type: String (4000:0:0)], @p4 = 'Street_VKhnzdffya' [Type: String (4000:0:0)], @p5 = 'Barangay_ekeyvnMGjE' [Type: String (4000:0:0)], @p6 = 'City_kHyQF3DB1G' [Type: String (4000:0:0)], @p7 = 'Province_ysBxQQw9cF' [Type: String (4000:0:0)], @p8 = 'Region_xc36QQZdX8' [Type: String (4000:0:0)], @p9 = 'Philippines' [Type: String (4000:0:0)], @p10 = '4625' [Type: String (4000:0:0)], @p11 = 'Street_wmHPKOC3w1' [Type: String (4000:0:0)], @p12 = 'Barangay_EZMJhxfzwc' [Type: String (4000:0:0)], @p13 = 'City_kSyPEHZQnP' [Type: String (4000:0:0)], @p14 = 'Province_PME2b3cUu3' [Type: String (4000:0:0)], @p15 = 'Region_VHdXpELm5d' [Type: String (4000:0:0)], @p16 = 'Philippines' [Type: String (4000:0:0)], @p17 = '2064' [Type: String (4000:0:0)], @p18 = 'xuPD3UUspVLE2HczajA6xUKdo@DztN1ji3.com' [Type: String (4000:0:0)], @p19 = '(79)917-38-50' [Type: String (4000:0:0)], @p20 = '(72)469-63-37' [Type: String (4000:0:0)], @p21 = '(62)795-472-8478' [Type: String (4000:0:0)], @p22 = 'http://www.whYOTwu14RJmgQH.com' [Type: String (4000:0:0)], @p23 = 'Id__3a72e713-151e-4713-b394-a57f682b4b02' [Type: String (4000:0:0)]

NHibernate: 
    select
        customer0_.CustomerId as Custom1_2_,
        customer0_.Name as Name2_2_,
        customer0_.PricingSchemeId as Pricin3_2_,
        customer0_.CreditLimit_Amount as Credit4_2_,
        customer0_.CreditLimit_CurrencyId as Credit5_2_,
        customer0_.Office_Street as Office6_2_,
        customer0_.Office_Barangay as Office7_2_,
        customer0_.Office_City as Office8_2_,
        customer0_.Office_Province as Office9_2_,
        customer0_.Office_Region as Offic10_2_,
        customer0_.Office_Country as Offic11_2_,
        customer0_.Office_ZipCode as Offic12_2_,
        customer0_.Billing_Street as Billi13_2_,
        customer0_.Billing_Barangay as Billi14_2_,
        customer0_.Billing_City as Billi15_2_,
        customer0_.Billing_Province as Billi16_2_,
        customer0_.Billing_Region as Billi17_2_,
        customer0_.Billing_Country as Billi18_2_,
        customer0_.Billing_ZipCode as Billi19_2_,
        customer0_.Email as Email20_2_,
        customer0_.Landline as Landl21_2_,
        customer0_.Fax as Fax22_2_,
        customer0_.Mobile as Mobil23_2_,
        customer0_.Web as Web24_2_ 
    from
        dbo.Customers customer0_ 
    where
        customer0_.CustomerId=@p0 
    ORDER BY
        CURRENT_TIMESTAMP OFFSET 0 ROWS FETCH FIRST 1 ROWS ONLY;
    @p0 = 'Id__96b2b6e3-9f2a-421d-9358-65c5defaec17' [Type: String (4000:0:0)]
NHibernate: Batch commands:
command 0:
    INSERT 
    INTO
        dbo.Customers
        (Name, PricingSchemeId, CreditLimit_Amount, CreditLimit_CurrencyId, Office_Street, Office_Barangay, Office_City, Office_Province, Office_Region, Office_Country, Office_ZipCode, Billing_Street, Billing_Barangay, Billing_City, Billing_Province, Billing_Region, Billing_Country, Billing_ZipCode, Email, Landline, Fax, Mobile, Web, CustomerId) 
    VALUES
        (@p0, @p1, @p2, @p3, @p4, @p5, @p6, @p7, @p8, @p9, @p10, @p11, @p12, @p13, @p14, @p15, @p16, @p17, @p18, @p19, @p20, @p21, @p22, @p23);
    @p0 = 'Name__b010f5b7-f23e-430b-8243-f152f4160c62' [Type: String (4000:0:0)], @p1 = 'BSP' [Type: String (4000:0:0)], @p2 = 1000.00 [Type: Decimal (0:5:28)], @p3 = 'PHP' [Type: String (4000:0:0)], @p4 = 'Street_3fsQURiCAR' [Type: String (4000:0:0)], @p5 = 'Barangay_R5PdGbQm01' [Type: String (4000:0:0)], @p6 = 'City_i7uDmZqmuf' [Type: String (4000:0:0)], @p7 = 'Province_pMfQ4vL4bw' [Type: String (4000:0:0)], @p8 = 'Region_V1sLPHSYaj' [Type: String (4000:0:0)], @p9 = 'Philippines' [Type: String (4000:0:0)], @p10 = '3641' [Type: String (4000:0:0)], @p11 = 'Street_t51JJfCWrQ' [Type: String (4000:0:0)], @p12 = 'Barangay_j4TBwirhf0' [Type: String (4000:0:0)], @p13 = 'City_NoeRHO1Azd' [Type: String (4000:0:0)], @p14 = 'Province_kp2voLZ8wv' [Type: String (4000:0:0)], @p15 = 'Region_QLBqOhk4dr' [Type: String (4000:0:0)], @p16 = 'Philippines' [Type: String (4000:0:0)], @p17 = '6714' [Type: String (4000:0:0)], @p18 = 'f97z5BhXmKswukCnyDjo7hJup@xunJJCRg.com' [Type: String (4000:0:0)], @p19 = '(19)647-70-96' [Type: String (4000:0:0)], @p20 = '(19)894-29-36' [Type: String (4000:0:0)], @p21 = '(85)286-239-2170' [Type: String (4000:0:0)], @p22 = 'http://www.HvMD1TgCh1hAJHh.com' [Type: String (4000:0:0)], @p23 = 'Id__96b2b6e3-9f2a-421d-9358-65c5defaec17' [Type: String (4000:0:0)]

NHibernate: 
    select
        customer0_.CustomerId as Custom1_2_,
        customer0_.Name as Name2_2_,
        customer0_.PricingSchemeId as Pricin3_2_,
        customer0_.CreditLimit_Amount as Credit4_2_,
        customer0_.CreditLimit_CurrencyId as Credit5_2_,
        customer0_.Office_Street as Office6_2_,
        customer0_.Office_Barangay as Office7_2_,
        customer0_.Office_City as Office8_2_,
        customer0_.Office_Province as Office9_2_,
        customer0_.Office_Region as Offic10_2_,
        customer0_.Office_Country as Offic11_2_,
        customer0_.Office_ZipCode as Offic12_2_,
        customer0_.Billing_Street as Billi13_2_,
        customer0_.Billing_Barangay as Billi14_2_,
        customer0_.Billing_City as Billi15_2_,
        customer0_.Billing_Province as Billi16_2_,
        customer0_.Billing_Region as Billi17_2_,
        customer0_.Billing_Country as Billi18_2_,
        customer0_.Billing_ZipCode as Billi19_2_,
        customer0_.Email as Email20_2_,
        customer0_.Landline as Landl21_2_,
        customer0_.Fax as Fax22_2_,
        customer0_.Mobile as Mobil23_2_,
        customer0_.Web as Web24_2_ 
    from
        dbo.Customers customer0_ 
    where
        customer0_.CustomerId=@p0 
    ORDER BY
        CURRENT_TIMESTAMP OFFSET 0 ROWS FETCH FIRST 1 ROWS ONLY;
    @p0 = 'Id__286419bf-789f-4d4a-b164-4154439e23b2' [Type: String (4000:0:0)]
NHibernate: Batch commands:
command 0:
    INSERT 
    INTO
        dbo.Customers
        (Name, PricingSchemeId, CreditLimit_Amount, CreditLimit_CurrencyId, Office_Street, Office_Barangay, Office_City, Office_Province, Office_Region, Office_Country, Office_ZipCode, Billing_Street, Billing_Barangay, Billing_City, Billing_Province, Billing_Region, Billing_Country, Billing_ZipCode, Email, Landline, Fax, Mobile, Web, CustomerId) 
    VALUES
        (@p0, @p1, @p2, @p3, @p4, @p5, @p6, @p7, @p8, @p9, @p10, @p11, @p12, @p13, @p14, @p15, @p16, @p17, @p18, @p19, @p20, @p21, @p22, @p23);
    @p0 = 'Name__8b90fd6f-535c-4ce2-a5f4-a3bdf96f9147' [Type: String (4000:0:0)], @p1 = 'BP' [Type: String (4000:0:0)], @p2 = 1000.00 [Type: Decimal (0:5:28)], @p3 = 'PHP' [Type: String (4000:0:0)], @p4 = 'Street_k65EW94Erp' [Type: String (4000:0:0)], @p5 = 'Barangay_c8ewnuT7PC' [Type: String (4000:0:0)], @p6 = 'City_8FZOJcHNgh' [Type: String (4000:0:0)], @p7 = 'Province_Oq6duNAvFV' [Type: String (4000:0:0)], @p8 = 'Region_op5EnD4w6h' [Type: String (4000:0:0)], @p9 = 'Philippines' [Type: String (4000:0:0)], @p10 = '4863' [Type: String (4000:0:0)], @p11 = 'Street_UzDTiVpunB' [Type: String (4000:0:0)], @p12 = 'Barangay_PdocFZ8iWQ' [Type: String (4000:0:0)], @p13 = 'City_VLDfsPjzeG' [Type: String (4000:0:0)], @p14 = 'Province_SLKmKeQ6oM' [Type: String (4000:0:0)], @p15 = 'Region_H4LeFYDsKs' [Type: String (4000:0:0)], @p16 = 'Philippines' [Type: String (4000:0:0)], @p17 = '9848' [Type: String (4000:0:0)], @p18 = 'OgKAETBTmJC5KJb9jaTL1qwxc@H0DyzgTm.com' [Type: String (4000:0:0)], @p19 = '(37)862-20-59' [Type: String (4000:0:0)], @p20 = '(20)405-17-38' [Type: String (4000:0:0)], @p21 = '(76)422-591-9521' [Type: String (4000:0:0)], @p22 = 'http://www.N3YAdBEBYijR43L.com' [Type: String (4000:0:0)], @p23 = 'Id__286419bf-789f-4d4a-b164-4154439e23b2' [Type: String (4000:0:0)]

NHibernate: 
    select
        customer0_.CustomerId as Custom1_2_,
        customer0_.Name as Name2_2_,
        customer0_.PricingSchemeId as Pricin3_2_,
        customer0_.CreditLimit_Amount as Credit4_2_,
        customer0_.CreditLimit_CurrencyId as Credit5_2_,
        customer0_.Office_Street as Office6_2_,
        customer0_.Office_Barangay as Office7_2_,
        customer0_.Office_City as Office8_2_,
        customer0_.Office_Province as Office9_2_,
        customer0_.Office_Region as Offic10_2_,
        customer0_.Office_Country as Offic11_2_,
        customer0_.Office_ZipCode as Offic12_2_,
        customer0_.Billing_Street as Billi13_2_,
        customer0_.Billing_Barangay as Billi14_2_,
        customer0_.Billing_City as Billi15_2_,
        customer0_.Billing_Province as Billi16_2_,
        customer0_.Billing_Region as Billi17_2_,
        customer0_.Billing_Country as Billi18_2_,
        customer0_.Billing_ZipCode as Billi19_2_,
        customer0_.Email as Email20_2_,
        customer0_.Landline as Landl21_2_,
        customer0_.Fax as Fax22_2_,
        customer0_.Mobile as Mobil23_2_,
        customer0_.Web as Web24_2_ 
    from
        dbo.Customers customer0_ 
    where
        customer0_.CustomerId=@p0 
    ORDER BY
        CURRENT_TIMESTAMP OFFSET 0 ROWS FETCH FIRST 1 ROWS ONLY;
    @p0 = 'Id__a2e0bf2e-7938-4370-89b6-ea05cd648bce' [Type: String (4000:0:0)]
NHibernate: Batch commands:
command 0:
    INSERT 
    INTO
        dbo.Customers
        (Name, PricingSchemeId, CreditLimit_Amount, CreditLimit_CurrencyId, Office_Street, Office_Barangay, Office_City, Office_Province, Office_Region, Office_Country, Office_ZipCode, Billing_Street, Billing_Barangay, Billing_City, Billing_Province, Billing_Region, Billing_Country, Billing_ZipCode, Email, Landline, Fax, Mobile, Web, CustomerId) 
    VALUES
        (@p0, @p1, @p2, @p3, @p4, @p5, @p6, @p7, @p8, @p9, @p10, @p11, @p12, @p13, @p14, @p15, @p16, @p17, @p18, @p19, @p20, @p21, @p22, @p23);
    @p0 = 'Name__2524caaa-871f-45f9-b3b4-04678e508229' [Type: String (4000:0:0)], @p1 = 'RP' [Type: String (4000:0:0)], @p2 = 1000.00 [Type: Decimal (0:5:28)], @p3 = 'PHP' [Type: String (4000:0:0)], @p4 = 'Street_C8qgi13CNh' [Type: String (4000:0:0)], @p5 = 'Barangay_oKPR8zYaUC' [Type: String (4000:0:0)], @p6 = 'City_FKdfYD6LsL' [Type: String (4000:0:0)], @p7 = 'Province_WLVhtzhTGw' [Type: String (4000:0:0)], @p8 = 'Region_24WSVrqi4K' [Type: String (4000:0:0)], @p9 = 'Philippines' [Type: String (4000:0:0)], @p10 = '7815' [Type: String (4000:0:0)], @p11 = 'Street_2ugyCEAqC0' [Type: String (4000:0:0)], @p12 = 'Barangay_hzAtwBBCat' [Type: String (4000:0:0)], @p13 = 'City_i14ZUKUmFi' [Type: String (4000:0:0)], @p14 = 'Province_VQ96Rv1HuS' [Type: String (4000:0:0)], @p15 = 'Region_5Da4Gz5W0C' [Type: String (4000:0:0)], @p16 = 'Philippines' [Type: String (4000:0:0)], @p17 = '6239' [Type: String (4000:0:0)], @p18 = 'cmFER0DbBK4SHxea9TeP8vCqm@uM3NuMF4.com' [Type: String (4000:0:0)], @p19 = '(57)635-64-72' [Type: String (4000:0:0)], @p20 = '(59)686-11-43' [Type: String (4000:0:0)], @p21 = '(60)475-518-5822' [Type: String (4000:0:0)], @p22 = 'http://www.sdbUzz914z28bYA.com' [Type: String (4000:0:0)], @p23 = 'Id__a2e0bf2e-7938-4370-89b6-ea05cd648bce' [Type: String (4000:0:0)]

NHibernate: 
    select
        customer0_.CustomerId as Custom1_2_,
        customer0_.Name as Name2_2_,
        customer0_.PricingSchemeId as Pricin3_2_,
        customer0_.CreditLimit_Amount as Credit4_2_,
        customer0_.CreditLimit_CurrencyId as Credit5_2_,
        customer0_.Office_Street as Office6_2_,
        customer0_.Office_Barangay as Office7_2_,
        customer0_.Office_City as Office8_2_,
        customer0_.Office_Province as Office9_2_,
        customer0_.Office_Region as Offic10_2_,
        customer0_.Office_Country as Offic11_2_,
        customer0_.Office_ZipCode as Offic12_2_,
        customer0_.Billing_Street as Billi13_2_,
        customer0_.Billing_Barangay as Billi14_2_,
        customer0_.Billing_City as Billi15_2_,
        customer0_.Billing_Province as Billi16_2_,
        customer0_.Billing_Region as Billi17_2_,
        customer0_.Billing_Country as Billi18_2_,
        customer0_.Billing_ZipCode as Billi19_2_,
        customer0_.Email as Email20_2_,
        customer0_.Landline as Landl21_2_,
        customer0_.Fax as Fax22_2_,
        customer0_.Mobile as Mobil23_2_,
        customer0_.Web as Web24_2_ 
    from
        dbo.Customers customer0_ 
    where
        customer0_.CustomerId=@p0 
    ORDER BY
        CURRENT_TIMESTAMP OFFSET 0 ROWS FETCH FIRST 1 ROWS ONLY;
    @p0 = 'Id__15d988e3-5fd9-44bc-b321-a305ccb123f8' [Type: String (4000:0:0)]
NHibernate: Batch commands:
command 0:
    INSERT 
    INTO
        dbo.Customers
        (Name, PricingSchemeId, CreditLimit_Amount, CreditLimit_CurrencyId, Office_Street, Office_Barangay, Office_City, Office_Province, Office_Region, Office_Country, Office_ZipCode, Billing_Street, Billing_Barangay, Billing_City, Billing_Province, Billing_Region, Billing_Country, Billing_ZipCode, Email, Landline, Fax, Mobile, Web, CustomerId) 
    VALUES
        (@p0, @p1, @p2, @p3, @p4, @p5, @p6, @p7, @p8, @p9, @p10, @p11, @p12, @p13, @p14, @p15, @p16, @p17, @p18, @p19, @p20, @p21, @p22, @p23);
    @p0 = 'Name__c70cc904-665b-4134-a51c-10149eb60664' [Type: String (4000:0:0)], @p1 = 'RP' [Type: String (4000:0:0)], @p2 = 1000.00 [Type: Decimal (0:5:28)], @p3 = 'PHP' [Type: String (4000:0:0)], @p4 = 'Street_ag9hgqWbe0' [Type: String (4000:0:0)], @p5 = 'Barangay_f9EjhE3AHa' [Type: String (4000:0:0)], @p6 = 'City_X4U60wW8GD' [Type: String (4000:0:0)], @p7 = 'Province_8hO0yxPckB' [Type: String (4000:0:0)], @p8 = 'Region_3mpug4PVTO' [Type: String (4000:0:0)], @p9 = 'Philippines' [Type: String (4000:0:0)], @p10 = '3155' [Type: String (4000:0:0)], @p11 = 'Street_9Av37pHWXD' [Type: String (4000:0:0)], @p12 = 'Barangay_YsSLczrhJR' [Type: String (4000:0:0)], @p13 = 'City_FUiKMxMKrX' [Type: String (4000:0:0)], @p14 = 'Province_YRhHXfz915' [Type: String (4000:0:0)], @p15 = 'Region_fFiAeNDG21' [Type: String (4000:0:0)], @p16 = 'Philippines' [Type: String (4000:0:0)], @p17 = '7374' [Type: String (4000:0:0)], @p18 = '2gKXHLLy7ArrOv9vhq9tERzYY@fpLtXcnx.com' [Type: String (4000:0:0)], @p19 = '(44)401-65-63' [Type: String (4000:0:0)], @p20 = '(95)901-61-69' [Type: String (4000:0:0)], @p21 = '(71)794-977-6556' [Type: String (4000:0:0)], @p22 = 'http://www.NnjYoWC3T51SUhH.com' [Type: String (4000:0:0)], @p23 = 'Id__15d988e3-5fd9-44bc-b321-a305ccb123f8' [Type: String (4000:0:0)]

NHibernate: 
    select
        customer0_.CustomerId as Custom1_2_,
        customer0_.Name as Name2_2_,
        customer0_.PricingSchemeId as Pricin3_2_,
        customer0_.CreditLimit_Amount as Credit4_2_,
        customer0_.CreditLimit_CurrencyId as Credit5_2_,
        customer0_.Office_Street as Office6_2_,
        customer0_.Office_Barangay as Office7_2_,
        customer0_.Office_City as Office8_2_,
        customer0_.Office_Province as Office9_2_,
        customer0_.Office_Region as Offic10_2_,
        customer0_.Office_Country as Offic11_2_,
        customer0_.Office_ZipCode as Offic12_2_,
        customer0_.Billing_Street as Billi13_2_,
        customer0_.Billing_Barangay as Billi14_2_,
        customer0_.Billing_City as Billi15_2_,
        customer0_.Billing_Province as Billi16_2_,
        customer0_.Billing_Region as Billi17_2_,
        customer0_.Billing_Country as Billi18_2_,
        customer0_.Billing_ZipCode as Billi19_2_,
        customer0_.Email as Email20_2_,
        customer0_.Landline as Landl21_2_,
        customer0_.Fax as Fax22_2_,
        customer0_.Mobile as Mobil23_2_,
        customer0_.Web as Web24_2_ 
    from
        dbo.Customers customer0_ 
    where
        customer0_.CustomerId=@p0 
    ORDER BY
        CURRENT_TIMESTAMP OFFSET 0 ROWS FETCH FIRST 1 ROWS ONLY;
    @p0 = 'Id__a88f515f-3653-48d5-9d97-b24b410ce318' [Type: String (4000:0:0)]
NHibernate: Batch commands:
command 0:
    INSERT 
    INTO
        dbo.Customers
        (Name, PricingSchemeId, CreditLimit_Amount, CreditLimit_CurrencyId, Office_Street, Office_Barangay, Office_City, Office_Province, Office_Region, Office_Country, Office_ZipCode, Billing_Street, Billing_Barangay, Billing_City, Billing_Province, Billing_Region, Billing_Country, Billing_ZipCode, Email, Landline, Fax, Mobile, Web, CustomerId) 
    VALUES
        (@p0, @p1, @p2, @p3, @p4, @p5, @p6, @p7, @p8, @p9, @p10, @p11, @p12, @p13, @p14, @p15, @p16, @p17, @p18, @p19, @p20, @p21, @p22, @p23);
    @p0 = 'Name__d161b97f-05a7-4126-bb99-83e867d606a4' [Type: String (4000:0:0)], @p1 = 'BSP' [Type: String (4000:0:0)], @p2 = 1000.00 [Type: Decimal (0:5:28)], @p3 = 'PHP' [Type: String (4000:0:0)], @p4 = 'Street_AnHbN1YS2r' [Type: String (4000:0:0)], @p5 = 'Barangay_Tn1uZW5nPE' [Type: String (4000:0:0)], @p6 = 'City_OtPpCjrvbg' [Type: String (4000:0:0)], @p7 = 'Province_0GH3FDmxYn' [Type: String (4000:0:0)], @p8 = 'Region_nqyL0zCZou' [Type: String (4000:0:0)], @p9 = 'Philippines' [Type: String (4000:0:0)], @p10 = '5226' [Type: String (4000:0:0)], @p11 = 'Street_AiiY9G39va' [Type: String (4000:0:0)], @p12 = 'Barangay_sq5o7wOwuz' [Type: String (4000:0:0)], @p13 = 'City_aZFhvPka5h' [Type: String (4000:0:0)], @p14 = 'Province_Bp2obirUJb' [Type: String (4000:0:0)], @p15 = 'Region_y7uxL6uFjH' [Type: String (4000:0:0)], @p16 = 'Philippines' [Type: String (4000:0:0)], @p17 = '7891' [Type: String (4000:0:0)], @p18 = 'BjTNDxRMZF4nTBdqTWyfe1yhc@GeoVpris.com' [Type: String (4000:0:0)], @p19 = '(94)925-34-24' [Type: String (4000:0:0)], @p20 = '(56)494-61-66' [Type: String (4000:0:0)], @p21 = '(78)785-776-9530' [Type: String (4000:0:0)], @p22 = 'http://www.qxYbjHJc4KCF6QX.com' [Type: String (4000:0:0)], @p23 = 'Id__a88f515f-3653-48d5-9d97-b24b410ce318' [Type: String (4000:0:0)]

NHibernate: 
    select
        customer0_.CustomerId as Custom1_2_,
        customer0_.Name as Name2_2_,
        customer0_.PricingSchemeId as Pricin3_2_,
        customer0_.CreditLimit_Amount as Credit4_2_,
        customer0_.CreditLimit_CurrencyId as Credit5_2_,
        customer0_.Office_Street as Office6_2_,
        customer0_.Office_Barangay as Office7_2_,
        customer0_.Office_City as Office8_2_,
        customer0_.Office_Province as Office9_2_,
        customer0_.Office_Region as Offic10_2_,
        customer0_.Office_Country as Offic11_2_,
        customer0_.Office_ZipCode as Offic12_2_,
        customer0_.Billing_Street as Billi13_2_,
        customer0_.Billing_Barangay as Billi14_2_,
        customer0_.Billing_City as Billi15_2_,
        customer0_.Billing_Province as Billi16_2_,
        customer0_.Billing_Region as Billi17_2_,
        customer0_.Billing_Country as Billi18_2_,
        customer0_.Billing_ZipCode as Billi19_2_,
        customer0_.Email as Email20_2_,
        customer0_.Landline as Landl21_2_,
        customer0_.Fax as Fax22_2_,
        customer0_.Mobile as Mobil23_2_,
        customer0_.Web as Web24_2_ 
    from
        dbo.Customers customer0_ 
    where
        customer0_.CustomerId=@p0 
    ORDER BY
        CURRENT_TIMESTAMP OFFSET 0 ROWS FETCH FIRST 1 ROWS ONLY;
    @p0 = 'Id__f8cd07ee-1cd1-4134-a9ad-63de3c462dec' [Type: String (4000:0:0)]
NHibernate: Batch commands:
command 0:
    INSERT 
    INTO
        dbo.Customers
        (Name, PricingSchemeId, CreditLimit_Amount, CreditLimit_CurrencyId, Office_Street, Office_Barangay, Office_City, Office_Province, Office_Region, Office_Country, Office_ZipCode, Billing_Street, Billing_Barangay, Billing_City, Billing_Province, Billing_Region, Billing_Country, Billing_ZipCode, Email, Landline, Fax, Mobile, Web, CustomerId) 
    VALUES
        (@p0, @p1, @p2, @p3, @p4, @p5, @p6, @p7, @p8, @p9, @p10, @p11, @p12, @p13, @p14, @p15, @p16, @p17, @p18, @p19, @p20, @p21, @p22, @p23);
    @p0 = 'Name__bea18553-4ddd-4b10-b494-9bcc87257eb4' [Type: String (4000:0:0)], @p1 = 'RP' [Type: String (4000:0:0)], @p2 = 1000.00 [Type: Decimal (0:5:28)], @p3 = 'PHP' [Type: String (4000:0:0)], @p4 = 'Street_MR9v2iDBGf' [Type: String (4000:0:0)], @p5 = 'Barangay_3GCtJOHVj6' [Type: String (4000:0:0)], @p6 = 'City_9eGbeyuYmM' [Type: String (4000:0:0)], @p7 = 'Province_NJ57agirBi' [Type: String (4000:0:0)], @p8 = 'Region_fySo1uJsWk' [Type: String (4000:0:0)], @p9 = 'Philippines' [Type: String (4000:0:0)], @p10 = '5912' [Type: String (4000:0:0)], @p11 = 'Street_FvS93Yf9p6' [Type: String (4000:0:0)], @p12 = 'Barangay_ATPGMf7pVu' [Type: String (4000:0:0)], @p13 = 'City_HOmci4EzOg' [Type: String (4000:0:0)], @p14 = 'Province_RGsfO9qrOp' [Type: String (4000:0:0)], @p15 = 'Region_U5sKnWjEoU' [Type: String (4000:0:0)], @p16 = 'Philippines' [Type: String (4000:0:0)], @p17 = '3862' [Type: String (4000:0:0)], @p18 = 'cpKM3mt2NzQaraNgczMV9L3bg@zsnzdrBS.com' [Type: String (4000:0:0)], @p19 = '(51)640-38-35' [Type: String (4000:0:0)], @p20 = '(71)876-14-24' [Type: String (4000:0:0)], @p21 = '(77)750-693-1680' [Type: String (4000:0:0)], @p22 = 'http://www.V1Rh7tv0MbezUmj.com' [Type: String (4000:0:0)], @p23 = 'Id__f8cd07ee-1cd1-4134-a9ad-63de3c462dec' [Type: String (4000:0:0)]

NHibernate: 
    select
        customer0_.CustomerId as Custom1_2_,
        customer0_.Name as Name2_2_,
        customer0_.PricingSchemeId as Pricin3_2_,
        customer0_.CreditLimit_Amount as Credit4_2_,
        customer0_.CreditLimit_CurrencyId as Credit5_2_,
        customer0_.Office_Street as Office6_2_,
        customer0_.Office_Barangay as Office7_2_,
        customer0_.Office_City as Office8_2_,
        customer0_.Office_Province as Office9_2_,
        customer0_.Office_Region as Offic10_2_,
        customer0_.Office_Country as Offic11_2_,
        customer0_.Office_ZipCode as Offic12_2_,
        customer0_.Billing_Street as Billi13_2_,
        customer0_.Billing_Barangay as Billi14_2_,
        customer0_.Billing_City as Billi15_2_,
        customer0_.Billing_Province as Billi16_2_,
        customer0_.Billing_Region as Billi17_2_,
        customer0_.Billing_Country as Billi18_2_,
        customer0_.Billing_ZipCode as Billi19_2_,
        customer0_.Email as Email20_2_,
        customer0_.Landline as Landl21_2_,
        customer0_.Fax as Fax22_2_,
        customer0_.Mobile as Mobil23_2_,
        customer0_.Web as Web24_2_ 
    from
        dbo.Customers customer0_ 
    where
        customer0_.CustomerId=@p0 
    ORDER BY
        CURRENT_TIMESTAMP OFFSET 0 ROWS FETCH FIRST 1 ROWS ONLY;
    @p0 = 'Id__99d18c28-5f9c-460d-9677-1e5c6162808d' [Type: String (4000:0:0)]
NHibernate: Batch commands:
command 0:
    INSERT 
    INTO
        dbo.Customers
        (Name, PricingSchemeId, CreditLimit_Amount, CreditLimit_CurrencyId, Office_Street, Office_Barangay, Office_City, Office_Province, Office_Region, Office_Country, Office_ZipCode, Billing_Street, Billing_Barangay, Billing_City, Billing_Province, Billing_Region, Billing_Country, Billing_ZipCode, Email, Landline, Fax, Mobile, Web, CustomerId) 
    VALUES
        (@p0, @p1, @p2, @p3, @p4, @p5, @p6, @p7, @p8, @p9, @p10, @p11, @p12, @p13, @p14, @p15, @p16, @p17, @p18, @p19, @p20, @p21, @p22, @p23);
    @p0 = 'Name__af2d36d5-2b89-4e2e-9c58-fab0e98050d2' [Type: String (4000:0:0)], @p1 = 'RP' [Type: String (4000:0:0)], @p2 = 1000.00 [Type: Decimal (0:5:28)], @p3 = 'PHP' [Type: String (4000:0:0)], @p4 = 'Street_EStRAfkW5F' [Type: String (4000:0:0)], @p5 = 'Barangay_AQ6aJk4SDo' [Type: String (4000:0:0)], @p6 = 'City_Jdc2Cz8ogp' [Type: String (4000:0:0)], @p7 = 'Province_tSTzLzLi6G' [Type: String (4000:0:0)], @p8 = 'Region_CYnzkF4EZe' [Type: String (4000:0:0)], @p9 = 'Philippines' [Type: String (4000:0:0)], @p10 = '9904' [Type: String (4000:0:0)], @p11 = 'Street_DZu5v78UrV' [Type: String (4000:0:0)], @p12 = 'Barangay_WGd2vLETnq' [Type: String (4000:0:0)], @p13 = 'City_bTAaLNcjvp' [Type: String (4000:0:0)], @p14 = 'Province_BCA96KLF2c' [Type: String (4000:0:0)], @p15 = 'Region_gjfBJszwGi' [Type: String (4000:0:0)], @p16 = 'Philippines' [Type: String (4000:0:0)], @p17 = '6389' [Type: String (4000:0:0)], @p18 = 'cW1fTFd5mA9aKJ1y9RdXqdMkn@TFO8L1Yg.com' [Type: String (4000:0:0)], @p19 = '(29)966-92-96' [Type: String (4000:0:0)], @p20 = '(91)238-98-13' [Type: String (4000:0:0)], @p21 = '(24)335-884-1060' [Type: String (4000:0:0)], @p22 = 'http://www.2EOpfzmV1eiE8jx.com' [Type: String (4000:0:0)], @p23 = 'Id__99d18c28-5f9c-460d-9677-1e5c6162808d' [Type: String (4000:0:0)]

NHibernate: 
    select
        customer0_.CustomerId as Custom1_2_,
        customer0_.Name as Name2_2_,
        customer0_.PricingSchemeId as Pricin3_2_,
        customer0_.CreditLimit_Amount as Credit4_2_,
        customer0_.CreditLimit_CurrencyId as Credit5_2_,
        customer0_.Office_Street as Office6_2_,
        customer0_.Office_Barangay as Office7_2_,
        customer0_.Office_City as Office8_2_,
        customer0_.Office_Province as Office9_2_,
        customer0_.Office_Region as Offic10_2_,
        customer0_.Office_Country as Offic11_2_,
        customer0_.Office_ZipCode as Offic12_2_,
        customer0_.Billing_Street as Billi13_2_,
        customer0_.Billing_Barangay as Billi14_2_,
        customer0_.Billing_City as Billi15_2_,
        customer0_.Billing_Province as Billi16_2_,
        customer0_.Billing_Region as Billi17_2_,
        customer0_.Billing_Country as Billi18_2_,
        customer0_.Billing_ZipCode as Billi19_2_,
        customer0_.Email as Email20_2_,
        customer0_.Landline as Landl21_2_,
        customer0_.Fax as Fax22_2_,
        customer0_.Mobile as Mobil23_2_,
        customer0_.Web as Web24_2_ 
    from
        dbo.Customers customer0_ 
    where
        customer0_.CustomerId=@p0 
    ORDER BY
        CURRENT_TIMESTAMP OFFSET 0 ROWS FETCH FIRST 1 ROWS ONLY;
    @p0 = 'Id__ae63efaa-f8d3-4bbc-b580-6aaa5db9c5fa' [Type: String (4000:0:0)]
NHibernate: Batch commands:
command 0:
    INSERT 
    INTO
        dbo.Customers
        (Name, PricingSchemeId, CreditLimit_Amount, CreditLimit_CurrencyId, Office_Street, Office_Barangay, Office_City, Office_Province, Office_Region, Office_Country, Office_ZipCode, Billing_Street, Billing_Barangay, Billing_City, Billing_Province, Billing_Region, Billing_Country, Billing_ZipCode, Email, Landline, Fax, Mobile, Web, CustomerId) 
    VALUES
        (@p0, @p1, @p2, @p3, @p4, @p5, @p6, @p7, @p8, @p9, @p10, @p11, @p12, @p13, @p14, @p15, @p16, @p17, @p18, @p19, @p20, @p21, @p22, @p23);
    @p0 = 'Name__e8453b34-9cab-4010-8c11-41172c4d3a41' [Type: String (4000:0:0)], @p1 = 'BP' [Type: String (4000:0:0)], @p2 = 1000.00 [Type: Decimal (0:5:28)], @p3 = 'PHP' [Type: String (4000:0:0)], @p4 = 'Street_nLmAnKw8gd' [Type: String (4000:0:0)], @p5 = 'Barangay_uwXXhukz1B' [Type: String (4000:0:0)], @p6 = 'City_zx0LqYphp2' [Type: String (4000:0:0)], @p7 = 'Province_JezAztZxYD' [Type: String (4000:0:0)], @p8 = 'Region_enEDMATWsu' [Type: String (4000:0:0)], @p9 = 'Philippines' [Type: String (4000:0:0)], @p10 = '1198' [Type: String (4000:0:0)], @p11 = 'Street_xyFEt7wrQp' [Type: String (4000:0:0)], @p12 = 'Barangay_guORs6HQUa' [Type: String (4000:0:0)], @p13 = 'City_VV6kv1nR75' [Type: String (4000:0:0)], @p14 = 'Province_4OBkaiCzpO' [Type: String (4000:0:0)], @p15 = 'Region_zo0HgoZh2K' [Type: String (4000:0:0)], @p16 = 'Philippines' [Type: String (4000:0:0)], @p17 = '9643' [Type: String (4000:0:0)], @p18 = 'E8LETsn1J3TkFkrezDGcFYxJG@J71dwViA.com' [Type: String (4000:0:0)], @p19 = '(23)285-87-70' [Type: String (4000:0:0)], @p20 = '(13)513-94-65' [Type: String (4000:0:0)], @p21 = '(25)139-966-2487' [Type: String (4000:0:0)], @p22 = 'http://www.RuqpCO6wrtQeO9d.com' [Type: String (4000:0:0)], @p23 = 'Id__ae63efaa-f8d3-4bbc-b580-6aaa5db9c5fa' [Type: String (4000:0:0)]

NHibernate: 
    select
        customer0_.CustomerId as Custom1_2_,
        customer0_.Name as Name2_2_,
        customer0_.PricingSchemeId as Pricin3_2_,
        customer0_.CreditLimit_Amount as Credit4_2_,
        customer0_.CreditLimit_CurrencyId as Credit5_2_,
        customer0_.Office_Street as Office6_2_,
        customer0_.Office_Barangay as Office7_2_,
        customer0_.Office_City as Office8_2_,
        customer0_.Office_Province as Office9_2_,
        customer0_.Office_Region as Offic10_2_,
        customer0_.Office_Country as Offic11_2_,
        customer0_.Office_ZipCode as Offic12_2_,
        customer0_.Billing_Street as Billi13_2_,
        customer0_.Billing_Barangay as Billi14_2_,
        customer0_.Billing_City as Billi15_2_,
        customer0_.Billing_Province as Billi16_2_,
        customer0_.Billing_Region as Billi17_2_,
        customer0_.Billing_Country as Billi18_2_,
        customer0_.Billing_ZipCode as Billi19_2_,
        customer0_.Email as Email20_2_,
        customer0_.Landline as Landl21_2_,
        customer0_.Fax as Fax22_2_,
        customer0_.Mobile as Mobil23_2_,
        customer0_.Web as Web24_2_ 
    from
        dbo.Customers customer0_ 
    where
        customer0_.CustomerId=@p0 
    ORDER BY
        CURRENT_TIMESTAMP OFFSET 0 ROWS FETCH FIRST 1 ROWS ONLY;
    @p0 = 'Id__00e9b0c3-16c6-45fa-9bfc-404582d61f9d' [Type: String (4000:0:0)]
NHibernate: Batch commands:
command 0:
    INSERT 
    INTO
        dbo.Customers
        (Name, PricingSchemeId, CreditLimit_Amount, CreditLimit_CurrencyId, Office_Street, Office_Barangay, Office_City, Office_Province, Office_Region, Office_Country, Office_ZipCode, Billing_Street, Billing_Barangay, Billing_City, Billing_Province, Billing_Region, Billing_Country, Billing_ZipCode, Email, Landline, Fax, Mobile, Web, CustomerId) 
    VALUES
        (@p0, @p1, @p2, @p3, @p4, @p5, @p6, @p7, @p8, @p9, @p10, @p11, @p12, @p13, @p14, @p15, @p16, @p17, @p18, @p19, @p20, @p21, @p22, @p23);
    @p0 = 'Name__7a655d71-afb5-4b89-bb86-f36bbf54c23c' [Type: String (4000:0:0)], @p1 = 'BSP' [Type: String (4000:0:0)], @p2 = 1000.00 [Type: Decimal (0:5:28)], @p3 = 'PHP' [Type: String (4000:0:0)], @p4 = 'Street_TFFNNjPNFb' [Type: String (4000:0:0)], @p5 = 'Barangay_AaySzAo4bG' [Type: String (4000:0:0)], @p6 = 'City_AckPmwesLf' [Type: String (4000:0:0)], @p7 = 'Province_55FBCdggue' [Type: String (4000:0:0)], @p8 = 'Region_LPDMtsLRE6' [Type: String (4000:0:0)], @p9 = 'Philippines' [Type: String (4000:0:0)], @p10 = '5132' [Type: String (4000:0:0)], @p11 = 'Street_6z3a0uyeab' [Type: String (4000:0:0)], @p12 = 'Barangay_nYFBQ6WhzU' [Type: String (4000:0:0)], @p13 = 'City_xaygNtx8qE' [Type: String (4000:0:0)], @p14 = 'Province_Sz4Q83yYq6' [Type: String (4000:0:0)], @p15 = 'Region_bR4B2O8B5D' [Type: String (4000:0:0)], @p16 = 'Philippines' [Type: String (4000:0:0)], @p17 = '9864' [Type: String (4000:0:0)], @p18 = '91Ztye0CXJ8223ggwp8uvDmJd@6dZPET7O.com' [Type: String (4000:0:0)], @p19 = '(49)728-29-94' [Type: String (4000:0:0)], @p20 = '(38)292-13-84' [Type: String (4000:0:0)], @p21 = '(31)339-323-8778' [Type: String (4000:0:0)], @p22 = 'http://www.7bZfTDuJ8i477Ah.com' [Type: String (4000:0:0)], @p23 = 'Id__00e9b0c3-16c6-45fa-9bfc-404582d61f9d' [Type: String (4000:0:0)]

NHibernate: 
    select
        customer0_.CustomerId as Custom1_2_,
        customer0_.Name as Name2_2_,
        customer0_.PricingSchemeId as Pricin3_2_,
        customer0_.CreditLimit_Amount as Credit4_2_,
        customer0_.CreditLimit_CurrencyId as Credit5_2_,
        customer0_.Office_Street as Office6_2_,
        customer0_.Office_Barangay as Office7_2_,
        customer0_.Office_City as Office8_2_,
        customer0_.Office_Province as Office9_2_,
        customer0_.Office_Region as Offic10_2_,
        customer0_.Office_Country as Offic11_2_,
        customer0_.Office_ZipCode as Offic12_2_,
        customer0_.Billing_Street as Billi13_2_,
        customer0_.Billing_Barangay as Billi14_2_,
        customer0_.Billing_City as Billi15_2_,
        customer0_.Billing_Province as Billi16_2_,
        customer0_.Billing_Region as Billi17_2_,
        customer0_.Billing_Country as Billi18_2_,
        customer0_.Billing_ZipCode as Billi19_2_,
        customer0_.Email as Email20_2_,
        customer0_.Landline as Landl21_2_,
        customer0_.Fax as Fax22_2_,
        customer0_.Mobile as Mobil23_2_,
        customer0_.Web as Web24_2_ 
    from
        dbo.Customers customer0_
NHibernate: 
    select
        supplier0_.SupplierId as Suppl1_22_,
        supplier0_.Name as Name2_22_,
        supplier0_.Street as Stree3_22_,
        supplier0_.Barangay as Baran4_22_,
        supplier0_.City as City5_22_,
        supplier0_.Province as Provi6_22_,
        supplier0_.Region as Regio7_22_,
        supplier0_.Country as Count8_22_,
        supplier0_.ZipCode as ZipCo9_22_,
        supplier0_.Email as Emai10_22_,
        supplier0_.Landline as Land11_22_,
        supplier0_.Fax as Fax12_22_,
        supplier0_.Mobile as Mobi13_22_,
        supplier0_.Web as Web14_22_ 
    from
        dbo.Suppliers supplier0_ 
    where
        supplier0_.SupplierId=@p0 
    ORDER BY
        CURRENT_TIMESTAMP OFFSET 0 ROWS FETCH FIRST 1 ROWS ONLY;
    @p0 = 00000000-0000-0000-0000-000000000000 [Type: Guid (0:0:0)]
NHibernate: Batch commands:
command 0:
    INSERT 
    INTO
        dbo.Suppliers
        (Name, Street, Barangay, City, Province, Region, Country, ZipCode, Email, Landline, Fax, Mobile, Web, SupplierId) 
    VALUES
        (@p0, @p1, @p2, @p3, @p4, @p5, @p6, @p7, @p8, @p9, @p10, @p11, @p12, @p13);
    @p0 = 'Name_GhNjyjfwgcaJmVS8fix8Ucd2d' [Type: String (4000:0:0)], @p1 = 'Street_YAtcN5JQaL' [Type: String (4000:0:0)], @p2 = 'Barangay_hFu6FUxQWe' [Type: String (4000:0:0)], @p3 = 'City_GL76wZYf3m' [Type: String (4000:0:0)], @p4 = 'Province_OnOMzz3zcO' [Type: String (4000:0:0)], @p5 = 'Region_UaSBnJUQoY' [Type: String (4000:0:0)], @p6 = 'Philippines' [Type: String (4000:0:0)], @p7 = '8723' [Type: String (4000:0:0)], @p8 = 'rN0P42hGQb7xJKq25TnEH2fNN@4v94qoYS.com' [Type: String (4000:0:0)], @p9 = '(82)186-74-82' [Type: String (4000:0:0)], @p10 = '(56)134-28-93' [Type: String (4000:0:0)], @p11 = '(71)658-134-1108' [Type: String (4000:0:0)], @p12 = 'http://www.WoOcxsRwKX6aOjS.com' [Type: String (4000:0:0)], @p13 = 4b3e3142-65a0-4653-9cad-a72900bede6f [Type: Guid (0:0:0)]

NHibernate: 
    select
        supplier0_.SupplierId as Suppl1_22_,
        supplier0_.Name as Name2_22_,
        supplier0_.Street as Stree3_22_,
        supplier0_.Barangay as Baran4_22_,
        supplier0_.City as City5_22_,
        supplier0_.Province as Provi6_22_,
        supplier0_.Region as Regio7_22_,
        supplier0_.Country as Count8_22_,
        supplier0_.ZipCode as ZipCo9_22_,
        supplier0_.Email as Emai10_22_,
        supplier0_.Landline as Land11_22_,
        supplier0_.Fax as Fax12_22_,
        supplier0_.Mobile as Mobi13_22_,
        supplier0_.Web as Web14_22_ 
    from
        dbo.Suppliers supplier0_ 
    where
        supplier0_.SupplierId=@p0 
    ORDER BY
        CURRENT_TIMESTAMP OFFSET 0 ROWS FETCH FIRST 1 ROWS ONLY;
    @p0 = 00000000-0000-0000-0000-000000000000 [Type: Guid (0:0:0)]
NHibernate: Batch commands:
command 0:
    INSERT 
    INTO
        dbo.Suppliers
        (Name, Street, Barangay, City, Province, Region, Country, ZipCode, Email, Landline, Fax, Mobile, Web, SupplierId) 
    VALUES
        (@p0, @p1, @p2, @p3, @p4, @p5, @p6, @p7, @p8, @p9, @p10, @p11, @p12, @p13);
    @p0 = 'Name_zpK5pF30jgh7S9dZ2mc9io1Ug' [Type: String (4000:0:0)], @p1 = 'Street_kY4LDBtZ5Q' [Type: String (4000:0:0)], @p2 = 'Barangay_rjMozg0vsL' [Type: String (4000:0:0)], @p3 = 'City_P7xJ1tywDm' [Type: String (4000:0:0)], @p4 = 'Province_EVdxvTJ0Dr' [Type: String (4000:0:0)], @p5 = 'Region_oDUGG9UJs5' [Type: String (4000:0:0)], @p6 = 'Philippines' [Type: String (4000:0:0)], @p7 = '5673' [Type: String (4000:0:0)], @p8 = 'rZQYWGY3fYArAgLnqC2ZpEJBr@bSutjt4y.com' [Type: String (4000:0:0)], @p9 = '(15)872-86-65' [Type: String (4000:0:0)], @p10 = '(88)464-14-42' [Type: String (4000:0:0)], @p11 = '(34)299-732-9222' [Type: String (4000:0:0)], @p12 = 'http://www.L7oEtv25QMgjr3p.com' [Type: String (4000:0:0)], @p13 = aa94c6ef-c890-4e4c-a462-a72900bede73 [Type: Guid (0:0:0)]

NHibernate: 
    select
        supplier0_.SupplierId as Suppl1_22_,
        supplier0_.Name as Name2_22_,
        supplier0_.Street as Stree3_22_,
        supplier0_.Barangay as Baran4_22_,
        supplier0_.City as City5_22_,
        supplier0_.Province as Provi6_22_,
        supplier0_.Region as Regio7_22_,
        supplier0_.Country as Count8_22_,
        supplier0_.ZipCode as ZipCo9_22_,
        supplier0_.Email as Emai10_22_,
        supplier0_.Landline as Land11_22_,
        supplier0_.Fax as Fax12_22_,
        supplier0_.Mobile as Mobi13_22_,
        supplier0_.Web as Web14_22_ 
    from
        dbo.Suppliers supplier0_ 
    where
        supplier0_.SupplierId=@p0 
    ORDER BY
        CURRENT_TIMESTAMP OFFSET 0 ROWS FETCH FIRST 1 ROWS ONLY;
    @p0 = 00000000-0000-0000-0000-000000000000 [Type: Guid (0:0:0)]
NHibernate: Batch commands:
command 0:
    INSERT 
    INTO
        dbo.Suppliers
        (Name, Street, Barangay, City, Province, Region, Country, ZipCode, Email, Landline, Fax, Mobile, Web, SupplierId) 
    VALUES
        (@p0, @p1, @p2, @p3, @p4, @p5, @p6, @p7, @p8, @p9, @p10, @p11, @p12, @p13);
    @p0 = 'Name_oXudxRunQM23gyd1NuheqFcDV' [Type: String (4000:0:0)], @p1 = 'Street_r6b5NTnu7L' [Type: String (4000:0:0)], @p2 = 'Barangay_W16TUX1A0D' [Type: String (4000:0:0)], @p3 = 'City_RFQ1eyCEW1' [Type: String (4000:0:0)], @p4 = 'Province_FFEYbupwtW' [Type: String (4000:0:0)], @p5 = 'Region_Lx0ZTP6gPK' [Type: String (4000:0:0)], @p6 = 'Philippines' [Type: String (4000:0:0)], @p7 = '5555' [Type: String (4000:0:0)], @p8 = 'ifcbRxi2ksERd2dQ1iQ1f0MKJ@oJMHG4yh.com' [Type: String (4000:0:0)], @p9 = '(72)377-98-73' [Type: String (4000:0:0)], @p10 = '(74)156-78-26' [Type: String (4000:0:0)], @p11 = '(37)371-354-6707' [Type: String (4000:0:0)], @p12 = 'http://www.1nSX7BbYpocmp7C.com' [Type: String (4000:0:0)], @p13 = dd81a385-a3db-4b35-9865-a72900bede75 [Type: Guid (0:0:0)]

NHibernate: 
    select
        supplier0_.SupplierId as Suppl1_22_,
        supplier0_.Name as Name2_22_,
        supplier0_.Street as Stree3_22_,
        supplier0_.Barangay as Baran4_22_,
        supplier0_.City as City5_22_,
        supplier0_.Province as Provi6_22_,
        supplier0_.Region as Regio7_22_,
        supplier0_.Country as Count8_22_,
        supplier0_.ZipCode as ZipCo9_22_,
        supplier0_.Email as Emai10_22_,
        supplier0_.Landline as Land11_22_,
        supplier0_.Fax as Fax12_22_,
        supplier0_.Mobile as Mobi13_22_,
        supplier0_.Web as Web14_22_ 
    from
        dbo.Suppliers supplier0_ 
    where
        supplier0_.SupplierId=@p0 
    ORDER BY
        CURRENT_TIMESTAMP OFFSET 0 ROWS FETCH FIRST 1 ROWS ONLY;
    @p0 = 00000000-0000-0000-0000-000000000000 [Type: Guid (0:0:0)]
NHibernate: Batch commands:
command 0:
    INSERT 
    INTO
        dbo.Suppliers
        (Name, Street, Barangay, City, Province, Region, Country, ZipCode, Email, Landline, Fax, Mobile, Web, SupplierId) 
    VALUES
        (@p0, @p1, @p2, @p3, @p4, @p5, @p6, @p7, @p8, @p9, @p10, @p11, @p12, @p13);
    @p0 = 'Name_UCg53vny9HbXmOWidg5U0HAfe' [Type: String (4000:0:0)], @p1 = 'Street_xNHAc6CEMi' [Type: String (4000:0:0)], @p2 = 'Barangay_tGP148EqYx' [Type: String (4000:0:0)], @p3 = 'City_A5LpV5VwhM' [Type: String (4000:0:0)], @p4 = 'Province_2p3zJfjvy7' [Type: String (4000:0:0)], @p5 = 'Region_i4qHDKevWN' [Type: String (4000:0:0)], @p6 = 'Philippines' [Type: String (4000:0:0)], @p7 = '3997' [Type: String (4000:0:0)], @p8 = 'T52dDNZtYZU2bPGPCmLbkaUYp@g3WNdfiP.com' [Type: String (4000:0:0)], @p9 = '(11)205-76-88' [Type: String (4000:0:0)], @p10 = '(42)719-98-51' [Type: String (4000:0:0)], @p11 = '(62)530-817-5818' [Type: String (4000:0:0)], @p12 = 'http://www.nP9xp97EB7ydVrv.com' [Type: String (4000:0:0)], @p13 = 42ae7108-6630-48d2-b753-a72900bede77 [Type: Guid (0:0:0)]

NHibernate: 
    select
        supplier0_.SupplierId as Suppl1_22_,
        supplier0_.Name as Name2_22_,
        supplier0_.Street as Stree3_22_,
        supplier0_.Barangay as Baran4_22_,
        supplier0_.City as City5_22_,
        supplier0_.Province as Provi6_22_,
        supplier0_.Region as Regio7_22_,
        supplier0_.Country as Count8_22_,
        supplier0_.ZipCode as ZipCo9_22_,
        supplier0_.Email as Emai10_22_,
        supplier0_.Landline as Land11_22_,
        supplier0_.Fax as Fax12_22_,
        supplier0_.Mobile as Mobi13_22_,
        supplier0_.Web as Web14_22_ 
    from
        dbo.Suppliers supplier0_ 
    where
        supplier0_.SupplierId=@p0 
    ORDER BY
        CURRENT_TIMESTAMP OFFSET 0 ROWS FETCH FIRST 1 ROWS ONLY;
    @p0 = 00000000-0000-0000-0000-000000000000 [Type: Guid (0:0:0)]
NHibernate: Batch commands:
command 0:
    INSERT 
    INTO
        dbo.Suppliers
        (Name, Street, Barangay, City, Province, Region, Country, ZipCode, Email, Landline, Fax, Mobile, Web, SupplierId) 
    VALUES
        (@p0, @p1, @p2, @p3, @p4, @p5, @p6, @p7, @p8, @p9, @p10, @p11, @p12, @p13);
    @p0 = 'Name_i5i71ZgBmsvCYBEsbGv5UCGkJ' [Type: String (4000:0:0)], @p1 = 'Street_HgJkUCamNn' [Type: String (4000:0:0)], @p2 = 'Barangay_ChH2WYU1cn' [Type: String (4000:0:0)], @p3 = 'City_CfC4ss2vPP' [Type: String (4000:0:0)], @p4 = 'Province_m1xvMZEidr' [Type: String (4000:0:0)], @p5 = 'Region_MCAb1Of6ot' [Type: String (4000:0:0)], @p6 = 'Philippines' [Type: String (4000:0:0)], @p7 = '9605' [Type: String (4000:0:0)], @p8 = 'WvR2LvXr6UvXvb9fmDeN6HfHE@sMbJ8cV1.com' [Type: String (4000:0:0)], @p9 = '(73)475-10-30' [Type: String (4000:0:0)], @p10 = '(39)591-83-58' [Type: String (4000:0:0)], @p11 = '(31)235-804-5191' [Type: String (4000:0:0)], @p12 = 'http://www.u0SuiqcHPrZWKXK.com' [Type: String (4000:0:0)], @p13 = d085f686-18d9-4586-95ca-a72900bede79 [Type: Guid (0:0:0)]

NHibernate: 
    select
        supplier0_.SupplierId as Suppl1_22_,
        supplier0_.Name as Name2_22_,
        supplier0_.Street as Stree3_22_,
        supplier0_.Barangay as Baran4_22_,
        supplier0_.City as City5_22_,
        supplier0_.Province as Provi6_22_,
        supplier0_.Region as Regio7_22_,
        supplier0_.Country as Count8_22_,
        supplier0_.ZipCode as ZipCo9_22_,
        supplier0_.Email as Emai10_22_,
        supplier0_.Landline as Land11_22_,
        supplier0_.Fax as Fax12_22_,
        supplier0_.Mobile as Mobi13_22_,
        supplier0_.Web as Web14_22_ 
    from
        dbo.Suppliers supplier0_ 
    where
        supplier0_.SupplierId=@p0 
    ORDER BY
        CURRENT_TIMESTAMP OFFSET 0 ROWS FETCH FIRST 1 ROWS ONLY;
    @p0 = 00000000-0000-0000-0000-000000000000 [Type: Guid (0:0:0)]
NHibernate: Batch commands:
command 0:
    INSERT 
    INTO
        dbo.Suppliers
        (Name, Street, Barangay, City, Province, Region, Country, ZipCode, Email, Landline, Fax, Mobile, Web, SupplierId) 
    VALUES
        (@p0, @p1, @p2, @p3, @p4, @p5, @p6, @p7, @p8, @p9, @p10, @p11, @p12, @p13);
    @p0 = 'Name_YnHsVnT4VAkbaVjNWPnL0y8CS' [Type: String (4000:0:0)], @p1 = 'Street_LQMH2AsiyR' [Type: String (4000:0:0)], @p2 = 'Barangay_4obtmCkwN4' [Type: String (4000:0:0)], @p3 = 'City_Mrti6oWiow' [Type: String (4000:0:0)], @p4 = 'Province_xKqVTyJY2H' [Type: String (4000:0:0)], @p5 = 'Region_gz7y6wES9p' [Type: String (4000:0:0)], @p6 = 'Philippines' [Type: String (4000:0:0)], @p7 = '9725' [Type: String (4000:0:0)], @p8 = 'ddyWv7Fay4M4EXXu4mKiEi8mg@7idTFjjk.com' [Type: String (4000:0:0)], @p9 = '(67)746-89-91' [Type: String (4000:0:0)], @p10 = '(54)341-81-94' [Type: String (4000:0:0)], @p11 = '(53)289-835-8177' [Type: String (4000:0:0)], @p12 = 'http://www.KCWJcLz91Mu9WHu.com' [Type: String (4000:0:0)], @p13 = 45bfa825-a708-4494-877c-a72900bede7b [Type: Guid (0:0:0)]

NHibernate: 
    select
        supplier0_.SupplierId as Suppl1_22_,
        supplier0_.Name as Name2_22_,
        supplier0_.Street as Stree3_22_,
        supplier0_.Barangay as Baran4_22_,
        supplier0_.City as City5_22_,
        supplier0_.Province as Provi6_22_,
        supplier0_.Region as Regio7_22_,
        supplier0_.Country as Count8_22_,
        supplier0_.ZipCode as ZipCo9_22_,
        supplier0_.Email as Emai10_22_,
        supplier0_.Landline as Land11_22_,
        supplier0_.Fax as Fax12_22_,
        supplier0_.Mobile as Mobi13_22_,
        supplier0_.Web as Web14_22_ 
    from
        dbo.Suppliers supplier0_ 
    where
        supplier0_.SupplierId=@p0 
    ORDER BY
        CURRENT_TIMESTAMP OFFSET 0 ROWS FETCH FIRST 1 ROWS ONLY;
    @p0 = 00000000-0000-0000-0000-000000000000 [Type: Guid (0:0:0)]
NHibernate: Batch commands:
command 0:
    INSERT 
    INTO
        dbo.Suppliers
        (Name, Street, Barangay, City, Province, Region, Country, ZipCode, Email, Landline, Fax, Mobile, Web, SupplierId) 
    VALUES
        (@p0, @p1, @p2, @p3, @p4, @p5, @p6, @p7, @p8, @p9, @p10, @p11, @p12, @p13);
    @p0 = 'Name_OxX2M9bHpg6jGk3ggzrs0UbZ2' [Type: String (4000:0:0)], @p1 = 'Street_pyD4Nc2zQH' [Type: String (4000:0:0)], @p2 = 'Barangay_n52RH25oXa' [Type: String (4000:0:0)], @p3 = 'City_WueZWCNZeq' [Type: String (4000:0:0)], @p4 = 'Province_WfTJqiQkp6' [Type: String (4000:0:0)], @p5 = 'Region_kpFasrboOJ' [Type: String (4000:0:0)], @p6 = 'Philippines' [Type: String (4000:0:0)], @p7 = '6755' [Type: String (4000:0:0)], @p8 = 'ZdW6GntkimV8a0spDsqmjMVAh@cY6OraVh.com' [Type: String (4000:0:0)], @p9 = '(61)557-16-29' [Type: String (4000:0:0)], @p10 = '(54)821-81-21' [Type: String (4000:0:0)], @p11 = '(21)411-448-6889' [Type: String (4000:0:0)], @p12 = 'http://www.TLLtekEsDpgU0nE.com' [Type: String (4000:0:0)], @p13 = 612c93d5-57b0-4126-8ca6-a72900bede7c [Type: Guid (0:0:0)]

NHibernate: 
    select
        supplier0_.SupplierId as Suppl1_22_,
        supplier0_.Name as Name2_22_,
        supplier0_.Street as Stree3_22_,
        supplier0_.Barangay as Baran4_22_,
        supplier0_.City as City5_22_,
        supplier0_.Province as Provi6_22_,
        supplier0_.Region as Regio7_22_,
        supplier0_.Country as Count8_22_,
        supplier0_.ZipCode as ZipCo9_22_,
        supplier0_.Email as Emai10_22_,
        supplier0_.Landline as Land11_22_,
        supplier0_.Fax as Fax12_22_,
        supplier0_.Mobile as Mobi13_22_,
        supplier0_.Web as Web14_22_ 
    from
        dbo.Suppliers supplier0_ 
    where
        supplier0_.SupplierId=@p0 
    ORDER BY
        CURRENT_TIMESTAMP OFFSET 0 ROWS FETCH FIRST 1 ROWS ONLY;
    @p0 = 00000000-0000-0000-0000-000000000000 [Type: Guid (0:0:0)]
NHibernate: Batch commands:
command 0:
    INSERT 
    INTO
        dbo.Suppliers
        (Name, Street, Barangay, City, Province, Region, Country, ZipCode, Email, Landline, Fax, Mobile, Web, SupplierId) 
    VALUES
        (@p0, @p1, @p2, @p3, @p4, @p5, @p6, @p7, @p8, @p9, @p10, @p11, @p12, @p13);
    @p0 = 'Name_gw8U5aBo8qUa0nAaPucqxcOm8' [Type: String (4000:0:0)], @p1 = 'Street_idLu80veWT' [Type: String (4000:0:0)], @p2 = 'Barangay_SvBP7DXF61' [Type: String (4000:0:0)], @p3 = 'City_5qwVUZfZ81' [Type: String (4000:0:0)], @p4 = 'Province_OB9mirTpry' [Type: String (4000:0:0)], @p5 = 'Region_3W793PZ2sd' [Type: String (4000:0:0)], @p6 = 'Philippines' [Type: String (4000:0:0)], @p7 = '4053' [Type: String (4000:0:0)], @p8 = '4dioRwarQutZH7itwbF9nreTv@0Pos6zSX.com' [Type: String (4000:0:0)], @p9 = '(34)376-74-29' [Type: String (4000:0:0)], @p10 = '(46)194-96-13' [Type: String (4000:0:0)], @p11 = '(97)324-896-4954' [Type: String (4000:0:0)], @p12 = 'http://www.d93ZWmd9Mcu0EDx.com' [Type: String (4000:0:0)], @p13 = c955b115-ff72-421d-9a24-a72900bede7e [Type: Guid (0:0:0)]

NHibernate: 
    select
        supplier0_.SupplierId as Suppl1_22_,
        supplier0_.Name as Name2_22_,
        supplier0_.Street as Stree3_22_,
        supplier0_.Barangay as Baran4_22_,
        supplier0_.City as City5_22_,
        supplier0_.Province as Provi6_22_,
        supplier0_.Region as Regio7_22_,
        supplier0_.Country as Count8_22_,
        supplier0_.ZipCode as ZipCo9_22_,
        supplier0_.Email as Emai10_22_,
        supplier0_.Landline as Land11_22_,
        supplier0_.Fax as Fax12_22_,
        supplier0_.Mobile as Mobi13_22_,
        supplier0_.Web as Web14_22_ 
    from
        dbo.Suppliers supplier0_ 
    where
        supplier0_.SupplierId=@p0 
    ORDER BY
        CURRENT_TIMESTAMP OFFSET 0 ROWS FETCH FIRST 1 ROWS ONLY;
    @p0 = 00000000-0000-0000-0000-000000000000 [Type: Guid (0:0:0)]
NHibernate: Batch commands:
command 0:
    INSERT 
    INTO
        dbo.Suppliers
        (Name, Street, Barangay, City, Province, Region, Country, ZipCode, Email, Landline, Fax, Mobile, Web, SupplierId) 
    VALUES
        (@p0, @p1, @p2, @p3, @p4, @p5, @p6, @p7, @p8, @p9, @p10, @p11, @p12, @p13);
    @p0 = 'Name_XSY5XnqQdnU0D64FM2w0ZMVtg' [Type: String (4000:0:0)], @p1 = 'Street_L8pqyNG6Do' [Type: String (4000:0:0)], @p2 = 'Barangay_wAEvv4KcL6' [Type: String (4000:0:0)], @p3 = 'City_NNHyZCZyuw' [Type: String (4000:0:0)], @p4 = 'Province_hNpSS8PxNp' [Type: String (4000:0:0)], @p5 = 'Region_DhWWKZ73Nv' [Type: String (4000:0:0)], @p6 = 'Philippines' [Type: String (4000:0:0)], @p7 = '4436' [Type: String (4000:0:0)], @p8 = 'oe0aiWwcxqWPg3p1wp9Egm8kj@h8eE1Suj.com' [Type: String (4000:0:0)], @p9 = '(14)603-86-13' [Type: String (4000:0:0)], @p10 = '(22)423-40-35' [Type: String (4000:0:0)], @p11 = '(56)317-859-1191' [Type: String (4000:0:0)], @p12 = 'http://www.RZCg5kDLaZFztJx.com' [Type: String (4000:0:0)], @p13 = ad43fe9c-6954-4886-a8f4-a72900bede80 [Type: Guid (0:0:0)]

NHibernate: 
    select
        supplier0_.SupplierId as Suppl1_22_,
        supplier0_.Name as Name2_22_,
        supplier0_.Street as Stree3_22_,
        supplier0_.Barangay as Baran4_22_,
        supplier0_.City as City5_22_,
        supplier0_.Province as Provi6_22_,
        supplier0_.Region as Regio7_22_,
        supplier0_.Country as Count8_22_,
        supplier0_.ZipCode as ZipCo9_22_,
        supplier0_.Email as Emai10_22_,
        supplier0_.Landline as Land11_22_,
        supplier0_.Fax as Fax12_22_,
        supplier0_.Mobile as Mobi13_22_,
        supplier0_.Web as Web14_22_ 
    from
        dbo.Suppliers supplier0_ 
    where
        supplier0_.SupplierId=@p0 
    ORDER BY
        CURRENT_TIMESTAMP OFFSET 0 ROWS FETCH FIRST 1 ROWS ONLY;
    @p0 = 00000000-0000-0000-0000-000000000000 [Type: Guid (0:0:0)]
NHibernate: Batch commands:
command 0:
    INSERT 
    INTO
        dbo.Suppliers
        (Name, Street, Barangay, City, Province, Region, Country, ZipCode, Email, Landline, Fax, Mobile, Web, SupplierId) 
    VALUES
        (@p0, @p1, @p2, @p3, @p4, @p5, @p6, @p7, @p8, @p9, @p10, @p11, @p12, @p13);
    @p0 = 'Name_ts4aZ5z0MzYqt3GzoNwBLEjCd' [Type: String (4000:0:0)], @p1 = 'Street_CweQADtLjw' [Type: String (4000:0:0)], @p2 = 'Barangay_ArAZXgSEiq' [Type: String (4000:0:0)], @p3 = 'City_3CdsMD3TgC' [Type: String (4000:0:0)], @p4 = 'Province_eOGpw0ocAn' [Type: String (4000:0:0)], @p5 = 'Region_M6qZX6p0GF' [Type: String (4000:0:0)], @p6 = 'Philippines' [Type: String (4000:0:0)], @p7 = '5598' [Type: String (4000:0:0)], @p8 = '3zrBwjWnh2zD6e6XEUQZCNa9t@t0otHc3P.com' [Type: String (4000:0:0)], @p9 = '(38)429-51-70' [Type: String (4000:0:0)], @p10 = '(16)712-67-85' [Type: String (4000:0:0)], @p11 = '(45)720-361-1516' [Type: String (4000:0:0)], @p12 = 'http://www.GSH8YkWSOjNOsiw.com' [Type: String (4000:0:0)], @p13 = ffc315ad-74a3-44da-a977-a72900bede82 [Type: Guid (0:0:0)]

NHibernate: 
    select
        supplier0_.SupplierId as Suppl1_22_,
        supplier0_.Name as Name2_22_,
        supplier0_.Street as Stree3_22_,
        supplier0_.Barangay as Baran4_22_,
        supplier0_.City as City5_22_,
        supplier0_.Province as Provi6_22_,
        supplier0_.Region as Regio7_22_,
        supplier0_.Country as Count8_22_,
        supplier0_.ZipCode as ZipCo9_22_,
        supplier0_.Email as Emai10_22_,
        supplier0_.Landline as Land11_22_,
        supplier0_.Fax as Fax12_22_,
        supplier0_.Mobile as Mobi13_22_,
        supplier0_.Web as Web14_22_ 
    from
        dbo.Suppliers supplier0_
NHibernate: 
    select
        supplier0_.SupplierId as Suppl1_22_,
        supplier0_.Name as Name2_22_,
        supplier0_.Street as Stree3_22_,
        supplier0_.Barangay as Baran4_22_,
        supplier0_.City as City5_22_,
        supplier0_.Province as Provi6_22_,
        supplier0_.Region as Regio7_22_,
        supplier0_.Country as Count8_22_,
        supplier0_.ZipCode as ZipCo9_22_,
        supplier0_.Email as Emai10_22_,
        supplier0_.Landline as Land11_22_,
        supplier0_.Fax as Fax12_22_,
        supplier0_.Mobile as Mobi13_22_,
        supplier0_.Web as Web14_22_ 
    from
        dbo.Suppliers supplier0_
NHibernate: 
    select
        product0_.ProductId as Produ1_11_,
        product0_.Name as Name2_11_,
        product0_.Description as Descr3_11_,
        product0_.Image as Image4_11_,
        product0_.Discontinued as Disco5_11_,
        product0_.CategoryId as Categ6_11_,
        product0_.SupplierId as Suppl7_11_ 
    from
        dbo.Products product0_ 
    where
        product0_.ProductId=@p0 
    ORDER BY
        CURRENT_TIMESTAMP OFFSET 0 ROWS FETCH FIRST 1 ROWS ONLY;
    @p0 = 00000000-0000-0000-0000-000000000000 [Type: Guid (0:0:0)]
NHibernate: Batch commands:
command 0:
    INSERT 
    INTO
        dbo.Products
        (Name, Description, Image, Discontinued, CategoryId, SupplierId, ProductId) 
    VALUES
        (@p0, @p1, @p2, @p3, @p4, @p5, @p6);
    @p0 = 'Name_M4R3pJ26xX' [Type: String (4000:0:0)], @p1 = 'Description_i2omtSFhokTKxS2skQS8HbQoD' [Type: String (4000:0:0)], @p2 = '' [Type: String (4000:0:0)], @p3 = False [Type: Boolean (0:0:0)], @p4 = 'F' [Type: String (4000:0:0)], @p5 = 612c93d5-57b0-4126-8ca6-a72900bede7c [Type: Guid (0:0:0)], @p6 = f07ef7f1-f121-499d-9df2-a72900bede99 [Type: Guid (0:0:0)]

NHibernate: Batch commands:
command 0:
    INSERT 
    INTO
        dbo.Inventories
        (ConversionFactor, UnitOfMeasureId, UnitOfMeasureBaseId, BasePrice_Amount, BasePrice_CurrencyId, RetailPrice_Amount, RetailPrice_CurrencyId, WholeSalePrice_Amount, WholeSalePrice_CurrencyId, BadStockPrice_Amount, BadStockPrice_CurrencyId, BadStock_Value, BadStock_UnitId, Received_Value, Received_UnitId, OnOrder_Value, OnOrder_UnitId, OnHand_Value, OnHand_UnitId, Allocated_Value, Allocated_UnitId, Shipped_Value, Shipped_UnitId, BackOrdered_Value, BackOrdered_UnitId, Available_Value, Available_UnitId, InitialLevel_Value, InitialLevel_UnitId, Shrinkage_Value, Shrinkage_UnitId, CurrentLevel_Value, CurrentLevel_UnitId, TargetLevel_Value, TargetLevel_UnitId, BelowTargetLevel_Value, BelowTargetLevel_UnitId, ReorderLevel_Value, ReorderLevel_UnitId, ReorderQuantity_Value, ReorderQuantity_UnitId, MinimumReorderQuantity_Value, MinimumReorderQuantity_UnitId, InventoryId) 
    VALUES
        (@p0, @p1, @p2, @p3, @p4, @p5, @p6, @p7, @p8, @p9, @p10, @p11, @p12, @p13, @p14, @p15, @p16, @p17, @p18, @p19, @p20, @p21, @p22, @p23, @p24, @p25, @p26, @p27, @p28, @p29, @p30, @p31, @p32, @p33, @p34, @p35, @p36, @p37, @p38, @p39, @p40, @p41, @p42, @p43);
    @p0 = 0.30 [Type: Decimal (0:5:28)], @p1 = 'dg' [Type: String (4000:0:0)], @p2 = 'cm' [Type: String (4000:0:0)], @p3 = 0.65 [Type: Decimal (0:5:28)], @p4 = 'PHP' [Type: String (4000:0:0)], @p5 = 2.65 [Type: Decimal (0:5:28)], @p6 = 'PHP' [Type: String (4000:0:0)], @p7 = 1.65 [Type: Decimal (0:5:28)], @p8 = 'PHP' [Type: String (4000:0:0)], @p9 = 0 [Type: Decimal (0:5:28)], @p10 = 'PHP' [Type: String (4000:0:0)], @p11 = NULL [Type: Decimal (0:5:28)], @p12 = NULL [Type: String (4000:0:0)], @p13 = NULL [Type: Decimal (0:5:28)], @p14 = NULL [Type: String (4000:0:0)], @p15 = NULL [Type: Decimal (0:5:28)], @p16 = NULL [Type: String (4000:0:0)], @p17 = 0 [Type: Decimal (0:5:28)], @p18 = 'dg' [Type: String (4000:0:0)], @p19 = NULL [Type: Decimal (0:5:28)], @p20 = NULL [Type: String (4000:0:0)], @p21 = NULL [Type: Decimal (0:5:28)], @p22 = NULL [Type: String (4000:0:0)], @p23 = NULL [Type: Decimal (0:5:28)], @p24 = NULL [Type: String (4000:0:0)], @p25 = 0 [Type: Decimal (0:5:28)], @p26 = 'dg' [Type: String (4000:0:0)], @p27 = 0 [Type: Decimal (0:5:28)], @p28 = 'dg' [Type: String (4000:0:0)], @p29 = NULL [Type: Decimal (0:5:28)], @p30 = NULL [Type: String (4000:0:0)], @p31 = 0 [Type: Decimal (0:5:28)], @p32 = 'dg' [Type: String (4000:0:0)], @p33 = 0 [Type: Decimal (0:5:28)], @p34 = 'dg' [Type: String (4000:0:0)], @p35 = 0 [Type: Decimal (0:5:28)], @p36 = 'dg' [Type: String (4000:0:0)], @p37 = 0 [Type: Decimal (0:5:28)], @p38 = 'dg' [Type: String (4000:0:0)], @p39 = NULL [Type: Decimal (0:5:28)], @p40 = NULL [Type: String (4000:0:0)], @p41 = 0 [Type: Decimal (0:5:28)], @p42 = 'dg' [Type: String (4000:0:0)], @p43 = f07ef7f1-f121-499d-9df2-a72900bede99 [Type: Guid (0:0:0)]

NHibernate: 
    select
        product0_.ProductId as Produ1_11_,
        product0_.Name as Name2_11_,
        product0_.Description as Descr3_11_,
        product0_.Image as Image4_11_,
        product0_.Discontinued as Disco5_11_,
        product0_.CategoryId as Categ6_11_,
        product0_.SupplierId as Suppl7_11_ 
    from
        dbo.Products product0_ 
    where
        product0_.ProductId=@p0 
    ORDER BY
        CURRENT_TIMESTAMP OFFSET 0 ROWS FETCH FIRST 1 ROWS ONLY;
    @p0 = 00000000-0000-0000-0000-000000000000 [Type: Guid (0:0:0)]
NHibernate: Batch commands:
command 0:
    INSERT 
    INTO
        dbo.Products
        (Name, Description, Image, Discontinued, CategoryId, SupplierId, ProductId) 
    VALUES
        (@p0, @p1, @p2, @p3, @p4, @p5, @p6);
    @p0 = 'Name_zp8bbNA54f' [Type: String (4000:0:0)], @p1 = 'Description_MjGFjMQgfdZeJceTufeHn9igX' [Type: String (4000:0:0)], @p2 = '' [Type: String (4000:0:0)], @p3 = False [Type: Boolean (0:0:0)], @p4 = 'D' [Type: String (4000:0:0)], @p5 = d085f686-18d9-4586-95ca-a72900bede79 [Type: Guid (0:0:0)], @p6 = 64fb9daf-6cb9-4989-86c4-a72900bedeb8 [Type: Guid (0:0:0)]

NHibernate: Batch commands:
command 0:
    INSERT 
    INTO
        dbo.Inventories
        (ConversionFactor, UnitOfMeasureId, UnitOfMeasureBaseId, BasePrice_Amount, BasePrice_CurrencyId, RetailPrice_Amount, RetailPrice_CurrencyId, WholeSalePrice_Amount, WholeSalePrice_CurrencyId, BadStockPrice_Amount, BadStockPrice_CurrencyId, BadStock_Value, BadStock_UnitId, Received_Value, Received_UnitId, OnOrder_Value, OnOrder_UnitId, OnHand_Value, OnHand_UnitId, Allocated_Value, Allocated_UnitId, Shipped_Value, Shipped_UnitId, BackOrdered_Value, BackOrdered_UnitId, Available_Value, Available_UnitId, InitialLevel_Value, InitialLevel_UnitId, Shrinkage_Value, Shrinkage_UnitId, CurrentLevel_Value, CurrentLevel_UnitId, TargetLevel_Value, TargetLevel_UnitId, BelowTargetLevel_Value, BelowTargetLevel_UnitId, ReorderLevel_Value, ReorderLevel_UnitId, ReorderQuantity_Value, ReorderQuantity_UnitId, MinimumReorderQuantity_Value, MinimumReorderQuantity_UnitId, InventoryId) 
    VALUES
        (@p0, @p1, @p2, @p3, @p4, @p5, @p6, @p7, @p8, @p9, @p10, @p11, @p12, @p13, @p14, @p15, @p16, @p17, @p18, @p19, @p20, @p21, @p22, @p23, @p24, @p25, @p26, @p27, @p28, @p29, @p30, @p31, @p32, @p33, @p34, @p35, @p36, @p37, @p38, @p39, @p40, @p41, @p42, @p43);
    @p0 = 0.30 [Type: Decimal (0:5:28)], @p1 = 'hm' [Type: String (4000:0:0)], @p2 = 'm' [Type: String (4000:0:0)], @p3 = 0.96 [Type: Decimal (0:5:28)], @p4 = 'PHP' [Type: String (4000:0:0)], @p5 = 2.96 [Type: Decimal (0:5:28)], @p6 = 'PHP' [Type: String (4000:0:0)], @p7 = 1.96 [Type: Decimal (0:5:28)], @p8 = 'PHP' [Type: String (4000:0:0)], @p9 = 0 [Type: Decimal (0:5:28)], @p10 = 'PHP' [Type: String (4000:0:0)], @p11 = NULL [Type: Decimal (0:5:28)], @p12 = NULL [Type: String (4000:0:0)], @p13 = NULL [Type: Decimal (0:5:28)], @p14 = NULL [Type: String (4000:0:0)], @p15 = NULL [Type: Decimal (0:5:28)], @p16 = NULL [Type: String (4000:0:0)], @p17 = 0 [Type: Decimal (0:5:28)], @p18 = 'hm' [Type: String (4000:0:0)], @p19 = NULL [Type: Decimal (0:5:28)], @p20 = NULL [Type: String (4000:0:0)], @p21 = NULL [Type: Decimal (0:5:28)], @p22 = NULL [Type: String (4000:0:0)], @p23 = NULL [Type: Decimal (0:5:28)], @p24 = NULL [Type: String (4000:0:0)], @p25 = 0 [Type: Decimal (0:5:28)], @p26 = 'hm' [Type: String (4000:0:0)], @p27 = 0 [Type: Decimal (0:5:28)], @p28 = 'hm' [Type: String (4000:0:0)], @p29 = NULL [Type: Decimal (0:5:28)], @p30 = NULL [Type: String (4000:0:0)], @p31 = 0 [Type: Decimal (0:5:28)], @p32 = 'hm' [Type: String (4000:0:0)], @p33 = 0 [Type: Decimal (0:5:28)], @p34 = 'hm' [Type: String (4000:0:0)], @p35 = 0 [Type: Decimal (0:5:28)], @p36 = 'hm' [Type: String (4000:0:0)], @p37 = 0 [Type: Decimal (0:5:28)], @p38 = 'hm' [Type: String (4000:0:0)], @p39 = NULL [Type: Decimal (0:5:28)], @p40 = NULL [Type: String (4000:0:0)], @p41 = 0 [Type: Decimal (0:5:28)], @p42 = 'hm' [Type: String (4000:0:0)], @p43 = 64fb9daf-6cb9-4989-86c4-a72900bedeb8 [Type: Guid (0:0:0)]

NHibernate: 
    select
        product0_.ProductId as Produ1_11_,
        product0_.Name as Name2_11_,
        product0_.Description as Descr3_11_,
        product0_.Image as Image4_11_,
        product0_.Discontinued as Disco5_11_,
        product0_.CategoryId as Categ6_11_,
        product0_.SupplierId as Suppl7_11_ 
    from
        dbo.Products product0_ 
    where
        product0_.ProductId=@p0 
    ORDER BY
        CURRENT_TIMESTAMP OFFSET 0 ROWS FETCH FIRST 1 ROWS ONLY;
    @p0 = 00000000-0000-0000-0000-000000000000 [Type: Guid (0:0:0)]
NHibernate: Batch commands:
command 0:
    INSERT 
    INTO
        dbo.Products
        (Name, Description, Image, Discontinued, CategoryId, SupplierId, ProductId) 
    VALUES
        (@p0, @p1, @p2, @p3, @p4, @p5, @p6);
    @p0 = 'Name_RFERZjP6dK' [Type: String (4000:0:0)], @p1 = 'Description_KMY6LtHjwaHaLzHbTPVNAjtvg' [Type: String (4000:0:0)], @p2 = '' [Type: String (4000:0:0)], @p3 = False [Type: Boolean (0:0:0)], @p4 = 'D' [Type: String (4000:0:0)], @p5 = 4b3e3142-65a0-4653-9cad-a72900bede6f [Type: Guid (0:0:0)], @p6 = 24bdd3ef-6517-414f-a4a8-a72900bedebb [Type: Guid (0:0:0)]

NHibernate: Batch commands:
command 0:
    INSERT 
    INTO
        dbo.Inventories
        (ConversionFactor, UnitOfMeasureId, UnitOfMeasureBaseId, BasePrice_Amount, BasePrice_CurrencyId, RetailPrice_Amount, RetailPrice_CurrencyId, WholeSalePrice_Amount, WholeSalePrice_CurrencyId, BadStockPrice_Amount, BadStockPrice_CurrencyId, BadStock_Value, BadStock_UnitId, Received_Value, Received_UnitId, OnOrder_Value, OnOrder_UnitId, OnHand_Value, OnHand_UnitId, Allocated_Value, Allocated_UnitId, Shipped_Value, Shipped_UnitId, BackOrdered_Value, BackOrdered_UnitId, Available_Value, Available_UnitId, InitialLevel_Value, InitialLevel_UnitId, Shrinkage_Value, Shrinkage_UnitId, CurrentLevel_Value, CurrentLevel_UnitId, TargetLevel_Value, TargetLevel_UnitId, BelowTargetLevel_Value, BelowTargetLevel_UnitId, ReorderLevel_Value, ReorderLevel_UnitId, ReorderQuantity_Value, ReorderQuantity_UnitId, MinimumReorderQuantity_Value, MinimumReorderQuantity_UnitId, InventoryId) 
    VALUES
        (@p0, @p1, @p2, @p3, @p4, @p5, @p6, @p7, @p8, @p9, @p10, @p11, @p12, @p13, @p14, @p15, @p16, @p17, @p18, @p19, @p20, @p21, @p22, @p23, @p24, @p25, @p26, @p27, @p28, @p29, @p30, @p31, @p32, @p33, @p34, @p35, @p36, @p37, @p38, @p39, @p40, @p41, @p42, @p43);
    @p0 = 0.30 [Type: Decimal (0:5:28)], @p1 = 'sk' [Type: String (4000:0:0)], @p2 = 'cs' [Type: String (4000:0:0)], @p3 = 0.1 [Type: Decimal (0:5:28)], @p4 = 'PHP' [Type: String (4000:0:0)], @p5 = 2.1 [Type: Decimal (0:5:28)], @p6 = 'PHP' [Type: String (4000:0:0)], @p7 = 1.1 [Type: Decimal (0:5:28)], @p8 = 'PHP' [Type: String (4000:0:0)], @p9 = 0 [Type: Decimal (0:5:28)], @p10 = 'PHP' [Type: String (4000:0:0)], @p11 = NULL [Type: Decimal (0:5:28)], @p12 = NULL [Type: String (4000:0:0)], @p13 = NULL [Type: Decimal (0:5:28)], @p14 = NULL [Type: String (4000:0:0)], @p15 = NULL [Type: Decimal (0:5:28)], @p16 = NULL [Type: String (4000:0:0)], @p17 = 0 [Type: Decimal (0:5:28)], @p18 = 'sk' [Type: String (4000:0:0)], @p19 = NULL [Type: Decimal (0:5:28)], @p20 = NULL [Type: String (4000:0:0)], @p21 = NULL [Type: Decimal (0:5:28)], @p22 = NULL [Type: String (4000:0:0)], @p23 = NULL [Type: Decimal (0:5:28)], @p24 = NULL [Type: String (4000:0:0)], @p25 = 0 [Type: Decimal (0:5:28)], @p26 = 'sk' [Type: String (4000:0:0)], @p27 = 0 [Type: Decimal (0:5:28)], @p28 = 'sk' [Type: String (4000:0:0)], @p29 = NULL [Type: Decimal (0:5:28)], @p30 = NULL [Type: String (4000:0:0)], @p31 = 0 [Type: Decimal (0:5:28)], @p32 = 'sk' [Type: String (4000:0:0)], @p33 = 0 [Type: Decimal (0:5:28)], @p34 = 'sk' [Type: String (4000:0:0)], @p35 = 0 [Type: Decimal (0:5:28)], @p36 = 'sk' [Type: String (4000:0:0)], @p37 = 0 [Type: Decimal (0:5:28)], @p38 = 'sk' [Type: String (4000:0:0)], @p39 = NULL [Type: Decimal (0:5:28)], @p40 = NULL [Type: String (4000:0:0)], @p41 = 0 [Type: Decimal (0:5:28)], @p42 = 'sk' [Type: String (4000:0:0)], @p43 = 24bdd3ef-6517-414f-a4a8-a72900bedebb [Type: Guid (0:0:0)]

NHibernate: 
    select
        product0_.ProductId as Produ1_11_,
        product0_.Name as Name2_11_,
        product0_.Description as Descr3_11_,
        product0_.Image as Image4_11_,
        product0_.Discontinued as Disco5_11_,
        product0_.CategoryId as Categ6_11_,
        product0_.SupplierId as Suppl7_11_ 
    from
        dbo.Products product0_ 
    where
        product0_.ProductId=@p0 
    ORDER BY
        CURRENT_TIMESTAMP OFFSET 0 ROWS FETCH FIRST 1 ROWS ONLY;
    @p0 = 00000000-0000-0000-0000-000000000000 [Type: Guid (0:0:0)]
NHibernate: Batch commands:
command 0:
    INSERT 
    INTO
        dbo.Products
        (Name, Description, Image, Discontinued, CategoryId, SupplierId, ProductId) 
    VALUES
        (@p0, @p1, @p2, @p3, @p4, @p5, @p6);
    @p0 = 'Name_DSX13erqjU' [Type: String (4000:0:0)], @p1 = 'Description_Gi6329v6sOymTvsqjT9kdoZ4o' [Type: String (4000:0:0)], @p2 = '' [Type: String (4000:0:0)], @p3 = False [Type: Boolean (0:0:0)], @p4 = 'D' [Type: String (4000:0:0)], @p5 = c955b115-ff72-421d-9a24-a72900bede7e [Type: Guid (0:0:0)], @p6 = 2dd4466c-5098-41aa-98d7-a72900bedebe [Type: Guid (0:0:0)]

NHibernate: Batch commands:
command 0:
    INSERT 
    INTO
        dbo.Inventories
        (ConversionFactor, UnitOfMeasureId, UnitOfMeasureBaseId, BasePrice_Amount, BasePrice_CurrencyId, RetailPrice_Amount, RetailPrice_CurrencyId, WholeSalePrice_Amount, WholeSalePrice_CurrencyId, BadStockPrice_Amount, BadStockPrice_CurrencyId, BadStock_Value, BadStock_UnitId, Received_Value, Received_UnitId, OnOrder_Value, OnOrder_UnitId, OnHand_Value, OnHand_UnitId, Allocated_Value, Allocated_UnitId, Shipped_Value, Shipped_UnitId, BackOrdered_Value, BackOrdered_UnitId, Available_Value, Available_UnitId, InitialLevel_Value, InitialLevel_UnitId, Shrinkage_Value, Shrinkage_UnitId, CurrentLevel_Value, CurrentLevel_UnitId, TargetLevel_Value, TargetLevel_UnitId, BelowTargetLevel_Value, BelowTargetLevel_UnitId, ReorderLevel_Value, ReorderLevel_UnitId, ReorderQuantity_Value, ReorderQuantity_UnitId, MinimumReorderQuantity_Value, MinimumReorderQuantity_UnitId, InventoryId) 
    VALUES
        (@p0, @p1, @p2, @p3, @p4, @p5, @p6, @p7, @p8, @p9, @p10, @p11, @p12, @p13, @p14, @p15, @p16, @p17, @p18, @p19, @p20, @p21, @p22, @p23, @p24, @p25, @p26, @p27, @p28, @p29, @p30, @p31, @p32, @p33, @p34, @p35, @p36, @p37, @p38, @p39, @p40, @p41, @p42, @p43);
    @p0 = 0.30 [Type: Decimal (0:5:28)], @p1 = 'cm' [Type: String (4000:0:0)], @p2 = 'dam' [Type: String (4000:0:0)], @p3 = 0.59 [Type: Decimal (0:5:28)], @p4 = 'PHP' [Type: String (4000:0:0)], @p5 = 2.59 [Type: Decimal (0:5:28)], @p6 = 'PHP' [Type: String (4000:0:0)], @p7 = 1.59 [Type: Decimal (0:5:28)], @p8 = 'PHP' [Type: String (4000:0:0)], @p9 = 0 [Type: Decimal (0:5:28)], @p10 = 'PHP' [Type: String (4000:0:0)], @p11 = NULL [Type: Decimal (0:5:28)], @p12 = NULL [Type: String (4000:0:0)], @p13 = NULL [Type: Decimal (0:5:28)], @p14 = NULL [Type: String (4000:0:0)], @p15 = NULL [Type: Decimal (0:5:28)], @p16 = NULL [Type: String (4000:0:0)], @p17 = 0 [Type: Decimal (0:5:28)], @p18 = 'cm' [Type: String (4000:0:0)], @p19 = NULL [Type: Decimal (0:5:28)], @p20 = NULL [Type: String (4000:0:0)], @p21 = NULL [Type: Decimal (0:5:28)], @p22 = NULL [Type: String (4000:0:0)], @p23 = NULL [Type: Decimal (0:5:28)], @p24 = NULL [Type: String (4000:0:0)], @p25 = 0 [Type: Decimal (0:5:28)], @p26 = 'cm' [Type: String (4000:0:0)], @p27 = 0 [Type: Decimal (0:5:28)], @p28 = 'cm' [Type: String (4000:0:0)], @p29 = NULL [Type: Decimal (0:5:28)], @p30 = NULL [Type: String (4000:0:0)], @p31 = 0 [Type: Decimal (0:5:28)], @p32 = 'cm' [Type: String (4000:0:0)], @p33 = 0 [Type: Decimal (0:5:28)], @p34 = 'cm' [Type: String (4000:0:0)], @p35 = 0 [Type: Decimal (0:5:28)], @p36 = 'cm' [Type: String (4000:0:0)], @p37 = 0 [Type: Decimal (0:5:28)], @p38 = 'cm' [Type: String (4000:0:0)], @p39 = NULL [Type: Decimal (0:5:28)], @p40 = NULL [Type: String (4000:0:0)], @p41 = 0 [Type: Decimal (0:5:28)], @p42 = 'cm' [Type: String (4000:0:0)], @p43 = 2dd4466c-5098-41aa-98d7-a72900bedebe [Type: Guid (0:0:0)]

NHibernate: 
    select
        product0_.ProductId as Produ1_11_,
        product0_.Name as Name2_11_,
        product0_.Description as Descr3_11_,
        product0_.Image as Image4_11_,
        product0_.Discontinued as Disco5_11_,
        product0_.CategoryId as Categ6_11_,
        product0_.SupplierId as Suppl7_11_ 
    from
        dbo.Products product0_ 
    where
        product0_.ProductId=@p0 
    ORDER BY
        CURRENT_TIMESTAMP OFFSET 0 ROWS FETCH FIRST 1 ROWS ONLY;
    @p0 = 00000000-0000-0000-0000-000000000000 [Type: Guid (0:0:0)]
NHibernate: Batch commands:
command 0:
    INSERT 
    INTO
        dbo.Products
        (Name, Description, Image, Discontinued, CategoryId, SupplierId, ProductId) 
    VALUES
        (@p0, @p1, @p2, @p3, @p4, @p5, @p6);
    @p0 = 'Name_XFzuG6ua7X' [Type: String (4000:0:0)], @p1 = 'Description_SbVAzwCTddvgs3pndjEdKCQzs' [Type: String (4000:0:0)], @p2 = '' [Type: String (4000:0:0)], @p3 = False [Type: Boolean (0:0:0)], @p4 = 'D' [Type: String (4000:0:0)], @p5 = 612c93d5-57b0-4126-8ca6-a72900bede7c [Type: Guid (0:0:0)], @p6 = 594c4939-fc7f-483e-840f-a72900bedec0 [Type: Guid (0:0:0)]

NHibernate: Batch commands:
command 0:
    INSERT 
    INTO
        dbo.Inventories
        (ConversionFactor, UnitOfMeasureId, UnitOfMeasureBaseId, BasePrice_Amount, BasePrice_CurrencyId, RetailPrice_Amount, RetailPrice_CurrencyId, WholeSalePrice_Amount, WholeSalePrice_CurrencyId, BadStockPrice_Amount, BadStockPrice_CurrencyId, BadStock_Value, BadStock_UnitId, Received_Value, Received_UnitId, OnOrder_Value, OnOrder_UnitId, OnHand_Value, OnHand_UnitId, Allocated_Value, Allocated_UnitId, Shipped_Value, Shipped_UnitId, BackOrdered_Value, BackOrdered_UnitId, Available_Value, Available_UnitId, InitialLevel_Value, InitialLevel_UnitId, Shrinkage_Value, Shrinkage_UnitId, CurrentLevel_Value, CurrentLevel_UnitId, TargetLevel_Value, TargetLevel_UnitId, BelowTargetLevel_Value, BelowTargetLevel_UnitId, ReorderLevel_Value, ReorderLevel_UnitId, ReorderQuantity_Value, ReorderQuantity_UnitId, MinimumReorderQuantity_Value, MinimumReorderQuantity_UnitId, InventoryId) 
    VALUES
        (@p0, @p1, @p2, @p3, @p4, @p5, @p6, @p7, @p8, @p9, @p10, @p11, @p12, @p13, @p14, @p15, @p16, @p17, @p18, @p19, @p20, @p21, @p22, @p23, @p24, @p25, @p26, @p27, @p28, @p29, @p30, @p31, @p32, @p33, @p34, @p35, @p36, @p37, @p38, @p39, @p40, @p41, @p42, @p43);
    @p0 = 0.30 [Type: Decimal (0:5:28)], @p1 = 'g' [Type: String (4000:0:0)], @p2 = 'dag' [Type: String (4000:0:0)], @p3 = 0.76 [Type: Decimal (0:5:28)], @p4 = 'PHP' [Type: String (4000:0:0)], @p5 = 2.76 [Type: Decimal (0:5:28)], @p6 = 'PHP' [Type: String (4000:0:0)], @p7 = 1.76 [Type: Decimal (0:5:28)], @p8 = 'PHP' [Type: String (4000:0:0)], @p9 = 0 [Type: Decimal (0:5:28)], @p10 = 'PHP' [Type: String (4000:0:0)], @p11 = NULL [Type: Decimal (0:5:28)], @p12 = NULL [Type: String (4000:0:0)], @p13 = NULL [Type: Decimal (0:5:28)], @p14 = NULL [Type: String (4000:0:0)], @p15 = NULL [Type: Decimal (0:5:28)], @p16 = NULL [Type: String (4000:0:0)], @p17 = 0 [Type: Decimal (0:5:28)], @p18 = 'g' [Type: String (4000:0:0)], @p19 = NULL [Type: Decimal (0:5:28)], @p20 = NULL [Type: String (4000:0:0)], @p21 = NULL [Type: Decimal (0:5:28)], @p22 = NULL [Type: String (4000:0:0)], @p23 = NULL [Type: Decimal (0:5:28)], @p24 = NULL [Type: String (4000:0:0)], @p25 = 0 [Type: Decimal (0:5:28)], @p26 = 'g' [Type: String (4000:0:0)], @p27 = 0 [Type: Decimal (0:5:28)], @p28 = 'g' [Type: String (4000:0:0)], @p29 = NULL [Type: Decimal (0:5:28)], @p30 = NULL [Type: String (4000:0:0)], @p31 = 0 [Type: Decimal (0:5:28)], @p32 = 'g' [Type: String (4000:0:0)], @p33 = 0 [Type: Decimal (0:5:28)], @p34 = 'g' [Type: String (4000:0:0)], @p35 = 0 [Type: Decimal (0:5:28)], @p36 = 'g' [Type: String (4000:0:0)], @p37 = 0 [Type: Decimal (0:5:28)], @p38 = 'g' [Type: String (4000:0:0)], @p39 = NULL [Type: Decimal (0:5:28)], @p40 = NULL [Type: String (4000:0:0)], @p41 = 0 [Type: Decimal (0:5:28)], @p42 = 'g' [Type: String (4000:0:0)], @p43 = 594c4939-fc7f-483e-840f-a72900bedec0 [Type: Guid (0:0:0)]

NHibernate: 
    select
        product0_.ProductId as Produ1_11_,
        product0_.Name as Name2_11_,
        product0_.Description as Descr3_11_,
        product0_.Image as Image4_11_,
        product0_.Discontinued as Disco5_11_,
        product0_.CategoryId as Categ6_11_,
        product0_.SupplierId as Suppl7_11_ 
    from
        dbo.Products product0_ 
    where
        product0_.ProductId=@p0 
    ORDER BY
        CURRENT_TIMESTAMP OFFSET 0 ROWS FETCH FIRST 1 ROWS ONLY;
    @p0 = 00000000-0000-0000-0000-000000000000 [Type: Guid (0:0:0)]
NHibernate: Batch commands:
command 0:
    INSERT 
    INTO
        dbo.Products
        (Name, Description, Image, Discontinued, CategoryId, SupplierId, ProductId) 
    VALUES
        (@p0, @p1, @p2, @p3, @p4, @p5, @p6);
    @p0 = 'Name_OjWhBFufhp' [Type: String (4000:0:0)], @p1 = 'Description_89vskFbKSwp7O1NFf1jQMfTbr' [Type: String (4000:0:0)], @p2 = '' [Type: String (4000:0:0)], @p3 = False [Type: Boolean (0:0:0)], @p4 = 'F' [Type: String (4000:0:0)], @p5 = 4b3e3142-65a0-4653-9cad-a72900bede6f [Type: Guid (0:0:0)], @p6 = 4f6eb726-89f1-49a4-a6dd-a72900bedec4 [Type: Guid (0:0:0)]

NHibernate: Batch commands:
command 0:
    INSERT 
    INTO
        dbo.Inventories
        (ConversionFactor, UnitOfMeasureId, UnitOfMeasureBaseId, BasePrice_Amount, BasePrice_CurrencyId, RetailPrice_Amount, RetailPrice_CurrencyId, WholeSalePrice_Amount, WholeSalePrice_CurrencyId, BadStockPrice_Amount, BadStockPrice_CurrencyId, BadStock_Value, BadStock_UnitId, Received_Value, Received_UnitId, OnOrder_Value, OnOrder_UnitId, OnHand_Value, OnHand_UnitId, Allocated_Value, Allocated_UnitId, Shipped_Value, Shipped_UnitId, BackOrdered_Value, BackOrdered_UnitId, Available_Value, Available_UnitId, InitialLevel_Value, InitialLevel_UnitId, Shrinkage_Value, Shrinkage_UnitId, CurrentLevel_Value, CurrentLevel_UnitId, TargetLevel_Value, TargetLevel_UnitId, BelowTargetLevel_Value, BelowTargetLevel_UnitId, ReorderLevel_Value, ReorderLevel_UnitId, ReorderQuantity_Value, ReorderQuantity_UnitId, MinimumReorderQuantity_Value, MinimumReorderQuantity_UnitId, InventoryId) 
    VALUES
        (@p0, @p1, @p2, @p3, @p4, @p5, @p6, @p7, @p8, @p9, @p10, @p11, @p12, @p13, @p14, @p15, @p16, @p17, @p18, @p19, @p20, @p21, @p22, @p23, @p24, @p25, @p26, @p27, @p28, @p29, @p30, @p31, @p32, @p33, @p34, @p35, @p36, @p37, @p38, @p39, @p40, @p41, @p42, @p43);
    @p0 = 0.30 [Type: Decimal (0:5:28)], @p1 = 'dal' [Type: String (4000:0:0)], @p2 = 'dz' [Type: String (4000:0:0)], @p3 = 0.21 [Type: Decimal (0:5:28)], @p4 = 'PHP' [Type: String (4000:0:0)], @p5 = 2.21 [Type: Decimal (0:5:28)], @p6 = 'PHP' [Type: String (4000:0:0)], @p7 = 1.21 [Type: Decimal (0:5:28)], @p8 = 'PHP' [Type: String (4000:0:0)], @p9 = 0 [Type: Decimal (0:5:28)], @p10 = 'PHP' [Type: String (4000:0:0)], @p11 = NULL [Type: Decimal (0:5:28)], @p12 = NULL [Type: String (4000:0:0)], @p13 = NULL [Type: Decimal (0:5:28)], @p14 = NULL [Type: String (4000:0:0)], @p15 = NULL [Type: Decimal (0:5:28)], @p16 = NULL [Type: String (4000:0:0)], @p17 = 0 [Type: Decimal (0:5:28)], @p18 = 'dal' [Type: String (4000:0:0)], @p19 = NULL [Type: Decimal (0:5:28)], @p20 = NULL [Type: String (4000:0:0)], @p21 = NULL [Type: Decimal (0:5:28)], @p22 = NULL [Type: String (4000:0:0)], @p23 = NULL [Type: Decimal (0:5:28)], @p24 = NULL [Type: String (4000:0:0)], @p25 = 0 [Type: Decimal (0:5:28)], @p26 = 'dal' [Type: String (4000:0:0)], @p27 = 0 [Type: Decimal (0:5:28)], @p28 = 'dal' [Type: String (4000:0:0)], @p29 = NULL [Type: Decimal (0:5:28)], @p30 = NULL [Type: String (4000:0:0)], @p31 = 0 [Type: Decimal (0:5:28)], @p32 = 'dal' [Type: String (4000:0:0)], @p33 = 0 [Type: Decimal (0:5:28)], @p34 = 'dal' [Type: String (4000:0:0)], @p35 = 0 [Type: Decimal (0:5:28)], @p36 = 'dal' [Type: String (4000:0:0)], @p37 = 0 [Type: Decimal (0:5:28)], @p38 = 'dal' [Type: String (4000:0:0)], @p39 = NULL [Type: Decimal (0:5:28)], @p40 = NULL [Type: String (4000:0:0)], @p41 = 0 [Type: Decimal (0:5:28)], @p42 = 'dal' [Type: String (4000:0:0)], @p43 = 4f6eb726-89f1-49a4-a6dd-a72900bedec4 [Type: Guid (0:0:0)]

NHibernate: 
    select
        product0_.ProductId as Produ1_11_,
        product0_.Name as Name2_11_,
        product0_.Description as Descr3_11_,
        product0_.Image as Image4_11_,
        product0_.Discontinued as Disco5_11_,
        product0_.CategoryId as Categ6_11_,
        product0_.SupplierId as Suppl7_11_ 
    from
        dbo.Products product0_ 
    where
        product0_.ProductId=@p0 
    ORDER BY
        CURRENT_TIMESTAMP OFFSET 0 ROWS FETCH FIRST 1 ROWS ONLY;
    @p0 = 00000000-0000-0000-0000-000000000000 [Type: Guid (0:0:0)]
NHibernate: Batch commands:
command 0:
    INSERT 
    INTO
        dbo.Products
        (Name, Description, Image, Discontinued, CategoryId, SupplierId, ProductId) 
    VALUES
        (@p0, @p1, @p2, @p3, @p4, @p5, @p6);
    @p0 = 'Name_EnQq4brNtR' [Type: String (4000:0:0)], @p1 = 'Description_yW3DmGg6tHk230OjXH5cqUBXg' [Type: String (4000:0:0)], @p2 = '' [Type: String (4000:0:0)], @p3 = False [Type: Boolean (0:0:0)], @p4 = 'F' [Type: String (4000:0:0)], @p5 = d085f686-18d9-4586-95ca-a72900bede79 [Type: Guid (0:0:0)], @p6 = bc1b3aef-bddc-47f2-965e-a72900bedec6 [Type: Guid (0:0:0)]

NHibernate: Batch commands:
command 0:
    INSERT 
    INTO
        dbo.Inventories
        (ConversionFactor, UnitOfMeasureId, UnitOfMeasureBaseId, BasePrice_Amount, BasePrice_CurrencyId, RetailPrice_Amount, RetailPrice_CurrencyId, WholeSalePrice_Amount, WholeSalePrice_CurrencyId, BadStockPrice_Amount, BadStockPrice_CurrencyId, BadStock_Value, BadStock_UnitId, Received_Value, Received_UnitId, OnOrder_Value, OnOrder_UnitId, OnHand_Value, OnHand_UnitId, Allocated_Value, Allocated_UnitId, Shipped_Value, Shipped_UnitId, BackOrdered_Value, BackOrdered_UnitId, Available_Value, Available_UnitId, InitialLevel_Value, InitialLevel_UnitId, Shrinkage_Value, Shrinkage_UnitId, CurrentLevel_Value, CurrentLevel_UnitId, TargetLevel_Value, TargetLevel_UnitId, BelowTargetLevel_Value, BelowTargetLevel_UnitId, ReorderLevel_Value, ReorderLevel_UnitId, ReorderQuantity_Value, ReorderQuantity_UnitId, MinimumReorderQuantity_Value, MinimumReorderQuantity_UnitId, InventoryId) 
    VALUES
        (@p0, @p1, @p2, @p3, @p4, @p5, @p6, @p7, @p8, @p9, @p10, @p11, @p12, @p13, @p14, @p15, @p16, @p17, @p18, @p19, @p20, @p21, @p22, @p23, @p24, @p25, @p26, @p27, @p28, @p29, @p30, @p31, @p32, @p33, @p34, @p35, @p36, @p37, @p38, @p39, @p40, @p41, @p42, @p43);
    @p0 = 0.30 [Type: Decimal (0:5:28)], @p1 = 'ea' [Type: String (4000:0:0)], @p2 = 'cs' [Type: String (4000:0:0)], @p3 = 0.54 [Type: Decimal (0:5:28)], @p4 = 'PHP' [Type: String (4000:0:0)], @p5 = 2.54 [Type: Decimal (0:5:28)], @p6 = 'PHP' [Type: String (4000:0:0)], @p7 = 1.54 [Type: Decimal (0:5:28)], @p8 = 'PHP' [Type: String (4000:0:0)], @p9 = 0 [Type: Decimal (0:5:28)], @p10 = 'PHP' [Type: String (4000:0:0)], @p11 = NULL [Type: Decimal (0:5:28)], @p12 = NULL [Type: String (4000:0:0)], @p13 = NULL [Type: Decimal (0:5:28)], @p14 = NULL [Type: String (4000:0:0)], @p15 = NULL [Type: Decimal (0:5:28)], @p16 = NULL [Type: String (4000:0:0)], @p17 = 0 [Type: Decimal (0:5:28)], @p18 = 'ea' [Type: String (4000:0:0)], @p19 = NULL [Type: Decimal (0:5:28)], @p20 = NULL [Type: String (4000:0:0)], @p21 = NULL [Type: Decimal (0:5:28)], @p22 = NULL [Type: String (4000:0:0)], @p23 = NULL [Type: Decimal (0:5:28)], @p24 = NULL [Type: String (4000:0:0)], @p25 = 0 [Type: Decimal (0:5:28)], @p26 = 'ea' [Type: String (4000:0:0)], @p27 = 0 [Type: Decimal (0:5:28)], @p28 = 'ea' [Type: String (4000:0:0)], @p29 = NULL [Type: Decimal (0:5:28)], @p30 = NULL [Type: String (4000:0:0)], @p31 = 0 [Type: Decimal (0:5:28)], @p32 = 'ea' [Type: String (4000:0:0)], @p33 = 0 [Type: Decimal (0:5:28)], @p34 = 'ea' [Type: String (4000:0:0)], @p35 = 0 [Type: Decimal (0:5:28)], @p36 = 'ea' [Type: String (4000:0:0)], @p37 = 0 [Type: Decimal (0:5:28)], @p38 = 'ea' [Type: String (4000:0:0)], @p39 = NULL [Type: Decimal (0:5:28)], @p40 = NULL [Type: String (4000:0:0)], @p41 = 0 [Type: Decimal (0:5:28)], @p42 = 'ea' [Type: String (4000:0:0)], @p43 = bc1b3aef-bddc-47f2-965e-a72900bedec6 [Type: Guid (0:0:0)]

NHibernate: 
    select
        product0_.ProductId as Produ1_11_,
        product0_.Name as Name2_11_,
        product0_.Description as Descr3_11_,
        product0_.Image as Image4_11_,
        product0_.Discontinued as Disco5_11_,
        product0_.CategoryId as Categ6_11_,
        product0_.SupplierId as Suppl7_11_ 
    from
        dbo.Products product0_ 
    where
        product0_.ProductId=@p0 
    ORDER BY
        CURRENT_TIMESTAMP OFFSET 0 ROWS FETCH FIRST 1 ROWS ONLY;
    @p0 = 00000000-0000-0000-0000-000000000000 [Type: Guid (0:0:0)]
NHibernate: Batch commands:
command 0:
    INSERT 
    INTO
        dbo.Products
        (Name, Description, Image, Discontinued, CategoryId, SupplierId, ProductId) 
    VALUES
        (@p0, @p1, @p2, @p3, @p4, @p5, @p6);
    @p0 = 'Name_RQyq4qLiFk' [Type: String (4000:0:0)], @p1 = 'Description_8goF9XtinrcrxgXYmMzeVfhgd' [Type: String (4000:0:0)], @p2 = '' [Type: String (4000:0:0)], @p3 = False [Type: Boolean (0:0:0)], @p4 = 'F' [Type: String (4000:0:0)], @p5 = ad43fe9c-6954-4886-a8f4-a72900bede80 [Type: Guid (0:0:0)], @p6 = 9d087926-8eca-43f6-bffb-a72900bedec9 [Type: Guid (0:0:0)]

NHibernate: Batch commands:
command 0:
    INSERT 
    INTO
        dbo.Inventories
        (ConversionFactor, UnitOfMeasureId, UnitOfMeasureBaseId, BasePrice_Amount, BasePrice_CurrencyId, RetailPrice_Amount, RetailPrice_CurrencyId, WholeSalePrice_Amount, WholeSalePrice_CurrencyId, BadStockPrice_Amount, BadStockPrice_CurrencyId, BadStock_Value, BadStock_UnitId, Received_Value, Received_UnitId, OnOrder_Value, OnOrder_UnitId, OnHand_Value, OnHand_UnitId, Allocated_Value, Allocated_UnitId, Shipped_Value, Shipped_UnitId, BackOrdered_Value, BackOrdered_UnitId, Available_Value, Available_UnitId, InitialLevel_Value, InitialLevel_UnitId, Shrinkage_Value, Shrinkage_UnitId, CurrentLevel_Value, CurrentLevel_UnitId, TargetLevel_Value, TargetLevel_UnitId, BelowTargetLevel_Value, BelowTargetLevel_UnitId, ReorderLevel_Value, ReorderLevel_UnitId, ReorderQuantity_Value, ReorderQuantity_UnitId, MinimumReorderQuantity_Value, MinimumReorderQuantity_UnitId, InventoryId) 
    VALUES
        (@p0, @p1, @p2, @p3, @p4, @p5, @p6, @p7, @p8, @p9, @p10, @p11, @p12, @p13, @p14, @p15, @p16, @p17, @p18, @p19, @p20, @p21, @p22, @p23, @p24, @p25, @p26, @p27, @p28, @p29, @p30, @p31, @p32, @p33, @p34, @p35, @p36, @p37, @p38, @p39, @p40, @p41, @p42, @p43);
    @p0 = 0.30 [Type: Decimal (0:5:28)], @p1 = 'g' [Type: String (4000:0:0)], @p2 = 'hm' [Type: String (4000:0:0)], @p3 = 0.22 [Type: Decimal (0:5:28)], @p4 = 'PHP' [Type: String (4000:0:0)], @p5 = 2.22 [Type: Decimal (0:5:28)], @p6 = 'PHP' [Type: String (4000:0:0)], @p7 = 1.22 [Type: Decimal (0:5:28)], @p8 = 'PHP' [Type: String (4000:0:0)], @p9 = 0 [Type: Decimal (0:5:28)], @p10 = 'PHP' [Type: String (4000:0:0)], @p11 = NULL [Type: Decimal (0:5:28)], @p12 = NULL [Type: String (4000:0:0)], @p13 = NULL [Type: Decimal (0:5:28)], @p14 = NULL [Type: String (4000:0:0)], @p15 = NULL [Type: Decimal (0:5:28)], @p16 = NULL [Type: String (4000:0:0)], @p17 = 0 [Type: Decimal (0:5:28)], @p18 = 'g' [Type: String (4000:0:0)], @p19 = NULL [Type: Decimal (0:5:28)], @p20 = NULL [Type: String (4000:0:0)], @p21 = NULL [Type: Decimal (0:5:28)], @p22 = NULL [Type: String (4000:0:0)], @p23 = NULL [Type: Decimal (0:5:28)], @p24 = NULL [Type: String (4000:0:0)], @p25 = 0 [Type: Decimal (0:5:28)], @p26 = 'g' [Type: String (4000:0:0)], @p27 = 0 [Type: Decimal (0:5:28)], @p28 = 'g' [Type: String (4000:0:0)], @p29 = NULL [Type: Decimal (0:5:28)], @p30 = NULL [Type: String (4000:0:0)], @p31 = 0 [Type: Decimal (0:5:28)], @p32 = 'g' [Type: String (4000:0:0)], @p33 = 0 [Type: Decimal (0:5:28)], @p34 = 'g' [Type: String (4000:0:0)], @p35 = 0 [Type: Decimal (0:5:28)], @p36 = 'g' [Type: String (4000:0:0)], @p37 = 0 [Type: Decimal (0:5:28)], @p38 = 'g' [Type: String (4000:0:0)], @p39 = NULL [Type: Decimal (0:5:28)], @p40 = NULL [Type: String (4000:0:0)], @p41 = 0 [Type: Decimal (0:5:28)], @p42 = 'g' [Type: String (4000:0:0)], @p43 = 9d087926-8eca-43f6-bffb-a72900bedec9 [Type: Guid (0:0:0)]

NHibernate: 
    select
        product0_.ProductId as Produ1_11_,
        product0_.Name as Name2_11_,
        product0_.Description as Descr3_11_,
        product0_.Image as Image4_11_,
        product0_.Discontinued as Disco5_11_,
        product0_.CategoryId as Categ6_11_,
        product0_.SupplierId as Suppl7_11_ 
    from
        dbo.Products product0_ 
    where
        product0_.ProductId=@p0 
    ORDER BY
        CURRENT_TIMESTAMP OFFSET 0 ROWS FETCH FIRST 1 ROWS ONLY;
    @p0 = 00000000-0000-0000-0000-000000000000 [Type: Guid (0:0:0)]
NHibernate: Batch commands:
command 0:
    INSERT 
    INTO
        dbo.Products
        (Name, Description, Image, Discontinued, CategoryId, SupplierId, ProductId) 
    VALUES
        (@p0, @p1, @p2, @p3, @p4, @p5, @p6);
    @p0 = 'Name_43sBSJs5f4' [Type: String (4000:0:0)], @p1 = 'Description_d0dTmcu0n5cKhDEA4xxc9HmsG' [Type: String (4000:0:0)], @p2 = '' [Type: String (4000:0:0)], @p3 = False [Type: Boolean (0:0:0)], @p4 = 'D' [Type: String (4000:0:0)], @p5 = c955b115-ff72-421d-9a24-a72900bede7e [Type: Guid (0:0:0)], @p6 = 0ba5213f-ca05-493d-8ad0-a72900bedecd [Type: Guid (0:0:0)]

NHibernate: Batch commands:
command 0:
    INSERT 
    INTO
        dbo.Inventories
        (ConversionFactor, UnitOfMeasureId, UnitOfMeasureBaseId, BasePrice_Amount, BasePrice_CurrencyId, RetailPrice_Amount, RetailPrice_CurrencyId, WholeSalePrice_Amount, WholeSalePrice_CurrencyId, BadStockPrice_Amount, BadStockPrice_CurrencyId, BadStock_Value, BadStock_UnitId, Received_Value, Received_UnitId, OnOrder_Value, OnOrder_UnitId, OnHand_Value, OnHand_UnitId, Allocated_Value, Allocated_UnitId, Shipped_Value, Shipped_UnitId, BackOrdered_Value, BackOrdered_UnitId, Available_Value, Available_UnitId, InitialLevel_Value, InitialLevel_UnitId, Shrinkage_Value, Shrinkage_UnitId, CurrentLevel_Value, CurrentLevel_UnitId, TargetLevel_Value, TargetLevel_UnitId, BelowTargetLevel_Value, BelowTargetLevel_UnitId, ReorderLevel_Value, ReorderLevel_UnitId, ReorderQuantity_Value, ReorderQuantity_UnitId, MinimumReorderQuantity_Value, MinimumReorderQuantity_UnitId, InventoryId) 
    VALUES
        (@p0, @p1, @p2, @p3, @p4, @p5, @p6, @p7, @p8, @p9, @p10, @p11, @p12, @p13, @p14, @p15, @p16, @p17, @p18, @p19, @p20, @p21, @p22, @p23, @p24, @p25, @p26, @p27, @p28, @p29, @p30, @p31, @p32, @p33, @p34, @p35, @p36, @p37, @p38, @p39, @p40, @p41, @p42, @p43);
    @p0 = 0.30 [Type: Decimal (0:5:28)], @p1 = 'hl' [Type: String (4000:0:0)], @p2 = 'sk' [Type: String (4000:0:0)], @p3 = 0.87 [Type: Decimal (0:5:28)], @p4 = 'PHP' [Type: String (4000:0:0)], @p5 = 2.87 [Type: Decimal (0:5:28)], @p6 = 'PHP' [Type: String (4000:0:0)], @p7 = 1.87 [Type: Decimal (0:5:28)], @p8 = 'PHP' [Type: String (4000:0:0)], @p9 = 0 [Type: Decimal (0:5:28)], @p10 = 'PHP' [Type: String (4000:0:0)], @p11 = NULL [Type: Decimal (0:5:28)], @p12 = NULL [Type: String (4000:0:0)], @p13 = NULL [Type: Decimal (0:5:28)], @p14 = NULL [Type: String (4000:0:0)], @p15 = NULL [Type: Decimal (0:5:28)], @p16 = NULL [Type: String (4000:0:0)], @p17 = 0 [Type: Decimal (0:5:28)], @p18 = 'hl' [Type: String (4000:0:0)], @p19 = NULL [Type: Decimal (0:5:28)], @p20 = NULL [Type: String (4000:0:0)], @p21 = NULL [Type: Decimal (0:5:28)], @p22 = NULL [Type: String (4000:0:0)], @p23 = NULL [Type: Decimal (0:5:28)], @p24 = NULL [Type: String (4000:0:0)], @p25 = 0 [Type: Decimal (0:5:28)], @p26 = 'hl' [Type: String (4000:0:0)], @p27 = 0 [Type: Decimal (0:5:28)], @p28 = 'hl' [Type: String (4000:0:0)], @p29 = NULL [Type: Decimal (0:5:28)], @p30 = NULL [Type: String (4000:0:0)], @p31 = 0 [Type: Decimal (0:5:28)], @p32 = 'hl' [Type: String (4000:0:0)], @p33 = 0 [Type: Decimal (0:5:28)], @p34 = 'hl' [Type: String (4000:0:0)], @p35 = 0 [Type: Decimal (0:5:28)], @p36 = 'hl' [Type: String (4000:0:0)], @p37 = 0 [Type: Decimal (0:5:28)], @p38 = 'hl' [Type: String (4000:0:0)], @p39 = NULL [Type: Decimal (0:5:28)], @p40 = NULL [Type: String (4000:0:0)], @p41 = 0 [Type: Decimal (0:5:28)], @p42 = 'hl' [Type: String (4000:0:0)], @p43 = 0ba5213f-ca05-493d-8ad0-a72900bedecd [Type: Guid (0:0:0)]

NHibernate: 
    select
        product0_.ProductId as Produ1_11_,
        product0_.Name as Name2_11_,
        product0_.Description as Descr3_11_,
        product0_.Image as Image4_11_,
        product0_.Discontinued as Disco5_11_,
        product0_.CategoryId as Categ6_11_,
        product0_.SupplierId as Suppl7_11_ 
    from
        dbo.Products product0_ 
    where
        product0_.ProductId=@p0 
    ORDER BY
        CURRENT_TIMESTAMP OFFSET 0 ROWS FETCH FIRST 1 ROWS ONLY;
    @p0 = 00000000-0000-0000-0000-000000000000 [Type: Guid (0:0:0)]
NHibernate: Batch commands:
command 0:
    INSERT 
    INTO
        dbo.Products
        (Name, Description, Image, Discontinued, CategoryId, SupplierId, ProductId) 
    VALUES
        (@p0, @p1, @p2, @p3, @p4, @p5, @p6);
    @p0 = 'Name_CzUxvPCJTT' [Type: String (4000:0:0)], @p1 = 'Description_sf33vr4iyFQm0pRwTJ2WOwMri' [Type: String (4000:0:0)], @p2 = '' [Type: String (4000:0:0)], @p3 = False [Type: Boolean (0:0:0)], @p4 = 'F' [Type: String (4000:0:0)], @p5 = 45bfa825-a708-4494-877c-a72900bede7b [Type: Guid (0:0:0)], @p6 = e58fc170-890a-4626-83f0-a72900beded0 [Type: Guid (0:0:0)]

NHibernate: Batch commands:
command 0:
    INSERT 
    INTO
        dbo.Inventories
        (ConversionFactor, UnitOfMeasureId, UnitOfMeasureBaseId, BasePrice_Amount, BasePrice_CurrencyId, RetailPrice_Amount, RetailPrice_CurrencyId, WholeSalePrice_Amount, WholeSalePrice_CurrencyId, BadStockPrice_Amount, BadStockPrice_CurrencyId, BadStock_Value, BadStock_UnitId, Received_Value, Received_UnitId, OnOrder_Value, OnOrder_UnitId, OnHand_Value, OnHand_UnitId, Allocated_Value, Allocated_UnitId, Shipped_Value, Shipped_UnitId, BackOrdered_Value, BackOrdered_UnitId, Available_Value, Available_UnitId, InitialLevel_Value, InitialLevel_UnitId, Shrinkage_Value, Shrinkage_UnitId, CurrentLevel_Value, CurrentLevel_UnitId, TargetLevel_Value, TargetLevel_UnitId, BelowTargetLevel_Value, BelowTargetLevel_UnitId, ReorderLevel_Value, ReorderLevel_UnitId, ReorderQuantity_Value, ReorderQuantity_UnitId, MinimumReorderQuantity_Value, MinimumReorderQuantity_UnitId, InventoryId) 
    VALUES
        (@p0, @p1, @p2, @p3, @p4, @p5, @p6, @p7, @p8, @p9, @p10, @p11, @p12, @p13, @p14, @p15, @p16, @p17, @p18, @p19, @p20, @p21, @p22, @p23, @p24, @p25, @p26, @p27, @p28, @p29, @p30, @p31, @p32, @p33, @p34, @p35, @p36, @p37, @p38, @p39, @p40, @p41, @p42, @p43);
    @p0 = 0.30 [Type: Decimal (0:5:28)], @p1 = 'dag' [Type: String (4000:0:0)], @p2 = 'kl' [Type: String (4000:0:0)], @p3 = 0.79 [Type: Decimal (0:5:28)], @p4 = 'PHP' [Type: String (4000:0:0)], @p5 = 2.79 [Type: Decimal (0:5:28)], @p6 = 'PHP' [Type: String (4000:0:0)], @p7 = 1.79 [Type: Decimal (0:5:28)], @p8 = 'PHP' [Type: String (4000:0:0)], @p9 = 0 [Type: Decimal (0:5:28)], @p10 = 'PHP' [Type: String (4000:0:0)], @p11 = NULL [Type: Decimal (0:5:28)], @p12 = NULL [Type: String (4000:0:0)], @p13 = NULL [Type: Decimal (0:5:28)], @p14 = NULL [Type: String (4000:0:0)], @p15 = NULL [Type: Decimal (0:5:28)], @p16 = NULL [Type: String (4000:0:0)], @p17 = 0 [Type: Decimal (0:5:28)], @p18 = 'dag' [Type: String (4000:0:0)], @p19 = NULL [Type: Decimal (0:5:28)], @p20 = NULL [Type: String (4000:0:0)], @p21 = NULL [Type: Decimal (0:5:28)], @p22 = NULL [Type: String (4000:0:0)], @p23 = NULL [Type: Decimal (0:5:28)], @p24 = NULL [Type: String (4000:0:0)], @p25 = 0 [Type: Decimal (0:5:28)], @p26 = 'dag' [Type: String (4000:0:0)], @p27 = 0 [Type: Decimal (0:5:28)], @p28 = 'dag' [Type: String (4000:0:0)], @p29 = NULL [Type: Decimal (0:5:28)], @p30 = NULL [Type: String (4000:0:0)], @p31 = 0 [Type: Decimal (0:5:28)], @p32 = 'dag' [Type: String (4000:0:0)], @p33 = 0 [Type: Decimal (0:5:28)], @p34 = 'dag' [Type: String (4000:0:0)], @p35 = 0 [Type: Decimal (0:5:28)], @p36 = 'dag' [Type: String (4000:0:0)], @p37 = 0 [Type: Decimal (0:5:28)], @p38 = 'dag' [Type: String (4000:0:0)], @p39 = NULL [Type: Decimal (0:5:28)], @p40 = NULL [Type: String (4000:0:0)], @p41 = 0 [Type: Decimal (0:5:28)], @p42 = 'dag' [Type: String (4000:0:0)], @p43 = e58fc170-890a-4626-83f0-a72900beded0 [Type: Guid (0:0:0)]

NHibernate: 
    select
        product0_.ProductId as Produ1_11_,
        product0_.Name as Name2_11_,
        product0_.Description as Descr3_11_,
        product0_.Image as Image4_11_,
        product0_.Discontinued as Disco5_11_,
        product0_.CategoryId as Categ6_11_,
        product0_.SupplierId as Suppl7_11_ 
    from
        dbo.Products product0_ 
    where
        product0_.ProductId=@p0 
    ORDER BY
        CURRENT_TIMESTAMP OFFSET 0 ROWS FETCH FIRST 1 ROWS ONLY;
    @p0 = 00000000-0000-0000-0000-000000000000 [Type: Guid (0:0:0)]
NHibernate: Batch commands:
command 0:
    INSERT 
    INTO
        dbo.Products
        (Name, Description, Image, Discontinued, CategoryId, SupplierId, ProductId) 
    VALUES
        (@p0, @p1, @p2, @p3, @p4, @p5, @p6);
    @p0 = 'Name_jwD1OdgW21' [Type: String (4000:0:0)], @p1 = 'Description_43rSOD3BoR2WAXZwnih6TMUt2' [Type: String (4000:0:0)], @p2 = '' [Type: String (4000:0:0)], @p3 = False [Type: Boolean (0:0:0)], @p4 = 'D' [Type: String (4000:0:0)], @p5 = 42ae7108-6630-48d2-b753-a72900bede77 [Type: Guid (0:0:0)], @p6 = 0e962d9e-9ac0-40f3-846c-a72900beded3 [Type: Guid (0:0:0)]

NHibernate: Batch commands:
command 0:
    INSERT 
    INTO
        dbo.Inventories
        (ConversionFactor, UnitOfMeasureId, UnitOfMeasureBaseId, BasePrice_Amount, BasePrice_CurrencyId, RetailPrice_Amount, RetailPrice_CurrencyId, WholeSalePrice_Amount, WholeSalePrice_CurrencyId, BadStockPrice_Amount, BadStockPrice_CurrencyId, BadStock_Value, BadStock_UnitId, Received_Value, Received_UnitId, OnOrder_Value, OnOrder_UnitId, OnHand_Value, OnHand_UnitId, Allocated_Value, Allocated_UnitId, Shipped_Value, Shipped_UnitId, BackOrdered_Value, BackOrdered_UnitId, Available_Value, Available_UnitId, InitialLevel_Value, InitialLevel_UnitId, Shrinkage_Value, Shrinkage_UnitId, CurrentLevel_Value, CurrentLevel_UnitId, TargetLevel_Value, TargetLevel_UnitId, BelowTargetLevel_Value, BelowTargetLevel_UnitId, ReorderLevel_Value, ReorderLevel_UnitId, ReorderQuantity_Value, ReorderQuantity_UnitId, MinimumReorderQuantity_Value, MinimumReorderQuantity_UnitId, InventoryId) 
    VALUES
        (@p0, @p1, @p2, @p3, @p4, @p5, @p6, @p7, @p8, @p9, @p10, @p11, @p12, @p13, @p14, @p15, @p16, @p17, @p18, @p19, @p20, @p21, @p22, @p23, @p24, @p25, @p26, @p27, @p28, @p29, @p30, @p31, @p32, @p33, @p34, @p35, @p36, @p37, @p38, @p39, @p40, @p41, @p42, @p43);
    @p0 = 0.30 [Type: Decimal (0:5:28)], @p1 = 'ea' [Type: String (4000:0:0)], @p2 = 'sk' [Type: String (4000:0:0)], @p3 = 0.45 [Type: Decimal (0:5:28)], @p4 = 'PHP' [Type: String (4000:0:0)], @p5 = 2.45 [Type: Decimal (0:5:28)], @p6 = 'PHP' [Type: String (4000:0:0)], @p7 = 1.45 [Type: Decimal (0:5:28)], @p8 = 'PHP' [Type: String (4000:0:0)], @p9 = 0 [Type: Decimal (0:5:28)], @p10 = 'PHP' [Type: String (4000:0:0)], @p11 = NULL [Type: Decimal (0:5:28)], @p12 = NULL [Type: String (4000:0:0)], @p13 = NULL [Type: Decimal (0:5:28)], @p14 = NULL [Type: String (4000:0:0)], @p15 = NULL [Type: Decimal (0:5:28)], @p16 = NULL [Type: String (4000:0:0)], @p17 = 0 [Type: Decimal (0:5:28)], @p18 = 'ea' [Type: String (4000:0:0)], @p19 = NULL [Type: Decimal (0:5:28)], @p20 = NULL [Type: String (4000:0:0)], @p21 = NULL [Type: Decimal (0:5:28)], @p22 = NULL [Type: String (4000:0:0)], @p23 = NULL [Type: Decimal (0:5:28)], @p24 = NULL [Type: String (4000:0:0)], @p25 = 0 [Type: Decimal (0:5:28)], @p26 = 'ea' [Type: String (4000:0:0)], @p27 = 0 [Type: Decimal (0:5:28)], @p28 = 'ea' [Type: String (4000:0:0)], @p29 = NULL [Type: Decimal (0:5:28)], @p30 = NULL [Type: String (4000:0:0)], @p31 = 0 [Type: Decimal (0:5:28)], @p32 = 'ea' [Type: String (4000:0:0)], @p33 = 0 [Type: Decimal (0:5:28)], @p34 = 'ea' [Type: String (4000:0:0)], @p35 = 0 [Type: Decimal (0:5:28)], @p36 = 'ea' [Type: String (4000:0:0)], @p37 = 0 [Type: Decimal (0:5:28)], @p38 = 'ea' [Type: String (4000:0:0)], @p39 = NULL [Type: Decimal (0:5:28)], @p40 = NULL [Type: String (4000:0:0)], @p41 = 0 [Type: Decimal (0:5:28)], @p42 = 'ea' [Type: String (4000:0:0)], @p43 = 0e962d9e-9ac0-40f3-846c-a72900beded3 [Type: Guid (0:0:0)]

NHibernate: 
    select
        product0_.ProductId as Produ1_11_,
        product0_.Name as Name2_11_,
        product0_.Description as Descr3_11_,
        product0_.Image as Image4_11_,
        product0_.Discontinued as Disco5_11_,
        product0_.CategoryId as Categ6_11_,
        product0_.SupplierId as Suppl7_11_ 
    from
        dbo.Products product0_ 
    where
        product0_.ProductId=@p0 
    ORDER BY
        CURRENT_TIMESTAMP OFFSET 0 ROWS FETCH FIRST 1 ROWS ONLY;
    @p0 = 00000000-0000-0000-0000-000000000000 [Type: Guid (0:0:0)]
NHibernate: Batch commands:
command 0:
    INSERT 
    INTO
        dbo.Products
        (Name, Description, Image, Discontinued, CategoryId, SupplierId, ProductId) 
    VALUES
        (@p0, @p1, @p2, @p3, @p4, @p5, @p6);
    @p0 = 'Name_0KayVAJfAU' [Type: String (4000:0:0)], @p1 = 'Description_ckJL2LCSLcUZWcakwWEsj8ZoR' [Type: String (4000:0:0)], @p2 = '' [Type: String (4000:0:0)], @p3 = False [Type: Boolean (0:0:0)], @p4 = 'F' [Type: String (4000:0:0)], @p5 = 612c93d5-57b0-4126-8ca6-a72900bede7c [Type: Guid (0:0:0)], @p6 = baf43fe0-f070-4f4d-905b-a72900beded6 [Type: Guid (0:0:0)]

NHibernate: Batch commands:
command 0:
    INSERT 
    INTO
        dbo.Inventories
        (ConversionFactor, UnitOfMeasureId, UnitOfMeasureBaseId, BasePrice_Amount, BasePrice_CurrencyId, RetailPrice_Amount, RetailPrice_CurrencyId, WholeSalePrice_Amount, WholeSalePrice_CurrencyId, BadStockPrice_Amount, BadStockPrice_CurrencyId, BadStock_Value, BadStock_UnitId, Received_Value, Received_UnitId, OnOrder_Value, OnOrder_UnitId, OnHand_Value, OnHand_UnitId, Allocated_Value, Allocated_UnitId, Shipped_Value, Shipped_UnitId, BackOrdered_Value, BackOrdered_UnitId, Available_Value, Available_UnitId, InitialLevel_Value, InitialLevel_UnitId, Shrinkage_Value, Shrinkage_UnitId, CurrentLevel_Value, CurrentLevel_UnitId, TargetLevel_Value, TargetLevel_UnitId, BelowTargetLevel_Value, BelowTargetLevel_UnitId, ReorderLevel_Value, ReorderLevel_UnitId, ReorderQuantity_Value, ReorderQuantity_UnitId, MinimumReorderQuantity_Value, MinimumReorderQuantity_UnitId, InventoryId) 
    VALUES
        (@p0, @p1, @p2, @p3, @p4, @p5, @p6, @p7, @p8, @p9, @p10, @p11, @p12, @p13, @p14, @p15, @p16, @p17, @p18, @p19, @p20, @p21, @p22, @p23, @p24, @p25, @p26, @p27, @p28, @p29, @p30, @p31, @p32, @p33, @p34, @p35, @p36, @p37, @p38, @p39, @p40, @p41, @p42, @p43);
    @p0 = 0.30 [Type: Decimal (0:5:28)], @p1 = 'dz' [Type: String (4000:0:0)], @p2 = 'dl' [Type: String (4000:0:0)], @p3 = 0.46 [Type: Decimal (0:5:28)], @p4 = 'PHP' [Type: String (4000:0:0)], @p5 = 2.46 [Type: Decimal (0:5:28)], @p6 = 'PHP' [Type: String (4000:0:0)], @p7 = 1.46 [Type: Decimal (0:5:28)], @p8 = 'PHP' [Type: String (4000:0:0)], @p9 = 0 [Type: Decimal (0:5:28)], @p10 = 'PHP' [Type: String (4000:0:0)], @p11 = NULL [Type: Decimal (0:5:28)], @p12 = NULL [Type: String (4000:0:0)], @p13 = NULL [Type: Decimal (0:5:28)], @p14 = NULL [Type: String (4000:0:0)], @p15 = NULL [Type: Decimal (0:5:28)], @p16 = NULL [Type: String (4000:0:0)], @p17 = 0 [Type: Decimal (0:5:28)], @p18 = 'dz' [Type: String (4000:0:0)], @p19 = NULL [Type: Decimal (0:5:28)], @p20 = NULL [Type: String (4000:0:0)], @p21 = NULL [Type: Decimal (0:5:28)], @p22 = NULL [Type: String (4000:0:0)], @p23 = NULL [Type: Decimal (0:5:28)], @p24 = NULL [Type: String (4000:0:0)], @p25 = 0 [Type: Decimal (0:5:28)], @p26 = 'dz' [Type: String (4000:0:0)], @p27 = 0 [Type: Decimal (0:5:28)], @p28 = 'dz' [Type: String (4000:0:0)], @p29 = NULL [Type: Decimal (0:5:28)], @p30 = NULL [Type: String (4000:0:0)], @p31 = 0 [Type: Decimal (0:5:28)], @p32 = 'dz' [Type: String (4000:0:0)], @p33 = 0 [Type: Decimal (0:5:28)], @p34 = 'dz' [Type: String (4000:0:0)], @p35 = 0 [Type: Decimal (0:5:28)], @p36 = 'dz' [Type: String (4000:0:0)], @p37 = 0 [Type: Decimal (0:5:28)], @p38 = 'dz' [Type: String (4000:0:0)], @p39 = NULL [Type: Decimal (0:5:28)], @p40 = NULL [Type: String (4000:0:0)], @p41 = 0 [Type: Decimal (0:5:28)], @p42 = 'dz' [Type: String (4000:0:0)], @p43 = baf43fe0-f070-4f4d-905b-a72900beded6 [Type: Guid (0:0:0)]

NHibernate: 
    select
        product0_.ProductId as Produ1_11_,
        product0_.Name as Name2_11_,
        product0_.Description as Descr3_11_,
        product0_.Image as Image4_11_,
        product0_.Discontinued as Disco5_11_,
        product0_.CategoryId as Categ6_11_,
        product0_.SupplierId as Suppl7_11_ 
    from
        dbo.Products product0_ 
    where
        product0_.ProductId=@p0 
    ORDER BY
        CURRENT_TIMESTAMP OFFSET 0 ROWS FETCH FIRST 1 ROWS ONLY;
    @p0 = 00000000-0000-0000-0000-000000000000 [Type: Guid (0:0:0)]
NHibernate: Batch commands:
command 0:
    INSERT 
    INTO
        dbo.Products
        (Name, Description, Image, Discontinued, CategoryId, SupplierId, ProductId) 
    VALUES
        (@p0, @p1, @p2, @p3, @p4, @p5, @p6);
    @p0 = 'Name_nd0bL4WHYK' [Type: String (4000:0:0)], @p1 = 'Description_aWEJKChaQWsZy2v9xKzdMe4BA' [Type: String (4000:0:0)], @p2 = '' [Type: String (4000:0:0)], @p3 = False [Type: Boolean (0:0:0)], @p4 = 'F' [Type: String (4000:0:0)], @p5 = d085f686-18d9-4586-95ca-a72900bede79 [Type: Guid (0:0:0)], @p6 = aeb98a70-487d-47ef-9361-a72900beded9 [Type: Guid (0:0:0)]

NHibernate: Batch commands:
command 0:
    INSERT 
    INTO
        dbo.Inventories
        (ConversionFactor, UnitOfMeasureId, UnitOfMeasureBaseId, BasePrice_Amount, BasePrice_CurrencyId, RetailPrice_Amount, RetailPrice_CurrencyId, WholeSalePrice_Amount, WholeSalePrice_CurrencyId, BadStockPrice_Amount, BadStockPrice_CurrencyId, BadStock_Value, BadStock_UnitId, Received_Value, Received_UnitId, OnOrder_Value, OnOrder_UnitId, OnHand_Value, OnHand_UnitId, Allocated_Value, Allocated_UnitId, Shipped_Value, Shipped_UnitId, BackOrdered_Value, BackOrdered_UnitId, Available_Value, Available_UnitId, InitialLevel_Value, InitialLevel_UnitId, Shrinkage_Value, Shrinkage_UnitId, CurrentLevel_Value, CurrentLevel_UnitId, TargetLevel_Value, TargetLevel_UnitId, BelowTargetLevel_Value, BelowTargetLevel_UnitId, ReorderLevel_Value, ReorderLevel_UnitId, ReorderQuantity_Value, ReorderQuantity_UnitId, MinimumReorderQuantity_Value, MinimumReorderQuantity_UnitId, InventoryId) 
    VALUES
        (@p0, @p1, @p2, @p3, @p4, @p5, @p6, @p7, @p8, @p9, @p10, @p11, @p12, @p13, @p14, @p15, @p16, @p17, @p18, @p19, @p20, @p21, @p22, @p23, @p24, @p25, @p26, @p27, @p28, @p29, @p30, @p31, @p32, @p33, @p34, @p35, @p36, @p37, @p38, @p39, @p40, @p41, @p42, @p43);
    @p0 = 0.30 [Type: Decimal (0:5:28)], @p1 = 'dam' [Type: String (4000:0:0)], @p2 = 'dam' [Type: String (4000:0:0)], @p3 = 0.12 [Type: Decimal (0:5:28)], @p4 = 'PHP' [Type: String (4000:0:0)], @p5 = 2.12 [Type: Decimal (0:5:28)], @p6 = 'PHP' [Type: String (4000:0:0)], @p7 = 1.12 [Type: Decimal (0:5:28)], @p8 = 'PHP' [Type: String (4000:0:0)], @p9 = 0 [Type: Decimal (0:5:28)], @p10 = 'PHP' [Type: String (4000:0:0)], @p11 = NULL [Type: Decimal (0:5:28)], @p12 = NULL [Type: String (4000:0:0)], @p13 = NULL [Type: Decimal (0:5:28)], @p14 = NULL [Type: String (4000:0:0)], @p15 = NULL [Type: Decimal (0:5:28)], @p16 = NULL [Type: String (4000:0:0)], @p17 = 0 [Type: Decimal (0:5:28)], @p18 = 'dam' [Type: String (4000:0:0)], @p19 = NULL [Type: Decimal (0:5:28)], @p20 = NULL [Type: String (4000:0:0)], @p21 = NULL [Type: Decimal (0:5:28)], @p22 = NULL [Type: String (4000:0:0)], @p23 = NULL [Type: Decimal (0:5:28)], @p24 = NULL [Type: String (4000:0:0)], @p25 = 0 [Type: Decimal (0:5:28)], @p26 = 'dam' [Type: String (4000:0:0)], @p27 = 0 [Type: Decimal (0:5:28)], @p28 = 'dam' [Type: String (4000:0:0)], @p29 = NULL [Type: Decimal (0:5:28)], @p30 = NULL [Type: String (4000:0:0)], @p31 = 0 [Type: Decimal (0:5:28)], @p32 = 'dam' [Type: String (4000:0:0)], @p33 = 0 [Type: Decimal (0:5:28)], @p34 = 'dam' [Type: String (4000:0:0)], @p35 = 0 [Type: Decimal (0:5:28)], @p36 = 'dam' [Type: String (4000:0:0)], @p37 = 0 [Type: Decimal (0:5:28)], @p38 = 'dam' [Type: String (4000:0:0)], @p39 = NULL [Type: Decimal (0:5:28)], @p40 = NULL [Type: String (4000:0:0)], @p41 = 0 [Type: Decimal (0:5:28)], @p42 = 'dam' [Type: String (4000:0:0)], @p43 = aeb98a70-487d-47ef-9361-a72900beded9 [Type: Guid (0:0:0)]

NHibernate: 
    select
        product0_.ProductId as Produ1_11_,
        product0_.Name as Name2_11_,
        product0_.Description as Descr3_11_,
        product0_.Image as Image4_11_,
        product0_.Discontinued as Disco5_11_,
        product0_.CategoryId as Categ6_11_,
        product0_.SupplierId as Suppl7_11_ 
    from
        dbo.Products product0_ 
    where
        product0_.ProductId=@p0 
    ORDER BY
        CURRENT_TIMESTAMP OFFSET 0 ROWS FETCH FIRST 1 ROWS ONLY;
    @p0 = 00000000-0000-0000-0000-000000000000 [Type: Guid (0:0:0)]
NHibernate: Batch commands:
command 0:
    INSERT 
    INTO
        dbo.Products
        (Name, Description, Image, Discontinued, CategoryId, SupplierId, ProductId) 
    VALUES
        (@p0, @p1, @p2, @p3, @p4, @p5, @p6);
    @p0 = 'Name_s8EbWRZtVs' [Type: String (4000:0:0)], @p1 = 'Description_S6hga8Y5Jvn5kAVVL006cCHhi' [Type: String (4000:0:0)], @p2 = '' [Type: String (4000:0:0)], @p3 = False [Type: Boolean (0:0:0)], @p4 = 'D' [Type: String (4000:0:0)], @p5 = ad43fe9c-6954-4886-a8f4-a72900bede80 [Type: Guid (0:0:0)], @p6 = 61c58cad-6fc7-45a0-9851-a72900bededc [Type: Guid (0:0:0)]

NHibernate: Batch commands:
command 0:
    INSERT 
    INTO
        dbo.Inventories
        (ConversionFactor, UnitOfMeasureId, UnitOfMeasureBaseId, BasePrice_Amount, BasePrice_CurrencyId, RetailPrice_Amount, RetailPrice_CurrencyId, WholeSalePrice_Amount, WholeSalePrice_CurrencyId, BadStockPrice_Amount, BadStockPrice_CurrencyId, BadStock_Value, BadStock_UnitId, Received_Value, Received_UnitId, OnOrder_Value, OnOrder_UnitId, OnHand_Value, OnHand_UnitId, Allocated_Value, Allocated_UnitId, Shipped_Value, Shipped_UnitId, BackOrdered_Value, BackOrdered_UnitId, Available_Value, Available_UnitId, InitialLevel_Value, InitialLevel_UnitId, Shrinkage_Value, Shrinkage_UnitId, CurrentLevel_Value, CurrentLevel_UnitId, TargetLevel_Value, TargetLevel_UnitId, BelowTargetLevel_Value, BelowTargetLevel_UnitId, ReorderLevel_Value, ReorderLevel_UnitId, ReorderQuantity_Value, ReorderQuantity_UnitId, MinimumReorderQuantity_Value, MinimumReorderQuantity_UnitId, InventoryId) 
    VALUES
        (@p0, @p1, @p2, @p3, @p4, @p5, @p6, @p7, @p8, @p9, @p10, @p11, @p12, @p13, @p14, @p15, @p16, @p17, @p18, @p19, @p20, @p21, @p22, @p23, @p24, @p25, @p26, @p27, @p28, @p29, @p30, @p31, @p32, @p33, @p34, @p35, @p36, @p37, @p38, @p39, @p40, @p41, @p42, @p43);
    @p0 = 0.30 [Type: Decimal (0:5:28)], @p1 = 'kl' [Type: String (4000:0:0)], @p2 = 'kl' [Type: String (4000:0:0)], @p3 = 0.47 [Type: Decimal (0:5:28)], @p4 = 'PHP' [Type: String (4000:0:0)], @p5 = 2.47 [Type: Decimal (0:5:28)], @p6 = 'PHP' [Type: String (4000:0:0)], @p7 = 1.47 [Type: Decimal (0:5:28)], @p8 = 'PHP' [Type: String (4000:0:0)], @p9 = 0 [Type: Decimal (0:5:28)], @p10 = 'PHP' [Type: String (4000:0:0)], @p11 = NULL [Type: Decimal (0:5:28)], @p12 = NULL [Type: String (4000:0:0)], @p13 = NULL [Type: Decimal (0:5:28)], @p14 = NULL [Type: String (4000:0:0)], @p15 = NULL [Type: Decimal (0:5:28)], @p16 = NULL [Type: String (4000:0:0)], @p17 = 0 [Type: Decimal (0:5:28)], @p18 = 'kl' [Type: String (4000:0:0)], @p19 = NULL [Type: Decimal (0:5:28)], @p20 = NULL [Type: String (4000:0:0)], @p21 = NULL [Type: Decimal (0:5:28)], @p22 = NULL [Type: String (4000:0:0)], @p23 = NULL [Type: Decimal (0:5:28)], @p24 = NULL [Type: String (4000:0:0)], @p25 = 0 [Type: Decimal (0:5:28)], @p26 = 'kl' [Type: String (4000:0:0)], @p27 = 0 [Type: Decimal (0:5:28)], @p28 = 'kl' [Type: String (4000:0:0)], @p29 = NULL [Type: Decimal (0:5:28)], @p30 = NULL [Type: String (4000:0:0)], @p31 = 0 [Type: Decimal (0:5:28)], @p32 = 'kl' [Type: String (4000:0:0)], @p33 = 0 [Type: Decimal (0:5:28)], @p34 = 'kl' [Type: String (4000:0:0)], @p35 = 0 [Type: Decimal (0:5:28)], @p36 = 'kl' [Type: String (4000:0:0)], @p37 = 0 [Type: Decimal (0:5:28)], @p38 = 'kl' [Type: String (4000:0:0)], @p39 = NULL [Type: Decimal (0:5:28)], @p40 = NULL [Type: String (4000:0:0)], @p41 = 0 [Type: Decimal (0:5:28)], @p42 = 'kl' [Type: String (4000:0:0)], @p43 = 61c58cad-6fc7-45a0-9851-a72900bededc [Type: Guid (0:0:0)]

NHibernate: 
    select
        product0_.ProductId as Produ1_11_,
        product0_.Name as Name2_11_,
        product0_.Description as Descr3_11_,
        product0_.Image as Image4_11_,
        product0_.Discontinued as Disco5_11_,
        product0_.CategoryId as Categ6_11_,
        product0_.SupplierId as Suppl7_11_ 
    from
        dbo.Products product0_ 
    where
        product0_.ProductId=@p0 
    ORDER BY
        CURRENT_TIMESTAMP OFFSET 0 ROWS FETCH FIRST 1 ROWS ONLY;
    @p0 = 00000000-0000-0000-0000-000000000000 [Type: Guid (0:0:0)]
NHibernate: Batch commands:
command 0:
    INSERT 
    INTO
        dbo.Products
        (Name, Description, Image, Discontinued, CategoryId, SupplierId, ProductId) 
    VALUES
        (@p0, @p1, @p2, @p3, @p4, @p5, @p6);
    @p0 = 'Name_UdxeNNPTdt' [Type: String (4000:0:0)], @p1 = 'Description_nTDNF83Q9iPb0jLSiO7PyA8s9' [Type: String (4000:0:0)], @p2 = '' [Type: String (4000:0:0)], @p3 = False [Type: Boolean (0:0:0)], @p4 = 'F' [Type: String (4000:0:0)], @p5 = c955b115-ff72-421d-9a24-a72900bede7e [Type: Guid (0:0:0)], @p6 = 2b3e8df7-c4e9-4a4c-96b7-a72900bededf [Type: Guid (0:0:0)]

NHibernate: Batch commands:
command 0:
    INSERT 
    INTO
        dbo.Inventories
        (ConversionFactor, UnitOfMeasureId, UnitOfMeasureBaseId, BasePrice_Amount, BasePrice_CurrencyId, RetailPrice_Amount, RetailPrice_CurrencyId, WholeSalePrice_Amount, WholeSalePrice_CurrencyId, BadStockPrice_Amount, BadStockPrice_CurrencyId, BadStock_Value, BadStock_UnitId, Received_Value, Received_UnitId, OnOrder_Value, OnOrder_UnitId, OnHand_Value, OnHand_UnitId, Allocated_Value, Allocated_UnitId, Shipped_Value, Shipped_UnitId, BackOrdered_Value, BackOrdered_UnitId, Available_Value, Available_UnitId, InitialLevel_Value, InitialLevel_UnitId, Shrinkage_Value, Shrinkage_UnitId, CurrentLevel_Value, CurrentLevel_UnitId, TargetLevel_Value, TargetLevel_UnitId, BelowTargetLevel_Value, BelowTargetLevel_UnitId, ReorderLevel_Value, ReorderLevel_UnitId, ReorderQuantity_Value, ReorderQuantity_UnitId, MinimumReorderQuantity_Value, MinimumReorderQuantity_UnitId, InventoryId) 
    VALUES
        (@p0, @p1, @p2, @p3, @p4, @p5, @p6, @p7, @p8, @p9, @p10, @p11, @p12, @p13, @p14, @p15, @p16, @p17, @p18, @p19, @p20, @p21, @p22, @p23, @p24, @p25, @p26, @p27, @p28, @p29, @p30, @p31, @p32, @p33, @p34, @p35, @p36, @p37, @p38, @p39, @p40, @p41, @p42, @p43);
    @p0 = 0.30 [Type: Decimal (0:5:28)], @p1 = 'cm' [Type: String (4000:0:0)], @p2 = 'mg' [Type: String (4000:0:0)], @p3 = 0.87 [Type: Decimal (0:5:28)], @p4 = 'PHP' [Type: String (4000:0:0)], @p5 = 2.87 [Type: Decimal (0:5:28)], @p6 = 'PHP' [Type: String (4000:0:0)], @p7 = 1.87 [Type: Decimal (0:5:28)], @p8 = 'PHP' [Type: String (4000:0:0)], @p9 = 0 [Type: Decimal (0:5:28)], @p10 = 'PHP' [Type: String (4000:0:0)], @p11 = NULL [Type: Decimal (0:5:28)], @p12 = NULL [Type: String (4000:0:0)], @p13 = NULL [Type: Decimal (0:5:28)], @p14 = NULL [Type: String (4000:0:0)], @p15 = NULL [Type: Decimal (0:5:28)], @p16 = NULL [Type: String (4000:0:0)], @p17 = 0 [Type: Decimal (0:5:28)], @p18 = 'cm' [Type: String (4000:0:0)], @p19 = NULL [Type: Decimal (0:5:28)], @p20 = NULL [Type: String (4000:0:0)], @p21 = NULL [Type: Decimal (0:5:28)], @p22 = NULL [Type: String (4000:0:0)], @p23 = NULL [Type: Decimal (0:5:28)], @p24 = NULL [Type: String (4000:0:0)], @p25 = 0 [Type: Decimal (0:5:28)], @p26 = 'cm' [Type: String (4000:0:0)], @p27 = 0 [Type: Decimal (0:5:28)], @p28 = 'cm' [Type: String (4000:0:0)], @p29 = NULL [Type: Decimal (0:5:28)], @p30 = NULL [Type: String (4000:0:0)], @p31 = 0 [Type: Decimal (0:5:28)], @p32 = 'cm' [Type: String (4000:0:0)], @p33 = 0 [Type: Decimal (0:5:28)], @p34 = 'cm' [Type: String (4000:0:0)], @p35 = 0 [Type: Decimal (0:5:28)], @p36 = 'cm' [Type: String (4000:0:0)], @p37 = 0 [Type: Decimal (0:5:28)], @p38 = 'cm' [Type: String (4000:0:0)], @p39 = NULL [Type: Decimal (0:5:28)], @p40 = NULL [Type: String (4000:0:0)], @p41 = 0 [Type: Decimal (0:5:28)], @p42 = 'cm' [Type: String (4000:0:0)], @p43 = 2b3e8df7-c4e9-4a4c-96b7-a72900bededf [Type: Guid (0:0:0)]

NHibernate: 
    select
        product0_.ProductId as Produ1_11_,
        product0_.Name as Name2_11_,
        product0_.Description as Descr3_11_,
        product0_.Image as Image4_11_,
        product0_.Discontinued as Disco5_11_,
        product0_.CategoryId as Categ6_11_,
        product0_.SupplierId as Suppl7_11_ 
    from
        dbo.Products product0_ 
    where
        product0_.ProductId=@p0 
    ORDER BY
        CURRENT_TIMESTAMP OFFSET 0 ROWS FETCH FIRST 1 ROWS ONLY;
    @p0 = 00000000-0000-0000-0000-000000000000 [Type: Guid (0:0:0)]
NHibernate: Batch commands:
command 0:
    INSERT 
    INTO
        dbo.Products
        (Name, Description, Image, Discontinued, CategoryId, SupplierId, ProductId) 
    VALUES
        (@p0, @p1, @p2, @p3, @p4, @p5, @p6);
    @p0 = 'Name_GvxVAJW1Te' [Type: String (4000:0:0)], @p1 = 'Description_xn0dJ2hAchP2L81eXcDmUVOwf' [Type: String (4000:0:0)], @p2 = '' [Type: String (4000:0:0)], @p3 = False [Type: Boolean (0:0:0)], @p4 = 'F' [Type: String (4000:0:0)], @p5 = d085f686-18d9-4586-95ca-a72900bede79 [Type: Guid (0:0:0)], @p6 = 151b4e6d-6b2c-4929-8ec7-a72900bedee2 [Type: Guid (0:0:0)]

NHibernate: Batch commands:
command 0:
    INSERT 
    INTO
        dbo.Inventories
        (ConversionFactor, UnitOfMeasureId, UnitOfMeasureBaseId, BasePrice_Amount, BasePrice_CurrencyId, RetailPrice_Amount, RetailPrice_CurrencyId, WholeSalePrice_Amount, WholeSalePrice_CurrencyId, BadStockPrice_Amount, BadStockPrice_CurrencyId, BadStock_Value, BadStock_UnitId, Received_Value, Received_UnitId, OnOrder_Value, OnOrder_UnitId, OnHand_Value, OnHand_UnitId, Allocated_Value, Allocated_UnitId, Shipped_Value, Shipped_UnitId, BackOrdered_Value, BackOrdered_UnitId, Available_Value, Available_UnitId, InitialLevel_Value, InitialLevel_UnitId, Shrinkage_Value, Shrinkage_UnitId, CurrentLevel_Value, CurrentLevel_UnitId, TargetLevel_Value, TargetLevel_UnitId, BelowTargetLevel_Value, BelowTargetLevel_UnitId, ReorderLevel_Value, ReorderLevel_UnitId, ReorderQuantity_Value, ReorderQuantity_UnitId, MinimumReorderQuantity_Value, MinimumReorderQuantity_UnitId, InventoryId) 
    VALUES
        (@p0, @p1, @p2, @p3, @p4, @p5, @p6, @p7, @p8, @p9, @p10, @p11, @p12, @p13, @p14, @p15, @p16, @p17, @p18, @p19, @p20, @p21, @p22, @p23, @p24, @p25, @p26, @p27, @p28, @p29, @p30, @p31, @p32, @p33, @p34, @p35, @p36, @p37, @p38, @p39, @p40, @p41, @p42, @p43);
    @p0 = 0.30 [Type: Decimal (0:5:28)], @p1 = 'cl' [Type: String (4000:0:0)], @p2 = 'dl' [Type: String (4000:0:0)], @p3 = 0.88 [Type: Decimal (0:5:28)], @p4 = 'PHP' [Type: String (4000:0:0)], @p5 = 2.88 [Type: Decimal (0:5:28)], @p6 = 'PHP' [Type: String (4000:0:0)], @p7 = 1.88 [Type: Decimal (0:5:28)], @p8 = 'PHP' [Type: String (4000:0:0)], @p9 = 0 [Type: Decimal (0:5:28)], @p10 = 'PHP' [Type: String (4000:0:0)], @p11 = NULL [Type: Decimal (0:5:28)], @p12 = NULL [Type: String (4000:0:0)], @p13 = NULL [Type: Decimal (0:5:28)], @p14 = NULL [Type: String (4000:0:0)], @p15 = NULL [Type: Decimal (0:5:28)], @p16 = NULL [Type: String (4000:0:0)], @p17 = 0 [Type: Decimal (0:5:28)], @p18 = 'cl' [Type: String (4000:0:0)], @p19 = NULL [Type: Decimal (0:5:28)], @p20 = NULL [Type: String (4000:0:0)], @p21 = NULL [Type: Decimal (0:5:28)], @p22 = NULL [Type: String (4000:0:0)], @p23 = NULL [Type: Decimal (0:5:28)], @p24 = NULL [Type: String (4000:0:0)], @p25 = 0 [Type: Decimal (0:5:28)], @p26 = 'cl' [Type: String (4000:0:0)], @p27 = 0 [Type: Decimal (0:5:28)], @p28 = 'cl' [Type: String (4000:0:0)], @p29 = NULL [Type: Decimal (0:5:28)], @p30 = NULL [Type: String (4000:0:0)], @p31 = 0 [Type: Decimal (0:5:28)], @p32 = 'cl' [Type: String (4000:0:0)], @p33 = 0 [Type: Decimal (0:5:28)], @p34 = 'cl' [Type: String (4000:0:0)], @p35 = 0 [Type: Decimal (0:5:28)], @p36 = 'cl' [Type: String (4000:0:0)], @p37 = 0 [Type: Decimal (0:5:28)], @p38 = 'cl' [Type: String (4000:0:0)], @p39 = NULL [Type: Decimal (0:5:28)], @p40 = NULL [Type: String (4000:0:0)], @p41 = 0 [Type: Decimal (0:5:28)], @p42 = 'cl' [Type: String (4000:0:0)], @p43 = 151b4e6d-6b2c-4929-8ec7-a72900bedee2 [Type: Guid (0:0:0)]

NHibernate: 
    select
        product0_.ProductId as Produ1_11_,
        product0_.Name as Name2_11_,
        product0_.Description as Descr3_11_,
        product0_.Image as Image4_11_,
        product0_.Discontinued as Disco5_11_,
        product0_.CategoryId as Categ6_11_,
        product0_.SupplierId as Suppl7_11_ 
    from
        dbo.Products product0_ 
    where
        product0_.ProductId=@p0 
    ORDER BY
        CURRENT_TIMESTAMP OFFSET 0 ROWS FETCH FIRST 1 ROWS ONLY;
    @p0 = 00000000-0000-0000-0000-000000000000 [Type: Guid (0:0:0)]
NHibernate: Batch commands:
command 0:
    INSERT 
    INTO
        dbo.Products
        (Name, Description, Image, Discontinued, CategoryId, SupplierId, ProductId) 
    VALUES
        (@p0, @p1, @p2, @p3, @p4, @p5, @p6);
    @p0 = 'Name_vpcZ2A1e5G' [Type: String (4000:0:0)], @p1 = 'Description_XeF6c7QcFmnfWs20aGhbZE8CG' [Type: String (4000:0:0)], @p2 = '' [Type: String (4000:0:0)], @p3 = False [Type: Boolean (0:0:0)], @p4 = 'D' [Type: String (4000:0:0)], @p5 = dd81a385-a3db-4b35-9865-a72900bede75 [Type: Guid (0:0:0)], @p6 = 4f9e0585-068f-4517-ba26-a72900bedee6 [Type: Guid (0:0:0)]

NHibernate: Batch commands:
command 0:
    INSERT 
    INTO
        dbo.Inventories
        (ConversionFactor, UnitOfMeasureId, UnitOfMeasureBaseId, BasePrice_Amount, BasePrice_CurrencyId, RetailPrice_Amount, RetailPrice_CurrencyId, WholeSalePrice_Amount, WholeSalePrice_CurrencyId, BadStockPrice_Amount, BadStockPrice_CurrencyId, BadStock_Value, BadStock_UnitId, Received_Value, Received_UnitId, OnOrder_Value, OnOrder_UnitId, OnHand_Value, OnHand_UnitId, Allocated_Value, Allocated_UnitId, Shipped_Value, Shipped_UnitId, BackOrdered_Value, BackOrdered_UnitId, Available_Value, Available_UnitId, InitialLevel_Value, InitialLevel_UnitId, Shrinkage_Value, Shrinkage_UnitId, CurrentLevel_Value, CurrentLevel_UnitId, TargetLevel_Value, TargetLevel_UnitId, BelowTargetLevel_Value, BelowTargetLevel_UnitId, ReorderLevel_Value, ReorderLevel_UnitId, ReorderQuantity_Value, ReorderQuantity_UnitId, MinimumReorderQuantity_Value, MinimumReorderQuantity_UnitId, InventoryId) 
    VALUES
        (@p0, @p1, @p2, @p3, @p4, @p5, @p6, @p7, @p8, @p9, @p10, @p11, @p12, @p13, @p14, @p15, @p16, @p17, @p18, @p19, @p20, @p21, @p22, @p23, @p24, @p25, @p26, @p27, @p28, @p29, @p30, @p31, @p32, @p33, @p34, @p35, @p36, @p37, @p38, @p39, @p40, @p41, @p42, @p43);
    @p0 = 0.30 [Type: Decimal (0:5:28)], @p1 = 'cl' [Type: String (4000:0:0)], @p2 = 'dm' [Type: String (4000:0:0)], @p3 = 0.94 [Type: Decimal (0:5:28)], @p4 = 'PHP' [Type: String (4000:0:0)], @p5 = 2.94 [Type: Decimal (0:5:28)], @p6 = 'PHP' [Type: String (4000:0:0)], @p7 = 1.94 [Type: Decimal (0:5:28)], @p8 = 'PHP' [Type: String (4000:0:0)], @p9 = 0 [Type: Decimal (0:5:28)], @p10 = 'PHP' [Type: String (4000:0:0)], @p11 = NULL [Type: Decimal (0:5:28)], @p12 = NULL [Type: String (4000:0:0)], @p13 = NULL [Type: Decimal (0:5:28)], @p14 = NULL [Type: String (4000:0:0)], @p15 = NULL [Type: Decimal (0:5:28)], @p16 = NULL [Type: String (4000:0:0)], @p17 = 0 [Type: Decimal (0:5:28)], @p18 = 'cl' [Type: String (4000:0:0)], @p19 = NULL [Type: Decimal (0:5:28)], @p20 = NULL [Type: String (4000:0:0)], @p21 = NULL [Type: Decimal (0:5:28)], @p22 = NULL [Type: String (4000:0:0)], @p23 = NULL [Type: Decimal (0:5:28)], @p24 = NULL [Type: String (4000:0:0)], @p25 = 0 [Type: Decimal (0:5:28)], @p26 = 'cl' [Type: String (4000:0:0)], @p27 = 0 [Type: Decimal (0:5:28)], @p28 = 'cl' [Type: String (4000:0:0)], @p29 = NULL [Type: Decimal (0:5:28)], @p30 = NULL [Type: String (4000:0:0)], @p31 = 0 [Type: Decimal (0:5:28)], @p32 = 'cl' [Type: String (4000:0:0)], @p33 = 0 [Type: Decimal (0:5:28)], @p34 = 'cl' [Type: String (4000:0:0)], @p35 = 0 [Type: Decimal (0:5:28)], @p36 = 'cl' [Type: String (4000:0:0)], @p37 = 0 [Type: Decimal (0:5:28)], @p38 = 'cl' [Type: String (4000:0:0)], @p39 = NULL [Type: Decimal (0:5:28)], @p40 = NULL [Type: String (4000:0:0)], @p41 = 0 [Type: Decimal (0:5:28)], @p42 = 'cl' [Type: String (4000:0:0)], @p43 = 4f9e0585-068f-4517-ba26-a72900bedee6 [Type: Guid (0:0:0)]

NHibernate: 
    select
        product0_.ProductId as Produ1_11_,
        product0_.Name as Name2_11_,
        product0_.Description as Descr3_11_,
        product0_.Image as Image4_11_,
        product0_.Discontinued as Disco5_11_,
        product0_.CategoryId as Categ6_11_,
        product0_.SupplierId as Suppl7_11_ 
    from
        dbo.Products product0_ 
    where
        product0_.ProductId=@p0 
    ORDER BY
        CURRENT_TIMESTAMP OFFSET 0 ROWS FETCH FIRST 1 ROWS ONLY;
    @p0 = 00000000-0000-0000-0000-000000000000 [Type: Guid (0:0:0)]
NHibernate: Batch commands:
command 0:
    INSERT 
    INTO
        dbo.Products
        (Name, Description, Image, Discontinued, CategoryId, SupplierId, ProductId) 
    VALUES
        (@p0, @p1, @p2, @p3, @p4, @p5, @p6);
    @p0 = 'Name_xDNkvBam9d' [Type: String (4000:0:0)], @p1 = 'Description_XGJXFvr3eQbnHS5uwChTgDzsS' [Type: String (4000:0:0)], @p2 = '' [Type: String (4000:0:0)], @p3 = False [Type: Boolean (0:0:0)], @p4 = 'D' [Type: String (4000:0:0)], @p5 = aa94c6ef-c890-4e4c-a462-a72900bede73 [Type: Guid (0:0:0)], @p6 = c9e99269-49ee-41d2-a8aa-a72900bedee9 [Type: Guid (0:0:0)]

NHibernate: Batch commands:
command 0:
    INSERT 
    INTO
        dbo.Inventories
        (ConversionFactor, UnitOfMeasureId, UnitOfMeasureBaseId, BasePrice_Amount, BasePrice_CurrencyId, RetailPrice_Amount, RetailPrice_CurrencyId, WholeSalePrice_Amount, WholeSalePrice_CurrencyId, BadStockPrice_Amount, BadStockPrice_CurrencyId, BadStock_Value, BadStock_UnitId, Received_Value, Received_UnitId, OnOrder_Value, OnOrder_UnitId, OnHand_Value, OnHand_UnitId, Allocated_Value, Allocated_UnitId, Shipped_Value, Shipped_UnitId, BackOrdered_Value, BackOrdered_UnitId, Available_Value, Available_UnitId, InitialLevel_Value, InitialLevel_UnitId, Shrinkage_Value, Shrinkage_UnitId, CurrentLevel_Value, CurrentLevel_UnitId, TargetLevel_Value, TargetLevel_UnitId, BelowTargetLevel_Value, BelowTargetLevel_UnitId, ReorderLevel_Value, ReorderLevel_UnitId, ReorderQuantity_Value, ReorderQuantity_UnitId, MinimumReorderQuantity_Value, MinimumReorderQuantity_UnitId, InventoryId) 
    VALUES
        (@p0, @p1, @p2, @p3, @p4, @p5, @p6, @p7, @p8, @p9, @p10, @p11, @p12, @p13, @p14, @p15, @p16, @p17, @p18, @p19, @p20, @p21, @p22, @p23, @p24, @p25, @p26, @p27, @p28, @p29, @p30, @p31, @p32, @p33, @p34, @p35, @p36, @p37, @p38, @p39, @p40, @p41, @p42, @p43);
    @p0 = 0.30 [Type: Decimal (0:5:28)], @p1 = 'g' [Type: String (4000:0:0)], @p2 = 'm' [Type: String (4000:0:0)], @p3 = 0.89 [Type: Decimal (0:5:28)], @p4 = 'PHP' [Type: String (4000:0:0)], @p5 = 2.89 [Type: Decimal (0:5:28)], @p6 = 'PHP' [Type: String (4000:0:0)], @p7 = 1.89 [Type: Decimal (0:5:28)], @p8 = 'PHP' [Type: String (4000:0:0)], @p9 = 0 [Type: Decimal (0:5:28)], @p10 = 'PHP' [Type: String (4000:0:0)], @p11 = NULL [Type: Decimal (0:5:28)], @p12 = NULL [Type: String (4000:0:0)], @p13 = NULL [Type: Decimal (0:5:28)], @p14 = NULL [Type: String (4000:0:0)], @p15 = NULL [Type: Decimal (0:5:28)], @p16 = NULL [Type: String (4000:0:0)], @p17 = 0 [Type: Decimal (0:5:28)], @p18 = 'g' [Type: String (4000:0:0)], @p19 = NULL [Type: Decimal (0:5:28)], @p20 = NULL [Type: String (4000:0:0)], @p21 = NULL [Type: Decimal (0:5:28)], @p22 = NULL [Type: String (4000:0:0)], @p23 = NULL [Type: Decimal (0:5:28)], @p24 = NULL [Type: String (4000:0:0)], @p25 = 0 [Type: Decimal (0:5:28)], @p26 = 'g' [Type: String (4000:0:0)], @p27 = 0 [Type: Decimal (0:5:28)], @p28 = 'g' [Type: String (4000:0:0)], @p29 = NULL [Type: Decimal (0:5:28)], @p30 = NULL [Type: String (4000:0:0)], @p31 = 0 [Type: Decimal (0:5:28)], @p32 = 'g' [Type: String (4000:0:0)], @p33 = 0 [Type: Decimal (0:5:28)], @p34 = 'g' [Type: String (4000:0:0)], @p35 = 0 [Type: Decimal (0:5:28)], @p36 = 'g' [Type: String (4000:0:0)], @p37 = 0 [Type: Decimal (0:5:28)], @p38 = 'g' [Type: String (4000:0:0)], @p39 = NULL [Type: Decimal (0:5:28)], @p40 = NULL [Type: String (4000:0:0)], @p41 = 0 [Type: Decimal (0:5:28)], @p42 = 'g' [Type: String (4000:0:0)], @p43 = c9e99269-49ee-41d2-a8aa-a72900bedee9 [Type: Guid (0:0:0)]

NHibernate: 
    select
        product0_.ProductId as Produ1_11_,
        product0_.Name as Name2_11_,
        product0_.Description as Descr3_11_,
        product0_.Image as Image4_11_,
        product0_.Discontinued as Disco5_11_,
        product0_.CategoryId as Categ6_11_,
        product0_.SupplierId as Suppl7_11_ 
    from
        dbo.Products product0_ 
    where
        product0_.ProductId=@p0 
    ORDER BY
        CURRENT_TIMESTAMP OFFSET 0 ROWS FETCH FIRST 1 ROWS ONLY;
    @p0 = 00000000-0000-0000-0000-000000000000 [Type: Guid (0:0:0)]
NHibernate: Batch commands:
command 0:
    INSERT 
    INTO
        dbo.Products
        (Name, Description, Image, Discontinued, CategoryId, SupplierId, ProductId) 
    VALUES
        (@p0, @p1, @p2, @p3, @p4, @p5, @p6);
    @p0 = 'Name_dTtOABJzmx' [Type: String (4000:0:0)], @p1 = 'Description_7LWoXEi1UCUG6RFbYyWTRbESs' [Type: String (4000:0:0)], @p2 = '' [Type: String (4000:0:0)], @p3 = False [Type: Boolean (0:0:0)], @p4 = 'F' [Type: String (4000:0:0)], @p5 = c955b115-ff72-421d-9a24-a72900bede7e [Type: Guid (0:0:0)], @p6 = 0fe0a0dd-21e5-446d-9eed-a72900bedeec [Type: Guid (0:0:0)]

NHibernate: Batch commands:
command 0:
    INSERT 
    INTO
        dbo.Inventories
        (ConversionFactor, UnitOfMeasureId, UnitOfMeasureBaseId, BasePrice_Amount, BasePrice_CurrencyId, RetailPrice_Amount, RetailPrice_CurrencyId, WholeSalePrice_Amount, WholeSalePrice_CurrencyId, BadStockPrice_Amount, BadStockPrice_CurrencyId, BadStock_Value, BadStock_UnitId, Received_Value, Received_UnitId, OnOrder_Value, OnOrder_UnitId, OnHand_Value, OnHand_UnitId, Allocated_Value, Allocated_UnitId, Shipped_Value, Shipped_UnitId, BackOrdered_Value, BackOrdered_UnitId, Available_Value, Available_UnitId, InitialLevel_Value, InitialLevel_UnitId, Shrinkage_Value, Shrinkage_UnitId, CurrentLevel_Value, CurrentLevel_UnitId, TargetLevel_Value, TargetLevel_UnitId, BelowTargetLevel_Value, BelowTargetLevel_UnitId, ReorderLevel_Value, ReorderLevel_UnitId, ReorderQuantity_Value, ReorderQuantity_UnitId, MinimumReorderQuantity_Value, MinimumReorderQuantity_UnitId, InventoryId) 
    VALUES
        (@p0, @p1, @p2, @p3, @p4, @p5, @p6, @p7, @p8, @p9, @p10, @p11, @p12, @p13, @p14, @p15, @p16, @p17, @p18, @p19, @p20, @p21, @p22, @p23, @p24, @p25, @p26, @p27, @p28, @p29, @p30, @p31, @p32, @p33, @p34, @p35, @p36, @p37, @p38, @p39, @p40, @p41, @p42, @p43);
    @p0 = 0.30 [Type: Decimal (0:5:28)], @p1 = 'l' [Type: String (4000:0:0)], @p2 = 'dz' [Type: String (4000:0:0)], @p3 = 0.38 [Type: Decimal (0:5:28)], @p4 = 'PHP' [Type: String (4000:0:0)], @p5 = 2.38 [Type: Decimal (0:5:28)], @p6 = 'PHP' [Type: String (4000:0:0)], @p7 = 1.38 [Type: Decimal (0:5:28)], @p8 = 'PHP' [Type: String (4000:0:0)], @p9 = 0 [Type: Decimal (0:5:28)], @p10 = 'PHP' [Type: String (4000:0:0)], @p11 = NULL [Type: Decimal (0:5:28)], @p12 = NULL [Type: String (4000:0:0)], @p13 = NULL [Type: Decimal (0:5:28)], @p14 = NULL [Type: String (4000:0:0)], @p15 = NULL [Type: Decimal (0:5:28)], @p16 = NULL [Type: String (4000:0:0)], @p17 = 0 [Type: Decimal (0:5:28)], @p18 = 'l' [Type: String (4000:0:0)], @p19 = NULL [Type: Decimal (0:5:28)], @p20 = NULL [Type: String (4000:0:0)], @p21 = NULL [Type: Decimal (0:5:28)], @p22 = NULL [Type: String (4000:0:0)], @p23 = NULL [Type: Decimal (0:5:28)], @p24 = NULL [Type: String (4000:0:0)], @p25 = 0 [Type: Decimal (0:5:28)], @p26 = 'l' [Type: String (4000:0:0)], @p27 = 0 [Type: Decimal (0:5:28)], @p28 = 'l' [Type: String (4000:0:0)], @p29 = NULL [Type: Decimal (0:5:28)], @p30 = NULL [Type: String (4000:0:0)], @p31 = 0 [Type: Decimal (0:5:28)], @p32 = 'l' [Type: String (4000:0:0)], @p33 = 0 [Type: Decimal (0:5:28)], @p34 = 'l' [Type: String (4000:0:0)], @p35 = 0 [Type: Decimal (0:5:28)], @p36 = 'l' [Type: String (4000:0:0)], @p37 = 0 [Type: Decimal (0:5:28)], @p38 = 'l' [Type: String (4000:0:0)], @p39 = NULL [Type: Decimal (0:5:28)], @p40 = NULL [Type: String (4000:0:0)], @p41 = 0 [Type: Decimal (0:5:28)], @p42 = 'l' [Type: String (4000:0:0)], @p43 = 0fe0a0dd-21e5-446d-9eed-a72900bedeec [Type: Guid (0:0:0)]

NHibernate: 
    select
        product0_.ProductId as Produ1_11_,
        product0_.Name as Name2_11_,
        product0_.Description as Descr3_11_,
        product0_.Image as Image4_11_,
        product0_.Discontinued as Disco5_11_,
        product0_.CategoryId as Categ6_11_,
        product0_.SupplierId as Suppl7_11_ 
    from
        dbo.Products product0_ 
    where
        product0_.ProductId=@p0 
    ORDER BY
        CURRENT_TIMESTAMP OFFSET 0 ROWS FETCH FIRST 1 ROWS ONLY;
    @p0 = 00000000-0000-0000-0000-000000000000 [Type: Guid (0:0:0)]
NHibernate: Batch commands:
command 0:
    INSERT 
    INTO
        dbo.Products
        (Name, Description, Image, Discontinued, CategoryId, SupplierId, ProductId) 
    VALUES
        (@p0, @p1, @p2, @p3, @p4, @p5, @p6);
    @p0 = 'Name_znUAMRUdev' [Type: String (4000:0:0)], @p1 = 'Description_r35bf8YQc6RUqkCxnKBfFE54w' [Type: String (4000:0:0)], @p2 = '' [Type: String (4000:0:0)], @p3 = False [Type: Boolean (0:0:0)], @p4 = 'F' [Type: String (4000:0:0)], @p5 = dd81a385-a3db-4b35-9865-a72900bede75 [Type: Guid (0:0:0)], @p6 = 76b36e21-1ac7-4b0d-9a8a-a72900bedeef [Type: Guid (0:0:0)]

NHibernate: Batch commands:
command 0:
    INSERT 
    INTO
        dbo.Inventories
        (ConversionFactor, UnitOfMeasureId, UnitOfMeasureBaseId, BasePrice_Amount, BasePrice_CurrencyId, RetailPrice_Amount, RetailPrice_CurrencyId, WholeSalePrice_Amount, WholeSalePrice_CurrencyId, BadStockPrice_Amount, BadStockPrice_CurrencyId, BadStock_Value, BadStock_UnitId, Received_Value, Received_UnitId, OnOrder_Value, OnOrder_UnitId, OnHand_Value, OnHand_UnitId, Allocated_Value, Allocated_UnitId, Shipped_Value, Shipped_UnitId, BackOrdered_Value, BackOrdered_UnitId, Available_Value, Available_UnitId, InitialLevel_Value, InitialLevel_UnitId, Shrinkage_Value, Shrinkage_UnitId, CurrentLevel_Value, CurrentLevel_UnitId, TargetLevel_Value, TargetLevel_UnitId, BelowTargetLevel_Value, BelowTargetLevel_UnitId, ReorderLevel_Value, ReorderLevel_UnitId, ReorderQuantity_Value, ReorderQuantity_UnitId, MinimumReorderQuantity_Value, MinimumReorderQuantity_UnitId, InventoryId) 
    VALUES
        (@p0, @p1, @p2, @p3, @p4, @p5, @p6, @p7, @p8, @p9, @p10, @p11, @p12, @p13, @p14, @p15, @p16, @p17, @p18, @p19, @p20, @p21, @p22, @p23, @p24, @p25, @p26, @p27, @p28, @p29, @p30, @p31, @p32, @p33, @p34, @p35, @p36, @p37, @p38, @p39, @p40, @p41, @p42, @p43);
    @p0 = 0.30 [Type: Decimal (0:5:28)], @p1 = 'm' [Type: String (4000:0:0)], @p2 = 'dal' [Type: String (4000:0:0)], @p3 = 0.64 [Type: Decimal (0:5:28)], @p4 = 'PHP' [Type: String (4000:0:0)], @p5 = 2.64 [Type: Decimal (0:5:28)], @p6 = 'PHP' [Type: String (4000:0:0)], @p7 = 1.64 [Type: Decimal (0:5:28)], @p8 = 'PHP' [Type: String (4000:0:0)], @p9 = 0 [Type: Decimal (0:5:28)], @p10 = 'PHP' [Type: String (4000:0:0)], @p11 = NULL [Type: Decimal (0:5:28)], @p12 = NULL [Type: String (4000:0:0)], @p13 = NULL [Type: Decimal (0:5:28)], @p14 = NULL [Type: String (4000:0:0)], @p15 = NULL [Type: Decimal (0:5:28)], @p16 = NULL [Type: String (4000:0:0)], @p17 = 0 [Type: Decimal (0:5:28)], @p18 = 'm' [Type: String (4000:0:0)], @p19 = NULL [Type: Decimal (0:5:28)], @p20 = NULL [Type: String (4000:0:0)], @p21 = NULL [Type: Decimal (0:5:28)], @p22 = NULL [Type: String (4000:0:0)], @p23 = NULL [Type: Decimal (0:5:28)], @p24 = NULL [Type: String (4000:0:0)], @p25 = 0 [Type: Decimal (0:5:28)], @p26 = 'm' [Type: String (4000:0:0)], @p27 = 0 [Type: Decimal (0:5:28)], @p28 = 'm' [Type: String (4000:0:0)], @p29 = NULL [Type: Decimal (0:5:28)], @p30 = NULL [Type: String (4000:0:0)], @p31 = 0 [Type: Decimal (0:5:28)], @p32 = 'm' [Type: String (4000:0:0)], @p33 = 0 [Type: Decimal (0:5:28)], @p34 = 'm' [Type: String (4000:0:0)], @p35 = 0 [Type: Decimal (0:5:28)], @p36 = 'm' [Type: String (4000:0:0)], @p37 = 0 [Type: Decimal (0:5:28)], @p38 = 'm' [Type: String (4000:0:0)], @p39 = NULL [Type: Decimal (0:5:28)], @p40 = NULL [Type: String (4000:0:0)], @p41 = 0 [Type: Decimal (0:5:28)], @p42 = 'm' [Type: String (4000:0:0)], @p43 = 76b36e21-1ac7-4b0d-9a8a-a72900bedeef [Type: Guid (0:0:0)]

NHibernate: 
    select
        product0_.ProductId as Produ1_11_,
        product0_.Name as Name2_11_,
        product0_.Description as Descr3_11_,
        product0_.Image as Image4_11_,
        product0_.Discontinued as Disco5_11_,
        product0_.CategoryId as Categ6_11_,
        product0_.SupplierId as Suppl7_11_ 
    from
        dbo.Products product0_ 
    where
        product0_.SupplierId=@p0;
    @p0 = aa94c6ef-c890-4e4c-a462-a72900bede73 [Type: Guid (0:0:0)]
NHibernate: 
    SELECT
        inventory0_.InventoryId as Invent1_3_0_,
        inventory0_.ConversionFactor as Conver2_3_0_,
        inventory0_.UnitOfMeasureId as UnitOf3_3_0_,
        inventory0_.UnitOfMeasureBaseId as UnitOf4_3_0_,
        inventory0_.BasePrice_Amount as BasePr5_3_0_,
        inventory0_.BasePrice_CurrencyId as BasePr6_3_0_,
        inventory0_.RetailPrice_Amount as Retail7_3_0_,
        inventory0_.RetailPrice_CurrencyId as Retail8_3_0_,
        inventory0_.WholeSalePrice_Amount as WholeS9_3_0_,
        inventory0_.WholeSalePrice_CurrencyId as Whole10_3_0_,
        inventory0_.BadStockPrice_Amount as BadSt11_3_0_,
        inventory0_.BadStockPrice_CurrencyId as BadSt12_3_0_,
        inventory0_.BadStock_Value as BadSt13_3_0_,
        inventory0_.BadStock_UnitId as BadSt14_3_0_,
        inventory0_.Received_Value as Recei15_3_0_,
        inventory0_.Received_UnitId as Recei16_3_0_,
        inventory0_.OnOrder_Value as OnOrd17_3_0_,
        inventory0_.OnOrder_UnitId as OnOrd18_3_0_,
        inventory0_.OnHand_Value as OnHan19_3_0_,
        inventory0_.OnHand_UnitId as OnHan20_3_0_,
        inventory0_.Allocated_Value as Alloc21_3_0_,
        inventory0_.Allocated_UnitId as Alloc22_3_0_,
        inventory0_.Shipped_Value as Shipp23_3_0_,
        inventory0_.Shipped_UnitId as Shipp24_3_0_,
        inventory0_.BackOrdered_Value as BackO25_3_0_,
        inventory0_.BackOrdered_UnitId as BackO26_3_0_,
        inventory0_.Available_Value as Avail27_3_0_,
        inventory0_.Available_UnitId as Avail28_3_0_,
        inventory0_.InitialLevel_Value as Initi29_3_0_,
        inventory0_.InitialLevel_UnitId as Initi30_3_0_,
        inventory0_.Shrinkage_Value as Shrin31_3_0_,
        inventory0_.Shrinkage_UnitId as Shrin32_3_0_,
        inventory0_.CurrentLevel_Value as Curre33_3_0_,
        inventory0_.CurrentLevel_UnitId as Curre34_3_0_,
        inventory0_.TargetLevel_Value as Targe35_3_0_,
        inventory0_.TargetLevel_UnitId as Targe36_3_0_,
        inventory0_.BelowTargetLevel_Value as Below37_3_0_,
        inventory0_.BelowTargetLevel_UnitId as Below38_3_0_,
        inventory0_.ReorderLevel_Value as Reord39_3_0_,
        inventory0_.ReorderLevel_UnitId as Reord40_3_0_,
        inventory0_.ReorderQuantity_Value as Reord41_3_0_,
        inventory0_.ReorderQuantity_UnitId as Reord42_3_0_,
        inventory0_.MinimumReorderQuantity_Value as Minim43_3_0_,
        inventory0_.MinimumReorderQuantity_UnitId as Minim44_3_0_ 
    FROM
        dbo.Inventories inventory0_ 
    WHERE
        inventory0_.InventoryId=@p0;
    @p0 = c9e99269-49ee-41d2-a8aa-a72900bedee9 [Type: Guid (0:0:0)]
NHibernate: 
    select
        product0_.ProductId as Produ1_11_0_,
        inventory1_.InventoryId as Invent1_3_1_,
        product0_.Name as Name2_11_0_,
        product0_.Description as Descr3_11_0_,
        product0_.Image as Image4_11_0_,
        product0_.Discontinued as Disco5_11_0_,
        product0_.CategoryId as Categ6_11_0_,
        product0_.SupplierId as Suppl7_11_0_,
        inventory1_.ConversionFactor as Conver2_3_1_,
        inventory1_.UnitOfMeasureId as UnitOf3_3_1_,
        inventory1_.UnitOfMeasureBaseId as UnitOf4_3_1_,
        inventory1_.BasePrice_Amount as BasePr5_3_1_,
        inventory1_.BasePrice_CurrencyId as BasePr6_3_1_,
        inventory1_.RetailPrice_Amount as Retail7_3_1_,
        inventory1_.RetailPrice_CurrencyId as Retail8_3_1_,
        inventory1_.WholeSalePrice_Amount as WholeS9_3_1_,
        inventory1_.WholeSalePrice_CurrencyId as Whole10_3_1_,
        inventory1_.BadStockPrice_Amount as BadSt11_3_1_,
        inventory1_.BadStockPrice_CurrencyId as BadSt12_3_1_,
        inventory1_.BadStock_Value as BadSt13_3_1_,
        inventory1_.BadStock_UnitId as BadSt14_3_1_,
        inventory1_.Received_Value as Recei15_3_1_,
        inventory1_.Received_UnitId as Recei16_3_1_,
        inventory1_.OnOrder_Value as OnOrd17_3_1_,
        inventory1_.OnOrder_UnitId as OnOrd18_3_1_,
        inventory1_.OnHand_Value as OnHan19_3_1_,
        inventory1_.OnHand_UnitId as OnHan20_3_1_,
        inventory1_.Allocated_Value as Alloc21_3_1_,
        inventory1_.Allocated_UnitId as Alloc22_3_1_,
        inventory1_.Shipped_Value as Shipp23_3_1_,
        inventory1_.Shipped_UnitId as Shipp24_3_1_,
        inventory1_.BackOrdered_Value as BackO25_3_1_,
        inventory1_.BackOrdered_UnitId as BackO26_3_1_,
        inventory1_.Available_Value as Avail27_3_1_,
        inventory1_.Available_UnitId as Avail28_3_1_,
        inventory1_.InitialLevel_Value as Initi29_3_1_,
        inventory1_.InitialLevel_UnitId as Initi30_3_1_,
        inventory1_.Shrinkage_Value as Shrin31_3_1_,
        inventory1_.Shrinkage_UnitId as Shrin32_3_1_,
        inventory1_.CurrentLevel_Value as Curre33_3_1_,
        inventory1_.CurrentLevel_UnitId as Curre34_3_1_,
        inventory1_.TargetLevel_Value as Targe35_3_1_,
        inventory1_.TargetLevel_UnitId as Targe36_3_1_,
        inventory1_.BelowTargetLevel_Value as Below37_3_1_,
        inventory1_.BelowTargetLevel_UnitId as Below38_3_1_,
        inventory1_.ReorderLevel_Value as Reord39_3_1_,
        inventory1_.ReorderLevel_UnitId as Reord40_3_1_,
        inventory1_.ReorderQuantity_Value as Reord41_3_1_,
        inventory1_.ReorderQuantity_UnitId as Reord42_3_1_,
        inventory1_.MinimumReorderQuantity_Value as Minim43_3_1_,
        inventory1_.MinimumReorderQuantity_UnitId as Minim44_3_1_ 
    from
        dbo.Products product0_ 
    left outer join
        dbo.Inventories inventory1_ 
            on product0_.ProductId=inventory1_.InventoryId 
    where
        product0_.ProductId in (
            @p0
        );
    @p0 = c9e99269-49ee-41d2-a8aa-a72900bedee9 [Type: Guid (0:0:0)]
NHibernate: Batch commands:
command 0:
    INSERT 
    INTO
        dbo.PurchaseOrders
        (PurchaseOrderNumber, Status, ExpectedOn, CreatedOn, SubmittedOn, ApprovedOn, PaidOn, ReceivedOn, CompletedOn, CancelledOn, CancellationReason, PaymentTypeId, SupplierId, ShipperId, CreatedById, SubmittedById, ApprovedById, PaidById, ReceivedById, CompletedById, CancelledById, Tax_Amount, Tax_CurrencyId, ShippingFee_Amount, ShippingFee_CurrencyId, Discount_Amount, Discount_CurrencyId, SubTotal_Amount, SubTotal_CurrencyId, Total_Amount, Total_CurrencyId, Payment_Amount, Payment_CurrencyId, PurchaseOrderId) 
    VALUES
        (@p0, @p1, @p2, @p3, @p4, @p5, @p6, @p7, @p8, @p9, @p10, @p11, @p12, @p13, @p14, @p15, @p16, @p17, @p18, @p19, @p20, @p21, @p22, @p23, @p24, @p25, @p26, @p27, @p28, @p29, @p30, @p31, @p32, @p33);
    @p0 = NULL [Type: String (4000:0:0)], @p1 = 'New' [Type: String (4000:0:0)], @p2 = 2017-03-11T19:34:56.0000000 [Type: DateTime (0:0:0)], @p3 = 2017-03-01T19:34:56.0000000 [Type: DateTime (0:0:0)], @p4 = NULL [Type: DateTime (0:0:0)], @p5 = NULL [Type: DateTime (0:0:0)], @p6 = NULL [Type: DateTime (0:0:0)], @p7 = NULL [Type: DateTime (0:0:0)], @p8 = NULL [Type: DateTime (0:0:0)], @p9 = NULL [Type: DateTime (0:0:0)], @p10 = NULL [Type: String (4000:0:0)], @p11 = 'CK' [Type: String (4000:0:0)], @p12 = aa94c6ef-c890-4e4c-a462-a72900bede73 [Type: Guid (0:0:0)], @p13 = NULL [Type: String (4000:0:0)], @p14 = ca42947a-0ba3-4fc8-86e0-a635014b6b11 [Type: Guid (0:0:0)], @p15 = NULL [Type: Guid (0:0:0)], @p16 = NULL [Type: Guid (0:0:0)], @p17 = NULL [Type: Guid (0:0:0)], @p18 = NULL [Type: Guid (0:0:0)], @p19 = NULL [Type: Guid (0:0:0)], @p20 = NULL [Type: Guid (0:0:0)], @p21 = 0 [Type: Decimal (0:5:28)], @p22 = 'PHP' [Type: String (4000:0:0)], @p23 = 0 [Type: Decimal (0:5:28)], @p24 = 'PHP' [Type: String (4000:0:0)], @p25 = NULL [Type: Decimal (0:5:28)], @p26 = NULL [Type: String (4000:0:0)], @p27 = NULL [Type: Decimal (0:5:28)], @p28 = NULL [Type: String (4000:0:0)], @p29 = 0 [Type: Decimal (0:5:28)], @p30 = 'PHP' [Type: String (4000:0:0)], @p31 = NULL [Type: Decimal (0:5:28)], @p32 = NULL [Type: String (4000:0:0)], @p33 = 70b6554a-479a-4f8a-9911-a72900bedf45 [Type: Guid (0:0:0)]

NHibernate: Batch commands:
command 0:
    INSERT 
    INTO
        dbo.PurchaseOrderItems
        (PurchaseOrderId, ProductId, Quantity_Value, Quantity_UnitId, UnitCost_Amount, UnitCost_CurrencyId, ExtendedCost_Amount, ExtendedCost_CurrencyId, PurchaseOrderItemId) 
    VALUES
        (@p0, @p1, @p2, @p3, @p4, @p5, @p6, @p7, @p8);
    @p0 = 70b6554a-479a-4f8a-9911-a72900bedf45 [Type: Guid (0:0:0)], @p1 = c9e99269-49ee-41d2-a8aa-a72900bedee9 [Type: Guid (0:0:0)], @p2 = 63 [Type: Decimal (0:5:28)], @p3 = 'g' [Type: String (4000:0:0)], @p4 = 2.89000 [Type: Decimal (0:5:28)], @p5 = 'PHP' [Type: String (4000:0:0)], @p6 = 182.07000 [Type: Decimal (0:5:28)], @p7 = 'PHP' [Type: String (4000:0:0)], @p8 = 95ddb056-7ef1-4da0-898c-a72900bedf4a [Type: Guid (0:0:0)]

NHibernate: 
    select
        product0_.ProductId as Produ1_11_,
        product0_.Name as Name2_11_,
        product0_.Description as Descr3_11_,
        product0_.Image as Image4_11_,
        product0_.Discontinued as Disco5_11_,
        product0_.CategoryId as Categ6_11_,
        product0_.SupplierId as Suppl7_11_ 
    from
        dbo.Products product0_ 
    where
        product0_.SupplierId=@p0;
    @p0 = dd81a385-a3db-4b35-9865-a72900bede75 [Type: Guid (0:0:0)]
NHibernate: 
    SELECT
        inventory0_.InventoryId as Invent1_3_0_,
        inventory0_.ConversionFactor as Conver2_3_0_,
        inventory0_.UnitOfMeasureId as UnitOf3_3_0_,
        inventory0_.UnitOfMeasureBaseId as UnitOf4_3_0_,
        inventory0_.BasePrice_Amount as BasePr5_3_0_,
        inventory0_.BasePrice_CurrencyId as BasePr6_3_0_,
        inventory0_.RetailPrice_Amount as Retail7_3_0_,
        inventory0_.RetailPrice_CurrencyId as Retail8_3_0_,
        inventory0_.WholeSalePrice_Amount as WholeS9_3_0_,
        inventory0_.WholeSalePrice_CurrencyId as Whole10_3_0_,
        inventory0_.BadStockPrice_Amount as BadSt11_3_0_,
        inventory0_.BadStockPrice_CurrencyId as BadSt12_3_0_,
        inventory0_.BadStock_Value as BadSt13_3_0_,
        inventory0_.BadStock_UnitId as BadSt14_3_0_,
        inventory0_.Received_Value as Recei15_3_0_,
        inventory0_.Received_UnitId as Recei16_3_0_,
        inventory0_.OnOrder_Value as OnOrd17_3_0_,
        inventory0_.OnOrder_UnitId as OnOrd18_3_0_,
        inventory0_.OnHand_Value as OnHan19_3_0_,
        inventory0_.OnHand_UnitId as OnHan20_3_0_,
        inventory0_.Allocated_Value as Alloc21_3_0_,
        inventory0_.Allocated_UnitId as Alloc22_3_0_,
        inventory0_.Shipped_Value as Shipp23_3_0_,
        inventory0_.Shipped_UnitId as Shipp24_3_0_,
        inventory0_.BackOrdered_Value as BackO25_3_0_,
        inventory0_.BackOrdered_UnitId as BackO26_3_0_,
        inventory0_.Available_Value as Avail27_3_0_,
        inventory0_.Available_UnitId as Avail28_3_0_,
        inventory0_.InitialLevel_Value as Initi29_3_0_,
        inventory0_.InitialLevel_UnitId as Initi30_3_0_,
        inventory0_.Shrinkage_Value as Shrin31_3_0_,
        inventory0_.Shrinkage_UnitId as Shrin32_3_0_,
        inventory0_.CurrentLevel_Value as Curre33_3_0_,
        inventory0_.CurrentLevel_UnitId as Curre34_3_0_,
        inventory0_.TargetLevel_Value as Targe35_3_0_,
        inventory0_.TargetLevel_UnitId as Targe36_3_0_,
        inventory0_.BelowTargetLevel_Value as Below37_3_0_,
        inventory0_.BelowTargetLevel_UnitId as Below38_3_0_,
        inventory0_.ReorderLevel_Value as Reord39_3_0_,
        inventory0_.ReorderLevel_UnitId as Reord40_3_0_,
        inventory0_.ReorderQuantity_Value as Reord41_3_0_,
        inventory0_.ReorderQuantity_UnitId as Reord42_3_0_,
        inventory0_.MinimumReorderQuantity_Value as Minim43_3_0_,
        inventory0_.MinimumReorderQuantity_UnitId as Minim44_3_0_ 
    FROM
        dbo.Inventories inventory0_ 
    WHERE
        inventory0_.InventoryId=@p0;
    @p0 = 4f9e0585-068f-4517-ba26-a72900bedee6 [Type: Guid (0:0:0)]
NHibernate: 
    SELECT
        inventory0_.InventoryId as Invent1_3_0_,
        inventory0_.ConversionFactor as Conver2_3_0_,
        inventory0_.UnitOfMeasureId as UnitOf3_3_0_,
        inventory0_.UnitOfMeasureBaseId as UnitOf4_3_0_,
        inventory0_.BasePrice_Amount as BasePr5_3_0_,
        inventory0_.BasePrice_CurrencyId as BasePr6_3_0_,
        inventory0_.RetailPrice_Amount as Retail7_3_0_,
        inventory0_.RetailPrice_CurrencyId as Retail8_3_0_,
        inventory0_.WholeSalePrice_Amount as WholeS9_3_0_,
        inventory0_.WholeSalePrice_CurrencyId as Whole10_3_0_,
        inventory0_.BadStockPrice_Amount as BadSt11_3_0_,
        inventory0_.BadStockPrice_CurrencyId as BadSt12_3_0_,
        inventory0_.BadStock_Value as BadSt13_3_0_,
        inventory0_.BadStock_UnitId as BadSt14_3_0_,
        inventory0_.Received_Value as Recei15_3_0_,
        inventory0_.Received_UnitId as Recei16_3_0_,
        inventory0_.OnOrder_Value as OnOrd17_3_0_,
        inventory0_.OnOrder_UnitId as OnOrd18_3_0_,
        inventory0_.OnHand_Value as OnHan19_3_0_,
        inventory0_.OnHand_UnitId as OnHan20_3_0_,
        inventory0_.Allocated_Value as Alloc21_3_0_,
        inventory0_.Allocated_UnitId as Alloc22_3_0_,
        inventory0_.Shipped_Value as Shipp23_3_0_,
        inventory0_.Shipped_UnitId as Shipp24_3_0_,
        inventory0_.BackOrdered_Value as BackO25_3_0_,
        inventory0_.BackOrdered_UnitId as BackO26_3_0_,
        inventory0_.Available_Value as Avail27_3_0_,
        inventory0_.Available_UnitId as Avail28_3_0_,
        inventory0_.InitialLevel_Value as Initi29_3_0_,
        inventory0_.InitialLevel_UnitId as Initi30_3_0_,
        inventory0_.Shrinkage_Value as Shrin31_3_0_,
        inventory0_.Shrinkage_UnitId as Shrin32_3_0_,
        inventory0_.CurrentLevel_Value as Curre33_3_0_,
        inventory0_.CurrentLevel_UnitId as Curre34_3_0_,
        inventory0_.TargetLevel_Value as Targe35_3_0_,
        inventory0_.TargetLevel_UnitId as Targe36_3_0_,
        inventory0_.BelowTargetLevel_Value as Below37_3_0_,
        inventory0_.BelowTargetLevel_UnitId as Below38_3_0_,
        inventory0_.ReorderLevel_Value as Reord39_3_0_,
        inventory0_.ReorderLevel_UnitId as Reord40_3_0_,
        inventory0_.ReorderQuantity_Value as Reord41_3_0_,
        inventory0_.ReorderQuantity_UnitId as Reord42_3_0_,
        inventory0_.MinimumReorderQuantity_Value as Minim43_3_0_,
        inventory0_.MinimumReorderQuantity_UnitId as Minim44_3_0_ 
    FROM
        dbo.Inventories inventory0_ 
    WHERE
        inventory0_.InventoryId=@p0;
    @p0 = 76b36e21-1ac7-4b0d-9a8a-a72900bedeef [Type: Guid (0:0:0)]
NHibernate: 
    select
        product0_.ProductId as Produ1_11_0_,
        inventory1_.InventoryId as Invent1_3_1_,
        product0_.Name as Name2_11_0_,
        product0_.Description as Descr3_11_0_,
        product0_.Image as Image4_11_0_,
        product0_.Discontinued as Disco5_11_0_,
        product0_.CategoryId as Categ6_11_0_,
        product0_.SupplierId as Suppl7_11_0_,
        inventory1_.ConversionFactor as Conver2_3_1_,
        inventory1_.UnitOfMeasureId as UnitOf3_3_1_,
        inventory1_.UnitOfMeasureBaseId as UnitOf4_3_1_,
        inventory1_.BasePrice_Amount as BasePr5_3_1_,
        inventory1_.BasePrice_CurrencyId as BasePr6_3_1_,
        inventory1_.RetailPrice_Amount as Retail7_3_1_,
        inventory1_.RetailPrice_CurrencyId as Retail8_3_1_,
        inventory1_.WholeSalePrice_Amount as WholeS9_3_1_,
        inventory1_.WholeSalePrice_CurrencyId as Whole10_3_1_,
        inventory1_.BadStockPrice_Amount as BadSt11_3_1_,
        inventory1_.BadStockPrice_CurrencyId as BadSt12_3_1_,
        inventory1_.BadStock_Value as BadSt13_3_1_,
        inventory1_.BadStock_UnitId as BadSt14_3_1_,
        inventory1_.Received_Value as Recei15_3_1_,
        inventory1_.Received_UnitId as Recei16_3_1_,
        inventory1_.OnOrder_Value as OnOrd17_3_1_,
        inventory1_.OnOrder_UnitId as OnOrd18_3_1_,
        inventory1_.OnHand_Value as OnHan19_3_1_,
        inventory1_.OnHand_UnitId as OnHan20_3_1_,
        inventory1_.Allocated_Value as Alloc21_3_1_,
        inventory1_.Allocated_UnitId as Alloc22_3_1_,
        inventory1_.Shipped_Value as Shipp23_3_1_,
        inventory1_.Shipped_UnitId as Shipp24_3_1_,
        inventory1_.BackOrdered_Value as BackO25_3_1_,
        inventory1_.BackOrdered_UnitId as BackO26_3_1_,
        inventory1_.Available_Value as Avail27_3_1_,
        inventory1_.Available_UnitId as Avail28_3_1_,
        inventory1_.InitialLevel_Value as Initi29_3_1_,
        inventory1_.InitialLevel_UnitId as Initi30_3_1_,
        inventory1_.Shrinkage_Value as Shrin31_3_1_,
        inventory1_.Shrinkage_UnitId as Shrin32_3_1_,
        inventory1_.CurrentLevel_Value as Curre33_3_1_,
        inventory1_.CurrentLevel_UnitId as Curre34_3_1_,
        inventory1_.TargetLevel_Value as Targe35_3_1_,
        inventory1_.TargetLevel_UnitId as Targe36_3_1_,
        inventory1_.BelowTargetLevel_Value as Below37_3_1_,
        inventory1_.BelowTargetLevel_UnitId as Below38_3_1_,
        inventory1_.ReorderLevel_Value as Reord39_3_1_,
        inventory1_.ReorderLevel_UnitId as Reord40_3_1_,
        inventory1_.ReorderQuantity_Value as Reord41_3_1_,
        inventory1_.ReorderQuantity_UnitId as Reord42_3_1_,
        inventory1_.MinimumReorderQuantity_Value as Minim43_3_1_,
        inventory1_.MinimumReorderQuantity_UnitId as Minim44_3_1_ 
    from
        dbo.Products product0_ 
    left outer join
        dbo.Inventories inventory1_ 
            on product0_.ProductId=inventory1_.InventoryId 
    where
        product0_.ProductId in (
            @p0 , @p1
        );
    @p0 = 4f9e0585-068f-4517-ba26-a72900bedee6 [Type: Guid (0:0:0)], @p1 = 76b36e21-1ac7-4b0d-9a8a-a72900bedeef [Type: Guid (0:0:0)]
NHibernate: Batch commands:
command 0:
    INSERT 
    INTO
        dbo.PurchaseOrders
        (PurchaseOrderNumber, Status, ExpectedOn, CreatedOn, SubmittedOn, ApprovedOn, PaidOn, ReceivedOn, CompletedOn, CancelledOn, CancellationReason, PaymentTypeId, SupplierId, ShipperId, CreatedById, SubmittedById, ApprovedById, PaidById, ReceivedById, CompletedById, CancelledById, Tax_Amount, Tax_CurrencyId, ShippingFee_Amount, ShippingFee_CurrencyId, Discount_Amount, Discount_CurrencyId, SubTotal_Amount, SubTotal_CurrencyId, Total_Amount, Total_CurrencyId, Payment_Amount, Payment_CurrencyId, PurchaseOrderId) 
    VALUES
        (@p0, @p1, @p2, @p3, @p4, @p5, @p6, @p7, @p8, @p9, @p10, @p11, @p12, @p13, @p14, @p15, @p16, @p17, @p18, @p19, @p20, @p21, @p22, @p23, @p24, @p25, @p26, @p27, @p28, @p29, @p30, @p31, @p32, @p33);
    @p0 = NULL [Type: String (4000:0:0)], @p1 = 'New' [Type: String (4000:0:0)], @p2 = 2017-03-11T19:34:56.0000000 [Type: DateTime (0:0:0)], @p3 = 2017-03-01T19:34:56.0000000 [Type: DateTime (0:0:0)], @p4 = NULL [Type: DateTime (0:0:0)], @p5 = NULL [Type: DateTime (0:0:0)], @p6 = NULL [Type: DateTime (0:0:0)], @p7 = NULL [Type: DateTime (0:0:0)], @p8 = NULL [Type: DateTime (0:0:0)], @p9 = NULL [Type: DateTime (0:0:0)], @p10 = NULL [Type: String (4000:0:0)], @p11 = 'CC' [Type: String (4000:0:0)], @p12 = dd81a385-a3db-4b35-9865-a72900bede75 [Type: Guid (0:0:0)], @p13 = NULL [Type: String (4000:0:0)], @p14 = 5c2b8cdf-64e5-483b-9252-a72900bede26 [Type: Guid (0:0:0)], @p15 = NULL [Type: Guid (0:0:0)], @p16 = NULL [Type: Guid (0:0:0)], @p17 = NULL [Type: Guid (0:0:0)], @p18 = NULL [Type: Guid (0:0:0)], @p19 = NULL [Type: Guid (0:0:0)], @p20 = NULL [Type: Guid (0:0:0)], @p21 = 0 [Type: Decimal (0:5:28)], @p22 = 'PHP' [Type: String (4000:0:0)], @p23 = 0 [Type: Decimal (0:5:28)], @p24 = 'PHP' [Type: String (4000:0:0)], @p25 = NULL [Type: Decimal (0:5:28)], @p26 = NULL [Type: String (4000:0:0)], @p27 = NULL [Type: Decimal (0:5:28)], @p28 = NULL [Type: String (4000:0:0)], @p29 = 0 [Type: Decimal (0:5:28)], @p30 = 'PHP' [Type: String (4000:0:0)], @p31 = NULL [Type: Decimal (0:5:28)], @p32 = NULL [Type: String (4000:0:0)], @p33 = be765a64-f0a4-41e8-9f06-a72900bedf78 [Type: Guid (0:0:0)]

NHibernate: Batch commands:
command 0:
    INSERT 
    INTO
        dbo.PurchaseOrderItems
        (PurchaseOrderId, ProductId, Quantity_Value, Quantity_UnitId, UnitCost_Amount, UnitCost_CurrencyId, ExtendedCost_Amount, ExtendedCost_CurrencyId, PurchaseOrderItemId) 
    VALUES
        (@p0, @p1, @p2, @p3, @p4, @p5, @p6, @p7, @p8);
    @p0 = be765a64-f0a4-41e8-9f06-a72900bedf78 [Type: Guid (0:0:0)], @p1 = 4f9e0585-068f-4517-ba26-a72900bedee6 [Type: Guid (0:0:0)], @p2 = 87 [Type: Decimal (0:5:28)], @p3 = 'cl' [Type: String (4000:0:0)], @p4 = 2.94000 [Type: Decimal (0:5:28)], @p5 = 'PHP' [Type: String (4000:0:0)], @p6 = 255.78000 [Type: Decimal (0:5:28)], @p7 = 'PHP' [Type: String (4000:0:0)], @p8 = a479e3ae-906e-4f3a-babd-a72900bedf78 [Type: Guid (0:0:0)]
command 1:
    INSERT 
    INTO
        dbo.PurchaseOrderItems
        (PurchaseOrderId, ProductId, Quantity_Value, Quantity_UnitId, UnitCost_Amount, UnitCost_CurrencyId, ExtendedCost_Amount, ExtendedCost_CurrencyId, PurchaseOrderItemId) 
    VALUES
        (@p0, @p1, @p2, @p3, @p4, @p5, @p6, @p7, @p8);
    @p0 = be765a64-f0a4-41e8-9f06-a72900bedf78 [Type: Guid (0:0:0)], @p1 = 76b36e21-1ac7-4b0d-9a8a-a72900bedeef [Type: Guid (0:0:0)], @p2 = 44 [Type: Decimal (0:5:28)], @p3 = 'm' [Type: String (4000:0:0)], @p4 = 2.64000 [Type: Decimal (0:5:28)], @p5 = 'PHP' [Type: String (4000:0:0)], @p6 = 116.16000 [Type: Decimal (0:5:28)], @p7 = 'PHP' [Type: String (4000:0:0)], @p8 = 8a1759f6-2471-4e5b-842b-a72900bedf78 [Type: Guid (0:0:0)]

NHibernate: 
    select
        product0_.ProductId as Produ1_11_,
        product0_.Name as Name2_11_,
        product0_.Description as Descr3_11_,
        product0_.Image as Image4_11_,
        product0_.Discontinued as Disco5_11_,
        product0_.CategoryId as Categ6_11_,
        product0_.SupplierId as Suppl7_11_ 
    from
        dbo.Products product0_ 
    where
        product0_.SupplierId=@p0;
    @p0 = d085f686-18d9-4586-95ca-a72900bede79 [Type: Guid (0:0:0)]
NHibernate: 
    SELECT
        inventory0_.InventoryId as Invent1_3_0_,
        inventory0_.ConversionFactor as Conver2_3_0_,
        inventory0_.UnitOfMeasureId as UnitOf3_3_0_,
        inventory0_.UnitOfMeasureBaseId as UnitOf4_3_0_,
        inventory0_.BasePrice_Amount as BasePr5_3_0_,
        inventory0_.BasePrice_CurrencyId as BasePr6_3_0_,
        inventory0_.RetailPrice_Amount as Retail7_3_0_,
        inventory0_.RetailPrice_CurrencyId as Retail8_3_0_,
        inventory0_.WholeSalePrice_Amount as WholeS9_3_0_,
        inventory0_.WholeSalePrice_CurrencyId as Whole10_3_0_,
        inventory0_.BadStockPrice_Amount as BadSt11_3_0_,
        inventory0_.BadStockPrice_CurrencyId as BadSt12_3_0_,
        inventory0_.BadStock_Value as BadSt13_3_0_,
        inventory0_.BadStock_UnitId as BadSt14_3_0_,
        inventory0_.Received_Value as Recei15_3_0_,
        inventory0_.Received_UnitId as Recei16_3_0_,
        inventory0_.OnOrder_Value as OnOrd17_3_0_,
        inventory0_.OnOrder_UnitId as OnOrd18_3_0_,
        inventory0_.OnHand_Value as OnHan19_3_0_,
        inventory0_.OnHand_UnitId as OnHan20_3_0_,
        inventory0_.Allocated_Value as Alloc21_3_0_,
        inventory0_.Allocated_UnitId as Alloc22_3_0_,
        inventory0_.Shipped_Value as Shipp23_3_0_,
        inventory0_.Shipped_UnitId as Shipp24_3_0_,
        inventory0_.BackOrdered_Value as BackO25_3_0_,
        inventory0_.BackOrdered_UnitId as BackO26_3_0_,
        inventory0_.Available_Value as Avail27_3_0_,
        inventory0_.Available_UnitId as Avail28_3_0_,
        inventory0_.InitialLevel_Value as Initi29_3_0_,
        inventory0_.InitialLevel_UnitId as Initi30_3_0_,
        inventory0_.Shrinkage_Value as Shrin31_3_0_,
        inventory0_.Shrinkage_UnitId as Shrin32_3_0_,
        inventory0_.CurrentLevel_Value as Curre33_3_0_,
        inventory0_.CurrentLevel_UnitId as Curre34_3_0_,
        inventory0_.TargetLevel_Value as Targe35_3_0_,
        inventory0_.TargetLevel_UnitId as Targe36_3_0_,
        inventory0_.BelowTargetLevel_Value as Below37_3_0_,
        inventory0_.BelowTargetLevel_UnitId as Below38_3_0_,
        inventory0_.ReorderLevel_Value as Reord39_3_0_,
        inventory0_.ReorderLevel_UnitId as Reord40_3_0_,
        inventory0_.ReorderQuantity_Value as Reord41_3_0_,
        inventory0_.ReorderQuantity_UnitId as Reord42_3_0_,
        inventory0_.MinimumReorderQuantity_Value as Minim43_3_0_,
        inventory0_.MinimumReorderQuantity_UnitId as Minim44_3_0_ 
    FROM
        dbo.Inventories inventory0_ 
    WHERE
        inventory0_.InventoryId=@p0;
    @p0 = 64fb9daf-6cb9-4989-86c4-a72900bedeb8 [Type: Guid (0:0:0)]
NHibernate: 
    SELECT
        inventory0_.InventoryId as Invent1_3_0_,
        inventory0_.ConversionFactor as Conver2_3_0_,
        inventory0_.UnitOfMeasureId as UnitOf3_3_0_,
        inventory0_.UnitOfMeasureBaseId as UnitOf4_3_0_,
        inventory0_.BasePrice_Amount as BasePr5_3_0_,
        inventory0_.BasePrice_CurrencyId as BasePr6_3_0_,
        inventory0_.RetailPrice_Amount as Retail7_3_0_,
        inventory0_.RetailPrice_CurrencyId as Retail8_3_0_,
        inventory0_.WholeSalePrice_Amount as WholeS9_3_0_,
        inventory0_.WholeSalePrice_CurrencyId as Whole10_3_0_,
        inventory0_.BadStockPrice_Amount as BadSt11_3_0_,
        inventory0_.BadStockPrice_CurrencyId as BadSt12_3_0_,
        inventory0_.BadStock_Value as BadSt13_3_0_,
        inventory0_.BadStock_UnitId as BadSt14_3_0_,
        inventory0_.Received_Value as Recei15_3_0_,
        inventory0_.Received_UnitId as Recei16_3_0_,
        inventory0_.OnOrder_Value as OnOrd17_3_0_,
        inventory0_.OnOrder_UnitId as OnOrd18_3_0_,
        inventory0_.OnHand_Value as OnHan19_3_0_,
        inventory0_.OnHand_UnitId as OnHan20_3_0_,
        inventory0_.Allocated_Value as Alloc21_3_0_,
        inventory0_.Allocated_UnitId as Alloc22_3_0_,
        inventory0_.Shipped_Value as Shipp23_3_0_,
        inventory0_.Shipped_UnitId as Shipp24_3_0_,
        inventory0_.BackOrdered_Value as BackO25_3_0_,
        inventory0_.BackOrdered_UnitId as BackO26_3_0_,
        inventory0_.Available_Value as Avail27_3_0_,
        inventory0_.Available_UnitId as Avail28_3_0_,
        inventory0_.InitialLevel_Value as Initi29_3_0_,
        inventory0_.InitialLevel_UnitId as Initi30_3_0_,
        inventory0_.Shrinkage_Value as Shrin31_3_0_,
        inventory0_.Shrinkage_UnitId as Shrin32_3_0_,
        inventory0_.CurrentLevel_Value as Curre33_3_0_,
        inventory0_.CurrentLevel_UnitId as Curre34_3_0_,
        inventory0_.TargetLevel_Value as Targe35_3_0_,
        inventory0_.TargetLevel_UnitId as Targe36_3_0_,
        inventory0_.BelowTargetLevel_Value as Below37_3_0_,
        inventory0_.BelowTargetLevel_UnitId as Below38_3_0_,
        inventory0_.ReorderLevel_Value as Reord39_3_0_,
        inventory0_.ReorderLevel_UnitId as Reord40_3_0_,
        inventory0_.ReorderQuantity_Value as Reord41_3_0_,
        inventory0_.ReorderQuantity_UnitId as Reord42_3_0_,
        inventory0_.MinimumReorderQuantity_Value as Minim43_3_0_,
        inventory0_.MinimumReorderQuantity_UnitId as Minim44_3_0_ 
    FROM
        dbo.Inventories inventory0_ 
    WHERE
        inventory0_.InventoryId=@p0;
    @p0 = bc1b3aef-bddc-47f2-965e-a72900bedec6 [Type: Guid (0:0:0)]
NHibernate: 
    SELECT
        inventory0_.InventoryId as Invent1_3_0_,
        inventory0_.ConversionFactor as Conver2_3_0_,
        inventory0_.UnitOfMeasureId as UnitOf3_3_0_,
        inventory0_.UnitOfMeasureBaseId as UnitOf4_3_0_,
        inventory0_.BasePrice_Amount as BasePr5_3_0_,
        inventory0_.BasePrice_CurrencyId as BasePr6_3_0_,
        inventory0_.RetailPrice_Amount as Retail7_3_0_,
        inventory0_.RetailPrice_CurrencyId as Retail8_3_0_,
        inventory0_.WholeSalePrice_Amount as WholeS9_3_0_,
        inventory0_.WholeSalePrice_CurrencyId as Whole10_3_0_,
        inventory0_.BadStockPrice_Amount as BadSt11_3_0_,
        inventory0_.BadStockPrice_CurrencyId as BadSt12_3_0_,
        inventory0_.BadStock_Value as BadSt13_3_0_,
        inventory0_.BadStock_UnitId as BadSt14_3_0_,
        inventory0_.Received_Value as Recei15_3_0_,
        inventory0_.Received_UnitId as Recei16_3_0_,
        inventory0_.OnOrder_Value as OnOrd17_3_0_,
        inventory0_.OnOrder_UnitId as OnOrd18_3_0_,
        inventory0_.OnHand_Value as OnHan19_3_0_,
        inventory0_.OnHand_UnitId as OnHan20_3_0_,
        inventory0_.Allocated_Value as Alloc21_3_0_,
        inventory0_.Allocated_UnitId as Alloc22_3_0_,
        inventory0_.Shipped_Value as Shipp23_3_0_,
        inventory0_.Shipped_UnitId as Shipp24_3_0_,
        inventory0_.BackOrdered_Value as BackO25_3_0_,
        inventory0_.BackOrdered_UnitId as BackO26_3_0_,
        inventory0_.Available_Value as Avail27_3_0_,
        inventory0_.Available_UnitId as Avail28_3_0_,
        inventory0_.InitialLevel_Value as Initi29_3_0_,
        inventory0_.InitialLevel_UnitId as Initi30_3_0_,
        inventory0_.Shrinkage_Value as Shrin31_3_0_,
        inventory0_.Shrinkage_UnitId as Shrin32_3_0_,
        inventory0_.CurrentLevel_Value as Curre33_3_0_,
        inventory0_.CurrentLevel_UnitId as Curre34_3_0_,
        inventory0_.TargetLevel_Value as Targe35_3_0_,
        inventory0_.TargetLevel_UnitId as Targe36_3_0_,
        inventory0_.BelowTargetLevel_Value as Below37_3_0_,
        inventory0_.BelowTargetLevel_UnitId as Below38_3_0_,
        inventory0_.ReorderLevel_Value as Reord39_3_0_,
        inventory0_.ReorderLevel_UnitId as Reord40_3_0_,
        inventory0_.ReorderQuantity_Value as Reord41_3_0_,
        inventory0_.ReorderQuantity_UnitId as Reord42_3_0_,
        inventory0_.MinimumReorderQuantity_Value as Minim43_3_0_,
        inventory0_.MinimumReorderQuantity_UnitId as Minim44_3_0_ 
    FROM
        dbo.Inventories inventory0_ 
    WHERE
        inventory0_.InventoryId=@p0;
    @p0 = aeb98a70-487d-47ef-9361-a72900beded9 [Type: Guid (0:0:0)]
NHibernate: 
    SELECT
        inventory0_.InventoryId as Invent1_3_0_,
        inventory0_.ConversionFactor as Conver2_3_0_,
        inventory0_.UnitOfMeasureId as UnitOf3_3_0_,
        inventory0_.UnitOfMeasureBaseId as UnitOf4_3_0_,
        inventory0_.BasePrice_Amount as BasePr5_3_0_,
        inventory0_.BasePrice_CurrencyId as BasePr6_3_0_,
        inventory0_.RetailPrice_Amount as Retail7_3_0_,
        inventory0_.RetailPrice_CurrencyId as Retail8_3_0_,
        inventory0_.WholeSalePrice_Amount as WholeS9_3_0_,
        inventory0_.WholeSalePrice_CurrencyId as Whole10_3_0_,
        inventory0_.BadStockPrice_Amount as BadSt11_3_0_,
        inventory0_.BadStockPrice_CurrencyId as BadSt12_3_0_,
        inventory0_.BadStock_Value as BadSt13_3_0_,
        inventory0_.BadStock_UnitId as BadSt14_3_0_,
        inventory0_.Received_Value as Recei15_3_0_,
        inventory0_.Received_UnitId as Recei16_3_0_,
        inventory0_.OnOrder_Value as OnOrd17_3_0_,
        inventory0_.OnOrder_UnitId as OnOrd18_3_0_,
        inventory0_.OnHand_Value as OnHan19_3_0_,
        inventory0_.OnHand_UnitId as OnHan20_3_0_,
        inventory0_.Allocated_Value as Alloc21_3_0_,
        inventory0_.Allocated_UnitId as Alloc22_3_0_,
        inventory0_.Shipped_Value as Shipp23_3_0_,
        inventory0_.Shipped_UnitId as Shipp24_3_0_,
        inventory0_.BackOrdered_Value as BackO25_3_0_,
        inventory0_.BackOrdered_UnitId as BackO26_3_0_,
        inventory0_.Available_Value as Avail27_3_0_,
        inventory0_.Available_UnitId as Avail28_3_0_,
        inventory0_.InitialLevel_Value as Initi29_3_0_,
        inventory0_.InitialLevel_UnitId as Initi30_3_0_,
        inventory0_.Shrinkage_Value as Shrin31_3_0_,
        inventory0_.Shrinkage_UnitId as Shrin32_3_0_,
        inventory0_.CurrentLevel_Value as Curre33_3_0_,
        inventory0_.CurrentLevel_UnitId as Curre34_3_0_,
        inventory0_.TargetLevel_Value as Targe35_3_0_,
        inventory0_.TargetLevel_UnitId as Targe36_3_0_,
        inventory0_.BelowTargetLevel_Value as Below37_3_0_,
        inventory0_.BelowTargetLevel_UnitId as Below38_3_0_,
        inventory0_.ReorderLevel_Value as Reord39_3_0_,
        inventory0_.ReorderLevel_UnitId as Reord40_3_0_,
        inventory0_.ReorderQuantity_Value as Reord41_3_0_,
        inventory0_.ReorderQuantity_UnitId as Reord42_3_0_,
        inventory0_.MinimumReorderQuantity_Value as Minim43_3_0_,
        inventory0_.MinimumReorderQuantity_UnitId as Minim44_3_0_ 
    FROM
        dbo.Inventories inventory0_ 
    WHERE
        inventory0_.InventoryId=@p0;
    @p0 = 151b4e6d-6b2c-4929-8ec7-a72900bedee2 [Type: Guid (0:0:0)]
NHibernate: 
    select
        product0_.ProductId as Produ1_11_0_,
        inventory1_.InventoryId as Invent1_3_1_,
        product0_.Name as Name2_11_0_,
        product0_.Description as Descr3_11_0_,
        product0_.Image as Image4_11_0_,
        product0_.Discontinued as Disco5_11_0_,
        product0_.CategoryId as Categ6_11_0_,
        product0_.SupplierId as Suppl7_11_0_,
        inventory1_.ConversionFactor as Conver2_3_1_,
        inventory1_.UnitOfMeasureId as UnitOf3_3_1_,
        inventory1_.UnitOfMeasureBaseId as UnitOf4_3_1_,
        inventory1_.BasePrice_Amount as BasePr5_3_1_,
        inventory1_.BasePrice_CurrencyId as BasePr6_3_1_,
        inventory1_.RetailPrice_Amount as Retail7_3_1_,
        inventory1_.RetailPrice_CurrencyId as Retail8_3_1_,
        inventory1_.WholeSalePrice_Amount as WholeS9_3_1_,
        inventory1_.WholeSalePrice_CurrencyId as Whole10_3_1_,
        inventory1_.BadStockPrice_Amount as BadSt11_3_1_,
        inventory1_.BadStockPrice_CurrencyId as BadSt12_3_1_,
        inventory1_.BadStock_Value as BadSt13_3_1_,
        inventory1_.BadStock_UnitId as BadSt14_3_1_,
        inventory1_.Received_Value as Recei15_3_1_,
        inventory1_.Received_UnitId as Recei16_3_1_,
        inventory1_.OnOrder_Value as OnOrd17_3_1_,
        inventory1_.OnOrder_UnitId as OnOrd18_3_1_,
        inventory1_.OnHand_Value as OnHan19_3_1_,
        inventory1_.OnHand_UnitId as OnHan20_3_1_,
        inventory1_.Allocated_Value as Alloc21_3_1_,
        inventory1_.Allocated_UnitId as Alloc22_3_1_,
        inventory1_.Shipped_Value as Shipp23_3_1_,
        inventory1_.Shipped_UnitId as Shipp24_3_1_,
        inventory1_.BackOrdered_Value as BackO25_3_1_,
        inventory1_.BackOrdered_UnitId as BackO26_3_1_,
        inventory1_.Available_Value as Avail27_3_1_,
        inventory1_.Available_UnitId as Avail28_3_1_,
        inventory1_.InitialLevel_Value as Initi29_3_1_,
        inventory1_.InitialLevel_UnitId as Initi30_3_1_,
        inventory1_.Shrinkage_Value as Shrin31_3_1_,
        inventory1_.Shrinkage_UnitId as Shrin32_3_1_,
        inventory1_.CurrentLevel_Value as Curre33_3_1_,
        inventory1_.CurrentLevel_UnitId as Curre34_3_1_,
        inventory1_.TargetLevel_Value as Targe35_3_1_,
        inventory1_.TargetLevel_UnitId as Targe36_3_1_,
        inventory1_.BelowTargetLevel_Value as Below37_3_1_,
        inventory1_.BelowTargetLevel_UnitId as Below38_3_1_,
        inventory1_.ReorderLevel_Value as Reord39_3_1_,
        inventory1_.ReorderLevel_UnitId as Reord40_3_1_,
        inventory1_.ReorderQuantity_Value as Reord41_3_1_,
        inventory1_.ReorderQuantity_UnitId as Reord42_3_1_,
        inventory1_.MinimumReorderQuantity_Value as Minim43_3_1_,
        inventory1_.MinimumReorderQuantity_UnitId as Minim44_3_1_ 
    from
        dbo.Products product0_ 
    left outer join
        dbo.Inventories inventory1_ 
            on product0_.ProductId=inventory1_.InventoryId 
    where
        product0_.ProductId in (
            @p0 , @p1 , @p2 , @p3
        );
    @p0 = 64fb9daf-6cb9-4989-86c4-a72900bedeb8 [Type: Guid (0:0:0)], @p1 = bc1b3aef-bddc-47f2-965e-a72900bedec6 [Type: Guid (0:0:0)], @p2 = aeb98a70-487d-47ef-9361-a72900beded9 [Type: Guid (0:0:0)], @p3 = 151b4e6d-6b2c-4929-8ec7-a72900bedee2 [Type: Guid (0:0:0)]
NHibernate: Batch commands:
command 0:
    INSERT 
    INTO
        dbo.PurchaseOrders
        (PurchaseOrderNumber, Status, ExpectedOn, CreatedOn, SubmittedOn, ApprovedOn, PaidOn, ReceivedOn, CompletedOn, CancelledOn, CancellationReason, PaymentTypeId, SupplierId, ShipperId, CreatedById, SubmittedById, ApprovedById, PaidById, ReceivedById, CompletedById, CancelledById, Tax_Amount, Tax_CurrencyId, ShippingFee_Amount, ShippingFee_CurrencyId, Discount_Amount, Discount_CurrencyId, SubTotal_Amount, SubTotal_CurrencyId, Total_Amount, Total_CurrencyId, Payment_Amount, Payment_CurrencyId, PurchaseOrderId) 
    VALUES
        (@p0, @p1, @p2, @p3, @p4, @p5, @p6, @p7, @p8, @p9, @p10, @p11, @p12, @p13, @p14, @p15, @p16, @p17, @p18, @p19, @p20, @p21, @p22, @p23, @p24, @p25, @p26, @p27, @p28, @p29, @p30, @p31, @p32, @p33);
    @p0 = NULL [Type: String (4000:0:0)], @p1 = 'New' [Type: String (4000:0:0)], @p2 = 2017-03-11T19:34:56.0000000 [Type: DateTime (0:0:0)], @p3 = 2017-03-01T19:34:56.0000000 [Type: DateTime (0:0:0)], @p4 = NULL [Type: DateTime (0:0:0)], @p5 = NULL [Type: DateTime (0:0:0)], @p6 = NULL [Type: DateTime (0:0:0)], @p7 = NULL [Type: DateTime (0:0:0)], @p8 = NULL [Type: DateTime (0:0:0)], @p9 = NULL [Type: DateTime (0:0:0)], @p10 = NULL [Type: String (4000:0:0)], @p11 = 'CC' [Type: String (4000:0:0)], @p12 = d085f686-18d9-4586-95ca-a72900bede79 [Type: Guid (0:0:0)], @p13 = NULL [Type: String (4000:0:0)], @p14 = 758be66f-a814-4a22-be17-a72900bede2e [Type: Guid (0:0:0)], @p15 = NULL [Type: Guid (0:0:0)], @p16 = NULL [Type: Guid (0:0:0)], @p17 = NULL [Type: Guid (0:0:0)], @p18 = NULL [Type: Guid (0:0:0)], @p19 = NULL [Type: Guid (0:0:0)], @p20 = NULL [Type: Guid (0:0:0)], @p21 = 0 [Type: Decimal (0:5:28)], @p22 = 'PHP' [Type: String (4000:0:0)], @p23 = 0 [Type: Decimal (0:5:28)], @p24 = 'PHP' [Type: String (4000:0:0)], @p25 = NULL [Type: Decimal (0:5:28)], @p26 = NULL [Type: String (4000:0:0)], @p27 = NULL [Type: Decimal (0:5:28)], @p28 = NULL [Type: String (4000:0:0)], @p29 = 0 [Type: Decimal (0:5:28)], @p30 = 'PHP' [Type: String (4000:0:0)], @p31 = NULL [Type: Decimal (0:5:28)], @p32 = NULL [Type: String (4000:0:0)], @p33 = 205aceda-8079-49dd-9159-a72900bedf81 [Type: Guid (0:0:0)]

NHibernate: Batch commands:
command 0:
    INSERT 
    INTO
        dbo.PurchaseOrderItems
        (PurchaseOrderId, ProductId, Quantity_Value, Quantity_UnitId, UnitCost_Amount, UnitCost_CurrencyId, ExtendedCost_Amount, ExtendedCost_CurrencyId, PurchaseOrderItemId) 
    VALUES
        (@p0, @p1, @p2, @p3, @p4, @p5, @p6, @p7, @p8);
    @p0 = 205aceda-8079-49dd-9159-a72900bedf81 [Type: Guid (0:0:0)], @p1 = 64fb9daf-6cb9-4989-86c4-a72900bedeb8 [Type: Guid (0:0:0)], @p2 = 89 [Type: Decimal (0:5:28)], @p3 = 'hm' [Type: String (4000:0:0)], @p4 = 2.96000 [Type: Decimal (0:5:28)], @p5 = 'PHP' [Type: String (4000:0:0)], @p6 = 263.44000 [Type: Decimal (0:5:28)], @p7 = 'PHP' [Type: String (4000:0:0)], @p8 = ac8c61b0-def2-4779-9ba7-a72900bedf81 [Type: Guid (0:0:0)]
command 1:
    INSERT 
    INTO
        dbo.PurchaseOrderItems
        (PurchaseOrderId, ProductId, Quantity_Value, Quantity_UnitId, UnitCost_Amount, UnitCost_CurrencyId, ExtendedCost_Amount, ExtendedCost_CurrencyId, PurchaseOrderItemId) 
    VALUES
        (@p0, @p1, @p2, @p3, @p4, @p5, @p6, @p7, @p8);
    @p0 = 205aceda-8079-49dd-9159-a72900bedf81 [Type: Guid (0:0:0)], @p1 = bc1b3aef-bddc-47f2-965e-a72900bedec6 [Type: Guid (0:0:0)], @p2 = 34 [Type: Decimal (0:5:28)], @p3 = 'ea' [Type: String (4000:0:0)], @p4 = 2.54000 [Type: Decimal (0:5:28)], @p5 = 'PHP' [Type: String (4000:0:0)], @p6 = 86.36000 [Type: Decimal (0:5:28)], @p7 = 'PHP' [Type: String (4000:0:0)], @p8 = e3de1556-b822-483a-8bdd-a72900bedf81 [Type: Guid (0:0:0)]
command 2:
    INSERT 
    INTO
        dbo.PurchaseOrderItems
        (PurchaseOrderId, ProductId, Quantity_Value, Quantity_UnitId, UnitCost_Amount, UnitCost_CurrencyId, ExtendedCost_Amount, ExtendedCost_CurrencyId, PurchaseOrderItemId) 
    VALUES
        (@p0, @p1, @p2, @p3, @p4, @p5, @p6, @p7, @p8);
    @p0 = 205aceda-8079-49dd-9159-a72900bedf81 [Type: Guid (0:0:0)], @p1 = aeb98a70-487d-47ef-9361-a72900beded9 [Type: Guid (0:0:0)], @p2 = 14 [Type: Decimal (0:5:28)], @p3 = 'dam' [Type: String (4000:0:0)], @p4 = 2.12000 [Type: Decimal (0:5:28)], @p5 = 'PHP' [Type: String (4000:0:0)], @p6 = 29.68000 [Type: Decimal (0:5:28)], @p7 = 'PHP' [Type: String (4000:0:0)], @p8 = c919bb24-d841-47e2-8fc1-a72900bedf81 [Type: Guid (0:0:0)]
command 3:
    INSERT 
    INTO
        dbo.PurchaseOrderItems
        (PurchaseOrderId, ProductId, Quantity_Value, Quantity_UnitId, UnitCost_Amount, UnitCost_CurrencyId, ExtendedCost_Amount, ExtendedCost_CurrencyId, PurchaseOrderItemId) 
    VALUES
        (@p0, @p1, @p2, @p3, @p4, @p5, @p6, @p7, @p8);
    @p0 = 205aceda-8079-49dd-9159-a72900bedf81 [Type: Guid (0:0:0)], @p1 = 151b4e6d-6b2c-4929-8ec7-a72900bedee2 [Type: Guid (0:0:0)], @p2 = 47 [Type: Decimal (0:5:28)], @p3 = 'cl' [Type: String (4000:0:0)], @p4 = 2.88000 [Type: Decimal (0:5:28)], @p5 = 'PHP' [Type: String (4000:0:0)], @p6 = 135.36000 [Type: Decimal (0:5:28)], @p7 = 'PHP' [Type: String (4000:0:0)], @p8 = 3f43dc7a-f5dd-4b78-838a-a72900bedf81 [Type: Guid (0:0:0)]

NHibernate: 
    select
        product0_.ProductId as Produ1_11_,
        product0_.Name as Name2_11_,
        product0_.Description as Descr3_11_,
        product0_.Image as Image4_11_,
        product0_.Discontinued as Disco5_11_,
        product0_.CategoryId as Categ6_11_,
        product0_.SupplierId as Suppl7_11_ 
    from
        dbo.Products product0_ 
    where
        product0_.SupplierId=@p0;
    @p0 = 45bfa825-a708-4494-877c-a72900bede7b [Type: Guid (0:0:0)]
NHibernate: 
    SELECT
        inventory0_.InventoryId as Invent1_3_0_,
        inventory0_.ConversionFactor as Conver2_3_0_,
        inventory0_.UnitOfMeasureId as UnitOf3_3_0_,
        inventory0_.UnitOfMeasureBaseId as UnitOf4_3_0_,
        inventory0_.BasePrice_Amount as BasePr5_3_0_,
        inventory0_.BasePrice_CurrencyId as BasePr6_3_0_,
        inventory0_.RetailPrice_Amount as Retail7_3_0_,
        inventory0_.RetailPrice_CurrencyId as Retail8_3_0_,
        inventory0_.WholeSalePrice_Amount as WholeS9_3_0_,
        inventory0_.WholeSalePrice_CurrencyId as Whole10_3_0_,
        inventory0_.BadStockPrice_Amount as BadSt11_3_0_,
        inventory0_.BadStockPrice_CurrencyId as BadSt12_3_0_,
        inventory0_.BadStock_Value as BadSt13_3_0_,
        inventory0_.BadStock_UnitId as BadSt14_3_0_,
        inventory0_.Received_Value as Recei15_3_0_,
        inventory0_.Received_UnitId as Recei16_3_0_,
        inventory0_.OnOrder_Value as OnOrd17_3_0_,
        inventory0_.OnOrder_UnitId as OnOrd18_3_0_,
        inventory0_.OnHand_Value as OnHan19_3_0_,
        inventory0_.OnHand_UnitId as OnHan20_3_0_,
        inventory0_.Allocated_Value as Alloc21_3_0_,
        inventory0_.Allocated_UnitId as Alloc22_3_0_,
        inventory0_.Shipped_Value as Shipp23_3_0_,
        inventory0_.Shipped_UnitId as Shipp24_3_0_,
        inventory0_.BackOrdered_Value as BackO25_3_0_,
        inventory0_.BackOrdered_UnitId as BackO26_3_0_,
        inventory0_.Available_Value as Avail27_3_0_,
        inventory0_.Available_UnitId as Avail28_3_0_,
        inventory0_.InitialLevel_Value as Initi29_3_0_,
        inventory0_.InitialLevel_UnitId as Initi30_3_0_,
        inventory0_.Shrinkage_Value as Shrin31_3_0_,
        inventory0_.Shrinkage_UnitId as Shrin32_3_0_,
        inventory0_.CurrentLevel_Value as Curre33_3_0_,
        inventory0_.CurrentLevel_UnitId as Curre34_3_0_,
        inventory0_.TargetLevel_Value as Targe35_3_0_,
        inventory0_.TargetLevel_UnitId as Targe36_3_0_,
        inventory0_.BelowTargetLevel_Value as Below37_3_0_,
        inventory0_.BelowTargetLevel_UnitId as Below38_3_0_,
        inventory0_.ReorderLevel_Value as Reord39_3_0_,
        inventory0_.ReorderLevel_UnitId as Reord40_3_0_,
        inventory0_.ReorderQuantity_Value as Reord41_3_0_,
        inventory0_.ReorderQuantity_UnitId as Reord42_3_0_,
        inventory0_.MinimumReorderQuantity_Value as Minim43_3_0_,
        inventory0_.MinimumReorderQuantity_UnitId as Minim44_3_0_ 
    FROM
        dbo.Inventories inventory0_ 
    WHERE
        inventory0_.InventoryId=@p0;
    @p0 = e58fc170-890a-4626-83f0-a72900beded0 [Type: Guid (0:0:0)]
NHibernate: 
    select
        product0_.ProductId as Produ1_11_0_,
        inventory1_.InventoryId as Invent1_3_1_,
        product0_.Name as Name2_11_0_,
        product0_.Description as Descr3_11_0_,
        product0_.Image as Image4_11_0_,
        product0_.Discontinued as Disco5_11_0_,
        product0_.CategoryId as Categ6_11_0_,
        product0_.SupplierId as Suppl7_11_0_,
        inventory1_.ConversionFactor as Conver2_3_1_,
        inventory1_.UnitOfMeasureId as UnitOf3_3_1_,
        inventory1_.UnitOfMeasureBaseId as UnitOf4_3_1_,
        inventory1_.BasePrice_Amount as BasePr5_3_1_,
        inventory1_.BasePrice_CurrencyId as BasePr6_3_1_,
        inventory1_.RetailPrice_Amount as Retail7_3_1_,
        inventory1_.RetailPrice_CurrencyId as Retail8_3_1_,
        inventory1_.WholeSalePrice_Amount as WholeS9_3_1_,
        inventory1_.WholeSalePrice_CurrencyId as Whole10_3_1_,
        inventory1_.BadStockPrice_Amount as BadSt11_3_1_,
        inventory1_.BadStockPrice_CurrencyId as BadSt12_3_1_,
        inventory1_.BadStock_Value as BadSt13_3_1_,
        inventory1_.BadStock_UnitId as BadSt14_3_1_,
        inventory1_.Received_Value as Recei15_3_1_,
        inventory1_.Received_UnitId as Recei16_3_1_,
        inventory1_.OnOrder_Value as OnOrd17_3_1_,
        inventory1_.OnOrder_UnitId as OnOrd18_3_1_,
        inventory1_.OnHand_Value as OnHan19_3_1_,
        inventory1_.OnHand_UnitId as OnHan20_3_1_,
        inventory1_.Allocated_Value as Alloc21_3_1_,
        inventory1_.Allocated_UnitId as Alloc22_3_1_,
        inventory1_.Shipped_Value as Shipp23_3_1_,
        inventory1_.Shipped_UnitId as Shipp24_3_1_,
        inventory1_.BackOrdered_Value as BackO25_3_1_,
        inventory1_.BackOrdered_UnitId as BackO26_3_1_,
        inventory1_.Available_Value as Avail27_3_1_,
        inventory1_.Available_UnitId as Avail28_3_1_,
        inventory1_.InitialLevel_Value as Initi29_3_1_,
        inventory1_.InitialLevel_UnitId as Initi30_3_1_,
        inventory1_.Shrinkage_Value as Shrin31_3_1_,
        inventory1_.Shrinkage_UnitId as Shrin32_3_1_,
        inventory1_.CurrentLevel_Value as Curre33_3_1_,
        inventory1_.CurrentLevel_UnitId as Curre34_3_1_,
        inventory1_.TargetLevel_Value as Targe35_3_1_,
        inventory1_.TargetLevel_UnitId as Targe36_3_1_,
        inventory1_.BelowTargetLevel_Value as Below37_3_1_,
        inventory1_.BelowTargetLevel_UnitId as Below38_3_1_,
        inventory1_.ReorderLevel_Value as Reord39_3_1_,
        inventory1_.ReorderLevel_UnitId as Reord40_3_1_,
        inventory1_.ReorderQuantity_Value as Reord41_3_1_,
        inventory1_.ReorderQuantity_UnitId as Reord42_3_1_,
        inventory1_.MinimumReorderQuantity_Value as Minim43_3_1_,
        inventory1_.MinimumReorderQuantity_UnitId as Minim44_3_1_ 
    from
        dbo.Products product0_ 
    left outer join
        dbo.Inventories inventory1_ 
            on product0_.ProductId=inventory1_.InventoryId 
    where
        product0_.ProductId in (
            @p0
        );
    @p0 = e58fc170-890a-4626-83f0-a72900beded0 [Type: Guid (0:0:0)]
NHibernate: Batch commands:
command 0:
    INSERT 
    INTO
        dbo.PurchaseOrders
        (PurchaseOrderNumber, Status, ExpectedOn, CreatedOn, SubmittedOn, ApprovedOn, PaidOn, ReceivedOn, CompletedOn, CancelledOn, CancellationReason, PaymentTypeId, SupplierId, ShipperId, CreatedById, SubmittedById, ApprovedById, PaidById, ReceivedById, CompletedById, CancelledById, Tax_Amount, Tax_CurrencyId, ShippingFee_Amount, ShippingFee_CurrencyId, Discount_Amount, Discount_CurrencyId, SubTotal_Amount, SubTotal_CurrencyId, Total_Amount, Total_CurrencyId, Payment_Amount, Payment_CurrencyId, PurchaseOrderId) 
    VALUES
        (@p0, @p1, @p2, @p3, @p4, @p5, @p6, @p7, @p8, @p9, @p10, @p11, @p12, @p13, @p14, @p15, @p16, @p17, @p18, @p19, @p20, @p21, @p22, @p23, @p24, @p25, @p26, @p27, @p28, @p29, @p30, @p31, @p32, @p33);
    @p0 = NULL [Type: String (4000:0:0)], @p1 = 'New' [Type: String (4000:0:0)], @p2 = 2017-03-11T19:34:56.0000000 [Type: DateTime (0:0:0)], @p3 = 2017-03-01T19:34:56.0000000 [Type: DateTime (0:0:0)], @p4 = NULL [Type: DateTime (0:0:0)], @p5 = NULL [Type: DateTime (0:0:0)], @p6 = NULL [Type: DateTime (0:0:0)], @p7 = NULL [Type: DateTime (0:0:0)], @p8 = NULL [Type: DateTime (0:0:0)], @p9 = NULL [Type: DateTime (0:0:0)], @p10 = NULL [Type: String (4000:0:0)], @p11 = 'CC' [Type: String (4000:0:0)], @p12 = 45bfa825-a708-4494-877c-a72900bede7b [Type: Guid (0:0:0)], @p13 = NULL [Type: String (4000:0:0)], @p14 = 5c2b8cdf-64e5-483b-9252-a72900bede26 [Type: Guid (0:0:0)], @p15 = NULL [Type: Guid (0:0:0)], @p16 = NULL [Type: Guid (0:0:0)], @p17 = NULL [Type: Guid (0:0:0)], @p18 = NULL [Type: Guid (0:0:0)], @p19 = NULL [Type: Guid (0:0:0)], @p20 = NULL [Type: Guid (0:0:0)], @p21 = 0 [Type: Decimal (0:5:28)], @p22 = 'PHP' [Type: String (4000:0:0)], @p23 = 0 [Type: Decimal (0:5:28)], @p24 = 'PHP' [Type: String (4000:0:0)], @p25 = NULL [Type: Decimal (0:5:28)], @p26 = NULL [Type: String (4000:0:0)], @p27 = NULL [Type: Decimal (0:5:28)], @p28 = NULL [Type: String (4000:0:0)], @p29 = 0 [Type: Decimal (0:5:28)], @p30 = 'PHP' [Type: String (4000:0:0)], @p31 = NULL [Type: Decimal (0:5:28)], @p32 = NULL [Type: String (4000:0:0)], @p33 = bda76c9f-aefc-4aa6-85e6-a72900bedf88 [Type: Guid (0:0:0)]

NHibernate: Batch commands:
command 0:
    INSERT 
    INTO
        dbo.PurchaseOrderItems
        (PurchaseOrderId, ProductId, Quantity_Value, Quantity_UnitId, UnitCost_Amount, UnitCost_CurrencyId, ExtendedCost_Amount, ExtendedCost_CurrencyId, PurchaseOrderItemId) 
    VALUES
        (@p0, @p1, @p2, @p3, @p4, @p5, @p6, @p7, @p8);
    @p0 = bda76c9f-aefc-4aa6-85e6-a72900bedf88 [Type: Guid (0:0:0)], @p1 = e58fc170-890a-4626-83f0-a72900beded0 [Type: Guid (0:0:0)], @p2 = 61 [Type: Decimal (0:5:28)], @p3 = 'dag' [Type: String (4000:0:0)], @p4 = 2.79000 [Type: Decimal (0:5:28)], @p5 = 'PHP' [Type: String (4000:0:0)], @p6 = 170.19000 [Type: Decimal (0:5:28)], @p7 = 'PHP' [Type: String (4000:0:0)], @p8 = cac71876-0d1b-4556-9832-a72900bedf88 [Type: Guid (0:0:0)]

NHibernate: 
    select
        product0_.ProductId as Produ1_11_,
        product0_.Name as Name2_11_,
        product0_.Description as Descr3_11_,
        product0_.Image as Image4_11_,
        product0_.Discontinued as Disco5_11_,
        product0_.CategoryId as Categ6_11_,
        product0_.SupplierId as Suppl7_11_ 
    from
        dbo.Products product0_ 
    where
        product0_.SupplierId=@p0;
    @p0 = d085f686-18d9-4586-95ca-a72900bede79 [Type: Guid (0:0:0)]
NHibernate: 
    SELECT
        inventory0_.InventoryId as Invent1_3_0_,
        inventory0_.ConversionFactor as Conver2_3_0_,
        inventory0_.UnitOfMeasureId as UnitOf3_3_0_,
        inventory0_.UnitOfMeasureBaseId as UnitOf4_3_0_,
        inventory0_.BasePrice_Amount as BasePr5_3_0_,
        inventory0_.BasePrice_CurrencyId as BasePr6_3_0_,
        inventory0_.RetailPrice_Amount as Retail7_3_0_,
        inventory0_.RetailPrice_CurrencyId as Retail8_3_0_,
        inventory0_.WholeSalePrice_Amount as WholeS9_3_0_,
        inventory0_.WholeSalePrice_CurrencyId as Whole10_3_0_,
        inventory0_.BadStockPrice_Amount as BadSt11_3_0_,
        inventory0_.BadStockPrice_CurrencyId as BadSt12_3_0_,
        inventory0_.BadStock_Value as BadSt13_3_0_,
        inventory0_.BadStock_UnitId as BadSt14_3_0_,
        inventory0_.Received_Value as Recei15_3_0_,
        inventory0_.Received_UnitId as Recei16_3_0_,
        inventory0_.OnOrder_Value as OnOrd17_3_0_,
        inventory0_.OnOrder_UnitId as OnOrd18_3_0_,
        inventory0_.OnHand_Value as OnHan19_3_0_,
        inventory0_.OnHand_UnitId as OnHan20_3_0_,
        inventory0_.Allocated_Value as Alloc21_3_0_,
        inventory0_.Allocated_UnitId as Alloc22_3_0_,
        inventory0_.Shipped_Value as Shipp23_3_0_,
        inventory0_.Shipped_UnitId as Shipp24_3_0_,
        inventory0_.BackOrdered_Value as BackO25_3_0_,
        inventory0_.BackOrdered_UnitId as BackO26_3_0_,
        inventory0_.Available_Value as Avail27_3_0_,
        inventory0_.Available_UnitId as Avail28_3_0_,
        inventory0_.InitialLevel_Value as Initi29_3_0_,
        inventory0_.InitialLevel_UnitId as Initi30_3_0_,
        inventory0_.Shrinkage_Value as Shrin31_3_0_,
        inventory0_.Shrinkage_UnitId as Shrin32_3_0_,
        inventory0_.CurrentLevel_Value as Curre33_3_0_,
        inventory0_.CurrentLevel_UnitId as Curre34_3_0_,
        inventory0_.TargetLevel_Value as Targe35_3_0_,
        inventory0_.TargetLevel_UnitId as Targe36_3_0_,
        inventory0_.BelowTargetLevel_Value as Below37_3_0_,
        inventory0_.BelowTargetLevel_UnitId as Below38_3_0_,
        inventory0_.ReorderLevel_Value as Reord39_3_0_,
        inventory0_.ReorderLevel_UnitId as Reord40_3_0_,
        inventory0_.ReorderQuantity_Value as Reord41_3_0_,
        inventory0_.ReorderQuantity_UnitId as Reord42_3_0_,
        inventory0_.MinimumReorderQuantity_Value as Minim43_3_0_,
        inventory0_.MinimumReorderQuantity_UnitId as Minim44_3_0_ 
    FROM
        dbo.Inventories inventory0_ 
    WHERE
        inventory0_.InventoryId=@p0;
    @p0 = 64fb9daf-6cb9-4989-86c4-a72900bedeb8 [Type: Guid (0:0:0)]
NHibernate: 
    SELECT
        inventory0_.InventoryId as Invent1_3_0_,
        inventory0_.ConversionFactor as Conver2_3_0_,
        inventory0_.UnitOfMeasureId as UnitOf3_3_0_,
        inventory0_.UnitOfMeasureBaseId as UnitOf4_3_0_,
        inventory0_.BasePrice_Amount as BasePr5_3_0_,
        inventory0_.BasePrice_CurrencyId as BasePr6_3_0_,
        inventory0_.RetailPrice_Amount as Retail7_3_0_,
        inventory0_.RetailPrice_CurrencyId as Retail8_3_0_,
        inventory0_.WholeSalePrice_Amount as WholeS9_3_0_,
        inventory0_.WholeSalePrice_CurrencyId as Whole10_3_0_,
        inventory0_.BadStockPrice_Amount as BadSt11_3_0_,
        inventory0_.BadStockPrice_CurrencyId as BadSt12_3_0_,
        inventory0_.BadStock_Value as BadSt13_3_0_,
        inventory0_.BadStock_UnitId as BadSt14_3_0_,
        inventory0_.Received_Value as Recei15_3_0_,
        inventory0_.Received_UnitId as Recei16_3_0_,
        inventory0_.OnOrder_Value as OnOrd17_3_0_,
        inventory0_.OnOrder_UnitId as OnOrd18_3_0_,
        inventory0_.OnHand_Value as OnHan19_3_0_,
        inventory0_.OnHand_UnitId as OnHan20_3_0_,
        inventory0_.Allocated_Value as Alloc21_3_0_,
        inventory0_.Allocated_UnitId as Alloc22_3_0_,
        inventory0_.Shipped_Value as Shipp23_3_0_,
        inventory0_.Shipped_UnitId as Shipp24_3_0_,
        inventory0_.BackOrdered_Value as BackO25_3_0_,
        inventory0_.BackOrdered_UnitId as BackO26_3_0_,
        inventory0_.Available_Value as Avail27_3_0_,
        inventory0_.Available_UnitId as Avail28_3_0_,
        inventory0_.InitialLevel_Value as Initi29_3_0_,
        inventory0_.InitialLevel_UnitId as Initi30_3_0_,
        inventory0_.Shrinkage_Value as Shrin31_3_0_,
        inventory0_.Shrinkage_UnitId as Shrin32_3_0_,
        inventory0_.CurrentLevel_Value as Curre33_3_0_,
        inventory0_.CurrentLevel_UnitId as Curre34_3_0_,
        inventory0_.TargetLevel_Value as Targe35_3_0_,
        inventory0_.TargetLevel_UnitId as Targe36_3_0_,
        inventory0_.BelowTargetLevel_Value as Below37_3_0_,
        inventory0_.BelowTargetLevel_UnitId as Below38_3_0_,
        inventory0_.ReorderLevel_Value as Reord39_3_0_,
        inventory0_.ReorderLevel_UnitId as Reord40_3_0_,
        inventory0_.ReorderQuantity_Value as Reord41_3_0_,
        inventory0_.ReorderQuantity_UnitId as Reord42_3_0_,
        inventory0_.MinimumReorderQuantity_Value as Minim43_3_0_,
        inventory0_.MinimumReorderQuantity_UnitId as Minim44_3_0_ 
    FROM
        dbo.Inventories inventory0_ 
    WHERE
        inventory0_.InventoryId=@p0;
    @p0 = bc1b3aef-bddc-47f2-965e-a72900bedec6 [Type: Guid (0:0:0)]
NHibernate: 
    SELECT
        inventory0_.InventoryId as Invent1_3_0_,
        inventory0_.ConversionFactor as Conver2_3_0_,
        inventory0_.UnitOfMeasureId as UnitOf3_3_0_,
        inventory0_.UnitOfMeasureBaseId as UnitOf4_3_0_,
        inventory0_.BasePrice_Amount as BasePr5_3_0_,
        inventory0_.BasePrice_CurrencyId as BasePr6_3_0_,
        inventory0_.RetailPrice_Amount as Retail7_3_0_,
        inventory0_.RetailPrice_CurrencyId as Retail8_3_0_,
        inventory0_.WholeSalePrice_Amount as WholeS9_3_0_,
        inventory0_.WholeSalePrice_CurrencyId as Whole10_3_0_,
        inventory0_.BadStockPrice_Amount as BadSt11_3_0_,
        inventory0_.BadStockPrice_CurrencyId as BadSt12_3_0_,
        inventory0_.BadStock_Value as BadSt13_3_0_,
        inventory0_.BadStock_UnitId as BadSt14_3_0_,
        inventory0_.Received_Value as Recei15_3_0_,
        inventory0_.Received_UnitId as Recei16_3_0_,
        inventory0_.OnOrder_Value as OnOrd17_3_0_,
        inventory0_.OnOrder_UnitId as OnOrd18_3_0_,
        inventory0_.OnHand_Value as OnHan19_3_0_,
        inventory0_.OnHand_UnitId as OnHan20_3_0_,
        inventory0_.Allocated_Value as Alloc21_3_0_,
        inventory0_.Allocated_UnitId as Alloc22_3_0_,
        inventory0_.Shipped_Value as Shipp23_3_0_,
        inventory0_.Shipped_UnitId as Shipp24_3_0_,
        inventory0_.BackOrdered_Value as BackO25_3_0_,
        inventory0_.BackOrdered_UnitId as BackO26_3_0_,
        inventory0_.Available_Value as Avail27_3_0_,
        inventory0_.Available_UnitId as Avail28_3_0_,
        inventory0_.InitialLevel_Value as Initi29_3_0_,
        inventory0_.InitialLevel_UnitId as Initi30_3_0_,
        inventory0_.Shrinkage_Value as Shrin31_3_0_,
        inventory0_.Shrinkage_UnitId as Shrin32_3_0_,
        inventory0_.CurrentLevel_Value as Curre33_3_0_,
        inventory0_.CurrentLevel_UnitId as Curre34_3_0_,
        inventory0_.TargetLevel_Value as Targe35_3_0_,
        inventory0_.TargetLevel_UnitId as Targe36_3_0_,
        inventory0_.BelowTargetLevel_Value as Below37_3_0_,
        inventory0_.BelowTargetLevel_UnitId as Below38_3_0_,
        inventory0_.ReorderLevel_Value as Reord39_3_0_,
        inventory0_.ReorderLevel_UnitId as Reord40_3_0_,
        inventory0_.ReorderQuantity_Value as Reord41_3_0_,
        inventory0_.ReorderQuantity_UnitId as Reord42_3_0_,
        inventory0_.MinimumReorderQuantity_Value as Minim43_3_0_,
        inventory0_.MinimumReorderQuantity_UnitId as Minim44_3_0_ 
    FROM
        dbo.Inventories inventory0_ 
    WHERE
        inventory0_.InventoryId=@p0;
    @p0 = aeb98a70-487d-47ef-9361-a72900beded9 [Type: Guid (0:0:0)]
NHibernate: 
    SELECT
        inventory0_.InventoryId as Invent1_3_0_,
        inventory0_.ConversionFactor as Conver2_3_0_,
        inventory0_.UnitOfMeasureId as UnitOf3_3_0_,
        inventory0_.UnitOfMeasureBaseId as UnitOf4_3_0_,
        inventory0_.BasePrice_Amount as BasePr5_3_0_,
        inventory0_.BasePrice_CurrencyId as BasePr6_3_0_,
        inventory0_.RetailPrice_Amount as Retail7_3_0_,
        inventory0_.RetailPrice_CurrencyId as Retail8_3_0_,
        inventory0_.WholeSalePrice_Amount as WholeS9_3_0_,
        inventory0_.WholeSalePrice_CurrencyId as Whole10_3_0_,
        inventory0_.BadStockPrice_Amount as BadSt11_3_0_,
        inventory0_.BadStockPrice_CurrencyId as BadSt12_3_0_,
        inventory0_.BadStock_Value as BadSt13_3_0_,
        inventory0_.BadStock_UnitId as BadSt14_3_0_,
        inventory0_.Received_Value as Recei15_3_0_,
        inventory0_.Received_UnitId as Recei16_3_0_,
        inventory0_.OnOrder_Value as OnOrd17_3_0_,
        inventory0_.OnOrder_UnitId as OnOrd18_3_0_,
        inventory0_.OnHand_Value as OnHan19_3_0_,
        inventory0_.OnHand_UnitId as OnHan20_3_0_,
        inventory0_.Allocated_Value as Alloc21_3_0_,
        inventory0_.Allocated_UnitId as Alloc22_3_0_,
        inventory0_.Shipped_Value as Shipp23_3_0_,
        inventory0_.Shipped_UnitId as Shipp24_3_0_,
        inventory0_.BackOrdered_Value as BackO25_3_0_,
        inventory0_.BackOrdered_UnitId as BackO26_3_0_,
        inventory0_.Available_Value as Avail27_3_0_,
        inventory0_.Available_UnitId as Avail28_3_0_,
        inventory0_.InitialLevel_Value as Initi29_3_0_,
        inventory0_.InitialLevel_UnitId as Initi30_3_0_,
        inventory0_.Shrinkage_Value as Shrin31_3_0_,
        inventory0_.Shrinkage_UnitId as Shrin32_3_0_,
        inventory0_.CurrentLevel_Value as Curre33_3_0_,
        inventory0_.CurrentLevel_UnitId as Curre34_3_0_,
        inventory0_.TargetLevel_Value as Targe35_3_0_,
        inventory0_.TargetLevel_UnitId as Targe36_3_0_,
        inventory0_.BelowTargetLevel_Value as Below37_3_0_,
        inventory0_.BelowTargetLevel_UnitId as Below38_3_0_,
        inventory0_.ReorderLevel_Value as Reord39_3_0_,
        inventory0_.ReorderLevel_UnitId as Reord40_3_0_,
        inventory0_.ReorderQuantity_Value as Reord41_3_0_,
        inventory0_.ReorderQuantity_UnitId as Reord42_3_0_,
        inventory0_.MinimumReorderQuantity_Value as Minim43_3_0_,
        inventory0_.MinimumReorderQuantity_UnitId as Minim44_3_0_ 
    FROM
        dbo.Inventories inventory0_ 
    WHERE
        inventory0_.InventoryId=@p0;
    @p0 = 151b4e6d-6b2c-4929-8ec7-a72900bedee2 [Type: Guid (0:0:0)]
NHibernate: 
    select
        product0_.ProductId as Produ1_11_0_,
        inventory1_.InventoryId as Invent1_3_1_,
        product0_.Name as Name2_11_0_,
        product0_.Description as Descr3_11_0_,
        product0_.Image as Image4_11_0_,
        product0_.Discontinued as Disco5_11_0_,
        product0_.CategoryId as Categ6_11_0_,
        product0_.SupplierId as Suppl7_11_0_,
        inventory1_.ConversionFactor as Conver2_3_1_,
        inventory1_.UnitOfMeasureId as UnitOf3_3_1_,
        inventory1_.UnitOfMeasureBaseId as UnitOf4_3_1_,
        inventory1_.BasePrice_Amount as BasePr5_3_1_,
        inventory1_.BasePrice_CurrencyId as BasePr6_3_1_,
        inventory1_.RetailPrice_Amount as Retail7_3_1_,
        inventory1_.RetailPrice_CurrencyId as Retail8_3_1_,
        inventory1_.WholeSalePrice_Amount as WholeS9_3_1_,
        inventory1_.WholeSalePrice_CurrencyId as Whole10_3_1_,
        inventory1_.BadStockPrice_Amount as BadSt11_3_1_,
        inventory1_.BadStockPrice_CurrencyId as BadSt12_3_1_,
        inventory1_.BadStock_Value as BadSt13_3_1_,
        inventory1_.BadStock_UnitId as BadSt14_3_1_,
        inventory1_.Received_Value as Recei15_3_1_,
        inventory1_.Received_UnitId as Recei16_3_1_,
        inventory1_.OnOrder_Value as OnOrd17_3_1_,
        inventory1_.OnOrder_UnitId as OnOrd18_3_1_,
        inventory1_.OnHand_Value as OnHan19_3_1_,
        inventory1_.OnHand_UnitId as OnHan20_3_1_,
        inventory1_.Allocated_Value as Alloc21_3_1_,
        inventory1_.Allocated_UnitId as Alloc22_3_1_,
        inventory1_.Shipped_Value as Shipp23_3_1_,
        inventory1_.Shipped_UnitId as Shipp24_3_1_,
        inventory1_.BackOrdered_Value as BackO25_3_1_,
        inventory1_.BackOrdered_UnitId as BackO26_3_1_,
        inventory1_.Available_Value as Avail27_3_1_,
        inventory1_.Available_UnitId as Avail28_3_1_,
        inventory1_.InitialLevel_Value as Initi29_3_1_,
        inventory1_.InitialLevel_UnitId as Initi30_3_1_,
        inventory1_.Shrinkage_Value as Shrin31_3_1_,
        inventory1_.Shrinkage_UnitId as Shrin32_3_1_,
        inventory1_.CurrentLevel_Value as Curre33_3_1_,
        inventory1_.CurrentLevel_UnitId as Curre34_3_1_,
        inventory1_.TargetLevel_Value as Targe35_3_1_,
        inventory1_.TargetLevel_UnitId as Targe36_3_1_,
        inventory1_.BelowTargetLevel_Value as Below37_3_1_,
        inventory1_.BelowTargetLevel_UnitId as Below38_3_1_,
        inventory1_.ReorderLevel_Value as Reord39_3_1_,
        inventory1_.ReorderLevel_UnitId as Reord40_3_1_,
        inventory1_.ReorderQuantity_Value as Reord41_3_1_,
        inventory1_.ReorderQuantity_UnitId as Reord42_3_1_,
        inventory1_.MinimumReorderQuantity_Value as Minim43_3_1_,
        inventory1_.MinimumReorderQuantity_UnitId as Minim44_3_1_ 
    from
        dbo.Products product0_ 
    left outer join
        dbo.Inventories inventory1_ 
            on product0_.ProductId=inventory1_.InventoryId 
    where
        product0_.ProductId in (
            @p0 , @p1 , @p2 , @p3
        );
    @p0 = 64fb9daf-6cb9-4989-86c4-a72900bedeb8 [Type: Guid (0:0:0)], @p1 = bc1b3aef-bddc-47f2-965e-a72900bedec6 [Type: Guid (0:0:0)], @p2 = aeb98a70-487d-47ef-9361-a72900beded9 [Type: Guid (0:0:0)], @p3 = 151b4e6d-6b2c-4929-8ec7-a72900bedee2 [Type: Guid (0:0:0)]
NHibernate: Batch commands:
command 0:
    INSERT 
    INTO
        dbo.PurchaseOrders
        (PurchaseOrderNumber, Status, ExpectedOn, CreatedOn, SubmittedOn, ApprovedOn, PaidOn, ReceivedOn, CompletedOn, CancelledOn, CancellationReason, PaymentTypeId, SupplierId, ShipperId, CreatedById, SubmittedById, ApprovedById, PaidById, ReceivedById, CompletedById, CancelledById, Tax_Amount, Tax_CurrencyId, ShippingFee_Amount, ShippingFee_CurrencyId, Discount_Amount, Discount_CurrencyId, SubTotal_Amount, SubTotal_CurrencyId, Total_Amount, Total_CurrencyId, Payment_Amount, Payment_CurrencyId, PurchaseOrderId) 
    VALUES
        (@p0, @p1, @p2, @p3, @p4, @p5, @p6, @p7, @p8, @p9, @p10, @p11, @p12, @p13, @p14, @p15, @p16, @p17, @p18, @p19, @p20, @p21, @p22, @p23, @p24, @p25, @p26, @p27, @p28, @p29, @p30, @p31, @p32, @p33);
    @p0 = NULL [Type: String (4000:0:0)], @p1 = 'New' [Type: String (4000:0:0)], @p2 = 2017-03-11T19:34:56.0000000 [Type: DateTime (0:0:0)], @p3 = 2017-03-01T19:34:56.0000000 [Type: DateTime (0:0:0)], @p4 = NULL [Type: DateTime (0:0:0)], @p5 = NULL [Type: DateTime (0:0:0)], @p6 = NULL [Type: DateTime (0:0:0)], @p7 = NULL [Type: DateTime (0:0:0)], @p8 = NULL [Type: DateTime (0:0:0)], @p9 = NULL [Type: DateTime (0:0:0)], @p10 = NULL [Type: String (4000:0:0)], @p11 = 'CS' [Type: String (4000:0:0)], @p12 = d085f686-18d9-4586-95ca-a72900bede79 [Type: Guid (0:0:0)], @p13 = NULL [Type: String (4000:0:0)], @p14 = 758be66f-a814-4a22-be17-a72900bede2e [Type: Guid (0:0:0)], @p15 = NULL [Type: Guid (0:0:0)], @p16 = NULL [Type: Guid (0:0:0)], @p17 = NULL [Type: Guid (0:0:0)], @p18 = NULL [Type: Guid (0:0:0)], @p19 = NULL [Type: Guid (0:0:0)], @p20 = NULL [Type: Guid (0:0:0)], @p21 = 0 [Type: Decimal (0:5:28)], @p22 = 'PHP' [Type: String (4000:0:0)], @p23 = 0 [Type: Decimal (0:5:28)], @p24 = 'PHP' [Type: String (4000:0:0)], @p25 = NULL [Type: Decimal (0:5:28)], @p26 = NULL [Type: String (4000:0:0)], @p27 = NULL [Type: Decimal (0:5:28)], @p28 = NULL [Type: String (4000:0:0)], @p29 = 0 [Type: Decimal (0:5:28)], @p30 = 'PHP' [Type: String (4000:0:0)], @p31 = NULL [Type: Decimal (0:5:28)], @p32 = NULL [Type: String (4000:0:0)], @p33 = 6af9b0b3-bd7a-4b00-89ed-a72900bedf8f [Type: Guid (0:0:0)]

NHibernate: Batch commands:
command 0:
    INSERT 
    INTO
        dbo.PurchaseOrderItems
        (PurchaseOrderId, ProductId, Quantity_Value, Quantity_UnitId, UnitCost_Amount, UnitCost_CurrencyId, ExtendedCost_Amount, ExtendedCost_CurrencyId, PurchaseOrderItemId) 
    VALUES
        (@p0, @p1, @p2, @p3, @p4, @p5, @p6, @p7, @p8);
    @p0 = 6af9b0b3-bd7a-4b00-89ed-a72900bedf8f [Type: Guid (0:0:0)], @p1 = 64fb9daf-6cb9-4989-86c4-a72900bedeb8 [Type: Guid (0:0:0)], @p2 = 13 [Type: Decimal (0:5:28)], @p3 = 'hm' [Type: String (4000:0:0)], @p4 = 2.96000 [Type: Decimal (0:5:28)], @p5 = 'PHP' [Type: String (4000:0:0)], @p6 = 38.48000 [Type: Decimal (0:5:28)], @p7 = 'PHP' [Type: String (4000:0:0)], @p8 = 25181816-3df4-4354-851e-a72900bedf8f [Type: Guid (0:0:0)]
command 1:
    INSERT 
    INTO
        dbo.PurchaseOrderItems
        (PurchaseOrderId, ProductId, Quantity_Value, Quantity_UnitId, UnitCost_Amount, UnitCost_CurrencyId, ExtendedCost_Amount, ExtendedCost_CurrencyId, PurchaseOrderItemId) 
    VALUES
        (@p0, @p1, @p2, @p3, @p4, @p5, @p6, @p7, @p8);
    @p0 = 6af9b0b3-bd7a-4b00-89ed-a72900bedf8f [Type: Guid (0:0:0)], @p1 = bc1b3aef-bddc-47f2-965e-a72900bedec6 [Type: Guid (0:0:0)], @p2 = 25 [Type: Decimal (0:5:28)], @p3 = 'ea' [Type: String (4000:0:0)], @p4 = 2.54000 [Type: Decimal (0:5:28)], @p5 = 'PHP' [Type: String (4000:0:0)], @p6 = 63.50000 [Type: Decimal (0:5:28)], @p7 = 'PHP' [Type: String (4000:0:0)], @p8 = b18ea0c5-0dd9-4f2c-85ec-a72900bedf8f [Type: Guid (0:0:0)]
command 2:
    INSERT 
    INTO
        dbo.PurchaseOrderItems
        (PurchaseOrderId, ProductId, Quantity_Value, Quantity_UnitId, UnitCost_Amount, UnitCost_CurrencyId, ExtendedCost_Amount, ExtendedCost_CurrencyId, PurchaseOrderItemId) 
    VALUES
        (@p0, @p1, @p2, @p3, @p4, @p5, @p6, @p7, @p8);
    @p0 = 6af9b0b3-bd7a-4b00-89ed-a72900bedf8f [Type: Guid (0:0:0)], @p1 = aeb98a70-487d-47ef-9361-a72900beded9 [Type: Guid (0:0:0)], @p2 = 15 [Type: Decimal (0:5:28)], @p3 = 'dam' [Type: String (4000:0:0)], @p4 = 2.12000 [Type: Decimal (0:5:28)], @p5 = 'PHP' [Type: String (4000:0:0)], @p6 = 31.80000 [Type: Decimal (0:5:28)], @p7 = 'PHP' [Type: String (4000:0:0)], @p8 = 254e2c97-4867-4eb3-8462-a72900bedf8f [Type: Guid (0:0:0)]
command 3:
    INSERT 
    INTO
        dbo.PurchaseOrderItems
        (PurchaseOrderId, ProductId, Quantity_Value, Quantity_UnitId, UnitCost_Amount, UnitCost_CurrencyId, ExtendedCost_Amount, ExtendedCost_CurrencyId, PurchaseOrderItemId) 
    VALUES
        (@p0, @p1, @p2, @p3, @p4, @p5, @p6, @p7, @p8);
    @p0 = 6af9b0b3-bd7a-4b00-89ed-a72900bedf8f [Type: Guid (0:0:0)], @p1 = 151b4e6d-6b2c-4929-8ec7-a72900bedee2 [Type: Guid (0:0:0)], @p2 = 23 [Type: Decimal (0:5:28)], @p3 = 'cl' [Type: String (4000:0:0)], @p4 = 2.88000 [Type: Decimal (0:5:28)], @p5 = 'PHP' [Type: String (4000:0:0)], @p6 = 66.24000 [Type: Decimal (0:5:28)], @p7 = 'PHP' [Type: String (4000:0:0)], @p8 = 29be410b-bc9b-4172-9ebb-a72900bedf8f [Type: Guid (0:0:0)]

NHibernate: 
    select
        product0_.ProductId as Produ1_11_,
        product0_.Name as Name2_11_,
        product0_.Description as Descr3_11_,
        product0_.Image as Image4_11_,
        product0_.Discontinued as Disco5_11_,
        product0_.CategoryId as Categ6_11_,
        product0_.SupplierId as Suppl7_11_ 
    from
        dbo.Products product0_ 
    where
        product0_.SupplierId=@p0;
    @p0 = c955b115-ff72-421d-9a24-a72900bede7e [Type: Guid (0:0:0)]
NHibernate: 
    SELECT
        inventory0_.InventoryId as Invent1_3_0_,
        inventory0_.ConversionFactor as Conver2_3_0_,
        inventory0_.UnitOfMeasureId as UnitOf3_3_0_,
        inventory0_.UnitOfMeasureBaseId as UnitOf4_3_0_,
        inventory0_.BasePrice_Amount as BasePr5_3_0_,
        inventory0_.BasePrice_CurrencyId as BasePr6_3_0_,
        inventory0_.RetailPrice_Amount as Retail7_3_0_,
        inventory0_.RetailPrice_CurrencyId as Retail8_3_0_,
        inventory0_.WholeSalePrice_Amount as WholeS9_3_0_,
        inventory0_.WholeSalePrice_CurrencyId as Whole10_3_0_,
        inventory0_.BadStockPrice_Amount as BadSt11_3_0_,
        inventory0_.BadStockPrice_CurrencyId as BadSt12_3_0_,
        inventory0_.BadStock_Value as BadSt13_3_0_,
        inventory0_.BadStock_UnitId as BadSt14_3_0_,
        inventory0_.Received_Value as Recei15_3_0_,
        inventory0_.Received_UnitId as Recei16_3_0_,
        inventory0_.OnOrder_Value as OnOrd17_3_0_,
        inventory0_.OnOrder_UnitId as OnOrd18_3_0_,
        inventory0_.OnHand_Value as OnHan19_3_0_,
        inventory0_.OnHand_UnitId as OnHan20_3_0_,
        inventory0_.Allocated_Value as Alloc21_3_0_,
        inventory0_.Allocated_UnitId as Alloc22_3_0_,
        inventory0_.Shipped_Value as Shipp23_3_0_,
        inventory0_.Shipped_UnitId as Shipp24_3_0_,
        inventory0_.BackOrdered_Value as BackO25_3_0_,
        inventory0_.BackOrdered_UnitId as BackO26_3_0_,
        inventory0_.Available_Value as Avail27_3_0_,
        inventory0_.Available_UnitId as Avail28_3_0_,
        inventory0_.InitialLevel_Value as Initi29_3_0_,
        inventory0_.InitialLevel_UnitId as Initi30_3_0_,
        inventory0_.Shrinkage_Value as Shrin31_3_0_,
        inventory0_.Shrinkage_UnitId as Shrin32_3_0_,
        inventory0_.CurrentLevel_Value as Curre33_3_0_,
        inventory0_.CurrentLevel_UnitId as Curre34_3_0_,
        inventory0_.TargetLevel_Value as Targe35_3_0_,
        inventory0_.TargetLevel_UnitId as Targe36_3_0_,
        inventory0_.BelowTargetLevel_Value as Below37_3_0_,
        inventory0_.BelowTargetLevel_UnitId as Below38_3_0_,
        inventory0_.ReorderLevel_Value as Reord39_3_0_,
        inventory0_.ReorderLevel_UnitId as Reord40_3_0_,
        inventory0_.ReorderQuantity_Value as Reord41_3_0_,
        inventory0_.ReorderQuantity_UnitId as Reord42_3_0_,
        inventory0_.MinimumReorderQuantity_Value as Minim43_3_0_,
        inventory0_.MinimumReorderQuantity_UnitId as Minim44_3_0_ 
    FROM
        dbo.Inventories inventory0_ 
    WHERE
        inventory0_.InventoryId=@p0;
    @p0 = 2dd4466c-5098-41aa-98d7-a72900bedebe [Type: Guid (0:0:0)]
NHibernate: 
    SELECT
        inventory0_.InventoryId as Invent1_3_0_,
        inventory0_.ConversionFactor as Conver2_3_0_,
        inventory0_.UnitOfMeasureId as UnitOf3_3_0_,
        inventory0_.UnitOfMeasureBaseId as UnitOf4_3_0_,
        inventory0_.BasePrice_Amount as BasePr5_3_0_,
        inventory0_.BasePrice_CurrencyId as BasePr6_3_0_,
        inventory0_.RetailPrice_Amount as Retail7_3_0_,
        inventory0_.RetailPrice_CurrencyId as Retail8_3_0_,
        inventory0_.WholeSalePrice_Amount as WholeS9_3_0_,
        inventory0_.WholeSalePrice_CurrencyId as Whole10_3_0_,
        inventory0_.BadStockPrice_Amount as BadSt11_3_0_,
        inventory0_.BadStockPrice_CurrencyId as BadSt12_3_0_,
        inventory0_.BadStock_Value as BadSt13_3_0_,
        inventory0_.BadStock_UnitId as BadSt14_3_0_,
        inventory0_.Received_Value as Recei15_3_0_,
        inventory0_.Received_UnitId as Recei16_3_0_,
        inventory0_.OnOrder_Value as OnOrd17_3_0_,
        inventory0_.OnOrder_UnitId as OnOrd18_3_0_,
        inventory0_.OnHand_Value as OnHan19_3_0_,
        inventory0_.OnHand_UnitId as OnHan20_3_0_,
        inventory0_.Allocated_Value as Alloc21_3_0_,
        inventory0_.Allocated_UnitId as Alloc22_3_0_,
        inventory0_.Shipped_Value as Shipp23_3_0_,
        inventory0_.Shipped_UnitId as Shipp24_3_0_,
        inventory0_.BackOrdered_Value as BackO25_3_0_,
        inventory0_.BackOrdered_UnitId as BackO26_3_0_,
        inventory0_.Available_Value as Avail27_3_0_,
        inventory0_.Available_UnitId as Avail28_3_0_,
        inventory0_.InitialLevel_Value as Initi29_3_0_,
        inventory0_.InitialLevel_UnitId as Initi30_3_0_,
        inventory0_.Shrinkage_Value as Shrin31_3_0_,
        inventory0_.Shrinkage_UnitId as Shrin32_3_0_,
        inventory0_.CurrentLevel_Value as Curre33_3_0_,
        inventory0_.CurrentLevel_UnitId as Curre34_3_0_,
        inventory0_.TargetLevel_Value as Targe35_3_0_,
        inventory0_.TargetLevel_UnitId as Targe36_3_0_,
        inventory0_.BelowTargetLevel_Value as Below37_3_0_,
        inventory0_.BelowTargetLevel_UnitId as Below38_3_0_,
        inventory0_.ReorderLevel_Value as Reord39_3_0_,
        inventory0_.ReorderLevel_UnitId as Reord40_3_0_,
        inventory0_.ReorderQuantity_Value as Reord41_3_0_,
        inventory0_.ReorderQuantity_UnitId as Reord42_3_0_,
        inventory0_.MinimumReorderQuantity_Value as Minim43_3_0_,
        inventory0_.MinimumReorderQuantity_UnitId as Minim44_3_0_ 
    FROM
        dbo.Inventories inventory0_ 
    WHERE
        inventory0_.InventoryId=@p0;
    @p0 = 0ba5213f-ca05-493d-8ad0-a72900bedecd [Type: Guid (0:0:0)]
NHibernate: 
    SELECT
        inventory0_.InventoryId as Invent1_3_0_,
        inventory0_.ConversionFactor as Conver2_3_0_,
        inventory0_.UnitOfMeasureId as UnitOf3_3_0_,
        inventory0_.UnitOfMeasureBaseId as UnitOf4_3_0_,
        inventory0_.BasePrice_Amount as BasePr5_3_0_,
        inventory0_.BasePrice_CurrencyId as BasePr6_3_0_,
        inventory0_.RetailPrice_Amount as Retail7_3_0_,
        inventory0_.RetailPrice_CurrencyId as Retail8_3_0_,
        inventory0_.WholeSalePrice_Amount as WholeS9_3_0_,
        inventory0_.WholeSalePrice_CurrencyId as Whole10_3_0_,
        inventory0_.BadStockPrice_Amount as BadSt11_3_0_,
        inventory0_.BadStockPrice_CurrencyId as BadSt12_3_0_,
        inventory0_.BadStock_Value as BadSt13_3_0_,
        inventory0_.BadStock_UnitId as BadSt14_3_0_,
        inventory0_.Received_Value as Recei15_3_0_,
        inventory0_.Received_UnitId as Recei16_3_0_,
        inventory0_.OnOrder_Value as OnOrd17_3_0_,
        inventory0_.OnOrder_UnitId as OnOrd18_3_0_,
        inventory0_.OnHand_Value as OnHan19_3_0_,
        inventory0_.OnHand_UnitId as OnHan20_3_0_,
        inventory0_.Allocated_Value as Alloc21_3_0_,
        inventory0_.Allocated_UnitId as Alloc22_3_0_,
        inventory0_.Shipped_Value as Shipp23_3_0_,
        inventory0_.Shipped_UnitId as Shipp24_3_0_,
        inventory0_.BackOrdered_Value as BackO25_3_0_,
        inventory0_.BackOrdered_UnitId as BackO26_3_0_,
        inventory0_.Available_Value as Avail27_3_0_,
        inventory0_.Available_UnitId as Avail28_3_0_,
        inventory0_.InitialLevel_Value as Initi29_3_0_,
        inventory0_.InitialLevel_UnitId as Initi30_3_0_,
        inventory0_.Shrinkage_Value as Shrin31_3_0_,
        inventory0_.Shrinkage_UnitId as Shrin32_3_0_,
        inventory0_.CurrentLevel_Value as Curre33_3_0_,
        inventory0_.CurrentLevel_UnitId as Curre34_3_0_,
        inventory0_.TargetLevel_Value as Targe35_3_0_,
        inventory0_.TargetLevel_UnitId as Targe36_3_0_,
        inventory0_.BelowTargetLevel_Value as Below37_3_0_,
        inventory0_.BelowTargetLevel_UnitId as Below38_3_0_,
        inventory0_.ReorderLevel_Value as Reord39_3_0_,
        inventory0_.ReorderLevel_UnitId as Reord40_3_0_,
        inventory0_.ReorderQuantity_Value as Reord41_3_0_,
        inventory0_.ReorderQuantity_UnitId as Reord42_3_0_,
        inventory0_.MinimumReorderQuantity_Value as Minim43_3_0_,
        inventory0_.MinimumReorderQuantity_UnitId as Minim44_3_0_ 
    FROM
        dbo.Inventories inventory0_ 
    WHERE
        inventory0_.InventoryId=@p0;
    @p0 = 2b3e8df7-c4e9-4a4c-96b7-a72900bededf [Type: Guid (0:0:0)]
NHibernate: 
    SELECT
        inventory0_.InventoryId as Invent1_3_0_,
        inventory0_.ConversionFactor as Conver2_3_0_,
        inventory0_.UnitOfMeasureId as UnitOf3_3_0_,
        inventory0_.UnitOfMeasureBaseId as UnitOf4_3_0_,
        inventory0_.BasePrice_Amount as BasePr5_3_0_,
        inventory0_.BasePrice_CurrencyId as BasePr6_3_0_,
        inventory0_.RetailPrice_Amount as Retail7_3_0_,
        inventory0_.RetailPrice_CurrencyId as Retail8_3_0_,
        inventory0_.WholeSalePrice_Amount as WholeS9_3_0_,
        inventory0_.WholeSalePrice_CurrencyId as Whole10_3_0_,
        inventory0_.BadStockPrice_Amount as BadSt11_3_0_,
        inventory0_.BadStockPrice_CurrencyId as BadSt12_3_0_,
        inventory0_.BadStock_Value as BadSt13_3_0_,
        inventory0_.BadStock_UnitId as BadSt14_3_0_,
        inventory0_.Received_Value as Recei15_3_0_,
        inventory0_.Received_UnitId as Recei16_3_0_,
        inventory0_.OnOrder_Value as OnOrd17_3_0_,
        inventory0_.OnOrder_UnitId as OnOrd18_3_0_,
        inventory0_.OnHand_Value as OnHan19_3_0_,
        inventory0_.OnHand_UnitId as OnHan20_3_0_,
        inventory0_.Allocated_Value as Alloc21_3_0_,
        inventory0_.Allocated_UnitId as Alloc22_3_0_,
        inventory0_.Shipped_Value as Shipp23_3_0_,
        inventory0_.Shipped_UnitId as Shipp24_3_0_,
        inventory0_.BackOrdered_Value as BackO25_3_0_,
        inventory0_.BackOrdered_UnitId as BackO26_3_0_,
        inventory0_.Available_Value as Avail27_3_0_,
        inventory0_.Available_UnitId as Avail28_3_0_,
        inventory0_.InitialLevel_Value as Initi29_3_0_,
        inventory0_.InitialLevel_UnitId as Initi30_3_0_,
        inventory0_.Shrinkage_Value as Shrin31_3_0_,
        inventory0_.Shrinkage_UnitId as Shrin32_3_0_,
        inventory0_.CurrentLevel_Value as Curre33_3_0_,
        inventory0_.CurrentLevel_UnitId as Curre34_3_0_,
        inventory0_.TargetLevel_Value as Targe35_3_0_,
        inventory0_.TargetLevel_UnitId as Targe36_3_0_,
        inventory0_.BelowTargetLevel_Value as Below37_3_0_,
        inventory0_.BelowTargetLevel_UnitId as Below38_3_0_,
        inventory0_.ReorderLevel_Value as Reord39_3_0_,
        inventory0_.ReorderLevel_UnitId as Reord40_3_0_,
        inventory0_.ReorderQuantity_Value as Reord41_3_0_,
        inventory0_.ReorderQuantity_UnitId as Reord42_3_0_,
        inventory0_.MinimumReorderQuantity_Value as Minim43_3_0_,
        inventory0_.MinimumReorderQuantity_UnitId as Minim44_3_0_ 
    FROM
        dbo.Inventories inventory0_ 
    WHERE
        inventory0_.InventoryId=@p0;
    @p0 = 0fe0a0dd-21e5-446d-9eed-a72900bedeec [Type: Guid (0:0:0)]
NHibernate: 
    select
        product0_.ProductId as Produ1_11_0_,
        inventory1_.InventoryId as Invent1_3_1_,
        product0_.Name as Name2_11_0_,
        product0_.Description as Descr3_11_0_,
        product0_.Image as Image4_11_0_,
        product0_.Discontinued as Disco5_11_0_,
        product0_.CategoryId as Categ6_11_0_,
        product0_.SupplierId as Suppl7_11_0_,
        inventory1_.ConversionFactor as Conver2_3_1_,
        inventory1_.UnitOfMeasureId as UnitOf3_3_1_,
        inventory1_.UnitOfMeasureBaseId as UnitOf4_3_1_,
        inventory1_.BasePrice_Amount as BasePr5_3_1_,
        inventory1_.BasePrice_CurrencyId as BasePr6_3_1_,
        inventory1_.RetailPrice_Amount as Retail7_3_1_,
        inventory1_.RetailPrice_CurrencyId as Retail8_3_1_,
        inventory1_.WholeSalePrice_Amount as WholeS9_3_1_,
        inventory1_.WholeSalePrice_CurrencyId as Whole10_3_1_,
        inventory1_.BadStockPrice_Amount as BadSt11_3_1_,
        inventory1_.BadStockPrice_CurrencyId as BadSt12_3_1_,
        inventory1_.BadStock_Value as BadSt13_3_1_,
        inventory1_.BadStock_UnitId as BadSt14_3_1_,
        inventory1_.Received_Value as Recei15_3_1_,
        inventory1_.Received_UnitId as Recei16_3_1_,
        inventory1_.OnOrder_Value as OnOrd17_3_1_,
        inventory1_.OnOrder_UnitId as OnOrd18_3_1_,
        inventory1_.OnHand_Value as OnHan19_3_1_,
        inventory1_.OnHand_UnitId as OnHan20_3_1_,
        inventory1_.Allocated_Value as Alloc21_3_1_,
        inventory1_.Allocated_UnitId as Alloc22_3_1_,
        inventory1_.Shipped_Value as Shipp23_3_1_,
        inventory1_.Shipped_UnitId as Shipp24_3_1_,
        inventory1_.BackOrdered_Value as BackO25_3_1_,
        inventory1_.BackOrdered_UnitId as BackO26_3_1_,
        inventory1_.Available_Value as Avail27_3_1_,
        inventory1_.Available_UnitId as Avail28_3_1_,
        inventory1_.InitialLevel_Value as Initi29_3_1_,
        inventory1_.InitialLevel_UnitId as Initi30_3_1_,
        inventory1_.Shrinkage_Value as Shrin31_3_1_,
        inventory1_.Shrinkage_UnitId as Shrin32_3_1_,
        inventory1_.CurrentLevel_Value as Curre33_3_1_,
        inventory1_.CurrentLevel_UnitId as Curre34_3_1_,
        inventory1_.TargetLevel_Value as Targe35_3_1_,
        inventory1_.TargetLevel_UnitId as Targe36_3_1_,
        inventory1_.BelowTargetLevel_Value as Below37_3_1_,
        inventory1_.BelowTargetLevel_UnitId as Below38_3_1_,
        inventory1_.ReorderLevel_Value as Reord39_3_1_,
        inventory1_.ReorderLevel_UnitId as Reord40_3_1_,
        inventory1_.ReorderQuantity_Value as Reord41_3_1_,
        inventory1_.ReorderQuantity_UnitId as Reord42_3_1_,
        inventory1_.MinimumReorderQuantity_Value as Minim43_3_1_,
        inventory1_.MinimumReorderQuantity_UnitId as Minim44_3_1_ 
    from
        dbo.Products product0_ 
    left outer join
        dbo.Inventories inventory1_ 
            on product0_.ProductId=inventory1_.InventoryId 
    where
        product0_.ProductId in (
            @p0 , @p1 , @p2 , @p3
        );
    @p0 = 2dd4466c-5098-41aa-98d7-a72900bedebe [Type: Guid (0:0:0)], @p1 = 0ba5213f-ca05-493d-8ad0-a72900bedecd [Type: Guid (0:0:0)], @p2 = 2b3e8df7-c4e9-4a4c-96b7-a72900bededf [Type: Guid (0:0:0)], @p3 = 0fe0a0dd-21e5-446d-9eed-a72900bedeec [Type: Guid (0:0:0)]
NHibernate: Batch commands:
command 0:
    INSERT 
    INTO
        dbo.PurchaseOrders
        (PurchaseOrderNumber, Status, ExpectedOn, CreatedOn, SubmittedOn, ApprovedOn, PaidOn, ReceivedOn, CompletedOn, CancelledOn, CancellationReason, PaymentTypeId, SupplierId, ShipperId, CreatedById, SubmittedById, ApprovedById, PaidById, ReceivedById, CompletedById, CancelledById, Tax_Amount, Tax_CurrencyId, ShippingFee_Amount, ShippingFee_CurrencyId, Discount_Amount, Discount_CurrencyId, SubTotal_Amount, SubTotal_CurrencyId, Total_Amount, Total_CurrencyId, Payment_Amount, Payment_CurrencyId, PurchaseOrderId) 
    VALUES
        (@p0, @p1, @p2, @p3, @p4, @p5, @p6, @p7, @p8, @p9, @p10, @p11, @p12, @p13, @p14, @p15, @p16, @p17, @p18, @p19, @p20, @p21, @p22, @p23, @p24, @p25, @p26, @p27, @p28, @p29, @p30, @p31, @p32, @p33);
    @p0 = NULL [Type: String (4000:0:0)], @p1 = 'New' [Type: String (4000:0:0)], @p2 = 2017-03-11T19:34:56.0000000 [Type: DateTime (0:0:0)], @p3 = 2017-03-01T19:34:56.0000000 [Type: DateTime (0:0:0)], @p4 = NULL [Type: DateTime (0:0:0)], @p5 = NULL [Type: DateTime (0:0:0)], @p6 = NULL [Type: DateTime (0:0:0)], @p7 = NULL [Type: DateTime (0:0:0)], @p8 = NULL [Type: DateTime (0:0:0)], @p9 = NULL [Type: DateTime (0:0:0)], @p10 = NULL [Type: String (4000:0:0)], @p11 = 'CS' [Type: String (4000:0:0)], @p12 = c955b115-ff72-421d-9a24-a72900bede7e [Type: Guid (0:0:0)], @p13 = NULL [Type: String (4000:0:0)], @p14 = ca42947a-0ba3-4fc8-86e0-a635014b6b11 [Type: Guid (0:0:0)], @p15 = NULL [Type: Guid (0:0:0)], @p16 = NULL [Type: Guid (0:0:0)], @p17 = NULL [Type: Guid (0:0:0)], @p18 = NULL [Type: Guid (0:0:0)], @p19 = NULL [Type: Guid (0:0:0)], @p20 = NULL [Type: Guid (0:0:0)], @p21 = 0 [Type: Decimal (0:5:28)], @p22 = 'PHP' [Type: String (4000:0:0)], @p23 = 0 [Type: Decimal (0:5:28)], @p24 = 'PHP' [Type: String (4000:0:0)], @p25 = NULL [Type: Decimal (0:5:28)], @p26 = NULL [Type: String (4000:0:0)], @p27 = NULL [Type: Decimal (0:5:28)], @p28 = NULL [Type: String (4000:0:0)], @p29 = 0 [Type: Decimal (0:5:28)], @p30 = 'PHP' [Type: String (4000:0:0)], @p31 = NULL [Type: Decimal (0:5:28)], @p32 = NULL [Type: String (4000:0:0)], @p33 = 7058c132-a2d7-4a5e-b6f0-a72900bedf98 [Type: Guid (0:0:0)]

NHibernate: Batch commands:
command 0:
    INSERT 
    INTO
        dbo.PurchaseOrderItems
        (PurchaseOrderId, ProductId, Quantity_Value, Quantity_UnitId, UnitCost_Amount, UnitCost_CurrencyId, ExtendedCost_Amount, ExtendedCost_CurrencyId, PurchaseOrderItemId) 
    VALUES
        (@p0, @p1, @p2, @p3, @p4, @p5, @p6, @p7, @p8);
    @p0 = 7058c132-a2d7-4a5e-b6f0-a72900bedf98 [Type: Guid (0:0:0)], @p1 = 2dd4466c-5098-41aa-98d7-a72900bedebe [Type: Guid (0:0:0)], @p2 = 12 [Type: Decimal (0:5:28)], @p3 = 'cm' [Type: String (4000:0:0)], @p4 = 2.59000 [Type: Decimal (0:5:28)], @p5 = 'PHP' [Type: String (4000:0:0)], @p6 = 31.08000 [Type: Decimal (0:5:28)], @p7 = 'PHP' [Type: String (4000:0:0)], @p8 = 6c3250e7-71e2-4fa1-a6fd-a72900bedf98 [Type: Guid (0:0:0)]
command 1:
    INSERT 
    INTO
        dbo.PurchaseOrderItems
        (PurchaseOrderId, ProductId, Quantity_Value, Quantity_UnitId, UnitCost_Amount, UnitCost_CurrencyId, ExtendedCost_Amount, ExtendedCost_CurrencyId, PurchaseOrderItemId) 
    VALUES
        (@p0, @p1, @p2, @p3, @p4, @p5, @p6, @p7, @p8);
    @p0 = 7058c132-a2d7-4a5e-b6f0-a72900bedf98 [Type: Guid (0:0:0)], @p1 = 0ba5213f-ca05-493d-8ad0-a72900bedecd [Type: Guid (0:0:0)], @p2 = 79 [Type: Decimal (0:5:28)], @p3 = 'hl' [Type: String (4000:0:0)], @p4 = 2.87000 [Type: Decimal (0:5:28)], @p5 = 'PHP' [Type: String (4000:0:0)], @p6 = 226.73000 [Type: Decimal (0:5:28)], @p7 = 'PHP' [Type: String (4000:0:0)], @p8 = a76522a5-a726-4368-914a-a72900bedf98 [Type: Guid (0:0:0)]
command 2:
    INSERT 
    INTO
        dbo.PurchaseOrderItems
        (PurchaseOrderId, ProductId, Quantity_Value, Quantity_UnitId, UnitCost_Amount, UnitCost_CurrencyId, ExtendedCost_Amount, ExtendedCost_CurrencyId, PurchaseOrderItemId) 
    VALUES
        (@p0, @p1, @p2, @p3, @p4, @p5, @p6, @p7, @p8);
    @p0 = 7058c132-a2d7-4a5e-b6f0-a72900bedf98 [Type: Guid (0:0:0)], @p1 = 2b3e8df7-c4e9-4a4c-96b7-a72900bededf [Type: Guid (0:0:0)], @p2 = 74 [Type: Decimal (0:5:28)], @p3 = 'cm' [Type: String (4000:0:0)], @p4 = 2.87000 [Type: Decimal (0:5:28)], @p5 = 'PHP' [Type: String (4000:0:0)], @p6 = 212.38000 [Type: Decimal (0:5:28)], @p7 = 'PHP' [Type: String (4000:0:0)], @p8 = 9e525f47-4c1e-4e21-b26d-a72900bedf98 [Type: Guid (0:0:0)]
command 3:
    INSERT 
    INTO
        dbo.PurchaseOrderItems
        (PurchaseOrderId, ProductId, Quantity_Value, Quantity_UnitId, UnitCost_Amount, UnitCost_CurrencyId, ExtendedCost_Amount, ExtendedCost_CurrencyId, PurchaseOrderItemId) 
    VALUES
        (@p0, @p1, @p2, @p3, @p4, @p5, @p6, @p7, @p8);
    @p0 = 7058c132-a2d7-4a5e-b6f0-a72900bedf98 [Type: Guid (0:0:0)], @p1 = 0fe0a0dd-21e5-446d-9eed-a72900bedeec [Type: Guid (0:0:0)], @p2 = 25 [Type: Decimal (0:5:28)], @p3 = 'l' [Type: String (4000:0:0)], @p4 = 2.38000 [Type: Decimal (0:5:28)], @p5 = 'PHP' [Type: String (4000:0:0)], @p6 = 59.50000 [Type: Decimal (0:5:28)], @p7 = 'PHP' [Type: String (4000:0:0)], @p8 = ecbe64d7-09ae-4d01-9e07-a72900bedf98 [Type: Guid (0:0:0)]

NHibernate: 
    select
        product0_.ProductId as Produ1_11_,
        product0_.Name as Name2_11_,
        product0_.Description as Descr3_11_,
        product0_.Image as Image4_11_,
        product0_.Discontinued as Disco5_11_,
        product0_.CategoryId as Categ6_11_,
        product0_.SupplierId as Suppl7_11_ 
    from
        dbo.Products product0_ 
    where
        product0_.SupplierId=@p0;
    @p0 = ad43fe9c-6954-4886-a8f4-a72900bede80 [Type: Guid (0:0:0)]
NHibernate: 
    SELECT
        inventory0_.InventoryId as Invent1_3_0_,
        inventory0_.ConversionFactor as Conver2_3_0_,
        inventory0_.UnitOfMeasureId as UnitOf3_3_0_,
        inventory0_.UnitOfMeasureBaseId as UnitOf4_3_0_,
        inventory0_.BasePrice_Amount as BasePr5_3_0_,
        inventory0_.BasePrice_CurrencyId as BasePr6_3_0_,
        inventory0_.RetailPrice_Amount as Retail7_3_0_,
        inventory0_.RetailPrice_CurrencyId as Retail8_3_0_,
        inventory0_.WholeSalePrice_Amount as WholeS9_3_0_,
        inventory0_.WholeSalePrice_CurrencyId as Whole10_3_0_,
        inventory0_.BadStockPrice_Amount as BadSt11_3_0_,
        inventory0_.BadStockPrice_CurrencyId as BadSt12_3_0_,
        inventory0_.BadStock_Value as BadSt13_3_0_,
        inventory0_.BadStock_UnitId as BadSt14_3_0_,
        inventory0_.Received_Value as Recei15_3_0_,
        inventory0_.Received_UnitId as Recei16_3_0_,
        inventory0_.OnOrder_Value as OnOrd17_3_0_,
        inventory0_.OnOrder_UnitId as OnOrd18_3_0_,
        inventory0_.OnHand_Value as OnHan19_3_0_,
        inventory0_.OnHand_UnitId as OnHan20_3_0_,
        inventory0_.Allocated_Value as Alloc21_3_0_,
        inventory0_.Allocated_UnitId as Alloc22_3_0_,
        inventory0_.Shipped_Value as Shipp23_3_0_,
        inventory0_.Shipped_UnitId as Shipp24_3_0_,
        inventory0_.BackOrdered_Value as BackO25_3_0_,
        inventory0_.BackOrdered_UnitId as BackO26_3_0_,
        inventory0_.Available_Value as Avail27_3_0_,
        inventory0_.Available_UnitId as Avail28_3_0_,
        inventory0_.InitialLevel_Value as Initi29_3_0_,
        inventory0_.InitialLevel_UnitId as Initi30_3_0_,
        inventory0_.Shrinkage_Value as Shrin31_3_0_,
        inventory0_.Shrinkage_UnitId as Shrin32_3_0_,
        inventory0_.CurrentLevel_Value as Curre33_3_0_,
        inventory0_.CurrentLevel_UnitId as Curre34_3_0_,
        inventory0_.TargetLevel_Value as Targe35_3_0_,
        inventory0_.TargetLevel_UnitId as Targe36_3_0_,
        inventory0_.BelowTargetLevel_Value as Below37_3_0_,
        inventory0_.BelowTargetLevel_UnitId as Below38_3_0_,
        inventory0_.ReorderLevel_Value as Reord39_3_0_,
        inventory0_.ReorderLevel_UnitId as Reord40_3_0_,
        inventory0_.ReorderQuantity_Value as Reord41_3_0_,
        inventory0_.ReorderQuantity_UnitId as Reord42_3_0_,
        inventory0_.MinimumReorderQuantity_Value as Minim43_3_0_,
        inventory0_.MinimumReorderQuantity_UnitId as Minim44_3_0_ 
    FROM
        dbo.Inventories inventory0_ 
    WHERE
        inventory0_.InventoryId=@p0;
    @p0 = 9d087926-8eca-43f6-bffb-a72900bedec9 [Type: Guid (0:0:0)]
NHibernate: 
    SELECT
        inventory0_.InventoryId as Invent1_3_0_,
        inventory0_.ConversionFactor as Conver2_3_0_,
        inventory0_.UnitOfMeasureId as UnitOf3_3_0_,
        inventory0_.UnitOfMeasureBaseId as UnitOf4_3_0_,
        inventory0_.BasePrice_Amount as BasePr5_3_0_,
        inventory0_.BasePrice_CurrencyId as BasePr6_3_0_,
        inventory0_.RetailPrice_Amount as Retail7_3_0_,
        inventory0_.RetailPrice_CurrencyId as Retail8_3_0_,
        inventory0_.WholeSalePrice_Amount as WholeS9_3_0_,
        inventory0_.WholeSalePrice_CurrencyId as Whole10_3_0_,
        inventory0_.BadStockPrice_Amount as BadSt11_3_0_,
        inventory0_.BadStockPrice_CurrencyId as BadSt12_3_0_,
        inventory0_.BadStock_Value as BadSt13_3_0_,
        inventory0_.BadStock_UnitId as BadSt14_3_0_,
        inventory0_.Received_Value as Recei15_3_0_,
        inventory0_.Received_UnitId as Recei16_3_0_,
        inventory0_.OnOrder_Value as OnOrd17_3_0_,
        inventory0_.OnOrder_UnitId as OnOrd18_3_0_,
        inventory0_.OnHand_Value as OnHan19_3_0_,
        inventory0_.OnHand_UnitId as OnHan20_3_0_,
        inventory0_.Allocated_Value as Alloc21_3_0_,
        inventory0_.Allocated_UnitId as Alloc22_3_0_,
        inventory0_.Shipped_Value as Shipp23_3_0_,
        inventory0_.Shipped_UnitId as Shipp24_3_0_,
        inventory0_.BackOrdered_Value as BackO25_3_0_,
        inventory0_.BackOrdered_UnitId as BackO26_3_0_,
        inventory0_.Available_Value as Avail27_3_0_,
        inventory0_.Available_UnitId as Avail28_3_0_,
        inventory0_.InitialLevel_Value as Initi29_3_0_,
        inventory0_.InitialLevel_UnitId as Initi30_3_0_,
        inventory0_.Shrinkage_Value as Shrin31_3_0_,
        inventory0_.Shrinkage_UnitId as Shrin32_3_0_,
        inventory0_.CurrentLevel_Value as Curre33_3_0_,
        inventory0_.CurrentLevel_UnitId as Curre34_3_0_,
        inventory0_.TargetLevel_Value as Targe35_3_0_,
        inventory0_.TargetLevel_UnitId as Targe36_3_0_,
        inventory0_.BelowTargetLevel_Value as Below37_3_0_,
        inventory0_.BelowTargetLevel_UnitId as Below38_3_0_,
        inventory0_.ReorderLevel_Value as Reord39_3_0_,
        inventory0_.ReorderLevel_UnitId as Reord40_3_0_,
        inventory0_.ReorderQuantity_Value as Reord41_3_0_,
        inventory0_.ReorderQuantity_UnitId as Reord42_3_0_,
        inventory0_.MinimumReorderQuantity_Value as Minim43_3_0_,
        inventory0_.MinimumReorderQuantity_UnitId as Minim44_3_0_ 
    FROM
        dbo.Inventories inventory0_ 
    WHERE
        inventory0_.InventoryId=@p0;
    @p0 = 61c58cad-6fc7-45a0-9851-a72900bededc [Type: Guid (0:0:0)]
NHibernate: 
    select
        product0_.ProductId as Produ1_11_0_,
        inventory1_.InventoryId as Invent1_3_1_,
        product0_.Name as Name2_11_0_,
        product0_.Description as Descr3_11_0_,
        product0_.Image as Image4_11_0_,
        product0_.Discontinued as Disco5_11_0_,
        product0_.CategoryId as Categ6_11_0_,
        product0_.SupplierId as Suppl7_11_0_,
        inventory1_.ConversionFactor as Conver2_3_1_,
        inventory1_.UnitOfMeasureId as UnitOf3_3_1_,
        inventory1_.UnitOfMeasureBaseId as UnitOf4_3_1_,
        inventory1_.BasePrice_Amount as BasePr5_3_1_,
        inventory1_.BasePrice_CurrencyId as BasePr6_3_1_,
        inventory1_.RetailPrice_Amount as Retail7_3_1_,
        inventory1_.RetailPrice_CurrencyId as Retail8_3_1_,
        inventory1_.WholeSalePrice_Amount as WholeS9_3_1_,
        inventory1_.WholeSalePrice_CurrencyId as Whole10_3_1_,
        inventory1_.BadStockPrice_Amount as BadSt11_3_1_,
        inventory1_.BadStockPrice_CurrencyId as BadSt12_3_1_,
        inventory1_.BadStock_Value as BadSt13_3_1_,
        inventory1_.BadStock_UnitId as BadSt14_3_1_,
        inventory1_.Received_Value as Recei15_3_1_,
        inventory1_.Received_UnitId as Recei16_3_1_,
        inventory1_.OnOrder_Value as OnOrd17_3_1_,
        inventory1_.OnOrder_UnitId as OnOrd18_3_1_,
        inventory1_.OnHand_Value as OnHan19_3_1_,
        inventory1_.OnHand_UnitId as OnHan20_3_1_,
        inventory1_.Allocated_Value as Alloc21_3_1_,
        inventory1_.Allocated_UnitId as Alloc22_3_1_,
        inventory1_.Shipped_Value as Shipp23_3_1_,
        inventory1_.Shipped_UnitId as Shipp24_3_1_,
        inventory1_.BackOrdered_Value as BackO25_3_1_,
        inventory1_.BackOrdered_UnitId as BackO26_3_1_,
        inventory1_.Available_Value as Avail27_3_1_,
        inventory1_.Available_UnitId as Avail28_3_1_,
        inventory1_.InitialLevel_Value as Initi29_3_1_,
        inventory1_.InitialLevel_UnitId as Initi30_3_1_,
        inventory1_.Shrinkage_Value as Shrin31_3_1_,
        inventory1_.Shrinkage_UnitId as Shrin32_3_1_,
        inventory1_.CurrentLevel_Value as Curre33_3_1_,
        inventory1_.CurrentLevel_UnitId as Curre34_3_1_,
        inventory1_.TargetLevel_Value as Targe35_3_1_,
        inventory1_.TargetLevel_UnitId as Targe36_3_1_,
        inventory1_.BelowTargetLevel_Value as Below37_3_1_,
        inventory1_.BelowTargetLevel_UnitId as Below38_3_1_,
        inventory1_.ReorderLevel_Value as Reord39_3_1_,
        inventory1_.ReorderLevel_UnitId as Reord40_3_1_,
        inventory1_.ReorderQuantity_Value as Reord41_3_1_,
        inventory1_.ReorderQuantity_UnitId as Reord42_3_1_,
        inventory1_.MinimumReorderQuantity_Value as Minim43_3_1_,
        inventory1_.MinimumReorderQuantity_UnitId as Minim44_3_1_ 
    from
        dbo.Products product0_ 
    left outer join
        dbo.Inventories inventory1_ 
            on product0_.ProductId=inventory1_.InventoryId 
    where
        product0_.ProductId in (
            @p0 , @p1
        );
    @p0 = 9d087926-8eca-43f6-bffb-a72900bedec9 [Type: Guid (0:0:0)], @p1 = 61c58cad-6fc7-45a0-9851-a72900bededc [Type: Guid (0:0:0)]
NHibernate: Batch commands:
command 0:
    INSERT 
    INTO
        dbo.PurchaseOrders
        (PurchaseOrderNumber, Status, ExpectedOn, CreatedOn, SubmittedOn, ApprovedOn, PaidOn, ReceivedOn, CompletedOn, CancelledOn, CancellationReason, PaymentTypeId, SupplierId, ShipperId, CreatedById, SubmittedById, ApprovedById, PaidById, ReceivedById, CompletedById, CancelledById, Tax_Amount, Tax_CurrencyId, ShippingFee_Amount, ShippingFee_CurrencyId, Discount_Amount, Discount_CurrencyId, SubTotal_Amount, SubTotal_CurrencyId, Total_Amount, Total_CurrencyId, Payment_Amount, Payment_CurrencyId, PurchaseOrderId) 
    VALUES
        (@p0, @p1, @p2, @p3, @p4, @p5, @p6, @p7, @p8, @p9, @p10, @p11, @p12, @p13, @p14, @p15, @p16, @p17, @p18, @p19, @p20, @p21, @p22, @p23, @p24, @p25, @p26, @p27, @p28, @p29, @p30, @p31, @p32, @p33);
    @p0 = NULL [Type: String (4000:0:0)], @p1 = 'New' [Type: String (4000:0:0)], @p2 = 2017-03-11T19:34:56.0000000 [Type: DateTime (0:0:0)], @p3 = 2017-03-01T19:34:56.0000000 [Type: DateTime (0:0:0)], @p4 = NULL [Type: DateTime (0:0:0)], @p5 = NULL [Type: DateTime (0:0:0)], @p6 = NULL [Type: DateTime (0:0:0)], @p7 = NULL [Type: DateTime (0:0:0)], @p8 = NULL [Type: DateTime (0:0:0)], @p9 = NULL [Type: DateTime (0:0:0)], @p10 = NULL [Type: String (4000:0:0)], @p11 = 'CC' [Type: String (4000:0:0)], @p12 = ad43fe9c-6954-4886-a8f4-a72900bede80 [Type: Guid (0:0:0)], @p13 = NULL [Type: String (4000:0:0)], @p14 = ca42947a-0ba3-4fc8-86e0-a635014b6b11 [Type: Guid (0:0:0)], @p15 = NULL [Type: Guid (0:0:0)], @p16 = NULL [Type: Guid (0:0:0)], @p17 = NULL [Type: Guid (0:0:0)], @p18 = NULL [Type: Guid (0:0:0)], @p19 = NULL [Type: Guid (0:0:0)], @p20 = NULL [Type: Guid (0:0:0)], @p21 = 0 [Type: Decimal (0:5:28)], @p22 = 'PHP' [Type: String (4000:0:0)], @p23 = 0 [Type: Decimal (0:5:28)], @p24 = 'PHP' [Type: String (4000:0:0)], @p25 = NULL [Type: Decimal (0:5:28)], @p26 = NULL [Type: String (4000:0:0)], @p27 = NULL [Type: Decimal (0:5:28)], @p28 = NULL [Type: String (4000:0:0)], @p29 = 0 [Type: Decimal (0:5:28)], @p30 = 'PHP' [Type: String (4000:0:0)], @p31 = NULL [Type: Decimal (0:5:28)], @p32 = NULL [Type: String (4000:0:0)], @p33 = 0152e3fd-0699-48c0-98c7-a72900bedfa0 [Type: Guid (0:0:0)]

NHibernate: Batch commands:
command 0:
    INSERT 
    INTO
        dbo.PurchaseOrderItems
        (PurchaseOrderId, ProductId, Quantity_Value, Quantity_UnitId, UnitCost_Amount, UnitCost_CurrencyId, ExtendedCost_Amount, ExtendedCost_CurrencyId, PurchaseOrderItemId) 
    VALUES
        (@p0, @p1, @p2, @p3, @p4, @p5, @p6, @p7, @p8);
    @p0 = 0152e3fd-0699-48c0-98c7-a72900bedfa0 [Type: Guid (0:0:0)], @p1 = 9d087926-8eca-43f6-bffb-a72900bedec9 [Type: Guid (0:0:0)], @p2 = 70 [Type: Decimal (0:5:28)], @p3 = 'g' [Type: String (4000:0:0)], @p4 = 2.22000 [Type: Decimal (0:5:28)], @p5 = 'PHP' [Type: String (4000:0:0)], @p6 = 155.40000 [Type: Decimal (0:5:28)], @p7 = 'PHP' [Type: String (4000:0:0)], @p8 = 5596c09f-0771-4bf6-aa0a-a72900bedfa0 [Type: Guid (0:0:0)]
command 1:
    INSERT 
    INTO
        dbo.PurchaseOrderItems
        (PurchaseOrderId, ProductId, Quantity_Value, Quantity_UnitId, UnitCost_Amount, UnitCost_CurrencyId, ExtendedCost_Amount, ExtendedCost_CurrencyId, PurchaseOrderItemId) 
    VALUES
        (@p0, @p1, @p2, @p3, @p4, @p5, @p6, @p7, @p8);
    @p0 = 0152e3fd-0699-48c0-98c7-a72900bedfa0 [Type: Guid (0:0:0)], @p1 = 61c58cad-6fc7-45a0-9851-a72900bededc [Type: Guid (0:0:0)], @p2 = 66 [Type: Decimal (0:5:28)], @p3 = 'kl' [Type: String (4000:0:0)], @p4 = 2.47000 [Type: Decimal (0:5:28)], @p5 = 'PHP' [Type: String (4000:0:0)], @p6 = 163.02000 [Type: Decimal (0:5:28)], @p7 = 'PHP' [Type: String (4000:0:0)], @p8 = 93803863-a7a4-471a-82ec-a72900bedfa0 [Type: Guid (0:0:0)]

NHibernate: 
    select
        product0_.ProductId as Produ1_11_,
        product0_.Name as Name2_11_,
        product0_.Description as Descr3_11_,
        product0_.Image as Image4_11_,
        product0_.Discontinued as Disco5_11_,
        product0_.CategoryId as Categ6_11_,
        product0_.SupplierId as Suppl7_11_ 
    from
        dbo.Products product0_ 
    where
        product0_.SupplierId=@p0;
    @p0 = aa94c6ef-c890-4e4c-a462-a72900bede73 [Type: Guid (0:0:0)]
NHibernate: 
    SELECT
        inventory0_.InventoryId as Invent1_3_0_,
        inventory0_.ConversionFactor as Conver2_3_0_,
        inventory0_.UnitOfMeasureId as UnitOf3_3_0_,
        inventory0_.UnitOfMeasureBaseId as UnitOf4_3_0_,
        inventory0_.BasePrice_Amount as BasePr5_3_0_,
        inventory0_.BasePrice_CurrencyId as BasePr6_3_0_,
        inventory0_.RetailPrice_Amount as Retail7_3_0_,
        inventory0_.RetailPrice_CurrencyId as Retail8_3_0_,
        inventory0_.WholeSalePrice_Amount as WholeS9_3_0_,
        inventory0_.WholeSalePrice_CurrencyId as Whole10_3_0_,
        inventory0_.BadStockPrice_Amount as BadSt11_3_0_,
        inventory0_.BadStockPrice_CurrencyId as BadSt12_3_0_,
        inventory0_.BadStock_Value as BadSt13_3_0_,
        inventory0_.BadStock_UnitId as BadSt14_3_0_,
        inventory0_.Received_Value as Recei15_3_0_,
        inventory0_.Received_UnitId as Recei16_3_0_,
        inventory0_.OnOrder_Value as OnOrd17_3_0_,
        inventory0_.OnOrder_UnitId as OnOrd18_3_0_,
        inventory0_.OnHand_Value as OnHan19_3_0_,
        inventory0_.OnHand_UnitId as OnHan20_3_0_,
        inventory0_.Allocated_Value as Alloc21_3_0_,
        inventory0_.Allocated_UnitId as Alloc22_3_0_,
        inventory0_.Shipped_Value as Shipp23_3_0_,
        inventory0_.Shipped_UnitId as Shipp24_3_0_,
        inventory0_.BackOrdered_Value as BackO25_3_0_,
        inventory0_.BackOrdered_UnitId as BackO26_3_0_,
        inventory0_.Available_Value as Avail27_3_0_,
        inventory0_.Available_UnitId as Avail28_3_0_,
        inventory0_.InitialLevel_Value as Initi29_3_0_,
        inventory0_.InitialLevel_UnitId as Initi30_3_0_,
        inventory0_.Shrinkage_Value as Shrin31_3_0_,
        inventory0_.Shrinkage_UnitId as Shrin32_3_0_,
        inventory0_.CurrentLevel_Value as Curre33_3_0_,
        inventory0_.CurrentLevel_UnitId as Curre34_3_0_,
        inventory0_.TargetLevel_Value as Targe35_3_0_,
        inventory0_.TargetLevel_UnitId as Targe36_3_0_,
        inventory0_.BelowTargetLevel_Value as Below37_3_0_,
        inventory0_.BelowTargetLevel_UnitId as Below38_3_0_,
        inventory0_.ReorderLevel_Value as Reord39_3_0_,
        inventory0_.ReorderLevel_UnitId as Reord40_3_0_,
        inventory0_.ReorderQuantity_Value as Reord41_3_0_,
        inventory0_.ReorderQuantity_UnitId as Reord42_3_0_,
        inventory0_.MinimumReorderQuantity_Value as Minim43_3_0_,
        inventory0_.MinimumReorderQuantity_UnitId as Minim44_3_0_ 
    FROM
        dbo.Inventories inventory0_ 
    WHERE
        inventory0_.InventoryId=@p0;
    @p0 = c9e99269-49ee-41d2-a8aa-a72900bedee9 [Type: Guid (0:0:0)]
NHibernate: 
    select
        product0_.ProductId as Produ1_11_0_,
        inventory1_.InventoryId as Invent1_3_1_,
        product0_.Name as Name2_11_0_,
        product0_.Description as Descr3_11_0_,
        product0_.Image as Image4_11_0_,
        product0_.Discontinued as Disco5_11_0_,
        product0_.CategoryId as Categ6_11_0_,
        product0_.SupplierId as Suppl7_11_0_,
        inventory1_.ConversionFactor as Conver2_3_1_,
        inventory1_.UnitOfMeasureId as UnitOf3_3_1_,
        inventory1_.UnitOfMeasureBaseId as UnitOf4_3_1_,
        inventory1_.BasePrice_Amount as BasePr5_3_1_,
        inventory1_.BasePrice_CurrencyId as BasePr6_3_1_,
        inventory1_.RetailPrice_Amount as Retail7_3_1_,
        inventory1_.RetailPrice_CurrencyId as Retail8_3_1_,
        inventory1_.WholeSalePrice_Amount as WholeS9_3_1_,
        inventory1_.WholeSalePrice_CurrencyId as Whole10_3_1_,
        inventory1_.BadStockPrice_Amount as BadSt11_3_1_,
        inventory1_.BadStockPrice_CurrencyId as BadSt12_3_1_,
        inventory1_.BadStock_Value as BadSt13_3_1_,
        inventory1_.BadStock_UnitId as BadSt14_3_1_,
        inventory1_.Received_Value as Recei15_3_1_,
        inventory1_.Received_UnitId as Recei16_3_1_,
        inventory1_.OnOrder_Value as OnOrd17_3_1_,
        inventory1_.OnOrder_UnitId as OnOrd18_3_1_,
        inventory1_.OnHand_Value as OnHan19_3_1_,
        inventory1_.OnHand_UnitId as OnHan20_3_1_,
        inventory1_.Allocated_Value as Alloc21_3_1_,
        inventory1_.Allocated_UnitId as Alloc22_3_1_,
        inventory1_.Shipped_Value as Shipp23_3_1_,
        inventory1_.Shipped_UnitId as Shipp24_3_1_,
        inventory1_.BackOrdered_Value as BackO25_3_1_,
        inventory1_.BackOrdered_UnitId as BackO26_3_1_,
        inventory1_.Available_Value as Avail27_3_1_,
        inventory1_.Available_UnitId as Avail28_3_1_,
        inventory1_.InitialLevel_Value as Initi29_3_1_,
        inventory1_.InitialLevel_UnitId as Initi30_3_1_,
        inventory1_.Shrinkage_Value as Shrin31_3_1_,
        inventory1_.Shrinkage_UnitId as Shrin32_3_1_,
        inventory1_.CurrentLevel_Value as Curre33_3_1_,
        inventory1_.CurrentLevel_UnitId as Curre34_3_1_,
        inventory1_.TargetLevel_Value as Targe35_3_1_,
        inventory1_.TargetLevel_UnitId as Targe36_3_1_,
        inventory1_.BelowTargetLevel_Value as Below37_3_1_,
        inventory1_.BelowTargetLevel_UnitId as Below38_3_1_,
        inventory1_.ReorderLevel_Value as Reord39_3_1_,
        inventory1_.ReorderLevel_UnitId as Reord40_3_1_,
        inventory1_.ReorderQuantity_Value as Reord41_3_1_,
        inventory1_.ReorderQuantity_UnitId as Reord42_3_1_,
        inventory1_.MinimumReorderQuantity_Value as Minim43_3_1_,
        inventory1_.MinimumReorderQuantity_UnitId as Minim44_3_1_ 
    from
        dbo.Products product0_ 
    left outer join
        dbo.Inventories inventory1_ 
            on product0_.ProductId=inventory1_.InventoryId 
    where
        product0_.ProductId in (
            @p0
        );
    @p0 = c9e99269-49ee-41d2-a8aa-a72900bedee9 [Type: Guid (0:0:0)]
NHibernate: Batch commands:
command 0:
    INSERT 
    INTO
        dbo.PurchaseOrders
        (PurchaseOrderNumber, Status, ExpectedOn, CreatedOn, SubmittedOn, ApprovedOn, PaidOn, ReceivedOn, CompletedOn, CancelledOn, CancellationReason, PaymentTypeId, SupplierId, ShipperId, CreatedById, SubmittedById, ApprovedById, PaidById, ReceivedById, CompletedById, CancelledById, Tax_Amount, Tax_CurrencyId, ShippingFee_Amount, ShippingFee_CurrencyId, Discount_Amount, Discount_CurrencyId, SubTotal_Amount, SubTotal_CurrencyId, Total_Amount, Total_CurrencyId, Payment_Amount, Payment_CurrencyId, PurchaseOrderId) 
    VALUES
        (@p0, @p1, @p2, @p3, @p4, @p5, @p6, @p7, @p8, @p9, @p10, @p11, @p12, @p13, @p14, @p15, @p16, @p17, @p18, @p19, @p20, @p21, @p22, @p23, @p24, @p25, @p26, @p27, @p28, @p29, @p30, @p31, @p32, @p33);
    @p0 = NULL [Type: String (4000:0:0)], @p1 = 'New' [Type: String (4000:0:0)], @p2 = 2017-03-11T19:34:56.0000000 [Type: DateTime (0:0:0)], @p3 = 2017-03-01T19:34:56.0000000 [Type: DateTime (0:0:0)], @p4 = NULL [Type: DateTime (0:0:0)], @p5 = NULL [Type: DateTime (0:0:0)], @p6 = NULL [Type: DateTime (0:0:0)], @p7 = NULL [Type: DateTime (0:0:0)], @p8 = NULL [Type: DateTime (0:0:0)], @p9 = NULL [Type: DateTime (0:0:0)], @p10 = NULL [Type: String (4000:0:0)], @p11 = 'CC' [Type: String (4000:0:0)], @p12 = aa94c6ef-c890-4e4c-a462-a72900bede73 [Type: Guid (0:0:0)], @p13 = NULL [Type: String (4000:0:0)], @p14 = 5c2b8cdf-64e5-483b-9252-a72900bede26 [Type: Guid (0:0:0)], @p15 = NULL [Type: Guid (0:0:0)], @p16 = NULL [Type: Guid (0:0:0)], @p17 = NULL [Type: Guid (0:0:0)], @p18 = NULL [Type: Guid (0:0:0)], @p19 = NULL [Type: Guid (0:0:0)], @p20 = NULL [Type: Guid (0:0:0)], @p21 = 0 [Type: Decimal (0:5:28)], @p22 = 'PHP' [Type: String (4000:0:0)], @p23 = 0 [Type: Decimal (0:5:28)], @p24 = 'PHP' [Type: String (4000:0:0)], @p25 = NULL [Type: Decimal (0:5:28)], @p26 = NULL [Type: String (4000:0:0)], @p27 = NULL [Type: Decimal (0:5:28)], @p28 = NULL [Type: String (4000:0:0)], @p29 = 0 [Type: Decimal (0:5:28)], @p30 = 'PHP' [Type: String (4000:0:0)], @p31 = NULL [Type: Decimal (0:5:28)], @p32 = NULL [Type: String (4000:0:0)], @p33 = a718292a-442c-4145-aea3-a72900bedfa5 [Type: Guid (0:0:0)]

NHibernate: Batch commands:
command 0:
    INSERT 
    INTO
        dbo.PurchaseOrderItems
        (PurchaseOrderId, ProductId, Quantity_Value, Quantity_UnitId, UnitCost_Amount, UnitCost_CurrencyId, ExtendedCost_Amount, ExtendedCost_CurrencyId, PurchaseOrderItemId) 
    VALUES
        (@p0, @p1, @p2, @p3, @p4, @p5, @p6, @p7, @p8);
    @p0 = a718292a-442c-4145-aea3-a72900bedfa5 [Type: Guid (0:0:0)], @p1 = c9e99269-49ee-41d2-a8aa-a72900bedee9 [Type: Guid (0:0:0)], @p2 = 13 [Type: Decimal (0:5:28)], @p3 = 'g' [Type: String (4000:0:0)], @p4 = 2.89000 [Type: Decimal (0:5:28)], @p5 = 'PHP' [Type: String (4000:0:0)], @p6 = 37.57000 [Type: Decimal (0:5:28)], @p7 = 'PHP' [Type: String (4000:0:0)], @p8 = ff784906-f3be-45be-aada-a72900bedfa5 [Type: Guid (0:0:0)]

NHibernate: 
    select
        product0_.ProductId as Produ1_11_,
        product0_.Name as Name2_11_,
        product0_.Description as Descr3_11_,
        product0_.Image as Image4_11_,
        product0_.Discontinued as Disco5_11_,
        product0_.CategoryId as Categ6_11_,
        product0_.SupplierId as Suppl7_11_ 
    from
        dbo.Products product0_ 
    where
        product0_.SupplierId=@p0;
    @p0 = c955b115-ff72-421d-9a24-a72900bede7e [Type: Guid (0:0:0)]
NHibernate: 
    SELECT
        inventory0_.InventoryId as Invent1_3_0_,
        inventory0_.ConversionFactor as Conver2_3_0_,
        inventory0_.UnitOfMeasureId as UnitOf3_3_0_,
        inventory0_.UnitOfMeasureBaseId as UnitOf4_3_0_,
        inventory0_.BasePrice_Amount as BasePr5_3_0_,
        inventory0_.BasePrice_CurrencyId as BasePr6_3_0_,
        inventory0_.RetailPrice_Amount as Retail7_3_0_,
        inventory0_.RetailPrice_CurrencyId as Retail8_3_0_,
        inventory0_.WholeSalePrice_Amount as WholeS9_3_0_,
        inventory0_.WholeSalePrice_CurrencyId as Whole10_3_0_,
        inventory0_.BadStockPrice_Amount as BadSt11_3_0_,
        inventory0_.BadStockPrice_CurrencyId as BadSt12_3_0_,
        inventory0_.BadStock_Value as BadSt13_3_0_,
        inventory0_.BadStock_UnitId as BadSt14_3_0_,
        inventory0_.Received_Value as Recei15_3_0_,
        inventory0_.Received_UnitId as Recei16_3_0_,
        inventory0_.OnOrder_Value as OnOrd17_3_0_,
        inventory0_.OnOrder_UnitId as OnOrd18_3_0_,
        inventory0_.OnHand_Value as OnHan19_3_0_,
        inventory0_.OnHand_UnitId as OnHan20_3_0_,
        inventory0_.Allocated_Value as Alloc21_3_0_,
        inventory0_.Allocated_UnitId as Alloc22_3_0_,
        inventory0_.Shipped_Value as Shipp23_3_0_,
        inventory0_.Shipped_UnitId as Shipp24_3_0_,
        inventory0_.BackOrdered_Value as BackO25_3_0_,
        inventory0_.BackOrdered_UnitId as BackO26_3_0_,
        inventory0_.Available_Value as Avail27_3_0_,
        inventory0_.Available_UnitId as Avail28_3_0_,
        inventory0_.InitialLevel_Value as Initi29_3_0_,
        inventory0_.InitialLevel_UnitId as Initi30_3_0_,
        inventory0_.Shrinkage_Value as Shrin31_3_0_,
        inventory0_.Shrinkage_UnitId as Shrin32_3_0_,
        inventory0_.CurrentLevel_Value as Curre33_3_0_,
        inventory0_.CurrentLevel_UnitId as Curre34_3_0_,
        inventory0_.TargetLevel_Value as Targe35_3_0_,
        inventory0_.TargetLevel_UnitId as Targe36_3_0_,
        inventory0_.BelowTargetLevel_Value as Below37_3_0_,
        inventory0_.BelowTargetLevel_UnitId as Below38_3_0_,
        inventory0_.ReorderLevel_Value as Reord39_3_0_,
        inventory0_.ReorderLevel_UnitId as Reord40_3_0_,
        inventory0_.ReorderQuantity_Value as Reord41_3_0_,
        inventory0_.ReorderQuantity_UnitId as Reord42_3_0_,
        inventory0_.MinimumReorderQuantity_Value as Minim43_3_0_,
        inventory0_.MinimumReorderQuantity_UnitId as Minim44_3_0_ 
    FROM
        dbo.Inventories inventory0_ 
    WHERE
        inventory0_.InventoryId=@p0;
    @p0 = 2dd4466c-5098-41aa-98d7-a72900bedebe [Type: Guid (0:0:0)]
NHibernate: 
    SELECT
        inventory0_.InventoryId as Invent1_3_0_,
        inventory0_.ConversionFactor as Conver2_3_0_,
        inventory0_.UnitOfMeasureId as UnitOf3_3_0_,
        inventory0_.UnitOfMeasureBaseId as UnitOf4_3_0_,
        inventory0_.BasePrice_Amount as BasePr5_3_0_,
        inventory0_.BasePrice_CurrencyId as BasePr6_3_0_,
        inventory0_.RetailPrice_Amount as Retail7_3_0_,
        inventory0_.RetailPrice_CurrencyId as Retail8_3_0_,
        inventory0_.WholeSalePrice_Amount as WholeS9_3_0_,
        inventory0_.WholeSalePrice_CurrencyId as Whole10_3_0_,
        inventory0_.BadStockPrice_Amount as BadSt11_3_0_,
        inventory0_.BadStockPrice_CurrencyId as BadSt12_3_0_,
        inventory0_.BadStock_Value as BadSt13_3_0_,
        inventory0_.BadStock_UnitId as BadSt14_3_0_,
        inventory0_.Received_Value as Recei15_3_0_,
        inventory0_.Received_UnitId as Recei16_3_0_,
        inventory0_.OnOrder_Value as OnOrd17_3_0_,
        inventory0_.OnOrder_UnitId as OnOrd18_3_0_,
        inventory0_.OnHand_Value as OnHan19_3_0_,
        inventory0_.OnHand_UnitId as OnHan20_3_0_,
        inventory0_.Allocated_Value as Alloc21_3_0_,
        inventory0_.Allocated_UnitId as Alloc22_3_0_,
        inventory0_.Shipped_Value as Shipp23_3_0_,
        inventory0_.Shipped_UnitId as Shipp24_3_0_,
        inventory0_.BackOrdered_Value as BackO25_3_0_,
        inventory0_.BackOrdered_UnitId as BackO26_3_0_,
        inventory0_.Available_Value as Avail27_3_0_,
        inventory0_.Available_UnitId as Avail28_3_0_,
        inventory0_.InitialLevel_Value as Initi29_3_0_,
        inventory0_.InitialLevel_UnitId as Initi30_3_0_,
        inventory0_.Shrinkage_Value as Shrin31_3_0_,
        inventory0_.Shrinkage_UnitId as Shrin32_3_0_,
        inventory0_.CurrentLevel_Value as Curre33_3_0_,
        inventory0_.CurrentLevel_UnitId as Curre34_3_0_,
        inventory0_.TargetLevel_Value as Targe35_3_0_,
        inventory0_.TargetLevel_UnitId as Targe36_3_0_,
        inventory0_.BelowTargetLevel_Value as Below37_3_0_,
        inventory0_.BelowTargetLevel_UnitId as Below38_3_0_,
        inventory0_.ReorderLevel_Value as Reord39_3_0_,
        inventory0_.ReorderLevel_UnitId as Reord40_3_0_,
        inventory0_.ReorderQuantity_Value as Reord41_3_0_,
        inventory0_.ReorderQuantity_UnitId as Reord42_3_0_,
        inventory0_.MinimumReorderQuantity_Value as Minim43_3_0_,
        inventory0_.MinimumReorderQuantity_UnitId as Minim44_3_0_ 
    FROM
        dbo.Inventories inventory0_ 
    WHERE
        inventory0_.InventoryId=@p0;
    @p0 = 0ba5213f-ca05-493d-8ad0-a72900bedecd [Type: Guid (0:0:0)]
NHibernate: 
    SELECT
        inventory0_.InventoryId as Invent1_3_0_,
        inventory0_.ConversionFactor as Conver2_3_0_,
        inventory0_.UnitOfMeasureId as UnitOf3_3_0_,
        inventory0_.UnitOfMeasureBaseId as UnitOf4_3_0_,
        inventory0_.BasePrice_Amount as BasePr5_3_0_,
        inventory0_.BasePrice_CurrencyId as BasePr6_3_0_,
        inventory0_.RetailPrice_Amount as Retail7_3_0_,
        inventory0_.RetailPrice_CurrencyId as Retail8_3_0_,
        inventory0_.WholeSalePrice_Amount as WholeS9_3_0_,
        inventory0_.WholeSalePrice_CurrencyId as Whole10_3_0_,
        inventory0_.BadStockPrice_Amount as BadSt11_3_0_,
        inventory0_.BadStockPrice_CurrencyId as BadSt12_3_0_,
        inventory0_.BadStock_Value as BadSt13_3_0_,
        inventory0_.BadStock_UnitId as BadSt14_3_0_,
        inventory0_.Received_Value as Recei15_3_0_,
        inventory0_.Received_UnitId as Recei16_3_0_,
        inventory0_.OnOrder_Value as OnOrd17_3_0_,
        inventory0_.OnOrder_UnitId as OnOrd18_3_0_,
        inventory0_.OnHand_Value as OnHan19_3_0_,
        inventory0_.OnHand_UnitId as OnHan20_3_0_,
        inventory0_.Allocated_Value as Alloc21_3_0_,
        inventory0_.Allocated_UnitId as Alloc22_3_0_,
        inventory0_.Shipped_Value as Shipp23_3_0_,
        inventory0_.Shipped_UnitId as Shipp24_3_0_,
        inventory0_.BackOrdered_Value as BackO25_3_0_,
        inventory0_.BackOrdered_UnitId as BackO26_3_0_,
        inventory0_.Available_Value as Avail27_3_0_,
        inventory0_.Available_UnitId as Avail28_3_0_,
        inventory0_.InitialLevel_Value as Initi29_3_0_,
        inventory0_.InitialLevel_UnitId as Initi30_3_0_,
        inventory0_.Shrinkage_Value as Shrin31_3_0_,
        inventory0_.Shrinkage_UnitId as Shrin32_3_0_,
        inventory0_.CurrentLevel_Value as Curre33_3_0_,
        inventory0_.CurrentLevel_UnitId as Curre34_3_0_,
        inventory0_.TargetLevel_Value as Targe35_3_0_,
        inventory0_.TargetLevel_UnitId as Targe36_3_0_,
        inventory0_.BelowTargetLevel_Value as Below37_3_0_,
        inventory0_.BelowTargetLevel_UnitId as Below38_3_0_,
        inventory0_.ReorderLevel_Value as Reord39_3_0_,
        inventory0_.ReorderLevel_UnitId as Reord40_3_0_,
        inventory0_.ReorderQuantity_Value as Reord41_3_0_,
        inventory0_.ReorderQuantity_UnitId as Reord42_3_0_,
        inventory0_.MinimumReorderQuantity_Value as Minim43_3_0_,
        inventory0_.MinimumReorderQuantity_UnitId as Minim44_3_0_ 
    FROM
        dbo.Inventories inventory0_ 
    WHERE
        inventory0_.InventoryId=@p0;
    @p0 = 2b3e8df7-c4e9-4a4c-96b7-a72900bededf [Type: Guid (0:0:0)]
NHibernate: 
    SELECT
        inventory0_.InventoryId as Invent1_3_0_,
        inventory0_.ConversionFactor as Conver2_3_0_,
        inventory0_.UnitOfMeasureId as UnitOf3_3_0_,
        inventory0_.UnitOfMeasureBaseId as UnitOf4_3_0_,
        inventory0_.BasePrice_Amount as BasePr5_3_0_,
        inventory0_.BasePrice_CurrencyId as BasePr6_3_0_,
        inventory0_.RetailPrice_Amount as Retail7_3_0_,
        inventory0_.RetailPrice_CurrencyId as Retail8_3_0_,
        inventory0_.WholeSalePrice_Amount as WholeS9_3_0_,
        inventory0_.WholeSalePrice_CurrencyId as Whole10_3_0_,
        inventory0_.BadStockPrice_Amount as BadSt11_3_0_,
        inventory0_.BadStockPrice_CurrencyId as BadSt12_3_0_,
        inventory0_.BadStock_Value as BadSt13_3_0_,
        inventory0_.BadStock_UnitId as BadSt14_3_0_,
        inventory0_.Received_Value as Recei15_3_0_,
        inventory0_.Received_UnitId as Recei16_3_0_,
        inventory0_.OnOrder_Value as OnOrd17_3_0_,
        inventory0_.OnOrder_UnitId as OnOrd18_3_0_,
        inventory0_.OnHand_Value as OnHan19_3_0_,
        inventory0_.OnHand_UnitId as OnHan20_3_0_,
        inventory0_.Allocated_Value as Alloc21_3_0_,
        inventory0_.Allocated_UnitId as Alloc22_3_0_,
        inventory0_.Shipped_Value as Shipp23_3_0_,
        inventory0_.Shipped_UnitId as Shipp24_3_0_,
        inventory0_.BackOrdered_Value as BackO25_3_0_,
        inventory0_.BackOrdered_UnitId as BackO26_3_0_,
        inventory0_.Available_Value as Avail27_3_0_,
        inventory0_.Available_UnitId as Avail28_3_0_,
        inventory0_.InitialLevel_Value as Initi29_3_0_,
        inventory0_.InitialLevel_UnitId as Initi30_3_0_,
        inventory0_.Shrinkage_Value as Shrin31_3_0_,
        inventory0_.Shrinkage_UnitId as Shrin32_3_0_,
        inventory0_.CurrentLevel_Value as Curre33_3_0_,
        inventory0_.CurrentLevel_UnitId as Curre34_3_0_,
        inventory0_.TargetLevel_Value as Targe35_3_0_,
        inventory0_.TargetLevel_UnitId as Targe36_3_0_,
        inventory0_.BelowTargetLevel_Value as Below37_3_0_,
        inventory0_.BelowTargetLevel_UnitId as Below38_3_0_,
        inventory0_.ReorderLevel_Value as Reord39_3_0_,
        inventory0_.ReorderLevel_UnitId as Reord40_3_0_,
        inventory0_.ReorderQuantity_Value as Reord41_3_0_,
        inventory0_.ReorderQuantity_UnitId as Reord42_3_0_,
        inventory0_.MinimumReorderQuantity_Value as Minim43_3_0_,
        inventory0_.MinimumReorderQuantity_UnitId as Minim44_3_0_ 
    FROM
        dbo.Inventories inventory0_ 
    WHERE
        inventory0_.InventoryId=@p0;
    @p0 = 0fe0a0dd-21e5-446d-9eed-a72900bedeec [Type: Guid (0:0:0)]
NHibernate: 
    select
        product0_.ProductId as Produ1_11_0_,
        inventory1_.InventoryId as Invent1_3_1_,
        product0_.Name as Name2_11_0_,
        product0_.Description as Descr3_11_0_,
        product0_.Image as Image4_11_0_,
        product0_.Discontinued as Disco5_11_0_,
        product0_.CategoryId as Categ6_11_0_,
        product0_.SupplierId as Suppl7_11_0_,
        inventory1_.ConversionFactor as Conver2_3_1_,
        inventory1_.UnitOfMeasureId as UnitOf3_3_1_,
        inventory1_.UnitOfMeasureBaseId as UnitOf4_3_1_,
        inventory1_.BasePrice_Amount as BasePr5_3_1_,
        inventory1_.BasePrice_CurrencyId as BasePr6_3_1_,
        inventory1_.RetailPrice_Amount as Retail7_3_1_,
        inventory1_.RetailPrice_CurrencyId as Retail8_3_1_,
        inventory1_.WholeSalePrice_Amount as WholeS9_3_1_,
        inventory1_.WholeSalePrice_CurrencyId as Whole10_3_1_,
        inventory1_.BadStockPrice_Amount as BadSt11_3_1_,
        inventory1_.BadStockPrice_CurrencyId as BadSt12_3_1_,
        inventory1_.BadStock_Value as BadSt13_3_1_,
        inventory1_.BadStock_UnitId as BadSt14_3_1_,
        inventory1_.Received_Value as Recei15_3_1_,
        inventory1_.Received_UnitId as Recei16_3_1_,
        inventory1_.OnOrder_Value as OnOrd17_3_1_,
        inventory1_.OnOrder_UnitId as OnOrd18_3_1_,
        inventory1_.OnHand_Value as OnHan19_3_1_,
        inventory1_.OnHand_UnitId as OnHan20_3_1_,
        inventory1_.Allocated_Value as Alloc21_3_1_,
        inventory1_.Allocated_UnitId as Alloc22_3_1_,
        inventory1_.Shipped_Value as Shipp23_3_1_,
        inventory1_.Shipped_UnitId as Shipp24_3_1_,
        inventory1_.BackOrdered_Value as BackO25_3_1_,
        inventory1_.BackOrdered_UnitId as BackO26_3_1_,
        inventory1_.Available_Value as Avail27_3_1_,
        inventory1_.Available_UnitId as Avail28_3_1_,
        inventory1_.InitialLevel_Value as Initi29_3_1_,
        inventory1_.InitialLevel_UnitId as Initi30_3_1_,
        inventory1_.Shrinkage_Value as Shrin31_3_1_,
        inventory1_.Shrinkage_UnitId as Shrin32_3_1_,
        inventory1_.CurrentLevel_Value as Curre33_3_1_,
        inventory1_.CurrentLevel_UnitId as Curre34_3_1_,
        inventory1_.TargetLevel_Value as Targe35_3_1_,
        inventory1_.TargetLevel_UnitId as Targe36_3_1_,
        inventory1_.BelowTargetLevel_Value as Below37_3_1_,
        inventory1_.BelowTargetLevel_UnitId as Below38_3_1_,
        inventory1_.ReorderLevel_Value as Reord39_3_1_,
        inventory1_.ReorderLevel_UnitId as Reord40_3_1_,
        inventory1_.ReorderQuantity_Value as Reord41_3_1_,
        inventory1_.ReorderQuantity_UnitId as Reord42_3_1_,
        inventory1_.MinimumReorderQuantity_Value as Minim43_3_1_,
        inventory1_.MinimumReorderQuantity_UnitId as Minim44_3_1_ 
    from
        dbo.Products product0_ 
    left outer join
        dbo.Inventories inventory1_ 
            on product0_.ProductId=inventory1_.InventoryId 
    where
        product0_.ProductId in (
            @p0 , @p1 , @p2 , @p3
        );
    @p0 = 2dd4466c-5098-41aa-98d7-a72900bedebe [Type: Guid (0:0:0)], @p1 = 0ba5213f-ca05-493d-8ad0-a72900bedecd [Type: Guid (0:0:0)], @p2 = 2b3e8df7-c4e9-4a4c-96b7-a72900bededf [Type: Guid (0:0:0)], @p3 = 0fe0a0dd-21e5-446d-9eed-a72900bedeec [Type: Guid (0:0:0)]
NHibernate: Batch commands:
command 0:
    INSERT 
    INTO
        dbo.PurchaseOrders
        (PurchaseOrderNumber, Status, ExpectedOn, CreatedOn, SubmittedOn, ApprovedOn, PaidOn, ReceivedOn, CompletedOn, CancelledOn, CancellationReason, PaymentTypeId, SupplierId, ShipperId, CreatedById, SubmittedById, ApprovedById, PaidById, ReceivedById, CompletedById, CancelledById, Tax_Amount, Tax_CurrencyId, ShippingFee_Amount, ShippingFee_CurrencyId, Discount_Amount, Discount_CurrencyId, SubTotal_Amount, SubTotal_CurrencyId, Total_Amount, Total_CurrencyId, Payment_Amount, Payment_CurrencyId, PurchaseOrderId) 
    VALUES
        (@p0, @p1, @p2, @p3, @p4, @p5, @p6, @p7, @p8, @p9, @p10, @p11, @p12, @p13, @p14, @p15, @p16, @p17, @p18, @p19, @p20, @p21, @p22, @p23, @p24, @p25, @p26, @p27, @p28, @p29, @p30, @p31, @p32, @p33);
    @p0 = NULL [Type: String (4000:0:0)], @p1 = 'New' [Type: String (4000:0:0)], @p2 = 2017-03-11T19:34:56.0000000 [Type: DateTime (0:0:0)], @p3 = 2017-03-01T19:34:56.0000000 [Type: DateTime (0:0:0)], @p4 = NULL [Type: DateTime (0:0:0)], @p5 = NULL [Type: DateTime (0:0:0)], @p6 = NULL [Type: DateTime (0:0:0)], @p7 = NULL [Type: DateTime (0:0:0)], @p8 = NULL [Type: DateTime (0:0:0)], @p9 = NULL [Type: DateTime (0:0:0)], @p10 = NULL [Type: String (4000:0:0)], @p11 = 'CK' [Type: String (4000:0:0)], @p12 = c955b115-ff72-421d-9a24-a72900bede7e [Type: Guid (0:0:0)], @p13 = NULL [Type: String (4000:0:0)], @p14 = 790ee6b8-bc9d-4406-b3dc-a72900bede2a [Type: Guid (0:0:0)], @p15 = NULL [Type: Guid (0:0:0)], @p16 = NULL [Type: Guid (0:0:0)], @p17 = NULL [Type: Guid (0:0:0)], @p18 = NULL [Type: Guid (0:0:0)], @p19 = NULL [Type: Guid (0:0:0)], @p20 = NULL [Type: Guid (0:0:0)], @p21 = 0 [Type: Decimal (0:5:28)], @p22 = 'PHP' [Type: String (4000:0:0)], @p23 = 0 [Type: Decimal (0:5:28)], @p24 = 'PHP' [Type: String (4000:0:0)], @p25 = NULL [Type: Decimal (0:5:28)], @p26 = NULL [Type: String (4000:0:0)], @p27 = NULL [Type: Decimal (0:5:28)], @p28 = NULL [Type: String (4000:0:0)], @p29 = 0 [Type: Decimal (0:5:28)], @p30 = 'PHP' [Type: String (4000:0:0)], @p31 = NULL [Type: Decimal (0:5:28)], @p32 = NULL [Type: String (4000:0:0)], @p33 = 91d9dc0f-e6c5-4f14-87e7-a72900bedfac [Type: Guid (0:0:0)]

NHibernate: Batch commands:
command 0:
    INSERT 
    INTO
        dbo.PurchaseOrderItems
        (PurchaseOrderId, ProductId, Quantity_Value, Quantity_UnitId, UnitCost_Amount, UnitCost_CurrencyId, ExtendedCost_Amount, ExtendedCost_CurrencyId, PurchaseOrderItemId) 
    VALUES
        (@p0, @p1, @p2, @p3, @p4, @p5, @p6, @p7, @p8);
    @p0 = 91d9dc0f-e6c5-4f14-87e7-a72900bedfac [Type: Guid (0:0:0)], @p1 = 2dd4466c-5098-41aa-98d7-a72900bedebe [Type: Guid (0:0:0)], @p2 = 1 [Type: Decimal (0:5:28)], @p3 = 'cm' [Type: String (4000:0:0)], @p4 = 2.59000 [Type: Decimal (0:5:28)], @p5 = 'PHP' [Type: String (4000:0:0)], @p6 = 2.59000 [Type: Decimal (0:5:28)], @p7 = 'PHP' [Type: String (4000:0:0)], @p8 = b8c2c3c6-2435-4aba-8264-a72900bedfac [Type: Guid (0:0:0)]
command 1:
    INSERT 
    INTO
        dbo.PurchaseOrderItems
        (PurchaseOrderId, ProductId, Quantity_Value, Quantity_UnitId, UnitCost_Amount, UnitCost_CurrencyId, ExtendedCost_Amount, ExtendedCost_CurrencyId, PurchaseOrderItemId) 
    VALUES
        (@p0, @p1, @p2, @p3, @p4, @p5, @p6, @p7, @p8);
    @p0 = 91d9dc0f-e6c5-4f14-87e7-a72900bedfac [Type: Guid (0:0:0)], @p1 = 0ba5213f-ca05-493d-8ad0-a72900bedecd [Type: Guid (0:0:0)], @p2 = 94 [Type: Decimal (0:5:28)], @p3 = 'hl' [Type: String (4000:0:0)], @p4 = 2.87000 [Type: Decimal (0:5:28)], @p5 = 'PHP' [Type: String (4000:0:0)], @p6 = 269.78000 [Type: Decimal (0:5:28)], @p7 = 'PHP' [Type: String (4000:0:0)], @p8 = 1fc4121f-a8e0-4a62-82fa-a72900bedfac [Type: Guid (0:0:0)]
command 2:
    INSERT 
    INTO
        dbo.PurchaseOrderItems
        (PurchaseOrderId, ProductId, Quantity_Value, Quantity_UnitId, UnitCost_Amount, UnitCost_CurrencyId, ExtendedCost_Amount, ExtendedCost_CurrencyId, PurchaseOrderItemId) 
    VALUES
        (@p0, @p1, @p2, @p3, @p4, @p5, @p6, @p7, @p8);
    @p0 = 91d9dc0f-e6c5-4f14-87e7-a72900bedfac [Type: Guid (0:0:0)], @p1 = 2b3e8df7-c4e9-4a4c-96b7-a72900bededf [Type: Guid (0:0:0)], @p2 = 79 [Type: Decimal (0:5:28)], @p3 = 'cm' [Type: String (4000:0:0)], @p4 = 2.87000 [Type: Decimal (0:5:28)], @p5 = 'PHP' [Type: String (4000:0:0)], @p6 = 226.73000 [Type: Decimal (0:5:28)], @p7 = 'PHP' [Type: String (4000:0:0)], @p8 = e5aef019-c2a4-4e67-b6aa-a72900bedfac [Type: Guid (0:0:0)]
command 3:
    INSERT 
    INTO
        dbo.PurchaseOrderItems
        (PurchaseOrderId, ProductId, Quantity_Value, Quantity_UnitId, UnitCost_Amount, UnitCost_CurrencyId, ExtendedCost_Amount, ExtendedCost_CurrencyId, PurchaseOrderItemId) 
    VALUES
        (@p0, @p1, @p2, @p3, @p4, @p5, @p6, @p7, @p8);
    @p0 = 91d9dc0f-e6c5-4f14-87e7-a72900bedfac [Type: Guid (0:0:0)], @p1 = 0fe0a0dd-21e5-446d-9eed-a72900bedeec [Type: Guid (0:0:0)], @p2 = 33 [Type: Decimal (0:5:28)], @p3 = 'l' [Type: String (4000:0:0)], @p4 = 2.38000 [Type: Decimal (0:5:28)], @p5 = 'PHP' [Type: String (4000:0:0)], @p6 = 78.54000 [Type: Decimal (0:5:28)], @p7 = 'PHP' [Type: String (4000:0:0)], @p8 = 0132df5e-342c-4dd0-85ef-a72900bedfac [Type: Guid (0:0:0)]

NHibernate: 
    select
        product0_.ProductId as Produ1_11_,
        product0_.Name as Name2_11_,
        product0_.Description as Descr3_11_,
        product0_.Image as Image4_11_,
        product0_.Discontinued as Disco5_11_,
        product0_.CategoryId as Categ6_11_,
        product0_.SupplierId as Suppl7_11_ 
    from
        dbo.Products product0_ 
    where
        product0_.SupplierId=@p0;
    @p0 = d085f686-18d9-4586-95ca-a72900bede79 [Type: Guid (0:0:0)]
NHibernate: 
    SELECT
        inventory0_.InventoryId as Invent1_3_0_,
        inventory0_.ConversionFactor as Conver2_3_0_,
        inventory0_.UnitOfMeasureId as UnitOf3_3_0_,
        inventory0_.UnitOfMeasureBaseId as UnitOf4_3_0_,
        inventory0_.BasePrice_Amount as BasePr5_3_0_,
        inventory0_.BasePrice_CurrencyId as BasePr6_3_0_,
        inventory0_.RetailPrice_Amount as Retail7_3_0_,
        inventory0_.RetailPrice_CurrencyId as Retail8_3_0_,
        inventory0_.WholeSalePrice_Amount as WholeS9_3_0_,
        inventory0_.WholeSalePrice_CurrencyId as Whole10_3_0_,
        inventory0_.BadStockPrice_Amount as BadSt11_3_0_,
        inventory0_.BadStockPrice_CurrencyId as BadSt12_3_0_,
        inventory0_.BadStock_Value as BadSt13_3_0_,
        inventory0_.BadStock_UnitId as BadSt14_3_0_,
        inventory0_.Received_Value as Recei15_3_0_,
        inventory0_.Received_UnitId as Recei16_3_0_,
        inventory0_.OnOrder_Value as OnOrd17_3_0_,
        inventory0_.OnOrder_UnitId as OnOrd18_3_0_,
        inventory0_.OnHand_Value as OnHan19_3_0_,
        inventory0_.OnHand_UnitId as OnHan20_3_0_,
        inventory0_.Allocated_Value as Alloc21_3_0_,
        inventory0_.Allocated_UnitId as Alloc22_3_0_,
        inventory0_.Shipped_Value as Shipp23_3_0_,
        inventory0_.Shipped_UnitId as Shipp24_3_0_,
        inventory0_.BackOrdered_Value as BackO25_3_0_,
        inventory0_.BackOrdered_UnitId as BackO26_3_0_,
        inventory0_.Available_Value as Avail27_3_0_,
        inventory0_.Available_UnitId as Avail28_3_0_,
        inventory0_.InitialLevel_Value as Initi29_3_0_,
        inventory0_.InitialLevel_UnitId as Initi30_3_0_,
        inventory0_.Shrinkage_Value as Shrin31_3_0_,
        inventory0_.Shrinkage_UnitId as Shrin32_3_0_,
        inventory0_.CurrentLevel_Value as Curre33_3_0_,
        inventory0_.CurrentLevel_UnitId as Curre34_3_0_,
        inventory0_.TargetLevel_Value as Targe35_3_0_,
        inventory0_.TargetLevel_UnitId as Targe36_3_0_,
        inventory0_.BelowTargetLevel_Value as Below37_3_0_,
        inventory0_.BelowTargetLevel_UnitId as Below38_3_0_,
        inventory0_.ReorderLevel_Value as Reord39_3_0_,
        inventory0_.ReorderLevel_UnitId as Reord40_3_0_,
        inventory0_.ReorderQuantity_Value as Reord41_3_0_,
        inventory0_.ReorderQuantity_UnitId as Reord42_3_0_,
        inventory0_.MinimumReorderQuantity_Value as Minim43_3_0_,
        inventory0_.MinimumReorderQuantity_UnitId as Minim44_3_0_ 
    FROM
        dbo.Inventories inventory0_ 
    WHERE
        inventory0_.InventoryId=@p0;
    @p0 = 64fb9daf-6cb9-4989-86c4-a72900bedeb8 [Type: Guid (0:0:0)]
NHibernate: 
    SELECT
        inventory0_.InventoryId as Invent1_3_0_,
        inventory0_.ConversionFactor as Conver2_3_0_,
        inventory0_.UnitOfMeasureId as UnitOf3_3_0_,
        inventory0_.UnitOfMeasureBaseId as UnitOf4_3_0_,
        inventory0_.BasePrice_Amount as BasePr5_3_0_,
        inventory0_.BasePrice_CurrencyId as BasePr6_3_0_,
        inventory0_.RetailPrice_Amount as Retail7_3_0_,
        inventory0_.RetailPrice_CurrencyId as Retail8_3_0_,
        inventory0_.WholeSalePrice_Amount as WholeS9_3_0_,
        inventory0_.WholeSalePrice_CurrencyId as Whole10_3_0_,
        inventory0_.BadStockPrice_Amount as BadSt11_3_0_,
        inventory0_.BadStockPrice_CurrencyId as BadSt12_3_0_,
        inventory0_.BadStock_Value as BadSt13_3_0_,
        inventory0_.BadStock_UnitId as BadSt14_3_0_,
        inventory0_.Received_Value as Recei15_3_0_,
        inventory0_.Received_UnitId as Recei16_3_0_,
        inventory0_.OnOrder_Value as OnOrd17_3_0_,
        inventory0_.OnOrder_UnitId as OnOrd18_3_0_,
        inventory0_.OnHand_Value as OnHan19_3_0_,
        inventory0_.OnHand_UnitId as OnHan20_3_0_,
        inventory0_.Allocated_Value as Alloc21_3_0_,
        inventory0_.Allocated_UnitId as Alloc22_3_0_,
        inventory0_.Shipped_Value as Shipp23_3_0_,
        inventory0_.Shipped_UnitId as Shipp24_3_0_,
        inventory0_.BackOrdered_Value as BackO25_3_0_,
        inventory0_.BackOrdered_UnitId as BackO26_3_0_,
        inventory0_.Available_Value as Avail27_3_0_,
        inventory0_.Available_UnitId as Avail28_3_0_,
        inventory0_.InitialLevel_Value as Initi29_3_0_,
        inventory0_.InitialLevel_UnitId as Initi30_3_0_,
        inventory0_.Shrinkage_Value as Shrin31_3_0_,
        inventory0_.Shrinkage_UnitId as Shrin32_3_0_,
        inventory0_.CurrentLevel_Value as Curre33_3_0_,
        inventory0_.CurrentLevel_UnitId as Curre34_3_0_,
        inventory0_.TargetLevel_Value as Targe35_3_0_,
        inventory0_.TargetLevel_UnitId as Targe36_3_0_,
        inventory0_.BelowTargetLevel_Value as Below37_3_0_,
        inventory0_.BelowTargetLevel_UnitId as Below38_3_0_,
        inventory0_.ReorderLevel_Value as Reord39_3_0_,
        inventory0_.ReorderLevel_UnitId as Reord40_3_0_,
        inventory0_.ReorderQuantity_Value as Reord41_3_0_,
        inventory0_.ReorderQuantity_UnitId as Reord42_3_0_,
        inventory0_.MinimumReorderQuantity_Value as Minim43_3_0_,
        inventory0_.MinimumReorderQuantity_UnitId as Minim44_3_0_ 
    FROM
        dbo.Inventories inventory0_ 
    WHERE
        inventory0_.InventoryId=@p0;
    @p0 = bc1b3aef-bddc-47f2-965e-a72900bedec6 [Type: Guid (0:0:0)]
NHibernate: 
    SELECT
        inventory0_.InventoryId as Invent1_3_0_,
        inventory0_.ConversionFactor as Conver2_3_0_,
        inventory0_.UnitOfMeasureId as UnitOf3_3_0_,
        inventory0_.UnitOfMeasureBaseId as UnitOf4_3_0_,
        inventory0_.BasePrice_Amount as BasePr5_3_0_,
        inventory0_.BasePrice_CurrencyId as BasePr6_3_0_,
        inventory0_.RetailPrice_Amount as Retail7_3_0_,
        inventory0_.RetailPrice_CurrencyId as Retail8_3_0_,
        inventory0_.WholeSalePrice_Amount as WholeS9_3_0_,
        inventory0_.WholeSalePrice_CurrencyId as Whole10_3_0_,
        inventory0_.BadStockPrice_Amount as BadSt11_3_0_,
        inventory0_.BadStockPrice_CurrencyId as BadSt12_3_0_,
        inventory0_.BadStock_Value as BadSt13_3_0_,
        inventory0_.BadStock_UnitId as BadSt14_3_0_,
        inventory0_.Received_Value as Recei15_3_0_,
        inventory0_.Received_UnitId as Recei16_3_0_,
        inventory0_.OnOrder_Value as OnOrd17_3_0_,
        inventory0_.OnOrder_UnitId as OnOrd18_3_0_,
        inventory0_.OnHand_Value as OnHan19_3_0_,
        inventory0_.OnHand_UnitId as OnHan20_3_0_,
        inventory0_.Allocated_Value as Alloc21_3_0_,
        inventory0_.Allocated_UnitId as Alloc22_3_0_,
        inventory0_.Shipped_Value as Shipp23_3_0_,
        inventory0_.Shipped_UnitId as Shipp24_3_0_,
        inventory0_.BackOrdered_Value as BackO25_3_0_,
        inventory0_.BackOrdered_UnitId as BackO26_3_0_,
        inventory0_.Available_Value as Avail27_3_0_,
        inventory0_.Available_UnitId as Avail28_3_0_,
        inventory0_.InitialLevel_Value as Initi29_3_0_,
        inventory0_.InitialLevel_UnitId as Initi30_3_0_,
        inventory0_.Shrinkage_Value as Shrin31_3_0_,
        inventory0_.Shrinkage_UnitId as Shrin32_3_0_,
        inventory0_.CurrentLevel_Value as Curre33_3_0_,
        inventory0_.CurrentLevel_UnitId as Curre34_3_0_,
        inventory0_.TargetLevel_Value as Targe35_3_0_,
        inventory0_.TargetLevel_UnitId as Targe36_3_0_,
        inventory0_.BelowTargetLevel_Value as Below37_3_0_,
        inventory0_.BelowTargetLevel_UnitId as Below38_3_0_,
        inventory0_.ReorderLevel_Value as Reord39_3_0_,
        inventory0_.ReorderLevel_UnitId as Reord40_3_0_,
        inventory0_.ReorderQuantity_Value as Reord41_3_0_,
        inventory0_.ReorderQuantity_UnitId as Reord42_3_0_,
        inventory0_.MinimumReorderQuantity_Value as Minim43_3_0_,
        inventory0_.MinimumReorderQuantity_UnitId as Minim44_3_0_ 
    FROM
        dbo.Inventories inventory0_ 
    WHERE
        inventory0_.InventoryId=@p0;
    @p0 = aeb98a70-487d-47ef-9361-a72900beded9 [Type: Guid (0:0:0)]
NHibernate: 
    SELECT
        inventory0_.InventoryId as Invent1_3_0_,
        inventory0_.ConversionFactor as Conver2_3_0_,
        inventory0_.UnitOfMeasureId as UnitOf3_3_0_,
        inventory0_.UnitOfMeasureBaseId as UnitOf4_3_0_,
        inventory0_.BasePrice_Amount as BasePr5_3_0_,
        inventory0_.BasePrice_CurrencyId as BasePr6_3_0_,
        inventory0_.RetailPrice_Amount as Retail7_3_0_,
        inventory0_.RetailPrice_CurrencyId as Retail8_3_0_,
        inventory0_.WholeSalePrice_Amount as WholeS9_3_0_,
        inventory0_.WholeSalePrice_CurrencyId as Whole10_3_0_,
        inventory0_.BadStockPrice_Amount as BadSt11_3_0_,
        inventory0_.BadStockPrice_CurrencyId as BadSt12_3_0_,
        inventory0_.BadStock_Value as BadSt13_3_0_,
        inventory0_.BadStock_UnitId as BadSt14_3_0_,
        inventory0_.Received_Value as Recei15_3_0_,
        inventory0_.Received_UnitId as Recei16_3_0_,
        inventory0_.OnOrder_Value as OnOrd17_3_0_,
        inventory0_.OnOrder_UnitId as OnOrd18_3_0_,
        inventory0_.OnHand_Value as OnHan19_3_0_,
        inventory0_.OnHand_UnitId as OnHan20_3_0_,
        inventory0_.Allocated_Value as Alloc21_3_0_,
        inventory0_.Allocated_UnitId as Alloc22_3_0_,
        inventory0_.Shipped_Value as Shipp23_3_0_,
        inventory0_.Shipped_UnitId as Shipp24_3_0_,
        inventory0_.BackOrdered_Value as BackO25_3_0_,
        inventory0_.BackOrdered_UnitId as BackO26_3_0_,
        inventory0_.Available_Value as Avail27_3_0_,
        inventory0_.Available_UnitId as Avail28_3_0_,
        inventory0_.InitialLevel_Value as Initi29_3_0_,
        inventory0_.InitialLevel_UnitId as Initi30_3_0_,
        inventory0_.Shrinkage_Value as Shrin31_3_0_,
        inventory0_.Shrinkage_UnitId as Shrin32_3_0_,
        inventory0_.CurrentLevel_Value as Curre33_3_0_,
        inventory0_.CurrentLevel_UnitId as Curre34_3_0_,
        inventory0_.TargetLevel_Value as Targe35_3_0_,
        inventory0_.TargetLevel_UnitId as Targe36_3_0_,
        inventory0_.BelowTargetLevel_Value as Below37_3_0_,
        inventory0_.BelowTargetLevel_UnitId as Below38_3_0_,
        inventory0_.ReorderLevel_Value as Reord39_3_0_,
        inventory0_.ReorderLevel_UnitId as Reord40_3_0_,
        inventory0_.ReorderQuantity_Value as Reord41_3_0_,
        inventory0_.ReorderQuantity_UnitId as Reord42_3_0_,
        inventory0_.MinimumReorderQuantity_Value as Minim43_3_0_,
        inventory0_.MinimumReorderQuantity_UnitId as Minim44_3_0_ 
    FROM
        dbo.Inventories inventory0_ 
    WHERE
        inventory0_.InventoryId=@p0;
    @p0 = 151b4e6d-6b2c-4929-8ec7-a72900bedee2 [Type: Guid (0:0:0)]
NHibernate: 
    select
        product0_.ProductId as Produ1_11_0_,
        inventory1_.InventoryId as Invent1_3_1_,
        product0_.Name as Name2_11_0_,
        product0_.Description as Descr3_11_0_,
        product0_.Image as Image4_11_0_,
        product0_.Discontinued as Disco5_11_0_,
        product0_.CategoryId as Categ6_11_0_,
        product0_.SupplierId as Suppl7_11_0_,
        inventory1_.ConversionFactor as Conver2_3_1_,
        inventory1_.UnitOfMeasureId as UnitOf3_3_1_,
        inventory1_.UnitOfMeasureBaseId as UnitOf4_3_1_,
        inventory1_.BasePrice_Amount as BasePr5_3_1_,
        inventory1_.BasePrice_CurrencyId as BasePr6_3_1_,
        inventory1_.RetailPrice_Amount as Retail7_3_1_,
        inventory1_.RetailPrice_CurrencyId as Retail8_3_1_,
        inventory1_.WholeSalePrice_Amount as WholeS9_3_1_,
        inventory1_.WholeSalePrice_CurrencyId as Whole10_3_1_,
        inventory1_.BadStockPrice_Amount as BadSt11_3_1_,
        inventory1_.BadStockPrice_CurrencyId as BadSt12_3_1_,
        inventory1_.BadStock_Value as BadSt13_3_1_,
        inventory1_.BadStock_UnitId as BadSt14_3_1_,
        inventory1_.Received_Value as Recei15_3_1_,
        inventory1_.Received_UnitId as Recei16_3_1_,
        inventory1_.OnOrder_Value as OnOrd17_3_1_,
        inventory1_.OnOrder_UnitId as OnOrd18_3_1_,
        inventory1_.OnHand_Value as OnHan19_3_1_,
        inventory1_.OnHand_UnitId as OnHan20_3_1_,
        inventory1_.Allocated_Value as Alloc21_3_1_,
        inventory1_.Allocated_UnitId as Alloc22_3_1_,
        inventory1_.Shipped_Value as Shipp23_3_1_,
        inventory1_.Shipped_UnitId as Shipp24_3_1_,
        inventory1_.BackOrdered_Value as BackO25_3_1_,
        inventory1_.BackOrdered_UnitId as BackO26_3_1_,
        inventory1_.Available_Value as Avail27_3_1_,
        inventory1_.Available_UnitId as Avail28_3_1_,
        inventory1_.InitialLevel_Value as Initi29_3_1_,
        inventory1_.InitialLevel_UnitId as Initi30_3_1_,
        inventory1_.Shrinkage_Value as Shrin31_3_1_,
        inventory1_.Shrinkage_UnitId as Shrin32_3_1_,
        inventory1_.CurrentLevel_Value as Curre33_3_1_,
        inventory1_.CurrentLevel_UnitId as Curre34_3_1_,
        inventory1_.TargetLevel_Value as Targe35_3_1_,
        inventory1_.TargetLevel_UnitId as Targe36_3_1_,
        inventory1_.BelowTargetLevel_Value as Below37_3_1_,
        inventory1_.BelowTargetLevel_UnitId as Below38_3_1_,
        inventory1_.ReorderLevel_Value as Reord39_3_1_,
        inventory1_.ReorderLevel_UnitId as Reord40_3_1_,
        inventory1_.ReorderQuantity_Value as Reord41_3_1_,
        inventory1_.ReorderQuantity_UnitId as Reord42_3_1_,
        inventory1_.MinimumReorderQuantity_Value as Minim43_3_1_,
        inventory1_.MinimumReorderQuantity_UnitId as Minim44_3_1_ 
    from
        dbo.Products product0_ 
    left outer join
        dbo.Inventories inventory1_ 
            on product0_.ProductId=inventory1_.InventoryId 
    where
        product0_.ProductId in (
            @p0 , @p1 , @p2 , @p3
        );
    @p0 = 64fb9daf-6cb9-4989-86c4-a72900bedeb8 [Type: Guid (0:0:0)], @p1 = bc1b3aef-bddc-47f2-965e-a72900bedec6 [Type: Guid (0:0:0)], @p2 = aeb98a70-487d-47ef-9361-a72900beded9 [Type: Guid (0:0:0)], @p3 = 151b4e6d-6b2c-4929-8ec7-a72900bedee2 [Type: Guid (0:0:0)]
NHibernate: Batch commands:
command 0:
    INSERT 
    INTO
        dbo.PurchaseOrders
        (PurchaseOrderNumber, Status, ExpectedOn, CreatedOn, SubmittedOn, ApprovedOn, PaidOn, ReceivedOn, CompletedOn, CancelledOn, CancellationReason, PaymentTypeId, SupplierId, ShipperId, CreatedById, SubmittedById, ApprovedById, PaidById, ReceivedById, CompletedById, CancelledById, Tax_Amount, Tax_CurrencyId, ShippingFee_Amount, ShippingFee_CurrencyId, Discount_Amount, Discount_CurrencyId, SubTotal_Amount, SubTotal_CurrencyId, Total_Amount, Total_CurrencyId, Payment_Amount, Payment_CurrencyId, PurchaseOrderId) 
    VALUES
        (@p0, @p1, @p2, @p3, @p4, @p5, @p6, @p7, @p8, @p9, @p10, @p11, @p12, @p13, @p14, @p15, @p16, @p17, @p18, @p19, @p20, @p21, @p22, @p23, @p24, @p25, @p26, @p27, @p28, @p29, @p30, @p31, @p32, @p33);
    @p0 = NULL [Type: String (4000:0:0)], @p1 = 'New' [Type: String (4000:0:0)], @p2 = 2017-03-11T19:34:57.0000000 [Type: DateTime (0:0:0)], @p3 = 2017-03-01T19:34:57.0000000 [Type: DateTime (0:0:0)], @p4 = NULL [Type: DateTime (0:0:0)], @p5 = NULL [Type: DateTime (0:0:0)], @p6 = NULL [Type: DateTime (0:0:0)], @p7 = NULL [Type: DateTime (0:0:0)], @p8 = NULL [Type: DateTime (0:0:0)], @p9 = NULL [Type: DateTime (0:0:0)], @p10 = NULL [Type: String (4000:0:0)], @p11 = 'CK' [Type: String (4000:0:0)], @p12 = d085f686-18d9-4586-95ca-a72900bede79 [Type: Guid (0:0:0)], @p13 = NULL [Type: String (4000:0:0)], @p14 = ca42947a-0ba3-4fc8-86e0-a635014b6b11 [Type: Guid (0:0:0)], @p15 = NULL [Type: Guid (0:0:0)], @p16 = NULL [Type: Guid (0:0:0)], @p17 = NULL [Type: Guid (0:0:0)], @p18 = NULL [Type: Guid (0:0:0)], @p19 = NULL [Type: Guid (0:0:0)], @p20 = NULL [Type: Guid (0:0:0)], @p21 = 0 [Type: Decimal (0:5:28)], @p22 = 'PHP' [Type: String (4000:0:0)], @p23 = 0 [Type: Decimal (0:5:28)], @p24 = 'PHP' [Type: String (4000:0:0)], @p25 = NULL [Type: Decimal (0:5:28)], @p26 = NULL [Type: String (4000:0:0)], @p27 = NULL [Type: Decimal (0:5:28)], @p28 = NULL [Type: String (4000:0:0)], @p29 = 0 [Type: Decimal (0:5:28)], @p30 = 'PHP' [Type: String (4000:0:0)], @p31 = NULL [Type: Decimal (0:5:28)], @p32 = NULL [Type: String (4000:0:0)], @p33 = 653c9cee-12ad-4953-8a2b-a72900bedfb4 [Type: Guid (0:0:0)]

NHibernate: Batch commands:
command 0:
    INSERT 
    INTO
        dbo.PurchaseOrderItems
        (PurchaseOrderId, ProductId, Quantity_Value, Quantity_UnitId, UnitCost_Amount, UnitCost_CurrencyId, ExtendedCost_Amount, ExtendedCost_CurrencyId, PurchaseOrderItemId) 
    VALUES
        (@p0, @p1, @p2, @p3, @p4, @p5, @p6, @p7, @p8);
    @p0 = 653c9cee-12ad-4953-8a2b-a72900bedfb4 [Type: Guid (0:0:0)], @p1 = 64fb9daf-6cb9-4989-86c4-a72900bedeb8 [Type: Guid (0:0:0)], @p2 = 83 [Type: Decimal (0:5:28)], @p3 = 'hm' [Type: String (4000:0:0)], @p4 = 2.96000 [Type: Decimal (0:5:28)], @p5 = 'PHP' [Type: String (4000:0:0)], @p6 = 245.68000 [Type: Decimal (0:5:28)], @p7 = 'PHP' [Type: String (4000:0:0)], @p8 = be738ddb-4b94-4cdc-88d0-a72900bedfb4 [Type: Guid (0:0:0)]
command 1:
    INSERT 
    INTO
        dbo.PurchaseOrderItems
        (PurchaseOrderId, ProductId, Quantity_Value, Quantity_UnitId, UnitCost_Amount, UnitCost_CurrencyId, ExtendedCost_Amount, ExtendedCost_CurrencyId, PurchaseOrderItemId) 
    VALUES
        (@p0, @p1, @p2, @p3, @p4, @p5, @p6, @p7, @p8);
    @p0 = 653c9cee-12ad-4953-8a2b-a72900bedfb4 [Type: Guid (0:0:0)], @p1 = bc1b3aef-bddc-47f2-965e-a72900bedec6 [Type: Guid (0:0:0)], @p2 = 72 [Type: Decimal (0:5:28)], @p3 = 'ea' [Type: String (4000:0:0)], @p4 = 2.54000 [Type: Decimal (0:5:28)], @p5 = 'PHP' [Type: String (4000:0:0)], @p6 = 182.88000 [Type: Decimal (0:5:28)], @p7 = 'PHP' [Type: String (4000:0:0)], @p8 = fb4392f9-a8c4-40c3-bad1-a72900bedfb4 [Type: Guid (0:0:0)]
command 2:
    INSERT 
    INTO
        dbo.PurchaseOrderItems
        (PurchaseOrderId, ProductId, Quantity_Value, Quantity_UnitId, UnitCost_Amount, UnitCost_CurrencyId, ExtendedCost_Amount, ExtendedCost_CurrencyId, PurchaseOrderItemId) 
    VALUES
        (@p0, @p1, @p2, @p3, @p4, @p5, @p6, @p7, @p8);
    @p0 = 653c9cee-12ad-4953-8a2b-a72900bedfb4 [Type: Guid (0:0:0)], @p1 = aeb98a70-487d-47ef-9361-a72900beded9 [Type: Guid (0:0:0)], @p2 = 21 [Type: Decimal (0:5:28)], @p3 = 'dam' [Type: String (4000:0:0)], @p4 = 2.12000 [Type: Decimal (0:5:28)], @p5 = 'PHP' [Type: String (4000:0:0)], @p6 = 44.52000 [Type: Decimal (0:5:28)], @p7 = 'PHP' [Type: String (4000:0:0)], @p8 = a8bf356e-53cb-49ce-a916-a72900bedfb4 [Type: Guid (0:0:0)]
command 3:
    INSERT 
    INTO
        dbo.PurchaseOrderItems
        (PurchaseOrderId, ProductId, Quantity_Value, Quantity_UnitId, UnitCost_Amount, UnitCost_CurrencyId, ExtendedCost_Amount, ExtendedCost_CurrencyId, PurchaseOrderItemId) 
    VALUES
        (@p0, @p1, @p2, @p3, @p4, @p5, @p6, @p7, @p8);
    @p0 = 653c9cee-12ad-4953-8a2b-a72900bedfb4 [Type: Guid (0:0:0)], @p1 = 151b4e6d-6b2c-4929-8ec7-a72900bedee2 [Type: Guid (0:0:0)], @p2 = 85 [Type: Decimal (0:5:28)], @p3 = 'cl' [Type: String (4000:0:0)], @p4 = 2.88000 [Type: Decimal (0:5:28)], @p5 = 'PHP' [Type: String (4000:0:0)], @p6 = 244.80000 [Type: Decimal (0:5:28)], @p7 = 'PHP' [Type: String (4000:0:0)], @p8 = 9f28cd7a-50f4-4851-80c0-a72900bedfb4 [Type: Guid (0:0:0)]

NHibernate: 
    SELECT
        this_.PurchaseOrderId as Purch1_13_18_,
        this_.PurchaseOrderNumber as Purch2_13_18_,
        this_.Status as Statu3_13_18_,
        this_.ExpectedOn as Expec4_13_18_,
        this_.CreatedOn as Creat5_13_18_,
        this_.SubmittedOn as Submi6_13_18_,
        this_.ApprovedOn as Appro7_13_18_,
        this_.PaidOn as PaidO8_13_18_,
        this_.ReceivedOn as Recei9_13_18_,
        this_.CompletedOn as Comp10_13_18_,
        this_.CancelledOn as Canc11_13_18_,
        this_.CancellationReason as Canc12_13_18_,
        this_.PaymentTypeId as Paym13_13_18_,
        this_.SupplierId as Supp14_13_18_,
        this_.ShipperId as Ship15_13_18_,
        this_.CreatedById as Crea16_13_18_,
        this_.SubmittedById as Subm17_13_18_,
        this_.ApprovedById as Appr18_13_18_,
        this_.PaidById as Paid19_13_18_,
        this_.ReceivedById as Rece20_13_18_,
        this_.CompletedById as Comp21_13_18_,
        this_.CancelledById as Canc22_13_18_,
        this_.Tax_Amount as Tax23_13_18_,
        this_.Tax_CurrencyId as Tax24_13_18_,
        this_.ShippingFee_Amount as Ship25_13_18_,
        this_.ShippingFee_CurrencyId as Ship26_13_18_,
        this_.Discount_Amount as Disc27_13_18_,
        this_.Discount_CurrencyId as Disc28_13_18_,
        this_.SubTotal_Amount as SubT29_13_18_,
        this_.SubTotal_CurrencyId as SubT30_13_18_,
        this_.Total_Amount as Tota31_13_18_,
        this_.Total_CurrencyId as Tota32_13_18_,
        this_.Payment_Amount as Paym33_13_18_,
        this_.Payment_CurrencyId as Paym34_13_18_,
        items2_.PurchaseOrderId as Purch2_12_20_,
        items2_.PurchaseOrderItemId as Purch1_12_20_,
        items2_.PurchaseOrderItemId as Purch1_12_0_,
        items2_.PurchaseOrderId as Purch2_12_0_,
        items2_.ProductId as Produ3_12_0_,
        items2_.Quantity_Value as Quant4_12_0_,
        items2_.Quantity_UnitId as Quant5_12_0_,
        items2_.UnitCost_Amount as UnitC6_12_0_,
        items2_.UnitCost_CurrencyId as UnitC7_12_0_,
        items2_.ExtendedCost_Amount as Exten8_12_0_,
        items2_.ExtendedCost_CurrencyId as Exten9_12_0_,
        product3_.ProductId as Produ1_11_1_,
        product3_.Name as Name2_11_1_,
        product3_.Description as Descr3_11_1_,
        product3_.Image as Image4_11_1_,
        product3_.Discontinued as Disco5_11_1_,
        product3_.CategoryId as Categ6_11_1_,
        product3_.SupplierId as Suppl7_11_1_,
        inventory4_.InventoryId as Invent1_3_2_,
        inventory4_.ConversionFactor as Conver2_3_2_,
        inventory4_.UnitOfMeasureId as UnitOf3_3_2_,
        inventory4_.UnitOfMeasureBaseId as UnitOf4_3_2_,
        inventory4_.BasePrice_Amount as BasePr5_3_2_,
        inventory4_.BasePrice_CurrencyId as BasePr6_3_2_,
        inventory4_.RetailPrice_Amount as Retail7_3_2_,
        inventory4_.RetailPrice_CurrencyId as Retail8_3_2_,
        inventory4_.WholeSalePrice_Amount as WholeS9_3_2_,
        inventory4_.WholeSalePrice_CurrencyId as Whole10_3_2_,
        inventory4_.BadStockPrice_Amount as BadSt11_3_2_,
        inventory4_.BadStockPrice_CurrencyId as BadSt12_3_2_,
        inventory4_.BadStock_Value as BadSt13_3_2_,
        inventory4_.BadStock_UnitId as BadSt14_3_2_,
        inventory4_.Received_Value as Recei15_3_2_,
        inventory4_.Received_UnitId as Recei16_3_2_,
        inventory4_.OnOrder_Value as OnOrd17_3_2_,
        inventory4_.OnOrder_UnitId as OnOrd18_3_2_,
        inventory4_.OnHand_Value as OnHan19_3_2_,
        inventory4_.OnHand_UnitId as OnHan20_3_2_,
        inventory4_.Allocated_Value as Alloc21_3_2_,
        inventory4_.Allocated_UnitId as Alloc22_3_2_,
        inventory4_.Shipped_Value as Shipp23_3_2_,
        inventory4_.Shipped_UnitId as Shipp24_3_2_,
        inventory4_.BackOrdered_Value as BackO25_3_2_,
        inventory4_.BackOrdered_UnitId as BackO26_3_2_,
        inventory4_.Available_Value as Avail27_3_2_,
        inventory4_.Available_UnitId as Avail28_3_2_,
        inventory4_.InitialLevel_Value as Initi29_3_2_,
        inventory4_.InitialLevel_UnitId as Initi30_3_2_,
        inventory4_.Shrinkage_Value as Shrin31_3_2_,
        inventory4_.Shrinkage_UnitId as Shrin32_3_2_,
        inventory4_.CurrentLevel_Value as Curre33_3_2_,
        inventory4_.CurrentLevel_UnitId as Curre34_3_2_,
        inventory4_.TargetLevel_Value as Targe35_3_2_,
        inventory4_.TargetLevel_UnitId as Targe36_3_2_,
        inventory4_.BelowTargetLevel_Value as Below37_3_2_,
        inventory4_.BelowTargetLevel_UnitId as Below38_3_2_,
        inventory4_.ReorderLevel_Value as Reord39_3_2_,
        inventory4_.ReorderLevel_UnitId as Reord40_3_2_,
        inventory4_.ReorderQuantity_Value as Reord41_3_2_,
        inventory4_.ReorderQuantity_UnitId as Reord42_3_2_,
        inventory4_.MinimumReorderQuantity_Value as Minim43_3_2_,
        inventory4_.MinimumReorderQuantity_UnitId as Minim44_3_2_,
        payments5_.PurchaseOrderId as Purch3_14_21_,
        payments5_.PurchaseOrderPaymentId as Purch1_14_21_,
        payments5_.PurchaseOrderPaymentId as Purch1_14_3_,
        payments5_.PaidOn as PaidO2_14_3_,
        payments5_.PurchaseOrderId as Purch3_14_3_,
        payments5_.PaidById as PaidB4_14_3_,
        payments5_.PaymentTypeId as Payme5_14_3_,
        payments5_.Payment_Amount as Payme6_14_3_,
        payments5_.Payment_CurrencyId as Payme7_14_3_,
        user6_.UserId as UserI1_25_4_,
        user6_.Username as Usern2_25_4_,
        user6_.Password as Passw3_25_4_,
        user6_.BranchId as Branc4_25_4_,
        user6_.FirstName as First5_25_4_,
        user6_.MiddleName as Middl6_25_4_,
        user6_.LastName as LastN7_25_4_,
        user6_.BirthDate as Birth8_25_4_,
        user6_.Street as Stree9_25_4_,
        user6_.Barangay as Bara10_25_4_,
        user6_.City as City11_25_4_,
        user6_.Province as Prov12_25_4_,
        user6_.Region as Regi13_25_4_,
        user6_.Country as Coun14_25_4_,
        user6_.ZipCode as ZipC15_25_4_,
        receipts7_.PurchaseOrderId as Purch4_15_22_,
        receipts7_.PurchaseOrderReceiptId as Purch1_15_22_,
        receipts7_.PurchaseOrderReceiptId as Purch1_15_5_,
        receipts7_.ReceivedOn as Recei2_15_5_,
        receipts7_.ExpiresOn as Expir3_15_5_,
        receipts7_.PurchaseOrderId as Purch4_15_5_,
        receipts7_.ReceivedById as Recei5_15_5_,
        receipts7_.ProductId as Produ6_15_5_,
        receipts7_.Quantity_Value as Quant7_15_5_,
        receipts7_.Quantity_UnitId as Quant8_15_5_,
        product8_.ProductId as Produ1_11_6_,
        product8_.Name as Name2_11_6_,
        product8_.Description as Descr3_11_6_,
        product8_.Image as Image4_11_6_,
        product8_.Discontinued as Disco5_11_6_,
        product8_.CategoryId as Categ6_11_6_,
        product8_.SupplierId as Suppl7_11_6_,
        inventory9_.InventoryId as Invent1_3_7_,
        inventory9_.ConversionFactor as Conver2_3_7_,
        inventory9_.UnitOfMeasureId as UnitOf3_3_7_,
        inventory9_.UnitOfMeasureBaseId as UnitOf4_3_7_,
        inventory9_.BasePrice_Amount as BasePr5_3_7_,
        inventory9_.BasePrice_CurrencyId as BasePr6_3_7_,
        inventory9_.RetailPrice_Amount as Retail7_3_7_,
        inventory9_.RetailPrice_CurrencyId as Retail8_3_7_,
        inventory9_.WholeSalePrice_Amount as WholeS9_3_7_,
        inventory9_.WholeSalePrice_CurrencyId as Whole10_3_7_,
        inventory9_.BadStockPrice_Amount as BadSt11_3_7_,
        inventory9_.BadStockPrice_CurrencyId as BadSt12_3_7_,
        inventory9_.BadStock_Value as BadSt13_3_7_,
        inventory9_.BadStock_UnitId as BadSt14_3_7_,
        inventory9_.Received_Value as Recei15_3_7_,
        inventory9_.Received_UnitId as Recei16_3_7_,
        inventory9_.OnOrder_Value as OnOrd17_3_7_,
        inventory9_.OnOrder_UnitId as OnOrd18_3_7_,
        inventory9_.OnHand_Value as OnHan19_3_7_,
        inventory9_.OnHand_UnitId as OnHan20_3_7_,
        inventory9_.Allocated_Value as Alloc21_3_7_,
        inventory9_.Allocated_UnitId as Alloc22_3_7_,
        inventory9_.Shipped_Value as Shipp23_3_7_,
        inventory9_.Shipped_UnitId as Shipp24_3_7_,
        inventory9_.BackOrdered_Value as BackO25_3_7_,
        inventory9_.BackOrdered_UnitId as BackO26_3_7_,
        inventory9_.Available_Value as Avail27_3_7_,
        inventory9_.Available_UnitId as Avail28_3_7_,
        inventory9_.InitialLevel_Value as Initi29_3_7_,
        inventory9_.InitialLevel_UnitId as Initi30_3_7_,
        inventory9_.Shrinkage_Value as Shrin31_3_7_,
        inventory9_.Shrinkage_UnitId as Shrin32_3_7_,
        inventory9_.CurrentLevel_Value as Curre33_3_7_,
        inventory9_.CurrentLevel_UnitId as Curre34_3_7_,
        inventory9_.TargetLevel_Value as Targe35_3_7_,
        inventory9_.TargetLevel_UnitId as Targe36_3_7_,
        inventory9_.BelowTargetLevel_Value as Below37_3_7_,
        inventory9_.BelowTargetLevel_UnitId as Below38_3_7_,
        inventory9_.ReorderLevel_Value as Reord39_3_7_,
        inventory9_.ReorderLevel_UnitId as Reord40_3_7_,
        inventory9_.ReorderQuantity_Value as Reord41_3_7_,
        inventory9_.ReorderQuantity_UnitId as Reord42_3_7_,
        inventory9_.MinimumReorderQuantity_Value as Minim43_3_7_,
        inventory9_.MinimumReorderQuantity_UnitId as Minim44_3_7_,
        paymenttyp10_.PaymentTypeId as Paymen1_8_8_,
        paymenttyp10_.Name as Name2_8_8_,
        supplier11_.SupplierId as Suppl1_22_9_,
        supplier11_.Name as Name2_22_9_,
        supplier11_.Street as Stree3_22_9_,
        supplier11_.Barangay as Baran4_22_9_,
        supplier11_.City as City5_22_9_,
        supplier11_.Province as Provi6_22_9_,
        supplier11_.Region as Regio7_22_9_,
        supplier11_.Country as Count8_22_9_,
        supplier11_.ZipCode as ZipCo9_22_9_,
        supplier11_.Email as Emai10_22_9_,
        supplier11_.Landline as Land11_22_9_,
        supplier11_.Fax as Fax12_22_9_,
        supplier11_.Mobile as Mobi13_22_9_,
        supplier11_.Web as Web14_22_9_,
        shipper12_.ShipperId as Shipp1_20_10_,
        shipper12_.Name as Name2_20_10_,
        shipper12_.Street as Stree3_20_10_,
        shipper12_.Barangay as Baran4_20_10_,
        shipper12_.City as City5_20_10_,
        shipper12_.Province as Provi6_20_10_,
        shipper12_.Region as Regio7_20_10_,
        shipper12_.Country as Count8_20_10_,
        shipper12_.ZipCode as ZipCo9_20_10_,
        shipper12_.Email as Emai10_20_10_,
        shipper12_.Landline as Land11_20_10_,
        shipper12_.Fax as Fax12_20_10_,
        shipper12_.Mobile as Mobi13_20_10_,
        shipper12_.Web as Web14_20_10_,
        user13_.UserId as UserI1_25_11_,
        user13_.Username as Usern2_25_11_,
        user13_.Password as Passw3_25_11_,
        user13_.BranchId as Branc4_25_11_,
        user13_.FirstName as First5_25_11_,
        user13_.MiddleName as Middl6_25_11_,
        user13_.LastName as LastN7_25_11_,
        user13_.BirthDate as Birth8_25_11_,
        user13_.Street as Stree9_25_11_,
        user13_.Barangay as Bara10_25_11_,
        user13_.City as City11_25_11_,
        user13_.Province as Prov12_25_11_,
        user13_.Region as Regi13_25_11_,
        user13_.Country as Coun14_25_11_,
        user13_.ZipCode as ZipC15_25_11_,
        user14_.UserId as UserI1_25_12_,
        user14_.Username as Usern2_25_12_,
        user14_.Password as Passw3_25_12_,
        user14_.BranchId as Branc4_25_12_,
        user14_.FirstName as First5_25_12_,
        user14_.MiddleName as Middl6_25_12_,
        user14_.LastName as LastN7_25_12_,
        user14_.BirthDate as Birth8_25_12_,
        user14_.Street as Stree9_25_12_,
        user14_.Barangay as Bara10_25_12_,
        user14_.City as City11_25_12_,
        user14_.Province as Prov12_25_12_,
        user14_.Region as Regi13_25_12_,
        user14_.Country as Coun14_25_12_,
        user14_.ZipCode as ZipC15_25_12_,
        user15_.UserId as UserI1_25_13_,
        user15_.Username as Usern2_25_13_,
        user15_.Password as Passw3_25_13_,
        user15_.BranchId as Branc4_25_13_,
        user15_.FirstName as First5_25_13_,
        user15_.MiddleName as Middl6_25_13_,
        user15_.LastName as LastN7_25_13_,
        user15_.BirthDate as Birth8_25_13_,
        user15_.Street as Stree9_25_13_,
        user15_.Barangay as Bara10_25_13_,
        user15_.City as City11_25_13_,
        user15_.Province as Prov12_25_13_,
        user15_.Region as Regi13_25_13_,
        user15_.Country as Coun14_25_13_,
        user15_.ZipCode as ZipC15_25_13_,
        user16_.UserId as UserI1_25_14_,
        user16_.Username as Usern2_25_14_,
        user16_.Password as Passw3_25_14_,
        user16_.BranchId as Branc4_25_14_,
        user16_.FirstName as First5_25_14_,
        user16_.MiddleName as Middl6_25_14_,
        user16_.LastName as LastN7_25_14_,
        user16_.BirthDate as Birth8_25_14_,
        user16_.Street as Stree9_25_14_,
        user16_.Barangay as Bara10_25_14_,
        user16_.City as City11_25_14_,
        user16_.Province as Prov12_25_14_,
        user16_.Region as Regi13_25_14_,
        user16_.Country as Coun14_25_14_,
        user16_.ZipCode as ZipC15_25_14_,
        user17_.UserId as UserI1_25_15_,
        user17_.Username as Usern2_25_15_,
        user17_.Password as Passw3_25_15_,
        user17_.BranchId as Branc4_25_15_,
        user17_.FirstName as First5_25_15_,
        user17_.MiddleName as Middl6_25_15_,
        user17_.LastName as LastN7_25_15_,
        user17_.BirthDate as Birth8_25_15_,
        user17_.Street as Stree9_25_15_,
        user17_.Barangay as Bara10_25_15_,
        user17_.City as City11_25_15_,
        user17_.Province as Prov12_25_15_,
        user17_.Region as Regi13_25_15_,
        user17_.Country as Coun14_25_15_,
        user17_.ZipCode as ZipC15_25_15_,
        user18_.UserId as UserI1_25_16_,
        user18_.Username as Usern2_25_16_,
        user18_.Password as Passw3_25_16_,
        user18_.BranchId as Branc4_25_16_,
        user18_.FirstName as First5_25_16_,
        user18_.MiddleName as Middl6_25_16_,
        user18_.LastName as LastN7_25_16_,
        user18_.BirthDate as Birth8_25_16_,
        user18_.Street as Stree9_25_16_,
        user18_.Barangay as Bara10_25_16_,
        user18_.City as City11_25_16_,
        user18_.Province as Prov12_25_16_,
        user18_.Region as Regi13_25_16_,
        user18_.Country as Coun14_25_16_,
        user18_.ZipCode as ZipC15_25_16_,
        user19_.UserId as UserI1_25_17_,
        user19_.Username as Usern2_25_17_,
        user19_.Password as Passw3_25_17_,
        user19_.BranchId as Branc4_25_17_,
        user19_.FirstName as First5_25_17_,
        user19_.MiddleName as Middl6_25_17_,
        user19_.LastName as LastN7_25_17_,
        user19_.BirthDate as Birth8_25_17_,
        user19_.Street as Stree9_25_17_,
        user19_.Barangay as Bara10_25_17_,
        user19_.City as City11_25_17_,
        user19_.Province as Prov12_25_17_,
        user19_.Region as Regi13_25_17_,
        user19_.Country as Coun14_25_17_,
        user19_.ZipCode as ZipC15_25_17_ 
    FROM
        dbo.PurchaseOrders this_ 
    left outer join
        dbo.PurchaseOrderItems items2_ 
            on this_.PurchaseOrderId=items2_.PurchaseOrderId 
    left outer join
        dbo.Products product3_ 
            on items2_.ProductId=product3_.ProductId 
    left outer join
        dbo.Inventories inventory4_ 
            on product3_.ProductId=inventory4_.InventoryId 
    left outer join
        dbo.PurchaseOrderPayments payments5_ 
            on this_.PurchaseOrderId=payments5_.PurchaseOrderId 
    left outer join
        dbo.Users user6_ 
            on payments5_.PaidById=user6_.UserId 
    left outer join
        dbo.PurchaseOrderReceipts receipts7_ 
            on this_.PurchaseOrderId=receipts7_.PurchaseOrderId 
    left outer join
        dbo.Products product8_ 
            on receipts7_.ProductId=product8_.ProductId 
    left outer join
        dbo.Inventories inventory9_ 
            on product8_.ProductId=inventory9_.InventoryId 
    left outer join
        dbo.PaymentTypes paymenttyp10_ 
            on this_.PaymentTypeId=paymenttyp10_.PaymentTypeId 
    left outer join
        dbo.Suppliers supplier11_ 
            on this_.SupplierId=supplier11_.SupplierId 
    left outer join
        dbo.Shippers shipper12_ 
            on this_.ShipperId=shipper12_.ShipperId 
    left outer join
        dbo.Users user13_ 
            on this_.CreatedById=user13_.UserId 
    left outer join
        dbo.Users user14_ 
            on this_.SubmittedById=user14_.UserId 
    left outer join
        dbo.Users user15_ 
            on this_.ApprovedById=user15_.UserId 
    left outer join
        dbo.Users user16_ 
            on this_.PaidById=user16_.UserId 
    left outer join
        dbo.Users user17_ 
            on this_.ReceivedById=user17_.UserId 
    left outer join
        dbo.Users user18_ 
            on this_.CompletedById=user18_.UserId 
    left outer join
        dbo.Users user19_ 
            on this_.CancelledById=user19_.UserId
NHibernate: 
    SELECT
        purchaseor0_.PurchaseOrderId as Purch1_13_0_,
        purchaseor0_.PurchaseOrderNumber as Purch2_13_0_,
        purchaseor0_.Status as Statu3_13_0_,
        purchaseor0_.ExpectedOn as Expec4_13_0_,
        purchaseor0_.CreatedOn as Creat5_13_0_,
        purchaseor0_.SubmittedOn as Submi6_13_0_,
        purchaseor0_.ApprovedOn as Appro7_13_0_,
        purchaseor0_.PaidOn as PaidO8_13_0_,
        purchaseor0_.ReceivedOn as Recei9_13_0_,
        purchaseor0_.CompletedOn as Comp10_13_0_,
        purchaseor0_.CancelledOn as Canc11_13_0_,
        purchaseor0_.CancellationReason as Canc12_13_0_,
        purchaseor0_.PaymentTypeId as Paym13_13_0_,
        purchaseor0_.SupplierId as Supp14_13_0_,
        purchaseor0_.ShipperId as Ship15_13_0_,
        purchaseor0_.CreatedById as Crea16_13_0_,
        purchaseor0_.SubmittedById as Subm17_13_0_,
        purchaseor0_.ApprovedById as Appr18_13_0_,
        purchaseor0_.PaidById as Paid19_13_0_,
        purchaseor0_.ReceivedById as Rece20_13_0_,
        purchaseor0_.CompletedById as Comp21_13_0_,
        purchaseor0_.CancelledById as Canc22_13_0_,
        purchaseor0_.Tax_Amount as Tax23_13_0_,
        purchaseor0_.Tax_CurrencyId as Tax24_13_0_,
        purchaseor0_.ShippingFee_Amount as Ship25_13_0_,
        purchaseor0_.ShippingFee_CurrencyId as Ship26_13_0_,
        purchaseor0_.Discount_Amount as Disc27_13_0_,
        purchaseor0_.Discount_CurrencyId as Disc28_13_0_,
        purchaseor0_.SubTotal_Amount as SubT29_13_0_,
        purchaseor0_.SubTotal_CurrencyId as SubT30_13_0_,
        purchaseor0_.Total_Amount as Tota31_13_0_,
        purchaseor0_.Total_CurrencyId as Tota32_13_0_,
        purchaseor0_.Payment_Amount as Paym33_13_0_,
        purchaseor0_.Payment_CurrencyId as Paym34_13_0_ 
    FROM
        dbo.PurchaseOrders purchaseor0_ 
    WHERE
        purchaseor0_.PurchaseOrderId=@p0;
    @p0 = 70b6554a-479a-4f8a-9911-a72900bedf45 [Type: Guid (0:0:0)]
NHibernate: Batch commands:
command 0:
    UPDATE
        dbo.PurchaseOrders 
    SET
        PurchaseOrderNumber = @p0,
        Status = @p1,
        ExpectedOn = @p2,
        CreatedOn = @p3,
        SubmittedOn = @p4,
        ApprovedOn = @p5,
        PaidOn = @p6,
        ReceivedOn = @p7,
        CompletedOn = @p8,
        CancelledOn = @p9,
        CancellationReason = @p10,
        PaymentTypeId = @p11,
        SupplierId = @p12,
        ShipperId = @p13,
        CreatedById = @p14,
        SubmittedById = @p15,
        ApprovedById = @p16,
        PaidById = @p17,
        ReceivedById = @p18,
        CompletedById = @p19,
        CancelledById = @p20,
        Tax_Amount = @p21,
        Tax_CurrencyId = @p22,
        ShippingFee_Amount = @p23,
        ShippingFee_CurrencyId = @p24,
        Discount_Amount = @p25,
        Discount_CurrencyId = @p26,
        SubTotal_Amount = @p27,
        SubTotal_CurrencyId = @p28,
        Total_Amount = @p29,
        Total_CurrencyId = @p30,
        Payment_Amount = @p31,
        Payment_CurrencyId = @p32 
    WHERE
        PurchaseOrderId = @p33;
    @p0 = NULL [Type: String (4000:0:0)], @p1 = 'Submitted' [Type: String (4000:0:0)], @p2 = 2017-03-11T19:34:56.0000000 [Type: DateTime (0:0:0)], @p3 = 2017-03-01T19:34:56.0000000 [Type: DateTime (0:0:0)], @p4 = 2017-03-01T19:34:57.0000000 [Type: DateTime (0:0:0)], @p5 = NULL [Type: DateTime (0:0:0)], @p6 = NULL [Type: DateTime (0:0:0)], @p7 = NULL [Type: DateTime (0:0:0)], @p8 = NULL [Type: DateTime (0:0:0)], @p9 = NULL [Type: DateTime (0:0:0)], @p10 = NULL [Type: String (4000:0:0)], @p11 = 'CK' [Type: String (4000:0:0)], @p12 = aa94c6ef-c890-4e4c-a462-a72900bede73 [Type: Guid (0:0:0)], @p13 = NULL [Type: String (4000:0:0)], @p14 = ca42947a-0ba3-4fc8-86e0-a635014b6b11 [Type: Guid (0:0:0)], @p15 = 790ee6b8-bc9d-4406-b3dc-a72900bede2a [Type: Guid (0:0:0)], @p16 = NULL [Type: Guid (0:0:0)], @p17 = NULL [Type: Guid (0:0:0)], @p18 = NULL [Type: Guid (0:0:0)], @p19 = NULL [Type: Guid (0:0:0)], @p20 = NULL [Type: Guid (0:0:0)], @p21 = 0.00000 [Type: Decimal (0:5:28)], @p22 = 'PHP' [Type: String (4000:0:0)], @p23 = 0.00000 [Type: Decimal (0:5:28)], @p24 = 'PHP' [Type: String (4000:0:0)], @p25 = NULL [Type: Decimal (0:5:28)], @p26 = NULL [Type: String (4000:0:0)], @p27 = NULL [Type: Decimal (0:5:28)], @p28 = NULL [Type: String (4000:0:0)], @p29 = 0.00000 [Type: Decimal (0:5:28)], @p30 = 'PHP' [Type: String (4000:0:0)], @p31 = NULL [Type: Decimal (0:5:28)], @p32 = NULL [Type: String (4000:0:0)], @p33 = 70b6554a-479a-4f8a-9911-a72900bedf45 [Type: Guid (0:0:0)]

NHibernate: 
    SELECT
        this_.PurchaseOrderId as Purch1_13_22_,
        this_.PurchaseOrderNumber as Purch2_13_22_,
        this_.Status as Statu3_13_22_,
        this_.ExpectedOn as Expec4_13_22_,
        this_.CreatedOn as Creat5_13_22_,
        this_.SubmittedOn as Submi6_13_22_,
        this_.ApprovedOn as Appro7_13_22_,
        this_.PaidOn as PaidO8_13_22_,
        this_.ReceivedOn as Recei9_13_22_,
        this_.CompletedOn as Comp10_13_22_,
        this_.CancelledOn as Canc11_13_22_,
        this_.CancellationReason as Canc12_13_22_,
        this_.PaymentTypeId as Paym13_13_22_,
        this_.SupplierId as Supp14_13_22_,
        this_.ShipperId as Ship15_13_22_,
        this_.CreatedById as Crea16_13_22_,
        this_.SubmittedById as Subm17_13_22_,
        this_.ApprovedById as Appr18_13_22_,
        this_.PaidById as Paid19_13_22_,
        this_.ReceivedById as Rece20_13_22_,
        this_.CompletedById as Comp21_13_22_,
        this_.CancelledById as Canc22_13_22_,
        this_.Tax_Amount as Tax23_13_22_,
        this_.Tax_CurrencyId as Tax24_13_22_,
        this_.ShippingFee_Amount as Ship25_13_22_,
        this_.ShippingFee_CurrencyId as Ship26_13_22_,
        this_.Discount_Amount as Disc27_13_22_,
        this_.Discount_CurrencyId as Disc28_13_22_,
        this_.SubTotal_Amount as SubT29_13_22_,
        this_.SubTotal_CurrencyId as SubT30_13_22_,
        this_.Total_Amount as Tota31_13_22_,
        this_.Total_CurrencyId as Tota32_13_22_,
        this_.Payment_Amount as Paym33_13_22_,
        this_.Payment_CurrencyId as Paym34_13_22_,
        items2_.PurchaseOrderId as Purch2_12_24_,
        items2_.PurchaseOrderItemId as Purch1_12_24_,
        items2_.PurchaseOrderItemId as Purch1_12_0_,
        items2_.PurchaseOrderId as Purch2_12_0_,
        items2_.ProductId as Produ3_12_0_,
        items2_.Quantity_Value as Quant4_12_0_,
        items2_.Quantity_UnitId as Quant5_12_0_,
        items2_.UnitCost_Amount as UnitC6_12_0_,
        items2_.UnitCost_CurrencyId as UnitC7_12_0_,
        items2_.ExtendedCost_Amount as Exten8_12_0_,
        items2_.ExtendedCost_CurrencyId as Exten9_12_0_,
        product3_.ProductId as Produ1_11_1_,
        product3_.Name as Name2_11_1_,
        product3_.Description as Descr3_11_1_,
        product3_.Image as Image4_11_1_,
        product3_.Discontinued as Disco5_11_1_,
        product3_.CategoryId as Categ6_11_1_,
        product3_.SupplierId as Suppl7_11_1_,
        productcat4_.ProductCategoryId as Produ1_10_2_,
        productcat4_.Name as Name2_10_2_,
        supplier5_.SupplierId as Suppl1_22_3_,
        supplier5_.Name as Name2_22_3_,
        supplier5_.Street as Stree3_22_3_,
        supplier5_.Barangay as Baran4_22_3_,
        supplier5_.City as City5_22_3_,
        supplier5_.Province as Provi6_22_3_,
        supplier5_.Region as Regio7_22_3_,
        supplier5_.Country as Count8_22_3_,
        supplier5_.ZipCode as ZipCo9_22_3_,
        supplier5_.Email as Emai10_22_3_,
        supplier5_.Landline as Land11_22_3_,
        supplier5_.Fax as Fax12_22_3_,
        supplier5_.Mobile as Mobi13_22_3_,
        supplier5_.Web as Web14_22_3_,
        inventory6_.InventoryId as Invent1_3_4_,
        inventory6_.ConversionFactor as Conver2_3_4_,
        inventory6_.UnitOfMeasureId as UnitOf3_3_4_,
        inventory6_.UnitOfMeasureBaseId as UnitOf4_3_4_,
        inventory6_.BasePrice_Amount as BasePr5_3_4_,
        inventory6_.BasePrice_CurrencyId as BasePr6_3_4_,
        inventory6_.RetailPrice_Amount as Retail7_3_4_,
        inventory6_.RetailPrice_CurrencyId as Retail8_3_4_,
        inventory6_.WholeSalePrice_Amount as WholeS9_3_4_,
        inventory6_.WholeSalePrice_CurrencyId as Whole10_3_4_,
        inventory6_.BadStockPrice_Amount as BadSt11_3_4_,
        inventory6_.BadStockPrice_CurrencyId as BadSt12_3_4_,
        inventory6_.BadStock_Value as BadSt13_3_4_,
        inventory6_.BadStock_UnitId as BadSt14_3_4_,
        inventory6_.Received_Value as Recei15_3_4_,
        inventory6_.Received_UnitId as Recei16_3_4_,
        inventory6_.OnOrder_Value as OnOrd17_3_4_,
        inventory6_.OnOrder_UnitId as OnOrd18_3_4_,
        inventory6_.OnHand_Value as OnHan19_3_4_,
        inventory6_.OnHand_UnitId as OnHan20_3_4_,
        inventory6_.Allocated_Value as Alloc21_3_4_,
        inventory6_.Allocated_UnitId as Alloc22_3_4_,
        inventory6_.Shipped_Value as Shipp23_3_4_,
        inventory6_.Shipped_UnitId as Shipp24_3_4_,
        inventory6_.BackOrdered_Value as BackO25_3_4_,
        inventory6_.BackOrdered_UnitId as BackO26_3_4_,
        inventory6_.Available_Value as Avail27_3_4_,
        inventory6_.Available_UnitId as Avail28_3_4_,
        inventory6_.InitialLevel_Value as Initi29_3_4_,
        inventory6_.InitialLevel_UnitId as Initi30_3_4_,
        inventory6_.Shrinkage_Value as Shrin31_3_4_,
        inventory6_.Shrinkage_UnitId as Shrin32_3_4_,
        inventory6_.CurrentLevel_Value as Curre33_3_4_,
        inventory6_.CurrentLevel_UnitId as Curre34_3_4_,
        inventory6_.TargetLevel_Value as Targe35_3_4_,
        inventory6_.TargetLevel_UnitId as Targe36_3_4_,
        inventory6_.BelowTargetLevel_Value as Below37_3_4_,
        inventory6_.BelowTargetLevel_UnitId as Below38_3_4_,
        inventory6_.ReorderLevel_Value as Reord39_3_4_,
        inventory6_.ReorderLevel_UnitId as Reord40_3_4_,
        inventory6_.ReorderQuantity_Value as Reord41_3_4_,
        inventory6_.ReorderQuantity_UnitId as Reord42_3_4_,
        inventory6_.MinimumReorderQuantity_Value as Minim43_3_4_,
        inventory6_.MinimumReorderQuantity_UnitId as Minim44_3_4_,
        payments7_.PurchaseOrderId as Purch3_14_25_,
        payments7_.PurchaseOrderPaymentId as Purch1_14_25_,
        payments7_.PurchaseOrderPaymentId as Purch1_14_5_,
        payments7_.PaidOn as PaidO2_14_5_,
        payments7_.PurchaseOrderId as Purch3_14_5_,
        payments7_.PaidById as PaidB4_14_5_,
        payments7_.PaymentTypeId as Payme5_14_5_,
        payments7_.Payment_Amount as Payme6_14_5_,
        payments7_.Payment_CurrencyId as Payme7_14_5_,
        user8_.UserId as UserI1_25_6_,
        user8_.Username as Usern2_25_6_,
        user8_.Password as Passw3_25_6_,
        user8_.BranchId as Branc4_25_6_,
        user8_.FirstName as First5_25_6_,
        user8_.MiddleName as Middl6_25_6_,
        user8_.LastName as LastN7_25_6_,
        user8_.BirthDate as Birth8_25_6_,
        user8_.Street as Stree9_25_6_,
        user8_.Barangay as Bara10_25_6_,
        user8_.City as City11_25_6_,
        user8_.Province as Prov12_25_6_,
        user8_.Region as Regi13_25_6_,
        user8_.Country as Coun14_25_6_,
        user8_.ZipCode as ZipC15_25_6_,
        receipts9_.PurchaseOrderId as Purch4_15_26_,
        receipts9_.PurchaseOrderReceiptId as Purch1_15_26_,
        receipts9_.PurchaseOrderReceiptId as Purch1_15_7_,
        receipts9_.ReceivedOn as Recei2_15_7_,
        receipts9_.ExpiresOn as Expir3_15_7_,
        receipts9_.PurchaseOrderId as Purch4_15_7_,
        receipts9_.ReceivedById as Recei5_15_7_,
        receipts9_.ProductId as Produ6_15_7_,
        receipts9_.Quantity_Value as Quant7_15_7_,
        receipts9_.Quantity_UnitId as Quant8_15_7_,
        product10_.ProductId as Produ1_11_8_,
        product10_.Name as Name2_11_8_,
        product10_.Description as Descr3_11_8_,
        product10_.Image as Image4_11_8_,
        product10_.Discontinued as Disco5_11_8_,
        product10_.CategoryId as Categ6_11_8_,
        product10_.SupplierId as Suppl7_11_8_,
        productcat11_.ProductCategoryId as Produ1_10_9_,
        productcat11_.Name as Name2_10_9_,
        supplier12_.SupplierId as Suppl1_22_10_,
        supplier12_.Name as Name2_22_10_,
        supplier12_.Street as Stree3_22_10_,
        supplier12_.Barangay as Baran4_22_10_,
        supplier12_.City as City5_22_10_,
        supplier12_.Province as Provi6_22_10_,
        supplier12_.Region as Regio7_22_10_,
        supplier12_.Country as Count8_22_10_,
        supplier12_.ZipCode as ZipCo9_22_10_,
        supplier12_.Email as Emai10_22_10_,
        supplier12_.Landline as Land11_22_10_,
        supplier12_.Fax as Fax12_22_10_,
        supplier12_.Mobile as Mobi13_22_10_,
        supplier12_.Web as Web14_22_10_,
        inventory13_.InventoryId as Invent1_3_11_,
        inventory13_.ConversionFactor as Conver2_3_11_,
        inventory13_.UnitOfMeasureId as UnitOf3_3_11_,
        inventory13_.UnitOfMeasureBaseId as UnitOf4_3_11_,
        inventory13_.BasePrice_Amount as BasePr5_3_11_,
        inventory13_.BasePrice_CurrencyId as BasePr6_3_11_,
        inventory13_.RetailPrice_Amount as Retail7_3_11_,
        inventory13_.RetailPrice_CurrencyId as Retail8_3_11_,
        inventory13_.WholeSalePrice_Amount as WholeS9_3_11_,
        inventory13_.WholeSalePrice_CurrencyId as Whole10_3_11_,
        inventory13_.BadStockPrice_Amount as BadSt11_3_11_,
        inventory13_.BadStockPrice_CurrencyId as BadSt12_3_11_,
        inventory13_.BadStock_Value as BadSt13_3_11_,
        inventory13_.BadStock_UnitId as BadSt14_3_11_,
        inventory13_.Received_Value as Recei15_3_11_,
        inventory13_.Received_UnitId as Recei16_3_11_,
        inventory13_.OnOrder_Value as OnOrd17_3_11_,
        inventory13_.OnOrder_UnitId as OnOrd18_3_11_,
        inventory13_.OnHand_Value as OnHan19_3_11_,
        inventory13_.OnHand_UnitId as OnHan20_3_11_,
        inventory13_.Allocated_Value as Alloc21_3_11_,
        inventory13_.Allocated_UnitId as Alloc22_3_11_,
        inventory13_.Shipped_Value as Shipp23_3_11_,
        inventory13_.Shipped_UnitId as Shipp24_3_11_,
        inventory13_.BackOrdered_Value as BackO25_3_11_,
        inventory13_.BackOrdered_UnitId as BackO26_3_11_,
        inventory13_.Available_Value as Avail27_3_11_,
        inventory13_.Available_UnitId as Avail28_3_11_,
        inventory13_.InitialLevel_Value as Initi29_3_11_,
        inventory13_.InitialLevel_UnitId as Initi30_3_11_,
        inventory13_.Shrinkage_Value as Shrin31_3_11_,
        inventory13_.Shrinkage_UnitId as Shrin32_3_11_,
        inventory13_.CurrentLevel_Value as Curre33_3_11_,
        inventory13_.CurrentLevel_UnitId as Curre34_3_11_,
        inventory13_.TargetLevel_Value as Targe35_3_11_,
        inventory13_.TargetLevel_UnitId as Targe36_3_11_,
        inventory13_.BelowTargetLevel_Value as Below37_3_11_,
        inventory13_.BelowTargetLevel_UnitId as Below38_3_11_,
        inventory13_.ReorderLevel_Value as Reord39_3_11_,
        inventory13_.ReorderLevel_UnitId as Reord40_3_11_,
        inventory13_.ReorderQuantity_Value as Reord41_3_11_,
        inventory13_.ReorderQuantity_UnitId as Reord42_3_11_,
        inventory13_.MinimumReorderQuantity_Value as Minim43_3_11_,
        inventory13_.MinimumReorderQuantity_UnitId as Minim44_3_11_,
        paymenttyp14_.PaymentTypeId as Paymen1_8_12_,
        paymenttyp14_.Name as Name2_8_12_,
        supplier15_.SupplierId as Suppl1_22_13_,
        supplier15_.Name as Name2_22_13_,
        supplier15_.Street as Stree3_22_13_,
        supplier15_.Barangay as Baran4_22_13_,
        supplier15_.City as City5_22_13_,
        supplier15_.Province as Provi6_22_13_,
        supplier15_.Region as Regio7_22_13_,
        supplier15_.Country as Count8_22_13_,
        supplier15_.ZipCode as ZipCo9_22_13_,
        supplier15_.Email as Emai10_22_13_,
        supplier15_.Landline as Land11_22_13_,
        supplier15_.Fax as Fax12_22_13_,
        supplier15_.Mobile as Mobi13_22_13_,
        supplier15_.Web as Web14_22_13_,
        shipper16_.ShipperId as Shipp1_20_14_,
        shipper16_.Name as Name2_20_14_,
        shipper16_.Street as Stree3_20_14_,
        shipper16_.Barangay as Baran4_20_14_,
        shipper16_.City as City5_20_14_,
        shipper16_.Province as Provi6_20_14_,
        shipper16_.Region as Regio7_20_14_,
        shipper16_.Country as Count8_20_14_,
        shipper16_.ZipCode as ZipCo9_20_14_,
        shipper16_.Email as Emai10_20_14_,
        shipper16_.Landline as Land11_20_14_,
        shipper16_.Fax as Fax12_20_14_,
        shipper16_.Mobile as Mobi13_20_14_,
        shipper16_.Web as Web14_20_14_,
        user17_.UserId as UserI1_25_15_,
        user17_.Username as Usern2_25_15_,
        user17_.Password as Passw3_25_15_,
        user17_.BranchId as Branc4_25_15_,
        user17_.FirstName as First5_25_15_,
        user17_.MiddleName as Middl6_25_15_,
        user17_.LastName as LastN7_25_15_,
        user17_.BirthDate as Birth8_25_15_,
        user17_.Street as Stree9_25_15_,
        user17_.Barangay as Bara10_25_15_,
        user17_.City as City11_25_15_,
        user17_.Province as Prov12_25_15_,
        user17_.Region as Regi13_25_15_,
        user17_.Country as Coun14_25_15_,
        user17_.ZipCode as ZipC15_25_15_,
        user18_.UserId as UserI1_25_16_,
        user18_.Username as Usern2_25_16_,
        user18_.Password as Passw3_25_16_,
        user18_.BranchId as Branc4_25_16_,
        user18_.FirstName as First5_25_16_,
        user18_.MiddleName as Middl6_25_16_,
        user18_.LastName as LastN7_25_16_,
        user18_.BirthDate as Birth8_25_16_,
        user18_.Street as Stree9_25_16_,
        user18_.Barangay as Bara10_25_16_,
        user18_.City as City11_25_16_,
        user18_.Province as Prov12_25_16_,
        user18_.Region as Regi13_25_16_,
        user18_.Country as Coun14_25_16_,
        user18_.ZipCode as ZipC15_25_16_,
        user19_.UserId as UserI1_25_17_,
        user19_.Username as Usern2_25_17_,
        user19_.Password as Passw3_25_17_,
        user19_.BranchId as Branc4_25_17_,
        user19_.FirstName as First5_25_17_,
        user19_.MiddleName as Middl6_25_17_,
        user19_.LastName as LastN7_25_17_,
        user19_.BirthDate as Birth8_25_17_,
        user19_.Street as Stree9_25_17_,
        user19_.Barangay as Bara10_25_17_,
        user19_.City as City11_25_17_,
        user19_.Province as Prov12_25_17_,
        user19_.Region as Regi13_25_17_,
        user19_.Country as Coun14_25_17_,
        user19_.ZipCode as ZipC15_25_17_,
        user20_.UserId as UserI1_25_18_,
        user20_.Username as Usern2_25_18_,
        user20_.Password as Passw3_25_18_,
        user20_.BranchId as Branc4_25_18_,
        user20_.FirstName as First5_25_18_,
        user20_.MiddleName as Middl6_25_18_,
        user20_.LastName as LastN7_25_18_,
        user20_.BirthDate as Birth8_25_18_,
        user20_.Street as Stree9_25_18_,
        user20_.Barangay as Bara10_25_18_,
        user20_.City as City11_25_18_,
        user20_.Province as Prov12_25_18_,
        user20_.Region as Regi13_25_18_,
        user20_.Country as Coun14_25_18_,
        user20_.ZipCode as ZipC15_25_18_,
        user21_.UserId as UserI1_25_19_,
        user21_.Username as Usern2_25_19_,
        user21_.Password as Passw3_25_19_,
        user21_.BranchId as Branc4_25_19_,
        user21_.FirstName as First5_25_19_,
        user21_.MiddleName as Middl6_25_19_,
        user21_.LastName as LastN7_25_19_,
        user21_.BirthDate as Birth8_25_19_,
        user21_.Street as Stree9_25_19_,
        user21_.Barangay as Bara10_25_19_,
        user21_.City as City11_25_19_,
        user21_.Province as Prov12_25_19_,
        user21_.Region as Regi13_25_19_,
        user21_.Country as Coun14_25_19_,
        user21_.ZipCode as ZipC15_25_19_,
        user22_.UserId as UserI1_25_20_,
        user22_.Username as Usern2_25_20_,
        user22_.Password as Passw3_25_20_,
        user22_.BranchId as Branc4_25_20_,
        user22_.FirstName as First5_25_20_,
        user22_.MiddleName as Middl6_25_20_,
        user22_.LastName as LastN7_25_20_,
        user22_.BirthDate as Birth8_25_20_,
        user22_.Street as Stree9_25_20_,
        user22_.Barangay as Bara10_25_20_,
        user22_.City as City11_25_20_,
        user22_.Province as Prov12_25_20_,
        user22_.Region as Regi13_25_20_,
        user22_.Country as Coun14_25_20_,
        user22_.ZipCode as ZipC15_25_20_,
        user23_.UserId as UserI1_25_21_,
        user23_.Username as Usern2_25_21_,
        user23_.Password as Passw3_25_21_,
        user23_.BranchId as Branc4_25_21_,
        user23_.FirstName as First5_25_21_,
        user23_.MiddleName as Middl6_25_21_,
        user23_.LastName as LastN7_25_21_,
        user23_.BirthDate as Birth8_25_21_,
        user23_.Street as Stree9_25_21_,
        user23_.Barangay as Bara10_25_21_,
        user23_.City as City11_25_21_,
        user23_.Province as Prov12_25_21_,
        user23_.Region as Regi13_25_21_,
        user23_.Country as Coun14_25_21_,
        user23_.ZipCode as ZipC15_25_21_ 
    FROM
        dbo.PurchaseOrders this_ 
    left outer join
        dbo.PurchaseOrderItems items2_ 
            on this_.PurchaseOrderId=items2_.PurchaseOrderId 
    left outer join
        dbo.Products product3_ 
            on items2_.ProductId=product3_.ProductId 
    left outer join
        dbo.ProductCategories productcat4_ 
            on product3_.CategoryId=productcat4_.ProductCategoryId 
    left outer join
        dbo.Suppliers supplier5_ 
            on product3_.SupplierId=supplier5_.SupplierId 
    left outer join
        dbo.Inventories inventory6_ 
            on product3_.ProductId=inventory6_.InventoryId 
    left outer join
        dbo.PurchaseOrderPayments payments7_ 
            on this_.PurchaseOrderId=payments7_.PurchaseOrderId 
    left outer join
        dbo.Users user8_ 
            on payments7_.PaidById=user8_.UserId 
    left outer join
        dbo.PurchaseOrderReceipts receipts9_ 
            on this_.PurchaseOrderId=receipts9_.PurchaseOrderId 
    left outer join
        dbo.Products product10_ 
            on receipts9_.ProductId=product10_.ProductId 
    left outer join
        dbo.ProductCategories productcat11_ 
            on product10_.CategoryId=productcat11_.ProductCategoryId 
    left outer join
        dbo.Suppliers supplier12_ 
            on product10_.SupplierId=supplier12_.SupplierId 
    left outer join
        dbo.Inventories inventory13_ 
            on product10_.ProductId=inventory13_.InventoryId 
    left outer join
        dbo.PaymentTypes paymenttyp14_ 
            on this_.PaymentTypeId=paymenttyp14_.PaymentTypeId 
    left outer join
        dbo.Suppliers supplier15_ 
            on this_.SupplierId=supplier15_.SupplierId 
    left outer join
        dbo.Shippers shipper16_ 
            on this_.ShipperId=shipper16_.ShipperId 
    left outer join
        dbo.Users user17_ 
            on this_.CreatedById=user17_.UserId 
    left outer join
        dbo.Users user18_ 
            on this_.SubmittedById=user18_.UserId 
    left outer join
        dbo.Users user19_ 
            on this_.ApprovedById=user19_.UserId 
    left outer join
        dbo.Users user20_ 
            on this_.PaidById=user20_.UserId 
    left outer join
        dbo.Users user21_ 
            on this_.ReceivedById=user21_.UserId 
    left outer join
        dbo.Users user22_ 
            on this_.CompletedById=user22_.UserId 
    left outer join
        dbo.Users user23_ 
            on this_.CancelledById=user23_.UserId 
    WHERE
        this_.PurchaseOrderId = @p0;
    @p0 = 70b6554a-479a-4f8a-9911-a72900bedf45 [Type: Guid (0:0:0)]
NHibernate: 
    SELECT
        purchaseor0_.PurchaseOrderId as Purch1_13_0_,
        purchaseor0_.PurchaseOrderNumber as Purch2_13_0_,
        purchaseor0_.Status as Statu3_13_0_,
        purchaseor0_.ExpectedOn as Expec4_13_0_,
        purchaseor0_.CreatedOn as Creat5_13_0_,
        purchaseor0_.SubmittedOn as Submi6_13_0_,
        purchaseor0_.ApprovedOn as Appro7_13_0_,
        purchaseor0_.PaidOn as PaidO8_13_0_,
        purchaseor0_.ReceivedOn as Recei9_13_0_,
        purchaseor0_.CompletedOn as Comp10_13_0_,
        purchaseor0_.CancelledOn as Canc11_13_0_,
        purchaseor0_.CancellationReason as Canc12_13_0_,
        purchaseor0_.PaymentTypeId as Paym13_13_0_,
        purchaseor0_.SupplierId as Supp14_13_0_,
        purchaseor0_.ShipperId as Ship15_13_0_,
        purchaseor0_.CreatedById as Crea16_13_0_,
        purchaseor0_.SubmittedById as Subm17_13_0_,
        purchaseor0_.ApprovedById as Appr18_13_0_,
        purchaseor0_.PaidById as Paid19_13_0_,
        purchaseor0_.ReceivedById as Rece20_13_0_,
        purchaseor0_.CompletedById as Comp21_13_0_,
        purchaseor0_.CancelledById as Canc22_13_0_,
        purchaseor0_.Tax_Amount as Tax23_13_0_,
        purchaseor0_.Tax_CurrencyId as Tax24_13_0_,
        purchaseor0_.ShippingFee_Amount as Ship25_13_0_,
        purchaseor0_.ShippingFee_CurrencyId as Ship26_13_0_,
        purchaseor0_.Discount_Amount as Disc27_13_0_,
        purchaseor0_.Discount_CurrencyId as Disc28_13_0_,
        purchaseor0_.SubTotal_Amount as SubT29_13_0_,
        purchaseor0_.SubTotal_CurrencyId as SubT30_13_0_,
        purchaseor0_.Total_Amount as Tota31_13_0_,
        purchaseor0_.Total_CurrencyId as Tota32_13_0_,
        purchaseor0_.Payment_Amount as Paym33_13_0_,
        purchaseor0_.Payment_CurrencyId as Paym34_13_0_ 
    FROM
        dbo.PurchaseOrders purchaseor0_ 
    WHERE
        purchaseor0_.PurchaseOrderId=@p0;
    @p0 = be765a64-f0a4-41e8-9f06-a72900bedf78 [Type: Guid (0:0:0)]
NHibernate: Batch commands:
command 0:
    UPDATE
        dbo.PurchaseOrders 
    SET
        PurchaseOrderNumber = @p0,
        Status = @p1,
        ExpectedOn = @p2,
        CreatedOn = @p3,
        SubmittedOn = @p4,
        ApprovedOn = @p5,
        PaidOn = @p6,
        ReceivedOn = @p7,
        CompletedOn = @p8,
        CancelledOn = @p9,
        CancellationReason = @p10,
        PaymentTypeId = @p11,
        SupplierId = @p12,
        ShipperId = @p13,
        CreatedById = @p14,
        SubmittedById = @p15,
        ApprovedById = @p16,
        PaidById = @p17,
        ReceivedById = @p18,
        CompletedById = @p19,
        CancelledById = @p20,
        Tax_Amount = @p21,
        Tax_CurrencyId = @p22,
        ShippingFee_Amount = @p23,
        ShippingFee_CurrencyId = @p24,
        Discount_Amount = @p25,
        Discount_CurrencyId = @p26,
        SubTotal_Amount = @p27,
        SubTotal_CurrencyId = @p28,
        Total_Amount = @p29,
        Total_CurrencyId = @p30,
        Payment_Amount = @p31,
        Payment_CurrencyId = @p32 
    WHERE
        PurchaseOrderId = @p33;
    @p0 = NULL [Type: String (4000:0:0)], @p1 = 'Submitted' [Type: String (4000:0:0)], @p2 = 2017-03-11T19:34:56.0000000 [Type: DateTime (0:0:0)], @p3 = 2017-03-01T19:34:56.0000000 [Type: DateTime (0:0:0)], @p4 = 2017-03-01T19:34:57.0000000 [Type: DateTime (0:0:0)], @p5 = NULL [Type: DateTime (0:0:0)], @p6 = NULL [Type: DateTime (0:0:0)], @p7 = NULL [Type: DateTime (0:0:0)], @p8 = NULL [Type: DateTime (0:0:0)], @p9 = NULL [Type: DateTime (0:0:0)], @p10 = NULL [Type: String (4000:0:0)], @p11 = 'CC' [Type: String (4000:0:0)], @p12 = dd81a385-a3db-4b35-9865-a72900bede75 [Type: Guid (0:0:0)], @p13 = NULL [Type: String (4000:0:0)], @p14 = 5c2b8cdf-64e5-483b-9252-a72900bede26 [Type: Guid (0:0:0)], @p15 = 790ee6b8-bc9d-4406-b3dc-a72900bede2a [Type: Guid (0:0:0)], @p16 = NULL [Type: Guid (0:0:0)], @p17 = NULL [Type: Guid (0:0:0)], @p18 = NULL [Type: Guid (0:0:0)], @p19 = NULL [Type: Guid (0:0:0)], @p20 = NULL [Type: Guid (0:0:0)], @p21 = 0.00000 [Type: Decimal (0:5:28)], @p22 = 'PHP' [Type: String (4000:0:0)], @p23 = 0.00000 [Type: Decimal (0:5:28)], @p24 = 'PHP' [Type: String (4000:0:0)], @p25 = NULL [Type: Decimal (0:5:28)], @p26 = NULL [Type: String (4000:0:0)], @p27 = NULL [Type: Decimal (0:5:28)], @p28 = NULL [Type: String (4000:0:0)], @p29 = 0.00000 [Type: Decimal (0:5:28)], @p30 = 'PHP' [Type: String (4000:0:0)], @p31 = NULL [Type: Decimal (0:5:28)], @p32 = NULL [Type: String (4000:0:0)], @p33 = be765a64-f0a4-41e8-9f06-a72900bedf78 [Type: Guid (0:0:0)]

NHibernate: 
    SELECT
        this_.PurchaseOrderId as Purch1_13_22_,
        this_.PurchaseOrderNumber as Purch2_13_22_,
        this_.Status as Statu3_13_22_,
        this_.ExpectedOn as Expec4_13_22_,
        this_.CreatedOn as Creat5_13_22_,
        this_.SubmittedOn as Submi6_13_22_,
        this_.ApprovedOn as Appro7_13_22_,
        this_.PaidOn as PaidO8_13_22_,
        this_.ReceivedOn as Recei9_13_22_,
        this_.CompletedOn as Comp10_13_22_,
        this_.CancelledOn as Canc11_13_22_,
        this_.CancellationReason as Canc12_13_22_,
        this_.PaymentTypeId as Paym13_13_22_,
        this_.SupplierId as Supp14_13_22_,
        this_.ShipperId as Ship15_13_22_,
        this_.CreatedById as Crea16_13_22_,
        this_.SubmittedById as Subm17_13_22_,
        this_.ApprovedById as Appr18_13_22_,
        this_.PaidById as Paid19_13_22_,
        this_.ReceivedById as Rece20_13_22_,
        this_.CompletedById as Comp21_13_22_,
        this_.CancelledById as Canc22_13_22_,
        this_.Tax_Amount as Tax23_13_22_,
        this_.Tax_CurrencyId as Tax24_13_22_,
        this_.ShippingFee_Amount as Ship25_13_22_,
        this_.ShippingFee_CurrencyId as Ship26_13_22_,
        this_.Discount_Amount as Disc27_13_22_,
        this_.Discount_CurrencyId as Disc28_13_22_,
        this_.SubTotal_Amount as SubT29_13_22_,
        this_.SubTotal_CurrencyId as SubT30_13_22_,
        this_.Total_Amount as Tota31_13_22_,
        this_.Total_CurrencyId as Tota32_13_22_,
        this_.Payment_Amount as Paym33_13_22_,
        this_.Payment_CurrencyId as Paym34_13_22_,
        items2_.PurchaseOrderId as Purch2_12_24_,
        items2_.PurchaseOrderItemId as Purch1_12_24_,
        items2_.PurchaseOrderItemId as Purch1_12_0_,
        items2_.PurchaseOrderId as Purch2_12_0_,
        items2_.ProductId as Produ3_12_0_,
        items2_.Quantity_Value as Quant4_12_0_,
        items2_.Quantity_UnitId as Quant5_12_0_,
        items2_.UnitCost_Amount as UnitC6_12_0_,
        items2_.UnitCost_CurrencyId as UnitC7_12_0_,
        items2_.ExtendedCost_Amount as Exten8_12_0_,
        items2_.ExtendedCost_CurrencyId as Exten9_12_0_,
        product3_.ProductId as Produ1_11_1_,
        product3_.Name as Name2_11_1_,
        product3_.Description as Descr3_11_1_,
        product3_.Image as Image4_11_1_,
        product3_.Discontinued as Disco5_11_1_,
        product3_.CategoryId as Categ6_11_1_,
        product3_.SupplierId as Suppl7_11_1_,
        productcat4_.ProductCategoryId as Produ1_10_2_,
        productcat4_.Name as Name2_10_2_,
        supplier5_.SupplierId as Suppl1_22_3_,
        supplier5_.Name as Name2_22_3_,
        supplier5_.Street as Stree3_22_3_,
        supplier5_.Barangay as Baran4_22_3_,
        supplier5_.City as City5_22_3_,
        supplier5_.Province as Provi6_22_3_,
        supplier5_.Region as Regio7_22_3_,
        supplier5_.Country as Count8_22_3_,
        supplier5_.ZipCode as ZipCo9_22_3_,
        supplier5_.Email as Emai10_22_3_,
        supplier5_.Landline as Land11_22_3_,
        supplier5_.Fax as Fax12_22_3_,
        supplier5_.Mobile as Mobi13_22_3_,
        supplier5_.Web as Web14_22_3_,
        inventory6_.InventoryId as Invent1_3_4_,
        inventory6_.ConversionFactor as Conver2_3_4_,
        inventory6_.UnitOfMeasureId as UnitOf3_3_4_,
        inventory6_.UnitOfMeasureBaseId as UnitOf4_3_4_,
        inventory6_.BasePrice_Amount as BasePr5_3_4_,
        inventory6_.BasePrice_CurrencyId as BasePr6_3_4_,
        inventory6_.RetailPrice_Amount as Retail7_3_4_,
        inventory6_.RetailPrice_CurrencyId as Retail8_3_4_,
        inventory6_.WholeSalePrice_Amount as WholeS9_3_4_,
        inventory6_.WholeSalePrice_CurrencyId as Whole10_3_4_,
        inventory6_.BadStockPrice_Amount as BadSt11_3_4_,
        inventory6_.BadStockPrice_CurrencyId as BadSt12_3_4_,
        inventory6_.BadStock_Value as BadSt13_3_4_,
        inventory6_.BadStock_UnitId as BadSt14_3_4_,
        inventory6_.Received_Value as Recei15_3_4_,
        inventory6_.Received_UnitId as Recei16_3_4_,
        inventory6_.OnOrder_Value as OnOrd17_3_4_,
        inventory6_.OnOrder_UnitId as OnOrd18_3_4_,
        inventory6_.OnHand_Value as OnHan19_3_4_,
        inventory6_.OnHand_UnitId as OnHan20_3_4_,
        inventory6_.Allocated_Value as Alloc21_3_4_,
        inventory6_.Allocated_UnitId as Alloc22_3_4_,
        inventory6_.Shipped_Value as Shipp23_3_4_,
        inventory6_.Shipped_UnitId as Shipp24_3_4_,
        inventory6_.BackOrdered_Value as BackO25_3_4_,
        inventory6_.BackOrdered_UnitId as BackO26_3_4_,
        inventory6_.Available_Value as Avail27_3_4_,
        inventory6_.Available_UnitId as Avail28_3_4_,
        inventory6_.InitialLevel_Value as Initi29_3_4_,
        inventory6_.InitialLevel_UnitId as Initi30_3_4_,
        inventory6_.Shrinkage_Value as Shrin31_3_4_,
        inventory6_.Shrinkage_UnitId as Shrin32_3_4_,
        inventory6_.CurrentLevel_Value as Curre33_3_4_,
        inventory6_.CurrentLevel_UnitId as Curre34_3_4_,
        inventory6_.TargetLevel_Value as Targe35_3_4_,
        inventory6_.TargetLevel_UnitId as Targe36_3_4_,
        inventory6_.BelowTargetLevel_Value as Below37_3_4_,
        inventory6_.BelowTargetLevel_UnitId as Below38_3_4_,
        inventory6_.ReorderLevel_Value as Reord39_3_4_,
        inventory6_.ReorderLevel_UnitId as Reord40_3_4_,
        inventory6_.ReorderQuantity_Value as Reord41_3_4_,
        inventory6_.ReorderQuantity_UnitId as Reord42_3_4_,
        inventory6_.MinimumReorderQuantity_Value as Minim43_3_4_,
        inventory6_.MinimumReorderQuantity_UnitId as Minim44_3_4_,
        payments7_.PurchaseOrderId as Purch3_14_25_,
        payments7_.PurchaseOrderPaymentId as Purch1_14_25_,
        payments7_.PurchaseOrderPaymentId as Purch1_14_5_,
        payments7_.PaidOn as PaidO2_14_5_,
        payments7_.PurchaseOrderId as Purch3_14_5_,
        payments7_.PaidById as PaidB4_14_5_,
        payments7_.PaymentTypeId as Payme5_14_5_,
        payments7_.Payment_Amount as Payme6_14_5_,
        payments7_.Payment_CurrencyId as Payme7_14_5_,
        user8_.UserId as UserI1_25_6_,
        user8_.Username as Usern2_25_6_,
        user8_.Password as Passw3_25_6_,
        user8_.BranchId as Branc4_25_6_,
        user8_.FirstName as First5_25_6_,
        user8_.MiddleName as Middl6_25_6_,
        user8_.LastName as LastN7_25_6_,
        user8_.BirthDate as Birth8_25_6_,
        user8_.Street as Stree9_25_6_,
        user8_.Barangay as Bara10_25_6_,
        user8_.City as City11_25_6_,
        user8_.Province as Prov12_25_6_,
        user8_.Region as Regi13_25_6_,
        user8_.Country as Coun14_25_6_,
        user8_.ZipCode as ZipC15_25_6_,
        receipts9_.PurchaseOrderId as Purch4_15_26_,
        receipts9_.PurchaseOrderReceiptId as Purch1_15_26_,
        receipts9_.PurchaseOrderReceiptId as Purch1_15_7_,
        receipts9_.ReceivedOn as Recei2_15_7_,
        receipts9_.ExpiresOn as Expir3_15_7_,
        receipts9_.PurchaseOrderId as Purch4_15_7_,
        receipts9_.ReceivedById as Recei5_15_7_,
        receipts9_.ProductId as Produ6_15_7_,
        receipts9_.Quantity_Value as Quant7_15_7_,
        receipts9_.Quantity_UnitId as Quant8_15_7_,
        product10_.ProductId as Produ1_11_8_,
        product10_.Name as Name2_11_8_,
        product10_.Description as Descr3_11_8_,
        product10_.Image as Image4_11_8_,
        product10_.Discontinued as Disco5_11_8_,
        product10_.CategoryId as Categ6_11_8_,
        product10_.SupplierId as Suppl7_11_8_,
        productcat11_.ProductCategoryId as Produ1_10_9_,
        productcat11_.Name as Name2_10_9_,
        supplier12_.SupplierId as Suppl1_22_10_,
        supplier12_.Name as Name2_22_10_,
        supplier12_.Street as Stree3_22_10_,
        supplier12_.Barangay as Baran4_22_10_,
        supplier12_.City as City5_22_10_,
        supplier12_.Province as Provi6_22_10_,
        supplier12_.Region as Regio7_22_10_,
        supplier12_.Country as Count8_22_10_,
        supplier12_.ZipCode as ZipCo9_22_10_,
        supplier12_.Email as Emai10_22_10_,
        supplier12_.Landline as Land11_22_10_,
        supplier12_.Fax as Fax12_22_10_,
        supplier12_.Mobile as Mobi13_22_10_,
        supplier12_.Web as Web14_22_10_,
        inventory13_.InventoryId as Invent1_3_11_,
        inventory13_.ConversionFactor as Conver2_3_11_,
        inventory13_.UnitOfMeasureId as UnitOf3_3_11_,
        inventory13_.UnitOfMeasureBaseId as UnitOf4_3_11_,
        inventory13_.BasePrice_Amount as BasePr5_3_11_,
        inventory13_.BasePrice_CurrencyId as BasePr6_3_11_,
        inventory13_.RetailPrice_Amount as Retail7_3_11_,
        inventory13_.RetailPrice_CurrencyId as Retail8_3_11_,
        inventory13_.WholeSalePrice_Amount as WholeS9_3_11_,
        inventory13_.WholeSalePrice_CurrencyId as Whole10_3_11_,
        inventory13_.BadStockPrice_Amount as BadSt11_3_11_,
        inventory13_.BadStockPrice_CurrencyId as BadSt12_3_11_,
        inventory13_.BadStock_Value as BadSt13_3_11_,
        inventory13_.BadStock_UnitId as BadSt14_3_11_,
        inventory13_.Received_Value as Recei15_3_11_,
        inventory13_.Received_UnitId as Recei16_3_11_,
        inventory13_.OnOrder_Value as OnOrd17_3_11_,
        inventory13_.OnOrder_UnitId as OnOrd18_3_11_,
        inventory13_.OnHand_Value as OnHan19_3_11_,
        inventory13_.OnHand_UnitId as OnHan20_3_11_,
        inventory13_.Allocated_Value as Alloc21_3_11_,
        inventory13_.Allocated_UnitId as Alloc22_3_11_,
        inventory13_.Shipped_Value as Shipp23_3_11_,
        inventory13_.Shipped_UnitId as Shipp24_3_11_,
        inventory13_.BackOrdered_Value as BackO25_3_11_,
        inventory13_.BackOrdered_UnitId as BackO26_3_11_,
        inventory13_.Available_Value as Avail27_3_11_,
        inventory13_.Available_UnitId as Avail28_3_11_,
        inventory13_.InitialLevel_Value as Initi29_3_11_,
        inventory13_.InitialLevel_UnitId as Initi30_3_11_,
        inventory13_.Shrinkage_Value as Shrin31_3_11_,
        inventory13_.Shrinkage_UnitId as Shrin32_3_11_,
        inventory13_.CurrentLevel_Value as Curre33_3_11_,
        inventory13_.CurrentLevel_UnitId as Curre34_3_11_,
        inventory13_.TargetLevel_Value as Targe35_3_11_,
        inventory13_.TargetLevel_UnitId as Targe36_3_11_,
        inventory13_.BelowTargetLevel_Value as Below37_3_11_,
        inventory13_.BelowTargetLevel_UnitId as Below38_3_11_,
        inventory13_.ReorderLevel_Value as Reord39_3_11_,
        inventory13_.ReorderLevel_UnitId as Reord40_3_11_,
        inventory13_.ReorderQuantity_Value as Reord41_3_11_,
        inventory13_.ReorderQuantity_UnitId as Reord42_3_11_,
        inventory13_.MinimumReorderQuantity_Value as Minim43_3_11_,
        inventory13_.MinimumReorderQuantity_UnitId as Minim44_3_11_,
        paymenttyp14_.PaymentTypeId as Paymen1_8_12_,
        paymenttyp14_.Name as Name2_8_12_,
        supplier15_.SupplierId as Suppl1_22_13_,
        supplier15_.Name as Name2_22_13_,
        supplier15_.Street as Stree3_22_13_,
        supplier15_.Barangay as Baran4_22_13_,
        supplier15_.City as City5_22_13_,
        supplier15_.Province as Provi6_22_13_,
        supplier15_.Region as Regio7_22_13_,
        supplier15_.Country as Count8_22_13_,
        supplier15_.ZipCode as ZipCo9_22_13_,
        supplier15_.Email as Emai10_22_13_,
        supplier15_.Landline as Land11_22_13_,
        supplier15_.Fax as Fax12_22_13_,
        supplier15_.Mobile as Mobi13_22_13_,
        supplier15_.Web as Web14_22_13_,
        shipper16_.ShipperId as Shipp1_20_14_,
        shipper16_.Name as Name2_20_14_,
        shipper16_.Street as Stree3_20_14_,
        shipper16_.Barangay as Baran4_20_14_,
        shipper16_.City as City5_20_14_,
        shipper16_.Province as Provi6_20_14_,
        shipper16_.Region as Regio7_20_14_,
        shipper16_.Country as Count8_20_14_,
        shipper16_.ZipCode as ZipCo9_20_14_,
        shipper16_.Email as Emai10_20_14_,
        shipper16_.Landline as Land11_20_14_,
        shipper16_.Fax as Fax12_20_14_,
        shipper16_.Mobile as Mobi13_20_14_,
        shipper16_.Web as Web14_20_14_,
        user17_.UserId as UserI1_25_15_,
        user17_.Username as Usern2_25_15_,
        user17_.Password as Passw3_25_15_,
        user17_.BranchId as Branc4_25_15_,
        user17_.FirstName as First5_25_15_,
        user17_.MiddleName as Middl6_25_15_,
        user17_.LastName as LastN7_25_15_,
        user17_.BirthDate as Birth8_25_15_,
        user17_.Street as Stree9_25_15_,
        user17_.Barangay as Bara10_25_15_,
        user17_.City as City11_25_15_,
        user17_.Province as Prov12_25_15_,
        user17_.Region as Regi13_25_15_,
        user17_.Country as Coun14_25_15_,
        user17_.ZipCode as ZipC15_25_15_,
        user18_.UserId as UserI1_25_16_,
        user18_.Username as Usern2_25_16_,
        user18_.Password as Passw3_25_16_,
        user18_.BranchId as Branc4_25_16_,
        user18_.FirstName as First5_25_16_,
        user18_.MiddleName as Middl6_25_16_,
        user18_.LastName as LastN7_25_16_,
        user18_.BirthDate as Birth8_25_16_,
        user18_.Street as Stree9_25_16_,
        user18_.Barangay as Bara10_25_16_,
        user18_.City as City11_25_16_,
        user18_.Province as Prov12_25_16_,
        user18_.Region as Regi13_25_16_,
        user18_.Country as Coun14_25_16_,
        user18_.ZipCode as ZipC15_25_16_,
        user19_.UserId as UserI1_25_17_,
        user19_.Username as Usern2_25_17_,
        user19_.Password as Passw3_25_17_,
        user19_.BranchId as Branc4_25_17_,
        user19_.FirstName as First5_25_17_,
        user19_.MiddleName as Middl6_25_17_,
        user19_.LastName as LastN7_25_17_,
        user19_.BirthDate as Birth8_25_17_,
        user19_.Street as Stree9_25_17_,
        user19_.Barangay as Bara10_25_17_,
        user19_.City as City11_25_17_,
        user19_.Province as Prov12_25_17_,
        user19_.Region as Regi13_25_17_,
        user19_.Country as Coun14_25_17_,
        user19_.ZipCode as ZipC15_25_17_,
        user20_.UserId as UserI1_25_18_,
        user20_.Username as Usern2_25_18_,
        user20_.Password as Passw3_25_18_,
        user20_.BranchId as Branc4_25_18_,
        user20_.FirstName as First5_25_18_,
        user20_.MiddleName as Middl6_25_18_,
        user20_.LastName as LastN7_25_18_,
        user20_.BirthDate as Birth8_25_18_,
        user20_.Street as Stree9_25_18_,
        user20_.Barangay as Bara10_25_18_,
        user20_.City as City11_25_18_,
        user20_.Province as Prov12_25_18_,
        user20_.Region as Regi13_25_18_,
        user20_.Country as Coun14_25_18_,
        user20_.ZipCode as ZipC15_25_18_,
        user21_.UserId as UserI1_25_19_,
        user21_.Username as Usern2_25_19_,
        user21_.Password as Passw3_25_19_,
        user21_.BranchId as Branc4_25_19_,
        user21_.FirstName as First5_25_19_,
        user21_.MiddleName as Middl6_25_19_,
        user21_.LastName as LastN7_25_19_,
        user21_.BirthDate as Birth8_25_19_,
        user21_.Street as Stree9_25_19_,
        user21_.Barangay as Bara10_25_19_,
        user21_.City as City11_25_19_,
        user21_.Province as Prov12_25_19_,
        user21_.Region as Regi13_25_19_,
        user21_.Country as Coun14_25_19_,
        user21_.ZipCode as ZipC15_25_19_,
        user22_.UserId as UserI1_25_20_,
        user22_.Username as Usern2_25_20_,
        user22_.Password as Passw3_25_20_,
        user22_.BranchId as Branc4_25_20_,
        user22_.FirstName as First5_25_20_,
        user22_.MiddleName as Middl6_25_20_,
        user22_.LastName as LastN7_25_20_,
        user22_.BirthDate as Birth8_25_20_,
        user22_.Street as Stree9_25_20_,
        user22_.Barangay as Bara10_25_20_,
        user22_.City as City11_25_20_,
        user22_.Province as Prov12_25_20_,
        user22_.Region as Regi13_25_20_,
        user22_.Country as Coun14_25_20_,
        user22_.ZipCode as ZipC15_25_20_,
        user23_.UserId as UserI1_25_21_,
        user23_.Username as Usern2_25_21_,
        user23_.Password as Passw3_25_21_,
        user23_.BranchId as Branc4_25_21_,
        user23_.FirstName as First5_25_21_,
        user23_.MiddleName as Middl6_25_21_,
        user23_.LastName as LastN7_25_21_,
        user23_.BirthDate as Birth8_25_21_,
        user23_.Street as Stree9_25_21_,
        user23_.Barangay as Bara10_25_21_,
        user23_.City as City11_25_21_,
        user23_.Province as Prov12_25_21_,
        user23_.Region as Regi13_25_21_,
        user23_.Country as Coun14_25_21_,
        user23_.ZipCode as ZipC15_25_21_ 
    FROM
        dbo.PurchaseOrders this_ 
    left outer join
        dbo.PurchaseOrderItems items2_ 
            on this_.PurchaseOrderId=items2_.PurchaseOrderId 
    left outer join
        dbo.Products product3_ 
            on items2_.ProductId=product3_.ProductId 
    left outer join
        dbo.ProductCategories productcat4_ 
            on product3_.CategoryId=productcat4_.ProductCategoryId 
    left outer join
        dbo.Suppliers supplier5_ 
            on product3_.SupplierId=supplier5_.SupplierId 
    left outer join
        dbo.Inventories inventory6_ 
            on product3_.ProductId=inventory6_.InventoryId 
    left outer join
        dbo.PurchaseOrderPayments payments7_ 
            on this_.PurchaseOrderId=payments7_.PurchaseOrderId 
    left outer join
        dbo.Users user8_ 
            on payments7_.PaidById=user8_.UserId 
    left outer join
        dbo.PurchaseOrderReceipts receipts9_ 
            on this_.PurchaseOrderId=receipts9_.PurchaseOrderId 
    left outer join
        dbo.Products product10_ 
            on receipts9_.ProductId=product10_.ProductId 
    left outer join
        dbo.ProductCategories productcat11_ 
            on product10_.CategoryId=productcat11_.ProductCategoryId 
    left outer join
        dbo.Suppliers supplier12_ 
            on product10_.SupplierId=supplier12_.SupplierId 
    left outer join
        dbo.Inventories inventory13_ 
            on product10_.ProductId=inventory13_.InventoryId 
    left outer join
        dbo.PaymentTypes paymenttyp14_ 
            on this_.PaymentTypeId=paymenttyp14_.PaymentTypeId 
    left outer join
        dbo.Suppliers supplier15_ 
            on this_.SupplierId=supplier15_.SupplierId 
    left outer join
        dbo.Shippers shipper16_ 
            on this_.ShipperId=shipper16_.ShipperId 
    left outer join
        dbo.Users user17_ 
            on this_.CreatedById=user17_.UserId 
    left outer join
        dbo.Users user18_ 
            on this_.SubmittedById=user18_.UserId 
    left outer join
        dbo.Users user19_ 
            on this_.ApprovedById=user19_.UserId 
    left outer join
        dbo.Users user20_ 
            on this_.PaidById=user20_.UserId 
    left outer join
        dbo.Users user21_ 
            on this_.ReceivedById=user21_.UserId 
    left outer join
        dbo.Users user22_ 
            on this_.CompletedById=user22_.UserId 
    left outer join
        dbo.Users user23_ 
            on this_.CancelledById=user23_.UserId 
    WHERE
        this_.PurchaseOrderId = @p0;
    @p0 = be765a64-f0a4-41e8-9f06-a72900bedf78 [Type: Guid (0:0:0)]
NHibernate: 
    SELECT
        purchaseor0_.PurchaseOrderId as Purch1_13_0_,
        purchaseor0_.PurchaseOrderNumber as Purch2_13_0_,
        purchaseor0_.Status as Statu3_13_0_,
        purchaseor0_.ExpectedOn as Expec4_13_0_,
        purchaseor0_.CreatedOn as Creat5_13_0_,
        purchaseor0_.SubmittedOn as Submi6_13_0_,
        purchaseor0_.ApprovedOn as Appro7_13_0_,
        purchaseor0_.PaidOn as PaidO8_13_0_,
        purchaseor0_.ReceivedOn as Recei9_13_0_,
        purchaseor0_.CompletedOn as Comp10_13_0_,
        purchaseor0_.CancelledOn as Canc11_13_0_,
        purchaseor0_.CancellationReason as Canc12_13_0_,
        purchaseor0_.PaymentTypeId as Paym13_13_0_,
        purchaseor0_.SupplierId as Supp14_13_0_,
        purchaseor0_.ShipperId as Ship15_13_0_,
        purchaseor0_.CreatedById as Crea16_13_0_,
        purchaseor0_.SubmittedById as Subm17_13_0_,
        purchaseor0_.ApprovedById as Appr18_13_0_,
        purchaseor0_.PaidById as Paid19_13_0_,
        purchaseor0_.ReceivedById as Rece20_13_0_,
        purchaseor0_.CompletedById as Comp21_13_0_,
        purchaseor0_.CancelledById as Canc22_13_0_,
        purchaseor0_.Tax_Amount as Tax23_13_0_,
        purchaseor0_.Tax_CurrencyId as Tax24_13_0_,
        purchaseor0_.ShippingFee_Amount as Ship25_13_0_,
        purchaseor0_.ShippingFee_CurrencyId as Ship26_13_0_,
        purchaseor0_.Discount_Amount as Disc27_13_0_,
        purchaseor0_.Discount_CurrencyId as Disc28_13_0_,
        purchaseor0_.SubTotal_Amount as SubT29_13_0_,
        purchaseor0_.SubTotal_CurrencyId as SubT30_13_0_,
        purchaseor0_.Total_Amount as Tota31_13_0_,
        purchaseor0_.Total_CurrencyId as Tota32_13_0_,
        purchaseor0_.Payment_Amount as Paym33_13_0_,
        purchaseor0_.Payment_CurrencyId as Paym34_13_0_ 
    FROM
        dbo.PurchaseOrders purchaseor0_ 
    WHERE
        purchaseor0_.PurchaseOrderId=@p0;
    @p0 = 70b6554a-479a-4f8a-9911-a72900bedf45 [Type: Guid (0:0:0)]
NHibernate: 
    SELECT
        items0_.PurchaseOrderId as Purch2_12_1_,
        items0_.PurchaseOrderItemId as Purch1_12_1_,
        items0_.PurchaseOrderItemId as Purch1_12_0_,
        items0_.PurchaseOrderId as Purch2_12_0_,
        items0_.ProductId as Produ3_12_0_,
        items0_.Quantity_Value as Quant4_12_0_,
        items0_.Quantity_UnitId as Quant5_12_0_,
        items0_.UnitCost_Amount as UnitC6_12_0_,
        items0_.UnitCost_CurrencyId as UnitC7_12_0_,
        items0_.ExtendedCost_Amount as Exten8_12_0_,
        items0_.ExtendedCost_CurrencyId as Exten9_12_0_ 
    FROM
        dbo.PurchaseOrderItems items0_ 
    WHERE
        items0_.PurchaseOrderId=@p0;
    @p0 = 70b6554a-479a-4f8a-9911-a72900bedf45 [Type: Guid (0:0:0)]
NHibernate: 
    SELECT
        inventory0_.InventoryId as Invent1_3_0_,
        inventory0_.ConversionFactor as Conver2_3_0_,
        inventory0_.UnitOfMeasureId as UnitOf3_3_0_,
        inventory0_.UnitOfMeasureBaseId as UnitOf4_3_0_,
        inventory0_.BasePrice_Amount as BasePr5_3_0_,
        inventory0_.BasePrice_CurrencyId as BasePr6_3_0_,
        inventory0_.RetailPrice_Amount as Retail7_3_0_,
        inventory0_.RetailPrice_CurrencyId as Retail8_3_0_,
        inventory0_.WholeSalePrice_Amount as WholeS9_3_0_,
        inventory0_.WholeSalePrice_CurrencyId as Whole10_3_0_,
        inventory0_.BadStockPrice_Amount as BadSt11_3_0_,
        inventory0_.BadStockPrice_CurrencyId as BadSt12_3_0_,
        inventory0_.BadStock_Value as BadSt13_3_0_,
        inventory0_.BadStock_UnitId as BadSt14_3_0_,
        inventory0_.Received_Value as Recei15_3_0_,
        inventory0_.Received_UnitId as Recei16_3_0_,
        inventory0_.OnOrder_Value as OnOrd17_3_0_,
        inventory0_.OnOrder_UnitId as OnOrd18_3_0_,
        inventory0_.OnHand_Value as OnHan19_3_0_,
        inventory0_.OnHand_UnitId as OnHan20_3_0_,
        inventory0_.Allocated_Value as Alloc21_3_0_,
        inventory0_.Allocated_UnitId as Alloc22_3_0_,
        inventory0_.Shipped_Value as Shipp23_3_0_,
        inventory0_.Shipped_UnitId as Shipp24_3_0_,
        inventory0_.BackOrdered_Value as BackO25_3_0_,
        inventory0_.BackOrdered_UnitId as BackO26_3_0_,
        inventory0_.Available_Value as Avail27_3_0_,
        inventory0_.Available_UnitId as Avail28_3_0_,
        inventory0_.InitialLevel_Value as Initi29_3_0_,
        inventory0_.InitialLevel_UnitId as Initi30_3_0_,
        inventory0_.Shrinkage_Value as Shrin31_3_0_,
        inventory0_.Shrinkage_UnitId as Shrin32_3_0_,
        inventory0_.CurrentLevel_Value as Curre33_3_0_,
        inventory0_.CurrentLevel_UnitId as Curre34_3_0_,
        inventory0_.TargetLevel_Value as Targe35_3_0_,
        inventory0_.TargetLevel_UnitId as Targe36_3_0_,
        inventory0_.BelowTargetLevel_Value as Below37_3_0_,
        inventory0_.BelowTargetLevel_UnitId as Below38_3_0_,
        inventory0_.ReorderLevel_Value as Reord39_3_0_,
        inventory0_.ReorderLevel_UnitId as Reord40_3_0_,
        inventory0_.ReorderQuantity_Value as Reord41_3_0_,
        inventory0_.ReorderQuantity_UnitId as Reord42_3_0_,
        inventory0_.MinimumReorderQuantity_Value as Minim43_3_0_,
        inventory0_.MinimumReorderQuantity_UnitId as Minim44_3_0_ 
    FROM
        dbo.Inventories inventory0_ 
    WHERE
        inventory0_.InventoryId=@p0;
    @p0 = c9e99269-49ee-41d2-a8aa-a72900bedee9 [Type: Guid (0:0:0)]
NHibernate: Batch commands:
command 0:
    UPDATE
        dbo.PurchaseOrders 
    SET
        PurchaseOrderNumber = @p0,
        Status = @p1,
        ExpectedOn = @p2,
        CreatedOn = @p3,
        SubmittedOn = @p4,
        ApprovedOn = @p5,
        PaidOn = @p6,
        ReceivedOn = @p7,
        CompletedOn = @p8,
        CancelledOn = @p9,
        CancellationReason = @p10,
        PaymentTypeId = @p11,
        SupplierId = @p12,
        ShipperId = @p13,
        CreatedById = @p14,
        SubmittedById = @p15,
        ApprovedById = @p16,
        PaidById = @p17,
        ReceivedById = @p18,
        CompletedById = @p19,
        CancelledById = @p20,
        Tax_Amount = @p21,
        Tax_CurrencyId = @p22,
        ShippingFee_Amount = @p23,
        ShippingFee_CurrencyId = @p24,
        Discount_Amount = @p25,
        Discount_CurrencyId = @p26,
        SubTotal_Amount = @p27,
        SubTotal_CurrencyId = @p28,
        Total_Amount = @p29,
        Total_CurrencyId = @p30,
        Payment_Amount = @p31,
        Payment_CurrencyId = @p32 
    WHERE
        PurchaseOrderId = @p33;
    @p0 = NULL [Type: String (4000:0:0)], @p1 = 'Approved' [Type: String (4000:0:0)], @p2 = 2017-03-11T19:34:56.0000000 [Type: DateTime (0:0:0)], @p3 = 2017-03-01T19:34:56.0000000 [Type: DateTime (0:0:0)], @p4 = 2017-03-01T19:34:57.0000000 [Type: DateTime (0:0:0)], @p5 = 2017-03-01T19:34:57.0000000 [Type: DateTime (0:0:0)], @p6 = NULL [Type: DateTime (0:0:0)], @p7 = NULL [Type: DateTime (0:0:0)], @p8 = NULL [Type: DateTime (0:0:0)], @p9 = NULL [Type: DateTime (0:0:0)], @p10 = NULL [Type: String (4000:0:0)], @p11 = 'CK' [Type: String (4000:0:0)], @p12 = aa94c6ef-c890-4e4c-a462-a72900bede73 [Type: Guid (0:0:0)], @p13 = NULL [Type: String (4000:0:0)], @p14 = ca42947a-0ba3-4fc8-86e0-a635014b6b11 [Type: Guid (0:0:0)], @p15 = 790ee6b8-bc9d-4406-b3dc-a72900bede2a [Type: Guid (0:0:0)], @p16 = 758be66f-a814-4a22-be17-a72900bede2e [Type: Guid (0:0:0)], @p17 = NULL [Type: Guid (0:0:0)], @p18 = NULL [Type: Guid (0:0:0)], @p19 = NULL [Type: Guid (0:0:0)], @p20 = NULL [Type: Guid (0:0:0)], @p21 = 0.00000 [Type: Decimal (0:5:28)], @p22 = 'PHP' [Type: String (4000:0:0)], @p23 = 0.00000 [Type: Decimal (0:5:28)], @p24 = 'PHP' [Type: String (4000:0:0)], @p25 = NULL [Type: Decimal (0:5:28)], @p26 = NULL [Type: String (4000:0:0)], @p27 = NULL [Type: Decimal (0:5:28)], @p28 = NULL [Type: String (4000:0:0)], @p29 = 0.00000 [Type: Decimal (0:5:28)], @p30 = 'PHP' [Type: String (4000:0:0)], @p31 = NULL [Type: Decimal (0:5:28)], @p32 = NULL [Type: String (4000:0:0)], @p33 = 70b6554a-479a-4f8a-9911-a72900bedf45 [Type: Guid (0:0:0)]

NHibernate: Batch commands:
command 0:
    UPDATE
        dbo.Inventories 
    SET
        ConversionFactor = @p0,
        UnitOfMeasureId = @p1,
        UnitOfMeasureBaseId = @p2,
        BasePrice_Amount = @p3,
        BasePrice_CurrencyId = @p4,
        RetailPrice_Amount = @p5,
        RetailPrice_CurrencyId = @p6,
        WholeSalePrice_Amount = @p7,
        WholeSalePrice_CurrencyId = @p8,
        BadStockPrice_Amount = @p9,
        BadStockPrice_CurrencyId = @p10,
        BadStock_Value = @p11,
        BadStock_UnitId = @p12,
        Received_Value = @p13,
        Received_UnitId = @p14,
        OnOrder_Value = @p15,
        OnOrder_UnitId = @p16,
        OnHand_Value = @p17,
        OnHand_UnitId = @p18,
        Allocated_Value = @p19,
        Allocated_UnitId = @p20,
        Shipped_Value = @p21,
        Shipped_UnitId = @p22,
        BackOrdered_Value = @p23,
        BackOrdered_UnitId = @p24,
        Available_Value = @p25,
        Available_UnitId = @p26,
        InitialLevel_Value = @p27,
        InitialLevel_UnitId = @p28,
        Shrinkage_Value = @p29,
        Shrinkage_UnitId = @p30,
        CurrentLevel_Value = @p31,
        CurrentLevel_UnitId = @p32,
        TargetLevel_Value = @p33,
        TargetLevel_UnitId = @p34,
        BelowTargetLevel_Value = @p35,
        BelowTargetLevel_UnitId = @p36,
        ReorderLevel_Value = @p37,
        ReorderLevel_UnitId = @p38,
        ReorderQuantity_Value = @p39,
        ReorderQuantity_UnitId = @p40,
        MinimumReorderQuantity_Value = @p41,
        MinimumReorderQuantity_UnitId = @p42 
    WHERE
        InventoryId = @p43;
    @p0 = 0.30000 [Type: Decimal (0:5:28)], @p1 = 'g' [Type: String (4000:0:0)], @p2 = 'm' [Type: String (4000:0:0)], @p3 = 0.89000 [Type: Decimal (0:5:28)], @p4 = 'PHP' [Type: String (4000:0:0)], @p5 = 2.89000 [Type: Decimal (0:5:28)], @p6 = 'PHP' [Type: String (4000:0:0)], @p7 = 1.89000 [Type: Decimal (0:5:28)], @p8 = 'PHP' [Type: String (4000:0:0)], @p9 = 0.00000 [Type: Decimal (0:5:28)], @p10 = 'PHP' [Type: String (4000:0:0)], @p11 = NULL [Type: Decimal (0:5:28)], @p12 = NULL [Type: String (4000:0:0)], @p13 = NULL [Type: Decimal (0:5:28)], @p14 = NULL [Type: String (4000:0:0)], @p15 = 63.00000 [Type: Decimal (0:5:28)], @p16 = 'g' [Type: String (4000:0:0)], @p17 = 0.00000 [Type: Decimal (0:5:28)], @p18 = 'g' [Type: String (4000:0:0)], @p19 = NULL [Type: Decimal (0:5:28)], @p20 = NULL [Type: String (4000:0:0)], @p21 = NULL [Type: Decimal (0:5:28)], @p22 = NULL [Type: String (4000:0:0)], @p23 = NULL [Type: Decimal (0:5:28)], @p24 = NULL [Type: String (4000:0:0)], @p25 = 0.00000 [Type: Decimal (0:5:28)], @p26 = 'g' [Type: String (4000:0:0)], @p27 = 0.00000 [Type: Decimal (0:5:28)], @p28 = 'g' [Type: String (4000:0:0)], @p29 = NULL [Type: Decimal (0:5:28)], @p30 = NULL [Type: String (4000:0:0)], @p31 = 63.00000 [Type: Decimal (0:5:28)], @p32 = 'g' [Type: String (4000:0:0)], @p33 = 0.00000 [Type: Decimal (0:5:28)], @p34 = 'g' [Type: String (4000:0:0)], @p35 = 0 [Type: Decimal (0:5:28)], @p36 = 'g' [Type: String (4000:0:0)], @p37 = 0.00000 [Type: Decimal (0:5:28)], @p38 = 'g' [Type: String (4000:0:0)], @p39 = NULL [Type: Decimal (0:5:28)], @p40 = NULL [Type: String (4000:0:0)], @p41 = 0.00000 [Type: Decimal (0:5:28)], @p42 = 'g' [Type: String (4000:0:0)], @p43 = c9e99269-49ee-41d2-a8aa-a72900bedee9 [Type: Guid (0:0:0)]

NHibernate: 
    SELECT
        this_.PurchaseOrderId as Purch1_13_22_,
        this_.PurchaseOrderNumber as Purch2_13_22_,
        this_.Status as Statu3_13_22_,
        this_.ExpectedOn as Expec4_13_22_,
        this_.CreatedOn as Creat5_13_22_,
        this_.SubmittedOn as Submi6_13_22_,
        this_.ApprovedOn as Appro7_13_22_,
        this_.PaidOn as PaidO8_13_22_,
        this_.ReceivedOn as Recei9_13_22_,
        this_.CompletedOn as Comp10_13_22_,
        this_.CancelledOn as Canc11_13_22_,
        this_.CancellationReason as Canc12_13_22_,
        this_.PaymentTypeId as Paym13_13_22_,
        this_.SupplierId as Supp14_13_22_,
        this_.ShipperId as Ship15_13_22_,
        this_.CreatedById as Crea16_13_22_,
        this_.SubmittedById as Subm17_13_22_,
        this_.ApprovedById as Appr18_13_22_,
        this_.PaidById as Paid19_13_22_,
        this_.ReceivedById as Rece20_13_22_,
        this_.CompletedById as Comp21_13_22_,
        this_.CancelledById as Canc22_13_22_,
        this_.Tax_Amount as Tax23_13_22_,
        this_.Tax_CurrencyId as Tax24_13_22_,
        this_.ShippingFee_Amount as Ship25_13_22_,
        this_.ShippingFee_CurrencyId as Ship26_13_22_,
        this_.Discount_Amount as Disc27_13_22_,
        this_.Discount_CurrencyId as Disc28_13_22_,
        this_.SubTotal_Amount as SubT29_13_22_,
        this_.SubTotal_CurrencyId as SubT30_13_22_,
        this_.Total_Amount as Tota31_13_22_,
        this_.Total_CurrencyId as Tota32_13_22_,
        this_.Payment_Amount as Paym33_13_22_,
        this_.Payment_CurrencyId as Paym34_13_22_,
        items2_.PurchaseOrderId as Purch2_12_24_,
        items2_.PurchaseOrderItemId as Purch1_12_24_,
        items2_.PurchaseOrderItemId as Purch1_12_0_,
        items2_.PurchaseOrderId as Purch2_12_0_,
        items2_.ProductId as Produ3_12_0_,
        items2_.Quantity_Value as Quant4_12_0_,
        items2_.Quantity_UnitId as Quant5_12_0_,
        items2_.UnitCost_Amount as UnitC6_12_0_,
        items2_.UnitCost_CurrencyId as UnitC7_12_0_,
        items2_.ExtendedCost_Amount as Exten8_12_0_,
        items2_.ExtendedCost_CurrencyId as Exten9_12_0_,
        product3_.ProductId as Produ1_11_1_,
        product3_.Name as Name2_11_1_,
        product3_.Description as Descr3_11_1_,
        product3_.Image as Image4_11_1_,
        product3_.Discontinued as Disco5_11_1_,
        product3_.CategoryId as Categ6_11_1_,
        product3_.SupplierId as Suppl7_11_1_,
        productcat4_.ProductCategoryId as Produ1_10_2_,
        productcat4_.Name as Name2_10_2_,
        supplier5_.SupplierId as Suppl1_22_3_,
        supplier5_.Name as Name2_22_3_,
        supplier5_.Street as Stree3_22_3_,
        supplier5_.Barangay as Baran4_22_3_,
        supplier5_.City as City5_22_3_,
        supplier5_.Province as Provi6_22_3_,
        supplier5_.Region as Regio7_22_3_,
        supplier5_.Country as Count8_22_3_,
        supplier5_.ZipCode as ZipCo9_22_3_,
        supplier5_.Email as Emai10_22_3_,
        supplier5_.Landline as Land11_22_3_,
        supplier5_.Fax as Fax12_22_3_,
        supplier5_.Mobile as Mobi13_22_3_,
        supplier5_.Web as Web14_22_3_,
        inventory6_.InventoryId as Invent1_3_4_,
        inventory6_.ConversionFactor as Conver2_3_4_,
        inventory6_.UnitOfMeasureId as UnitOf3_3_4_,
        inventory6_.UnitOfMeasureBaseId as UnitOf4_3_4_,
        inventory6_.BasePrice_Amount as BasePr5_3_4_,
        inventory6_.BasePrice_CurrencyId as BasePr6_3_4_,
        inventory6_.RetailPrice_Amount as Retail7_3_4_,
        inventory6_.RetailPrice_CurrencyId as Retail8_3_4_,
        inventory6_.WholeSalePrice_Amount as WholeS9_3_4_,
        inventory6_.WholeSalePrice_CurrencyId as Whole10_3_4_,
        inventory6_.BadStockPrice_Amount as BadSt11_3_4_,
        inventory6_.BadStockPrice_CurrencyId as BadSt12_3_4_,
        inventory6_.BadStock_Value as BadSt13_3_4_,
        inventory6_.BadStock_UnitId as BadSt14_3_4_,
        inventory6_.Received_Value as Recei15_3_4_,
        inventory6_.Received_UnitId as Recei16_3_4_,
        inventory6_.OnOrder_Value as OnOrd17_3_4_,
        inventory6_.OnOrder_UnitId as OnOrd18_3_4_,
        inventory6_.OnHand_Value as OnHan19_3_4_,
        inventory6_.OnHand_UnitId as OnHan20_3_4_,
        inventory6_.Allocated_Value as Alloc21_3_4_,
        inventory6_.Allocated_UnitId as Alloc22_3_4_,
        inventory6_.Shipped_Value as Shipp23_3_4_,
        inventory6_.Shipped_UnitId as Shipp24_3_4_,
        inventory6_.BackOrdered_Value as BackO25_3_4_,
        inventory6_.BackOrdered_UnitId as BackO26_3_4_,
        inventory6_.Available_Value as Avail27_3_4_,
        inventory6_.Available_UnitId as Avail28_3_4_,
        inventory6_.InitialLevel_Value as Initi29_3_4_,
        inventory6_.InitialLevel_UnitId as Initi30_3_4_,
        inventory6_.Shrinkage_Value as Shrin31_3_4_,
        inventory6_.Shrinkage_UnitId as Shrin32_3_4_,
        inventory6_.CurrentLevel_Value as Curre33_3_4_,
        inventory6_.CurrentLevel_UnitId as Curre34_3_4_,
        inventory6_.TargetLevel_Value as Targe35_3_4_,
        inventory6_.TargetLevel_UnitId as Targe36_3_4_,
        inventory6_.BelowTargetLevel_Value as Below37_3_4_,
        inventory6_.BelowTargetLevel_UnitId as Below38_3_4_,
        inventory6_.ReorderLevel_Value as Reord39_3_4_,
        inventory6_.ReorderLevel_UnitId as Reord40_3_4_,
        inventory6_.ReorderQuantity_Value as Reord41_3_4_,
        inventory6_.ReorderQuantity_UnitId as Reord42_3_4_,
        inventory6_.MinimumReorderQuantity_Value as Minim43_3_4_,
        inventory6_.MinimumReorderQuantity_UnitId as Minim44_3_4_,
        payments7_.PurchaseOrderId as Purch3_14_25_,
        payments7_.PurchaseOrderPaymentId as Purch1_14_25_,
        payments7_.PurchaseOrderPaymentId as Purch1_14_5_,
        payments7_.PaidOn as PaidO2_14_5_,
        payments7_.PurchaseOrderId as Purch3_14_5_,
        payments7_.PaidById as PaidB4_14_5_,
        payments7_.PaymentTypeId as Payme5_14_5_,
        payments7_.Payment_Amount as Payme6_14_5_,
        payments7_.Payment_CurrencyId as Payme7_14_5_,
        user8_.UserId as UserI1_25_6_,
        user8_.Username as Usern2_25_6_,
        user8_.Password as Passw3_25_6_,
        user8_.BranchId as Branc4_25_6_,
        user8_.FirstName as First5_25_6_,
        user8_.MiddleName as Middl6_25_6_,
        user8_.LastName as LastN7_25_6_,
        user8_.BirthDate as Birth8_25_6_,
        user8_.Street as Stree9_25_6_,
        user8_.Barangay as Bara10_25_6_,
        user8_.City as City11_25_6_,
        user8_.Province as Prov12_25_6_,
        user8_.Region as Regi13_25_6_,
        user8_.Country as Coun14_25_6_,
        user8_.ZipCode as ZipC15_25_6_,
        receipts9_.PurchaseOrderId as Purch4_15_26_,
        receipts9_.PurchaseOrderReceiptId as Purch1_15_26_,
        receipts9_.PurchaseOrderReceiptId as Purch1_15_7_,
        receipts9_.ReceivedOn as Recei2_15_7_,
        receipts9_.ExpiresOn as Expir3_15_7_,
        receipts9_.PurchaseOrderId as Purch4_15_7_,
        receipts9_.ReceivedById as Recei5_15_7_,
        receipts9_.ProductId as Produ6_15_7_,
        receipts9_.Quantity_Value as Quant7_15_7_,
        receipts9_.Quantity_UnitId as Quant8_15_7_,
        product10_.ProductId as Produ1_11_8_,
        product10_.Name as Name2_11_8_,
        product10_.Description as Descr3_11_8_,
        product10_.Image as Image4_11_8_,
        product10_.Discontinued as Disco5_11_8_,
        product10_.CategoryId as Categ6_11_8_,
        product10_.SupplierId as Suppl7_11_8_,
        productcat11_.ProductCategoryId as Produ1_10_9_,
        productcat11_.Name as Name2_10_9_,
        supplier12_.SupplierId as Suppl1_22_10_,
        supplier12_.Name as Name2_22_10_,
        supplier12_.Street as Stree3_22_10_,
        supplier12_.Barangay as Baran4_22_10_,
        supplier12_.City as City5_22_10_,
        supplier12_.Province as Provi6_22_10_,
        supplier12_.Region as Regio7_22_10_,
        supplier12_.Country as Count8_22_10_,
        supplier12_.ZipCode as ZipCo9_22_10_,
        supplier12_.Email as Emai10_22_10_,
        supplier12_.Landline as Land11_22_10_,
        supplier12_.Fax as Fax12_22_10_,
        supplier12_.Mobile as Mobi13_22_10_,
        supplier12_.Web as Web14_22_10_,
        inventory13_.InventoryId as Invent1_3_11_,
        inventory13_.ConversionFactor as Conver2_3_11_,
        inventory13_.UnitOfMeasureId as UnitOf3_3_11_,
        inventory13_.UnitOfMeasureBaseId as UnitOf4_3_11_,
        inventory13_.BasePrice_Amount as BasePr5_3_11_,
        inventory13_.BasePrice_CurrencyId as BasePr6_3_11_,
        inventory13_.RetailPrice_Amount as Retail7_3_11_,
        inventory13_.RetailPrice_CurrencyId as Retail8_3_11_,
        inventory13_.WholeSalePrice_Amount as WholeS9_3_11_,
        inventory13_.WholeSalePrice_CurrencyId as Whole10_3_11_,
        inventory13_.BadStockPrice_Amount as BadSt11_3_11_,
        inventory13_.BadStockPrice_CurrencyId as BadSt12_3_11_,
        inventory13_.BadStock_Value as BadSt13_3_11_,
        inventory13_.BadStock_UnitId as BadSt14_3_11_,
        inventory13_.Received_Value as Recei15_3_11_,
        inventory13_.Received_UnitId as Recei16_3_11_,
        inventory13_.OnOrder_Value as OnOrd17_3_11_,
        inventory13_.OnOrder_UnitId as OnOrd18_3_11_,
        inventory13_.OnHand_Value as OnHan19_3_11_,
        inventory13_.OnHand_UnitId as OnHan20_3_11_,
        inventory13_.Allocated_Value as Alloc21_3_11_,
        inventory13_.Allocated_UnitId as Alloc22_3_11_,
        inventory13_.Shipped_Value as Shipp23_3_11_,
        inventory13_.Shipped_UnitId as Shipp24_3_11_,
        inventory13_.BackOrdered_Value as BackO25_3_11_,
        inventory13_.BackOrdered_UnitId as BackO26_3_11_,
        inventory13_.Available_Value as Avail27_3_11_,
        inventory13_.Available_UnitId as Avail28_3_11_,
        inventory13_.InitialLevel_Value as Initi29_3_11_,
        inventory13_.InitialLevel_UnitId as Initi30_3_11_,
        inventory13_.Shrinkage_Value as Shrin31_3_11_,
        inventory13_.Shrinkage_UnitId as Shrin32_3_11_,
        inventory13_.CurrentLevel_Value as Curre33_3_11_,
        inventory13_.CurrentLevel_UnitId as Curre34_3_11_,
        inventory13_.TargetLevel_Value as Targe35_3_11_,
        inventory13_.TargetLevel_UnitId as Targe36_3_11_,
        inventory13_.BelowTargetLevel_Value as Below37_3_11_,
        inventory13_.BelowTargetLevel_UnitId as Below38_3_11_,
        inventory13_.ReorderLevel_Value as Reord39_3_11_,
        inventory13_.ReorderLevel_UnitId as Reord40_3_11_,
        inventory13_.ReorderQuantity_Value as Reord41_3_11_,
        inventory13_.ReorderQuantity_UnitId as Reord42_3_11_,
        inventory13_.MinimumReorderQuantity_Value as Minim43_3_11_,
        inventory13_.MinimumReorderQuantity_UnitId as Minim44_3_11_,
        paymenttyp14_.PaymentTypeId as Paymen1_8_12_,
        paymenttyp14_.Name as Name2_8_12_,
        supplier15_.SupplierId as Suppl1_22_13_,
        supplier15_.Name as Name2_22_13_,
        supplier15_.Street as Stree3_22_13_,
        supplier15_.Barangay as Baran4_22_13_,
        supplier15_.City as City5_22_13_,
        supplier15_.Province as Provi6_22_13_,
        supplier15_.Region as Regio7_22_13_,
        supplier15_.Country as Count8_22_13_,
        supplier15_.ZipCode as ZipCo9_22_13_,
        supplier15_.Email as Emai10_22_13_,
        supplier15_.Landline as Land11_22_13_,
        supplier15_.Fax as Fax12_22_13_,
        supplier15_.Mobile as Mobi13_22_13_,
        supplier15_.Web as Web14_22_13_,
        shipper16_.ShipperId as Shipp1_20_14_,
        shipper16_.Name as Name2_20_14_,
        shipper16_.Street as Stree3_20_14_,
        shipper16_.Barangay as Baran4_20_14_,
        shipper16_.City as City5_20_14_,
        shipper16_.Province as Provi6_20_14_,
        shipper16_.Region as Regio7_20_14_,
        shipper16_.Country as Count8_20_14_,
        shipper16_.ZipCode as ZipCo9_20_14_,
        shipper16_.Email as Emai10_20_14_,
        shipper16_.Landline as Land11_20_14_,
        shipper16_.Fax as Fax12_20_14_,
        shipper16_.Mobile as Mobi13_20_14_,
        shipper16_.Web as Web14_20_14_,
        user17_.UserId as UserI1_25_15_,
        user17_.Username as Usern2_25_15_,
        user17_.Password as Passw3_25_15_,
        user17_.BranchId as Branc4_25_15_,
        user17_.FirstName as First5_25_15_,
        user17_.MiddleName as Middl6_25_15_,
        user17_.LastName as LastN7_25_15_,
        user17_.BirthDate as Birth8_25_15_,
        user17_.Street as Stree9_25_15_,
        user17_.Barangay as Bara10_25_15_,
        user17_.City as City11_25_15_,
        user17_.Province as Prov12_25_15_,
        user17_.Region as Regi13_25_15_,
        user17_.Country as Coun14_25_15_,
        user17_.ZipCode as ZipC15_25_15_,
        user18_.UserId as UserI1_25_16_,
        user18_.Username as Usern2_25_16_,
        user18_.Password as Passw3_25_16_,
        user18_.BranchId as Branc4_25_16_,
        user18_.FirstName as First5_25_16_,
        user18_.MiddleName as Middl6_25_16_,
        user18_.LastName as LastN7_25_16_,
        user18_.BirthDate as Birth8_25_16_,
        user18_.Street as Stree9_25_16_,
        user18_.Barangay as Bara10_25_16_,
        user18_.City as City11_25_16_,
        user18_.Province as Prov12_25_16_,
        user18_.Region as Regi13_25_16_,
        user18_.Country as Coun14_25_16_,
        user18_.ZipCode as ZipC15_25_16_,
        user19_.UserId as UserI1_25_17_,
        user19_.Username as Usern2_25_17_,
        user19_.Password as Passw3_25_17_,
        user19_.BranchId as Branc4_25_17_,
        user19_.FirstName as First5_25_17_,
        user19_.MiddleName as Middl6_25_17_,
        user19_.LastName as LastN7_25_17_,
        user19_.BirthDate as Birth8_25_17_,
        user19_.Street as Stree9_25_17_,
        user19_.Barangay as Bara10_25_17_,
        user19_.City as City11_25_17_,
        user19_.Province as Prov12_25_17_,
        user19_.Region as Regi13_25_17_,
        user19_.Country as Coun14_25_17_,
        user19_.ZipCode as ZipC15_25_17_,
        user20_.UserId as UserI1_25_18_,
        user20_.Username as Usern2_25_18_,
        user20_.Password as Passw3_25_18_,
        user20_.BranchId as Branc4_25_18_,
        user20_.FirstName as First5_25_18_,
        user20_.MiddleName as Middl6_25_18_,
        user20_.LastName as LastN7_25_18_,
        user20_.BirthDate as Birth8_25_18_,
        user20_.Street as Stree9_25_18_,
        user20_.Barangay as Bara10_25_18_,
        user20_.City as City11_25_18_,
        user20_.Province as Prov12_25_18_,
        user20_.Region as Regi13_25_18_,
        user20_.Country as Coun14_25_18_,
        user20_.ZipCode as ZipC15_25_18_,
        user21_.UserId as UserI1_25_19_,
        user21_.Username as Usern2_25_19_,
        user21_.Password as Passw3_25_19_,
        user21_.BranchId as Branc4_25_19_,
        user21_.FirstName as First5_25_19_,
        user21_.MiddleName as Middl6_25_19_,
        user21_.LastName as LastN7_25_19_,
        user21_.BirthDate as Birth8_25_19_,
        user21_.Street as Stree9_25_19_,
        user21_.Barangay as Bara10_25_19_,
        user21_.City as City11_25_19_,
        user21_.Province as Prov12_25_19_,
        user21_.Region as Regi13_25_19_,
        user21_.Country as Coun14_25_19_,
        user21_.ZipCode as ZipC15_25_19_,
        user22_.UserId as UserI1_25_20_,
        user22_.Username as Usern2_25_20_,
        user22_.Password as Passw3_25_20_,
        user22_.BranchId as Branc4_25_20_,
        user22_.FirstName as First5_25_20_,
        user22_.MiddleName as Middl6_25_20_,
        user22_.LastName as LastN7_25_20_,
        user22_.BirthDate as Birth8_25_20_,
        user22_.Street as Stree9_25_20_,
        user22_.Barangay as Bara10_25_20_,
        user22_.City as City11_25_20_,
        user22_.Province as Prov12_25_20_,
        user22_.Region as Regi13_25_20_,
        user22_.Country as Coun14_25_20_,
        user22_.ZipCode as ZipC15_25_20_,
        user23_.UserId as UserI1_25_21_,
        user23_.Username as Usern2_25_21_,
        user23_.Password as Passw3_25_21_,
        user23_.BranchId as Branc4_25_21_,
        user23_.FirstName as First5_25_21_,
        user23_.MiddleName as Middl6_25_21_,
        user23_.LastName as LastN7_25_21_,
        user23_.BirthDate as Birth8_25_21_,
        user23_.Street as Stree9_25_21_,
        user23_.Barangay as Bara10_25_21_,
        user23_.City as City11_25_21_,
        user23_.Province as Prov12_25_21_,
        user23_.Region as Regi13_25_21_,
        user23_.Country as Coun14_25_21_,
        user23_.ZipCode as ZipC15_25_21_ 
    FROM
        dbo.PurchaseOrders this_ 
    left outer join
        dbo.PurchaseOrderItems items2_ 
            on this_.PurchaseOrderId=items2_.PurchaseOrderId 
    left outer join
        dbo.Products product3_ 
            on items2_.ProductId=product3_.ProductId 
    left outer join
        dbo.ProductCategories productcat4_ 
            on product3_.CategoryId=productcat4_.ProductCategoryId 
    left outer join
        dbo.Suppliers supplier5_ 
            on product3_.SupplierId=supplier5_.SupplierId 
    left outer join
        dbo.Inventories inventory6_ 
            on product3_.ProductId=inventory6_.InventoryId 
    left outer join
        dbo.PurchaseOrderPayments payments7_ 
            on this_.PurchaseOrderId=payments7_.PurchaseOrderId 
    left outer join
        dbo.Users user8_ 
            on payments7_.PaidById=user8_.UserId 
    left outer join
        dbo.PurchaseOrderReceipts receipts9_ 
            on this_.PurchaseOrderId=receipts9_.PurchaseOrderId 
    left outer join
        dbo.Products product10_ 
            on receipts9_.ProductId=product10_.ProductId 
    left outer join
        dbo.ProductCategories productcat11_ 
            on product10_.CategoryId=productcat11_.ProductCategoryId 
    left outer join
        dbo.Suppliers supplier12_ 
            on product10_.SupplierId=supplier12_.SupplierId 
    left outer join
        dbo.Inventories inventory13_ 
            on product10_.ProductId=inventory13_.InventoryId 
    left outer join
        dbo.PaymentTypes paymenttyp14_ 
            on this_.PaymentTypeId=paymenttyp14_.PaymentTypeId 
    left outer join
        dbo.Suppliers supplier15_ 
            on this_.SupplierId=supplier15_.SupplierId 
    left outer join
        dbo.Shippers shipper16_ 
            on this_.ShipperId=shipper16_.ShipperId 
    left outer join
        dbo.Users user17_ 
            on this_.CreatedById=user17_.UserId 
    left outer join
        dbo.Users user18_ 
            on this_.SubmittedById=user18_.UserId 
    left outer join
        dbo.Users user19_ 
            on this_.ApprovedById=user19_.UserId 
    left outer join
        dbo.Users user20_ 
            on this_.PaidById=user20_.UserId 
    left outer join
        dbo.Users user21_ 
            on this_.ReceivedById=user21_.UserId 
    left outer join
        dbo.Users user22_ 
            on this_.CompletedById=user22_.UserId 
    left outer join
        dbo.Users user23_ 
            on this_.CancelledById=user23_.UserId 
    WHERE
        this_.PurchaseOrderId = @p0;
    @p0 = 70b6554a-479a-4f8a-9911-a72900bedf45 [Type: Guid (0:0:0)]
NHibernate: 
    SELECT
        purchaseor0_.PurchaseOrderId as Purch1_13_0_,
        purchaseor0_.PurchaseOrderNumber as Purch2_13_0_,
        purchaseor0_.Status as Statu3_13_0_,
        purchaseor0_.ExpectedOn as Expec4_13_0_,
        purchaseor0_.CreatedOn as Creat5_13_0_,
        purchaseor0_.SubmittedOn as Submi6_13_0_,
        purchaseor0_.ApprovedOn as Appro7_13_0_,
        purchaseor0_.PaidOn as PaidO8_13_0_,
        purchaseor0_.ReceivedOn as Recei9_13_0_,
        purchaseor0_.CompletedOn as Comp10_13_0_,
        purchaseor0_.CancelledOn as Canc11_13_0_,
        purchaseor0_.CancellationReason as Canc12_13_0_,
        purchaseor0_.PaymentTypeId as Paym13_13_0_,
        purchaseor0_.SupplierId as Supp14_13_0_,
        purchaseor0_.ShipperId as Ship15_13_0_,
        purchaseor0_.CreatedById as Crea16_13_0_,
        purchaseor0_.SubmittedById as Subm17_13_0_,
        purchaseor0_.ApprovedById as Appr18_13_0_,
        purchaseor0_.PaidById as Paid19_13_0_,
        purchaseor0_.ReceivedById as Rece20_13_0_,
        purchaseor0_.CompletedById as Comp21_13_0_,
        purchaseor0_.CancelledById as Canc22_13_0_,
        purchaseor0_.Tax_Amount as Tax23_13_0_,
        purchaseor0_.Tax_CurrencyId as Tax24_13_0_,
        purchaseor0_.ShippingFee_Amount as Ship25_13_0_,
        purchaseor0_.ShippingFee_CurrencyId as Ship26_13_0_,
        purchaseor0_.Discount_Amount as Disc27_13_0_,
        purchaseor0_.Discount_CurrencyId as Disc28_13_0_,
        purchaseor0_.SubTotal_Amount as SubT29_13_0_,
        purchaseor0_.SubTotal_CurrencyId as SubT30_13_0_,
        purchaseor0_.Total_Amount as Tota31_13_0_,
        purchaseor0_.Total_CurrencyId as Tota32_13_0_,
        purchaseor0_.Payment_Amount as Paym33_13_0_,
        purchaseor0_.Payment_CurrencyId as Paym34_13_0_ 
    FROM
        dbo.PurchaseOrders purchaseor0_ 
    WHERE
        purchaseor0_.PurchaseOrderId=@p0;
    @p0 = be765a64-f0a4-41e8-9f06-a72900bedf78 [Type: Guid (0:0:0)]
NHibernate: Batch commands:
command 0:
    UPDATE
        dbo.PurchaseOrders 
    SET
        PurchaseOrderNumber = @p0,
        Status = @p1,
        ExpectedOn = @p2,
        CreatedOn = @p3,
        SubmittedOn = @p4,
        ApprovedOn = @p5,
        PaidOn = @p6,
        ReceivedOn = @p7,
        CompletedOn = @p8,
        CancelledOn = @p9,
        CancellationReason = @p10,
        PaymentTypeId = @p11,
        SupplierId = @p12,
        ShipperId = @p13,
        CreatedById = @p14,
        SubmittedById = @p15,
        ApprovedById = @p16,
        PaidById = @p17,
        ReceivedById = @p18,
        CompletedById = @p19,
        CancelledById = @p20,
        Tax_Amount = @p21,
        Tax_CurrencyId = @p22,
        ShippingFee_Amount = @p23,
        ShippingFee_CurrencyId = @p24,
        Discount_Amount = @p25,
        Discount_CurrencyId = @p26,
        SubTotal_Amount = @p27,
        SubTotal_CurrencyId = @p28,
        Total_Amount = @p29,
        Total_CurrencyId = @p30,
        Payment_Amount = @p31,
        Payment_CurrencyId = @p32 
    WHERE
        PurchaseOrderId = @p33;
    @p0 = NULL [Type: String (4000:0:0)], @p1 = 'Cancelled' [Type: String (4000:0:0)], @p2 = 2017-03-11T19:34:56.0000000 [Type: DateTime (0:0:0)], @p3 = 2017-03-01T19:34:56.0000000 [Type: DateTime (0:0:0)], @p4 = 2017-03-01T19:34:57.0000000 [Type: DateTime (0:0:0)], @p5 = NULL [Type: DateTime (0:0:0)], @p6 = NULL [Type: DateTime (0:0:0)], @p7 = NULL [Type: DateTime (0:0:0)], @p8 = NULL [Type: DateTime (0:0:0)], @p9 = 2017-03-01T19:34:57.0000000 [Type: DateTime (0:0:0)], @p10 = 'Products not needed' [Type: String (4000:0:0)], @p11 = 'CC' [Type: String (4000:0:0)], @p12 = dd81a385-a3db-4b35-9865-a72900bede75 [Type: Guid (0:0:0)], @p13 = NULL [Type: String (4000:0:0)], @p14 = 5c2b8cdf-64e5-483b-9252-a72900bede26 [Type: Guid (0:0:0)], @p15 = 790ee6b8-bc9d-4406-b3dc-a72900bede2a [Type: Guid (0:0:0)], @p16 = NULL [Type: Guid (0:0:0)], @p17 = NULL [Type: Guid (0:0:0)], @p18 = NULL [Type: Guid (0:0:0)], @p19 = NULL [Type: Guid (0:0:0)], @p20 = 6c75fb1c-0e84-43f1-b458-a72900bede2c [Type: Guid (0:0:0)], @p21 = 0.00000 [Type: Decimal (0:5:28)], @p22 = 'PHP' [Type: String (4000:0:0)], @p23 = 0.00000 [Type: Decimal (0:5:28)], @p24 = 'PHP' [Type: String (4000:0:0)], @p25 = NULL [Type: Decimal (0:5:28)], @p26 = NULL [Type: String (4000:0:0)], @p27 = NULL [Type: Decimal (0:5:28)], @p28 = NULL [Type: String (4000:0:0)], @p29 = 0.00000 [Type: Decimal (0:5:28)], @p30 = 'PHP' [Type: String (4000:0:0)], @p31 = NULL [Type: Decimal (0:5:28)], @p32 = NULL [Type: String (4000:0:0)], @p33 = be765a64-f0a4-41e8-9f06-a72900bedf78 [Type: Guid (0:0:0)]

NHibernate: 
    SELECT
        this_.PurchaseOrderId as Purch1_13_22_,
        this_.PurchaseOrderNumber as Purch2_13_22_,
        this_.Status as Statu3_13_22_,
        this_.ExpectedOn as Expec4_13_22_,
        this_.CreatedOn as Creat5_13_22_,
        this_.SubmittedOn as Submi6_13_22_,
        this_.ApprovedOn as Appro7_13_22_,
        this_.PaidOn as PaidO8_13_22_,
        this_.ReceivedOn as Recei9_13_22_,
        this_.CompletedOn as Comp10_13_22_,
        this_.CancelledOn as Canc11_13_22_,
        this_.CancellationReason as Canc12_13_22_,
        this_.PaymentTypeId as Paym13_13_22_,
        this_.SupplierId as Supp14_13_22_,
        this_.ShipperId as Ship15_13_22_,
        this_.CreatedById as Crea16_13_22_,
        this_.SubmittedById as Subm17_13_22_,
        this_.ApprovedById as Appr18_13_22_,
        this_.PaidById as Paid19_13_22_,
        this_.ReceivedById as Rece20_13_22_,
        this_.CompletedById as Comp21_13_22_,
        this_.CancelledById as Canc22_13_22_,
        this_.Tax_Amount as Tax23_13_22_,
        this_.Tax_CurrencyId as Tax24_13_22_,
        this_.ShippingFee_Amount as Ship25_13_22_,
        this_.ShippingFee_CurrencyId as Ship26_13_22_,
        this_.Discount_Amount as Disc27_13_22_,
        this_.Discount_CurrencyId as Disc28_13_22_,
        this_.SubTotal_Amount as SubT29_13_22_,
        this_.SubTotal_CurrencyId as SubT30_13_22_,
        this_.Total_Amount as Tota31_13_22_,
        this_.Total_CurrencyId as Tota32_13_22_,
        this_.Payment_Amount as Paym33_13_22_,
        this_.Payment_CurrencyId as Paym34_13_22_,
        items2_.PurchaseOrderId as Purch2_12_24_,
        items2_.PurchaseOrderItemId as Purch1_12_24_,
        items2_.PurchaseOrderItemId as Purch1_12_0_,
        items2_.PurchaseOrderId as Purch2_12_0_,
        items2_.ProductId as Produ3_12_0_,
        items2_.Quantity_Value as Quant4_12_0_,
        items2_.Quantity_UnitId as Quant5_12_0_,
        items2_.UnitCost_Amount as UnitC6_12_0_,
        items2_.UnitCost_CurrencyId as UnitC7_12_0_,
        items2_.ExtendedCost_Amount as Exten8_12_0_,
        items2_.ExtendedCost_CurrencyId as Exten9_12_0_,
        product3_.ProductId as Produ1_11_1_,
        product3_.Name as Name2_11_1_,
        product3_.Description as Descr3_11_1_,
        product3_.Image as Image4_11_1_,
        product3_.Discontinued as Disco5_11_1_,
        product3_.CategoryId as Categ6_11_1_,
        product3_.SupplierId as Suppl7_11_1_,
        productcat4_.ProductCategoryId as Produ1_10_2_,
        productcat4_.Name as Name2_10_2_,
        supplier5_.SupplierId as Suppl1_22_3_,
        supplier5_.Name as Name2_22_3_,
        supplier5_.Street as Stree3_22_3_,
        supplier5_.Barangay as Baran4_22_3_,
        supplier5_.City as City5_22_3_,
        supplier5_.Province as Provi6_22_3_,
        supplier5_.Region as Regio7_22_3_,
        supplier5_.Country as Count8_22_3_,
        supplier5_.ZipCode as ZipCo9_22_3_,
        supplier5_.Email as Emai10_22_3_,
        supplier5_.Landline as Land11_22_3_,
        supplier5_.Fax as Fax12_22_3_,
        supplier5_.Mobile as Mobi13_22_3_,
        supplier5_.Web as Web14_22_3_,
        inventory6_.InventoryId as Invent1_3_4_,
        inventory6_.ConversionFactor as Conver2_3_4_,
        inventory6_.UnitOfMeasureId as UnitOf3_3_4_,
        inventory6_.UnitOfMeasureBaseId as UnitOf4_3_4_,
        inventory6_.BasePrice_Amount as BasePr5_3_4_,
        inventory6_.BasePrice_CurrencyId as BasePr6_3_4_,
        inventory6_.RetailPrice_Amount as Retail7_3_4_,
        inventory6_.RetailPrice_CurrencyId as Retail8_3_4_,
        inventory6_.WholeSalePrice_Amount as WholeS9_3_4_,
        inventory6_.WholeSalePrice_CurrencyId as Whole10_3_4_,
        inventory6_.BadStockPrice_Amount as BadSt11_3_4_,
        inventory6_.BadStockPrice_CurrencyId as BadSt12_3_4_,
        inventory6_.BadStock_Value as BadSt13_3_4_,
        inventory6_.BadStock_UnitId as BadSt14_3_4_,
        inventory6_.Received_Value as Recei15_3_4_,
        inventory6_.Received_UnitId as Recei16_3_4_,
        inventory6_.OnOrder_Value as OnOrd17_3_4_,
        inventory6_.OnOrder_UnitId as OnOrd18_3_4_,
        inventory6_.OnHand_Value as OnHan19_3_4_,
        inventory6_.OnHand_UnitId as OnHan20_3_4_,
        inventory6_.Allocated_Value as Alloc21_3_4_,
        inventory6_.Allocated_UnitId as Alloc22_3_4_,
        inventory6_.Shipped_Value as Shipp23_3_4_,
        inventory6_.Shipped_UnitId as Shipp24_3_4_,
        inventory6_.BackOrdered_Value as BackO25_3_4_,
        inventory6_.BackOrdered_UnitId as BackO26_3_4_,
        inventory6_.Available_Value as Avail27_3_4_,
        inventory6_.Available_UnitId as Avail28_3_4_,
        inventory6_.InitialLevel_Value as Initi29_3_4_,
        inventory6_.InitialLevel_UnitId as Initi30_3_4_,
        inventory6_.Shrinkage_Value as Shrin31_3_4_,
        inventory6_.Shrinkage_UnitId as Shrin32_3_4_,
        inventory6_.CurrentLevel_Value as Curre33_3_4_,
        inventory6_.CurrentLevel_UnitId as Curre34_3_4_,
        inventory6_.TargetLevel_Value as Targe35_3_4_,
        inventory6_.TargetLevel_UnitId as Targe36_3_4_,
        inventory6_.BelowTargetLevel_Value as Below37_3_4_,
        inventory6_.BelowTargetLevel_UnitId as Below38_3_4_,
        inventory6_.ReorderLevel_Value as Reord39_3_4_,
        inventory6_.ReorderLevel_UnitId as Reord40_3_4_,
        inventory6_.ReorderQuantity_Value as Reord41_3_4_,
        inventory6_.ReorderQuantity_UnitId as Reord42_3_4_,
        inventory6_.MinimumReorderQuantity_Value as Minim43_3_4_,
        inventory6_.MinimumReorderQuantity_UnitId as Minim44_3_4_,
        payments7_.PurchaseOrderId as Purch3_14_25_,
        payments7_.PurchaseOrderPaymentId as Purch1_14_25_,
        payments7_.PurchaseOrderPaymentId as Purch1_14_5_,
        payments7_.PaidOn as PaidO2_14_5_,
        payments7_.PurchaseOrderId as Purch3_14_5_,
        payments7_.PaidById as PaidB4_14_5_,
        payments7_.PaymentTypeId as Payme5_14_5_,
        payments7_.Payment_Amount as Payme6_14_5_,
        payments7_.Payment_CurrencyId as Payme7_14_5_,
        user8_.UserId as UserI1_25_6_,
        user8_.Username as Usern2_25_6_,
        user8_.Password as Passw3_25_6_,
        user8_.BranchId as Branc4_25_6_,
        user8_.FirstName as First5_25_6_,
        user8_.MiddleName as Middl6_25_6_,
        user8_.LastName as LastN7_25_6_,
        user8_.BirthDate as Birth8_25_6_,
        user8_.Street as Stree9_25_6_,
        user8_.Barangay as Bara10_25_6_,
        user8_.City as City11_25_6_,
        user8_.Province as Prov12_25_6_,
        user8_.Region as Regi13_25_6_,
        user8_.Country as Coun14_25_6_,
        user8_.ZipCode as ZipC15_25_6_,
        receipts9_.PurchaseOrderId as Purch4_15_26_,
        receipts9_.PurchaseOrderReceiptId as Purch1_15_26_,
        receipts9_.PurchaseOrderReceiptId as Purch1_15_7_,
        receipts9_.ReceivedOn as Recei2_15_7_,
        receipts9_.ExpiresOn as Expir3_15_7_,
        receipts9_.PurchaseOrderId as Purch4_15_7_,
        receipts9_.ReceivedById as Recei5_15_7_,
        receipts9_.ProductId as Produ6_15_7_,
        receipts9_.Quantity_Value as Quant7_15_7_,
        receipts9_.Quantity_UnitId as Quant8_15_7_,
        product10_.ProductId as Produ1_11_8_,
        product10_.Name as Name2_11_8_,
        product10_.Description as Descr3_11_8_,
        product10_.Image as Image4_11_8_,
        product10_.Discontinued as Disco5_11_8_,
        product10_.CategoryId as Categ6_11_8_,
        product10_.SupplierId as Suppl7_11_8_,
        productcat11_.ProductCategoryId as Produ1_10_9_,
        productcat11_.Name as Name2_10_9_,
        supplier12_.SupplierId as Suppl1_22_10_,
        supplier12_.Name as Name2_22_10_,
        supplier12_.Street as Stree3_22_10_,
        supplier12_.Barangay as Baran4_22_10_,
        supplier12_.City as City5_22_10_,
        supplier12_.Province as Provi6_22_10_,
        supplier12_.Region as Regio7_22_10_,
        supplier12_.Country as Count8_22_10_,
        supplier12_.ZipCode as ZipCo9_22_10_,
        supplier12_.Email as Emai10_22_10_,
        supplier12_.Landline as Land11_22_10_,
        supplier12_.Fax as Fax12_22_10_,
        supplier12_.Mobile as Mobi13_22_10_,
        supplier12_.Web as Web14_22_10_,
        inventory13_.InventoryId as Invent1_3_11_,
        inventory13_.ConversionFactor as Conver2_3_11_,
        inventory13_.UnitOfMeasureId as UnitOf3_3_11_,
        inventory13_.UnitOfMeasureBaseId as UnitOf4_3_11_,
        inventory13_.BasePrice_Amount as BasePr5_3_11_,
        inventory13_.BasePrice_CurrencyId as BasePr6_3_11_,
        inventory13_.RetailPrice_Amount as Retail7_3_11_,
        inventory13_.RetailPrice_CurrencyId as Retail8_3_11_,
        inventory13_.WholeSalePrice_Amount as WholeS9_3_11_,
        inventory13_.WholeSalePrice_CurrencyId as Whole10_3_11_,
        inventory13_.BadStockPrice_Amount as BadSt11_3_11_,
        inventory13_.BadStockPrice_CurrencyId as BadSt12_3_11_,
        inventory13_.BadStock_Value as BadSt13_3_11_,
        inventory13_.BadStock_UnitId as BadSt14_3_11_,
        inventory13_.Received_Value as Recei15_3_11_,
        inventory13_.Received_UnitId as Recei16_3_11_,
        inventory13_.OnOrder_Value as OnOrd17_3_11_,
        inventory13_.OnOrder_UnitId as OnOrd18_3_11_,
        inventory13_.OnHand_Value as OnHan19_3_11_,
        inventory13_.OnHand_UnitId as OnHan20_3_11_,
        inventory13_.Allocated_Value as Alloc21_3_11_,
        inventory13_.Allocated_UnitId as Alloc22_3_11_,
        inventory13_.Shipped_Value as Shipp23_3_11_,
        inventory13_.Shipped_UnitId as Shipp24_3_11_,
        inventory13_.BackOrdered_Value as BackO25_3_11_,
        inventory13_.BackOrdered_UnitId as BackO26_3_11_,
        inventory13_.Available_Value as Avail27_3_11_,
        inventory13_.Available_UnitId as Avail28_3_11_,
        inventory13_.InitialLevel_Value as Initi29_3_11_,
        inventory13_.InitialLevel_UnitId as Initi30_3_11_,
        inventory13_.Shrinkage_Value as Shrin31_3_11_,
        inventory13_.Shrinkage_UnitId as Shrin32_3_11_,
        inventory13_.CurrentLevel_Value as Curre33_3_11_,
        inventory13_.CurrentLevel_UnitId as Curre34_3_11_,
        inventory13_.TargetLevel_Value as Targe35_3_11_,
        inventory13_.TargetLevel_UnitId as Targe36_3_11_,
        inventory13_.BelowTargetLevel_Value as Below37_3_11_,
        inventory13_.BelowTargetLevel_UnitId as Below38_3_11_,
        inventory13_.ReorderLevel_Value as Reord39_3_11_,
        inventory13_.ReorderLevel_UnitId as Reord40_3_11_,
        inventory13_.ReorderQuantity_Value as Reord41_3_11_,
        inventory13_.ReorderQuantity_UnitId as Reord42_3_11_,
        inventory13_.MinimumReorderQuantity_Value as Minim43_3_11_,
        inventory13_.MinimumReorderQuantity_UnitId as Minim44_3_11_,
        paymenttyp14_.PaymentTypeId as Paymen1_8_12_,
        paymenttyp14_.Name as Name2_8_12_,
        supplier15_.SupplierId as Suppl1_22_13_,
        supplier15_.Name as Name2_22_13_,
        supplier15_.Street as Stree3_22_13_,
        supplier15_.Barangay as Baran4_22_13_,
        supplier15_.City as City5_22_13_,
        supplier15_.Province as Provi6_22_13_,
        supplier15_.Region as Regio7_22_13_,
        supplier15_.Country as Count8_22_13_,
        supplier15_.ZipCode as ZipCo9_22_13_,
        supplier15_.Email as Emai10_22_13_,
        supplier15_.Landline as Land11_22_13_,
        supplier15_.Fax as Fax12_22_13_,
        supplier15_.Mobile as Mobi13_22_13_,
        supplier15_.Web as Web14_22_13_,
        shipper16_.ShipperId as Shipp1_20_14_,
        shipper16_.Name as Name2_20_14_,
        shipper16_.Street as Stree3_20_14_,
        shipper16_.Barangay as Baran4_20_14_,
        shipper16_.City as City5_20_14_,
        shipper16_.Province as Provi6_20_14_,
        shipper16_.Region as Regio7_20_14_,
        shipper16_.Country as Count8_20_14_,
        shipper16_.ZipCode as ZipCo9_20_14_,
        shipper16_.Email as Emai10_20_14_,
        shipper16_.Landline as Land11_20_14_,
        shipper16_.Fax as Fax12_20_14_,
        shipper16_.Mobile as Mobi13_20_14_,
        shipper16_.Web as Web14_20_14_,
        user17_.UserId as UserI1_25_15_,
        user17_.Username as Usern2_25_15_,
        user17_.Password as Passw3_25_15_,
        user17_.BranchId as Branc4_25_15_,
        user17_.FirstName as First5_25_15_,
        user17_.MiddleName as Middl6_25_15_,
        user17_.LastName as LastN7_25_15_,
        user17_.BirthDate as Birth8_25_15_,
        user17_.Street as Stree9_25_15_,
        user17_.Barangay as Bara10_25_15_,
        user17_.City as City11_25_15_,
        user17_.Province as Prov12_25_15_,
        user17_.Region as Regi13_25_15_,
        user17_.Country as Coun14_25_15_,
        user17_.ZipCode as ZipC15_25_15_,
        user18_.UserId as UserI1_25_16_,
        user18_.Username as Usern2_25_16_,
        user18_.Password as Passw3_25_16_,
        user18_.BranchId as Branc4_25_16_,
        user18_.FirstName as First5_25_16_,
        user18_.MiddleName as Middl6_25_16_,
        user18_.LastName as LastN7_25_16_,
        user18_.BirthDate as Birth8_25_16_,
        user18_.Street as Stree9_25_16_,
        user18_.Barangay as Bara10_25_16_,
        user18_.City as City11_25_16_,
        user18_.Province as Prov12_25_16_,
        user18_.Region as Regi13_25_16_,
        user18_.Country as Coun14_25_16_,
        user18_.ZipCode as ZipC15_25_16_,
        user19_.UserId as UserI1_25_17_,
        user19_.Username as Usern2_25_17_,
        user19_.Password as Passw3_25_17_,
        user19_.BranchId as Branc4_25_17_,
        user19_.FirstName as First5_25_17_,
        user19_.MiddleName as Middl6_25_17_,
        user19_.LastName as LastN7_25_17_,
        user19_.BirthDate as Birth8_25_17_,
        user19_.Street as Stree9_25_17_,
        user19_.Barangay as Bara10_25_17_,
        user19_.City as City11_25_17_,
        user19_.Province as Prov12_25_17_,
        user19_.Region as Regi13_25_17_,
        user19_.Country as Coun14_25_17_,
        user19_.ZipCode as ZipC15_25_17_,
        user20_.UserId as UserI1_25_18_,
        user20_.Username as Usern2_25_18_,
        user20_.Password as Passw3_25_18_,
        user20_.BranchId as Branc4_25_18_,
        user20_.FirstName as First5_25_18_,
        user20_.MiddleName as Middl6_25_18_,
        user20_.LastName as LastN7_25_18_,
        user20_.BirthDate as Birth8_25_18_,
        user20_.Street as Stree9_25_18_,
        user20_.Barangay as Bara10_25_18_,
        user20_.City as City11_25_18_,
        user20_.Province as Prov12_25_18_,
        user20_.Region as Regi13_25_18_,
        user20_.Country as Coun14_25_18_,
        user20_.ZipCode as ZipC15_25_18_,
        user21_.UserId as UserI1_25_19_,
        user21_.Username as Usern2_25_19_,
        user21_.Password as Passw3_25_19_,
        user21_.BranchId as Branc4_25_19_,
        user21_.FirstName as First5_25_19_,
        user21_.MiddleName as Middl6_25_19_,
        user21_.LastName as LastN7_25_19_,
        user21_.BirthDate as Birth8_25_19_,
        user21_.Street as Stree9_25_19_,
        user21_.Barangay as Bara10_25_19_,
        user21_.City as City11_25_19_,
        user21_.Province as Prov12_25_19_,
        user21_.Region as Regi13_25_19_,
        user21_.Country as Coun14_25_19_,
        user21_.ZipCode as ZipC15_25_19_,
        user22_.UserId as UserI1_25_20_,
        user22_.Username as Usern2_25_20_,
        user22_.Password as Passw3_25_20_,
        user22_.BranchId as Branc4_25_20_,
        user22_.FirstName as First5_25_20_,
        user22_.MiddleName as Middl6_25_20_,
        user22_.LastName as LastN7_25_20_,
        user22_.BirthDate as Birth8_25_20_,
        user22_.Street as Stree9_25_20_,
        user22_.Barangay as Bara10_25_20_,
        user22_.City as City11_25_20_,
        user22_.Province as Prov12_25_20_,
        user22_.Region as Regi13_25_20_,
        user22_.Country as Coun14_25_20_,
        user22_.ZipCode as ZipC15_25_20_,
        user23_.UserId as UserI1_25_21_,
        user23_.Username as Usern2_25_21_,
        user23_.Password as Passw3_25_21_,
        user23_.BranchId as Branc4_25_21_,
        user23_.FirstName as First5_25_21_,
        user23_.MiddleName as Middl6_25_21_,
        user23_.LastName as LastN7_25_21_,
        user23_.BirthDate as Birth8_25_21_,
        user23_.Street as Stree9_25_21_,
        user23_.Barangay as Bara10_25_21_,
        user23_.City as City11_25_21_,
        user23_.Province as Prov12_25_21_,
        user23_.Region as Regi13_25_21_,
        user23_.Country as Coun14_25_21_,
        user23_.ZipCode as ZipC15_25_21_ 
    FROM
        dbo.PurchaseOrders this_ 
    left outer join
        dbo.PurchaseOrderItems items2_ 
            on this_.PurchaseOrderId=items2_.PurchaseOrderId 
    left outer join
        dbo.Products product3_ 
            on items2_.ProductId=product3_.ProductId 
    left outer join
        dbo.ProductCategories productcat4_ 
            on product3_.CategoryId=productcat4_.ProductCategoryId 
    left outer join
        dbo.Suppliers supplier5_ 
            on product3_.SupplierId=supplier5_.SupplierId 
    left outer join
        dbo.Inventories inventory6_ 
            on product3_.ProductId=inventory6_.InventoryId 
    left outer join
        dbo.PurchaseOrderPayments payments7_ 
            on this_.PurchaseOrderId=payments7_.PurchaseOrderId 
    left outer join
        dbo.Users user8_ 
            on payments7_.PaidById=user8_.UserId 
    left outer join
        dbo.PurchaseOrderReceipts receipts9_ 
            on this_.PurchaseOrderId=receipts9_.PurchaseOrderId 
    left outer join
        dbo.Products product10_ 
            on receipts9_.ProductId=product10_.ProductId 
    left outer join
        dbo.ProductCategories productcat11_ 
            on product10_.CategoryId=productcat11_.ProductCategoryId 
    left outer join
        dbo.Suppliers supplier12_ 
            on product10_.SupplierId=supplier12_.SupplierId 
    left outer join
        dbo.Inventories inventory13_ 
            on product10_.ProductId=inventory13_.InventoryId 
    left outer join
        dbo.PaymentTypes paymenttyp14_ 
            on this_.PaymentTypeId=paymenttyp14_.PaymentTypeId 
    left outer join
        dbo.Suppliers supplier15_ 
            on this_.SupplierId=supplier15_.SupplierId 
    left outer join
        dbo.Shippers shipper16_ 
            on this_.ShipperId=shipper16_.ShipperId 
    left outer join
        dbo.Users user17_ 
            on this_.CreatedById=user17_.UserId 
    left outer join
        dbo.Users user18_ 
            on this_.SubmittedById=user18_.UserId 
    left outer join
        dbo.Users user19_ 
            on this_.ApprovedById=user19_.UserId 
    left outer join
        dbo.Users user20_ 
            on this_.PaidById=user20_.UserId 
    left outer join
        dbo.Users user21_ 
            on this_.ReceivedById=user21_.UserId 
    left outer join
        dbo.Users user22_ 
            on this_.CompletedById=user22_.UserId 
    left outer join
        dbo.Users user23_ 
            on this_.CancelledById=user23_.UserId 
    WHERE
        this_.PurchaseOrderId = @p0;
    @p0 = be765a64-f0a4-41e8-9f06-a72900bedf78 [Type: Guid (0:0:0)]
NHibernate: 
    SELECT
        this_.PurchaseOrderId as Purch1_13_13_,
        this_.PurchaseOrderNumber as Purch2_13_13_,
        this_.Status as Statu3_13_13_,
        this_.ExpectedOn as Expec4_13_13_,
        this_.CreatedOn as Creat5_13_13_,
        this_.SubmittedOn as Submi6_13_13_,
        this_.ApprovedOn as Appro7_13_13_,
        this_.PaidOn as PaidO8_13_13_,
        this_.ReceivedOn as Recei9_13_13_,
        this_.CompletedOn as Comp10_13_13_,
        this_.CancelledOn as Canc11_13_13_,
        this_.CancellationReason as Canc12_13_13_,
        this_.PaymentTypeId as Paym13_13_13_,
        this_.SupplierId as Supp14_13_13_,
        this_.ShipperId as Ship15_13_13_,
        this_.CreatedById as Crea16_13_13_,
        this_.SubmittedById as Subm17_13_13_,
        this_.ApprovedById as Appr18_13_13_,
        this_.PaidById as Paid19_13_13_,
        this_.ReceivedById as Rece20_13_13_,
        this_.CompletedById as Comp21_13_13_,
        this_.CancelledById as Canc22_13_13_,
        this_.Tax_Amount as Tax23_13_13_,
        this_.Tax_CurrencyId as Tax24_13_13_,
        this_.ShippingFee_Amount as Ship25_13_13_,
        this_.ShippingFee_CurrencyId as Ship26_13_13_,
        this_.Discount_Amount as Disc27_13_13_,
        this_.Discount_CurrencyId as Disc28_13_13_,
        this_.SubTotal_Amount as SubT29_13_13_,
        this_.SubTotal_CurrencyId as SubT30_13_13_,
        this_.Total_Amount as Tota31_13_13_,
        this_.Total_CurrencyId as Tota32_13_13_,
        this_.Payment_Amount as Paym33_13_13_,
        this_.Payment_CurrencyId as Paym34_13_13_,
        items2_.PurchaseOrderId as Purch2_12_15_,
        items2_.PurchaseOrderItemId as Purch1_12_15_,
        items2_.PurchaseOrderItemId as Purch1_12_0_,
        items2_.PurchaseOrderId as Purch2_12_0_,
        items2_.ProductId as Produ3_12_0_,
        items2_.Quantity_Value as Quant4_12_0_,
        items2_.Quantity_UnitId as Quant5_12_0_,
        items2_.UnitCost_Amount as UnitC6_12_0_,
        items2_.UnitCost_CurrencyId as UnitC7_12_0_,
        items2_.ExtendedCost_Amount as Exten8_12_0_,
        items2_.ExtendedCost_CurrencyId as Exten9_12_0_,
        product3_.ProductId as Produ1_11_1_,
        product3_.Name as Name2_11_1_,
        product3_.Description as Descr3_11_1_,
        product3_.Image as Image4_11_1_,
        product3_.Discontinued as Disco5_11_1_,
        product3_.CategoryId as Categ6_11_1_,
        product3_.SupplierId as Suppl7_11_1_,
        inventory4_.InventoryId as Invent1_3_2_,
        inventory4_.ConversionFactor as Conver2_3_2_,
        inventory4_.UnitOfMeasureId as UnitOf3_3_2_,
        inventory4_.UnitOfMeasureBaseId as UnitOf4_3_2_,
        inventory4_.BasePrice_Amount as BasePr5_3_2_,
        inventory4_.BasePrice_CurrencyId as BasePr6_3_2_,
        inventory4_.RetailPrice_Amount as Retail7_3_2_,
        inventory4_.RetailPrice_CurrencyId as Retail8_3_2_,
        inventory4_.WholeSalePrice_Amount as WholeS9_3_2_,
        inventory4_.WholeSalePrice_CurrencyId as Whole10_3_2_,
        inventory4_.BadStockPrice_Amount as BadSt11_3_2_,
        inventory4_.BadStockPrice_CurrencyId as BadSt12_3_2_,
        inventory4_.BadStock_Value as BadSt13_3_2_,
        inventory4_.BadStock_UnitId as BadSt14_3_2_,
        inventory4_.Received_Value as Recei15_3_2_,
        inventory4_.Received_UnitId as Recei16_3_2_,
        inventory4_.OnOrder_Value as OnOrd17_3_2_,
        inventory4_.OnOrder_UnitId as OnOrd18_3_2_,
        inventory4_.OnHand_Value as OnHan19_3_2_,
        inventory4_.OnHand_UnitId as OnHan20_3_2_,
        inventory4_.Allocated_Value as Alloc21_3_2_,
        inventory4_.Allocated_UnitId as Alloc22_3_2_,
        inventory4_.Shipped_Value as Shipp23_3_2_,
        inventory4_.Shipped_UnitId as Shipp24_3_2_,
        inventory4_.BackOrdered_Value as BackO25_3_2_,
        inventory4_.BackOrdered_UnitId as BackO26_3_2_,
        inventory4_.Available_Value as Avail27_3_2_,
        inventory4_.Available_UnitId as Avail28_3_2_,
        inventory4_.InitialLevel_Value as Initi29_3_2_,
        inventory4_.InitialLevel_UnitId as Initi30_3_2_,
        inventory4_.Shrinkage_Value as Shrin31_3_2_,
        inventory4_.Shrinkage_UnitId as Shrin32_3_2_,
        inventory4_.CurrentLevel_Value as Curre33_3_2_,
        inventory4_.CurrentLevel_UnitId as Curre34_3_2_,
        inventory4_.TargetLevel_Value as Targe35_3_2_,
        inventory4_.TargetLevel_UnitId as Targe36_3_2_,
        inventory4_.BelowTargetLevel_Value as Below37_3_2_,
        inventory4_.BelowTargetLevel_UnitId as Below38_3_2_,
        inventory4_.ReorderLevel_Value as Reord39_3_2_,
        inventory4_.ReorderLevel_UnitId as Reord40_3_2_,
        inventory4_.ReorderQuantity_Value as Reord41_3_2_,
        inventory4_.ReorderQuantity_UnitId as Reord42_3_2_,
        inventory4_.MinimumReorderQuantity_Value as Minim43_3_2_,
        inventory4_.MinimumReorderQuantity_UnitId as Minim44_3_2_,
        payments5_.PurchaseOrderId as Purch3_14_16_,
        payments5_.PurchaseOrderPaymentId as Purch1_14_16_,
        payments5_.PurchaseOrderPaymentId as Purch1_14_3_,
        payments5_.PaidOn as PaidO2_14_3_,
        payments5_.PurchaseOrderId as Purch3_14_3_,
        payments5_.PaidById as PaidB4_14_3_,
        payments5_.PaymentTypeId as Payme5_14_3_,
        payments5_.Payment_Amount as Payme6_14_3_,
        payments5_.Payment_CurrencyId as Payme7_14_3_,
        user6_.UserId as UserI1_25_4_,
        user6_.Username as Usern2_25_4_,
        user6_.Password as Passw3_25_4_,
        user6_.BranchId as Branc4_25_4_,
        user6_.FirstName as First5_25_4_,
        user6_.MiddleName as Middl6_25_4_,
        user6_.LastName as LastN7_25_4_,
        user6_.BirthDate as Birth8_25_4_,
        user6_.Street as Stree9_25_4_,
        user6_.Barangay as Bara10_25_4_,
        user6_.City as City11_25_4_,
        user6_.Province as Prov12_25_4_,
        user6_.Region as Regi13_25_4_,
        user6_.Country as Coun14_25_4_,
        user6_.ZipCode as ZipC15_25_4_,
        paymenttyp7_.PaymentTypeId as Paymen1_8_5_,
        paymenttyp7_.Name as Name2_8_5_,
        receipts8_.PurchaseOrderId as Purch4_15_17_,
        receipts8_.PurchaseOrderReceiptId as Purch1_15_17_,
        receipts8_.PurchaseOrderReceiptId as Purch1_15_6_,
        receipts8_.ReceivedOn as Recei2_15_6_,
        receipts8_.ExpiresOn as Expir3_15_6_,
        receipts8_.PurchaseOrderId as Purch4_15_6_,
        receipts8_.ReceivedById as Recei5_15_6_,
        receipts8_.ProductId as Produ6_15_6_,
        receipts8_.Quantity_Value as Quant7_15_6_,
        receipts8_.Quantity_UnitId as Quant8_15_6_,
        product9_.ProductId as Produ1_11_7_,
        product9_.Name as Name2_11_7_,
        product9_.Description as Descr3_11_7_,
        product9_.Image as Image4_11_7_,
        product9_.Discontinued as Disco5_11_7_,
        product9_.CategoryId as Categ6_11_7_,
        product9_.SupplierId as Suppl7_11_7_,
        inventory10_.InventoryId as Invent1_3_8_,
        inventory10_.ConversionFactor as Conver2_3_8_,
        inventory10_.UnitOfMeasureId as UnitOf3_3_8_,
        inventory10_.UnitOfMeasureBaseId as UnitOf4_3_8_,
        inventory10_.BasePrice_Amount as BasePr5_3_8_,
        inventory10_.BasePrice_CurrencyId as BasePr6_3_8_,
        inventory10_.RetailPrice_Amount as Retail7_3_8_,
        inventory10_.RetailPrice_CurrencyId as Retail8_3_8_,
        inventory10_.WholeSalePrice_Amount as WholeS9_3_8_,
        inventory10_.WholeSalePrice_CurrencyId as Whole10_3_8_,
        inventory10_.BadStockPrice_Amount as BadSt11_3_8_,
        inventory10_.BadStockPrice_CurrencyId as BadSt12_3_8_,
        inventory10_.BadStock_Value as BadSt13_3_8_,
        inventory10_.BadStock_UnitId as BadSt14_3_8_,
        inventory10_.Received_Value as Recei15_3_8_,
        inventory10_.Received_UnitId as Recei16_3_8_,
        inventory10_.OnOrder_Value as OnOrd17_3_8_,
        inventory10_.OnOrder_UnitId as OnOrd18_3_8_,
        inventory10_.OnHand_Value as OnHan19_3_8_,
        inventory10_.OnHand_UnitId as OnHan20_3_8_,
        inventory10_.Allocated_Value as Alloc21_3_8_,
        inventory10_.Allocated_UnitId as Alloc22_3_8_,
        inventory10_.Shipped_Value as Shipp23_3_8_,
        inventory10_.Shipped_UnitId as Shipp24_3_8_,
        inventory10_.BackOrdered_Value as BackO25_3_8_,
        inventory10_.BackOrdered_UnitId as BackO26_3_8_,
        inventory10_.Available_Value as Avail27_3_8_,
        inventory10_.Available_UnitId as Avail28_3_8_,
        inventory10_.InitialLevel_Value as Initi29_3_8_,
        inventory10_.InitialLevel_UnitId as Initi30_3_8_,
        inventory10_.Shrinkage_Value as Shrin31_3_8_,
        inventory10_.Shrinkage_UnitId as Shrin32_3_8_,
        inventory10_.CurrentLevel_Value as Curre33_3_8_,
        inventory10_.CurrentLevel_UnitId as Curre34_3_8_,
        inventory10_.TargetLevel_Value as Targe35_3_8_,
        inventory10_.TargetLevel_UnitId as Targe36_3_8_,
        inventory10_.BelowTargetLevel_Value as Below37_3_8_,
        inventory10_.BelowTargetLevel_UnitId as Below38_3_8_,
        inventory10_.ReorderLevel_Value as Reord39_3_8_,
        inventory10_.ReorderLevel_UnitId as Reord40_3_8_,
        inventory10_.ReorderQuantity_Value as Reord41_3_8_,
        inventory10_.ReorderQuantity_UnitId as Reord42_3_8_,
        inventory10_.MinimumReorderQuantity_Value as Minim43_3_8_,
        inventory10_.MinimumReorderQuantity_UnitId as Minim44_3_8_,
        paymenttyp11_.PaymentTypeId as Paymen1_8_9_,
        paymenttyp11_.Name as Name2_8_9_,
        supplier12_.SupplierId as Suppl1_22_10_,
        supplier12_.Name as Name2_22_10_,
        supplier12_.Street as Stree3_22_10_,
        supplier12_.Barangay as Baran4_22_10_,
        supplier12_.City as City5_22_10_,
        supplier12_.Province as Provi6_22_10_,
        supplier12_.Region as Regio7_22_10_,
        supplier12_.Country as Count8_22_10_,
        supplier12_.ZipCode as ZipCo9_22_10_,
        supplier12_.Email as Emai10_22_10_,
        supplier12_.Landline as Land11_22_10_,
        supplier12_.Fax as Fax12_22_10_,
        supplier12_.Mobile as Mobi13_22_10_,
        supplier12_.Web as Web14_22_10_,
        shipper13_.ShipperId as Shipp1_20_11_,
        shipper13_.Name as Name2_20_11_,
        shipper13_.Street as Stree3_20_11_,
        shipper13_.Barangay as Baran4_20_11_,
        shipper13_.City as City5_20_11_,
        shipper13_.Province as Provi6_20_11_,
        shipper13_.Region as Regio7_20_11_,
        shipper13_.Country as Count8_20_11_,
        shipper13_.ZipCode as ZipCo9_20_11_,
        shipper13_.Email as Emai10_20_11_,
        shipper13_.Landline as Land11_20_11_,
        shipper13_.Fax as Fax12_20_11_,
        shipper13_.Mobile as Mobi13_20_11_,
        shipper13_.Web as Web14_20_11_,
        user14_.UserId as UserI1_25_12_,
        user14_.Username as Usern2_25_12_,
        user14_.Password as Passw3_25_12_,
        user14_.BranchId as Branc4_25_12_,
        user14_.FirstName as First5_25_12_,
        user14_.MiddleName as Middl6_25_12_,
        user14_.LastName as LastN7_25_12_,
        user14_.BirthDate as Birth8_25_12_,
        user14_.Street as Stree9_25_12_,
        user14_.Barangay as Bara10_25_12_,
        user14_.City as City11_25_12_,
        user14_.Province as Prov12_25_12_,
        user14_.Region as Regi13_25_12_,
        user14_.Country as Coun14_25_12_,
        user14_.ZipCode as ZipC15_25_12_ 
    FROM
        dbo.PurchaseOrders this_ 
    left outer join
        dbo.PurchaseOrderItems items2_ 
            on this_.PurchaseOrderId=items2_.PurchaseOrderId 
    left outer join
        dbo.Products product3_ 
            on items2_.ProductId=product3_.ProductId 
    left outer join
        dbo.Inventories inventory4_ 
            on product3_.ProductId=inventory4_.InventoryId 
    left outer join
        dbo.PurchaseOrderPayments payments5_ 
            on this_.PurchaseOrderId=payments5_.PurchaseOrderId 
    left outer join
        dbo.Users user6_ 
            on payments5_.PaidById=user6_.UserId 
    left outer join
        dbo.PaymentTypes paymenttyp7_ 
            on payments5_.PaymentTypeId=paymenttyp7_.PaymentTypeId 
    left outer join
        dbo.PurchaseOrderReceipts receipts8_ 
            on this_.PurchaseOrderId=receipts8_.PurchaseOrderId 
    left outer join
        dbo.Products product9_ 
            on receipts8_.ProductId=product9_.ProductId 
    left outer join
        dbo.Inventories inventory10_ 
            on product9_.ProductId=inventory10_.InventoryId 
    left outer join
        dbo.PaymentTypes paymenttyp11_ 
            on this_.PaymentTypeId=paymenttyp11_.PaymentTypeId 
    left outer join
        dbo.Suppliers supplier12_ 
            on this_.SupplierId=supplier12_.SupplierId 
    left outer join
        dbo.Shippers shipper13_ 
            on this_.ShipperId=shipper13_.ShipperId 
    left outer join
        dbo.Users user14_ 
            on this_.CreatedById=user14_.UserId 
    WHERE
        this_.PurchaseOrderId = @p0;
    @p0 = 70b6554a-479a-4f8a-9911-a72900bedf45 [Type: Guid (0:0:0)]
NHibernate: 
    select
        product0_.ProductId as Produ1_11_0_,
        inventory1_.InventoryId as Invent1_3_1_,
        product0_.Name as Name2_11_0_,
        product0_.Description as Descr3_11_0_,
        product0_.Image as Image4_11_0_,
        product0_.Discontinued as Disco5_11_0_,
        product0_.CategoryId as Categ6_11_0_,
        product0_.SupplierId as Suppl7_11_0_,
        inventory1_.ConversionFactor as Conver2_3_1_,
        inventory1_.UnitOfMeasureId as UnitOf3_3_1_,
        inventory1_.UnitOfMeasureBaseId as UnitOf4_3_1_,
        inventory1_.BasePrice_Amount as BasePr5_3_1_,
        inventory1_.BasePrice_CurrencyId as BasePr6_3_1_,
        inventory1_.RetailPrice_Amount as Retail7_3_1_,
        inventory1_.RetailPrice_CurrencyId as Retail8_3_1_,
        inventory1_.WholeSalePrice_Amount as WholeS9_3_1_,
        inventory1_.WholeSalePrice_CurrencyId as Whole10_3_1_,
        inventory1_.BadStockPrice_Amount as BadSt11_3_1_,
        inventory1_.BadStockPrice_CurrencyId as BadSt12_3_1_,
        inventory1_.BadStock_Value as BadSt13_3_1_,
        inventory1_.BadStock_UnitId as BadSt14_3_1_,
        inventory1_.Received_Value as Recei15_3_1_,
        inventory1_.Received_UnitId as Recei16_3_1_,
        inventory1_.OnOrder_Value as OnOrd17_3_1_,
        inventory1_.OnOrder_UnitId as OnOrd18_3_1_,
        inventory1_.OnHand_Value as OnHan19_3_1_,
        inventory1_.OnHand_UnitId as OnHan20_3_1_,
        inventory1_.Allocated_Value as Alloc21_3_1_,
        inventory1_.Allocated_UnitId as Alloc22_3_1_,
        inventory1_.Shipped_Value as Shipp23_3_1_,
        inventory1_.Shipped_UnitId as Shipp24_3_1_,
        inventory1_.BackOrdered_Value as BackO25_3_1_,
        inventory1_.BackOrdered_UnitId as BackO26_3_1_,
        inventory1_.Available_Value as Avail27_3_1_,
        inventory1_.Available_UnitId as Avail28_3_1_,
        inventory1_.InitialLevel_Value as Initi29_3_1_,
        inventory1_.InitialLevel_UnitId as Initi30_3_1_,
        inventory1_.Shrinkage_Value as Shrin31_3_1_,
        inventory1_.Shrinkage_UnitId as Shrin32_3_1_,
        inventory1_.CurrentLevel_Value as Curre33_3_1_,
        inventory1_.CurrentLevel_UnitId as Curre34_3_1_,
        inventory1_.TargetLevel_Value as Targe35_3_1_,
        inventory1_.TargetLevel_UnitId as Targe36_3_1_,
        inventory1_.BelowTargetLevel_Value as Below37_3_1_,
        inventory1_.BelowTargetLevel_UnitId as Below38_3_1_,
        inventory1_.ReorderLevel_Value as Reord39_3_1_,
        inventory1_.ReorderLevel_UnitId as Reord40_3_1_,
        inventory1_.ReorderQuantity_Value as Reord41_3_1_,
        inventory1_.ReorderQuantity_UnitId as Reord42_3_1_,
        inventory1_.MinimumReorderQuantity_Value as Minim43_3_1_,
        inventory1_.MinimumReorderQuantity_UnitId as Minim44_3_1_ 
    from
        dbo.Products product0_ 
    left outer join
        dbo.Inventories inventory1_ 
            on product0_.ProductId=inventory1_.InventoryId 
    where
        1=0
NHibernate: Batch commands:
command 0:
    INSERT 
    INTO
        dbo.PurchaseOrderPayments
        (PaidOn, PurchaseOrderId, PaidById, PaymentTypeId, Payment_Amount, Payment_CurrencyId, PurchaseOrderPaymentId) 
    VALUES
        (@p0, @p1, @p2, @p3, @p4, @p5, @p6);
    @p0 = 2017-03-01T00:00:00.0000000 [Type: DateTime (0:0:0)], @p1 = 70b6554a-479a-4f8a-9911-a72900bedf45 [Type: Guid (0:0:0)], @p2 = 790ee6b8-bc9d-4406-b3dc-a72900bede2a [Type: Guid (0:0:0)], @p3 = 'CK' [Type: String (4000:0:0)], @p4 = 0 [Type: Decimal (0:5:28)], @p5 = 'PHP' [Type: String (4000:0:0)], @p6 = 2fb12e38-04e5-41bf-b2b4-a72900bee06a [Type: Guid (0:0:0)]

NHibernate: Batch commands:
command 0:
    UPDATE
        dbo.PurchaseOrders 
    SET
        PurchaseOrderNumber = @p0,
        Status = @p1,
        ExpectedOn = @p2,
        CreatedOn = @p3,
        SubmittedOn = @p4,
        ApprovedOn = @p5,
        PaidOn = @p6,
        ReceivedOn = @p7,
        CompletedOn = @p8,
        CancelledOn = @p9,
        CancellationReason = @p10,
        PaymentTypeId = @p11,
        SupplierId = @p12,
        ShipperId = @p13,
        CreatedById = @p14,
        SubmittedById = @p15,
        ApprovedById = @p16,
        PaidById = @p17,
        ReceivedById = @p18,
        CompletedById = @p19,
        CancelledById = @p20,
        Tax_Amount = @p21,
        Tax_CurrencyId = @p22,
        ShippingFee_Amount = @p23,
        ShippingFee_CurrencyId = @p24,
        Discount_Amount = @p25,
        Discount_CurrencyId = @p26,
        SubTotal_Amount = @p27,
        SubTotal_CurrencyId = @p28,
        Total_Amount = @p29,
        Total_CurrencyId = @p30,
        Payment_Amount = @p31,
        Payment_CurrencyId = @p32 
    WHERE
        PurchaseOrderId = @p33;
    @p0 = NULL [Type: String (4000:0:0)], @p1 = 'Approved' [Type: String (4000:0:0)], @p2 = 2017-03-11T19:34:56.0000000 [Type: DateTime (0:0:0)], @p3 = 2017-03-01T19:34:57.0000000 [Type: DateTime (0:0:0)], @p4 = 2017-03-01T19:34:57.0000000 [Type: DateTime (0:0:0)], @p5 = 2017-03-01T19:34:57.0000000 [Type: DateTime (0:0:0)], @p6 = 2017-03-01T00:00:00.0000000 [Type: DateTime (0:0:0)], @p7 = NULL [Type: DateTime (0:0:0)], @p8 = NULL [Type: DateTime (0:0:0)], @p9 = NULL [Type: DateTime (0:0:0)], @p10 = NULL [Type: String (4000:0:0)], @p11 = 'CK' [Type: String (4000:0:0)], @p12 = aa94c6ef-c890-4e4c-a462-a72900bede73 [Type: Guid (0:0:0)], @p13 = NULL [Type: String (4000:0:0)], @p14 = ca42947a-0ba3-4fc8-86e0-a635014b6b11 [Type: Guid (0:0:0)], @p15 = 790ee6b8-bc9d-4406-b3dc-a72900bede2a [Type: Guid (0:0:0)], @p16 = 758be66f-a814-4a22-be17-a72900bede2e [Type: Guid (0:0:0)], @p17 = 790ee6b8-bc9d-4406-b3dc-a72900bede2a [Type: Guid (0:0:0)], @p18 = NULL [Type: Guid (0:0:0)], @p19 = NULL [Type: Guid (0:0:0)], @p20 = NULL [Type: Guid (0:0:0)], @p21 = 0 [Type: Decimal (0:5:28)], @p22 = 'PHP' [Type: String (4000:0:0)], @p23 = 0 [Type: Decimal (0:5:28)], @p24 = 'PHP' [Type: String (4000:0:0)], @p25 = NULL [Type: Decimal (0:5:28)], @p26 = NULL [Type: String (4000:0:0)], @p27 = NULL [Type: Decimal (0:5:28)], @p28 = NULL [Type: String (4000:0:0)], @p29 = 0 [Type: Decimal (0:5:28)], @p30 = 'PHP' [Type: String (4000:0:0)], @p31 = NULL [Type: Decimal (0:5:28)], @p32 = NULL [Type: String (4000:0:0)], @p33 = 70b6554a-479a-4f8a-9911-a72900bedf45 [Type: Guid (0:0:0)]

NHibernate: 
    SELECT
        this_.PurchaseOrderId as Purch1_13_13_,
        this_.PurchaseOrderNumber as Purch2_13_13_,
        this_.Status as Statu3_13_13_,
        this_.ExpectedOn as Expec4_13_13_,
        this_.CreatedOn as Creat5_13_13_,
        this_.SubmittedOn as Submi6_13_13_,
        this_.ApprovedOn as Appro7_13_13_,
        this_.PaidOn as PaidO8_13_13_,
        this_.ReceivedOn as Recei9_13_13_,
        this_.CompletedOn as Comp10_13_13_,
        this_.CancelledOn as Canc11_13_13_,
        this_.CancellationReason as Canc12_13_13_,
        this_.PaymentTypeId as Paym13_13_13_,
        this_.SupplierId as Supp14_13_13_,
        this_.ShipperId as Ship15_13_13_,
        this_.CreatedById as Crea16_13_13_,
        this_.SubmittedById as Subm17_13_13_,
        this_.ApprovedById as Appr18_13_13_,
        this_.PaidById as Paid19_13_13_,
        this_.ReceivedById as Rece20_13_13_,
        this_.CompletedById as Comp21_13_13_,
        this_.CancelledById as Canc22_13_13_,
        this_.Tax_Amount as Tax23_13_13_,
        this_.Tax_CurrencyId as Tax24_13_13_,
        this_.ShippingFee_Amount as Ship25_13_13_,
        this_.ShippingFee_CurrencyId as Ship26_13_13_,
        this_.Discount_Amount as Disc27_13_13_,
        this_.Discount_CurrencyId as Disc28_13_13_,
        this_.SubTotal_Amount as SubT29_13_13_,
        this_.SubTotal_CurrencyId as SubT30_13_13_,
        this_.Total_Amount as Tota31_13_13_,
        this_.Total_CurrencyId as Tota32_13_13_,
        this_.Payment_Amount as Paym33_13_13_,
        this_.Payment_CurrencyId as Paym34_13_13_,
        items2_.PurchaseOrderId as Purch2_12_15_,
        items2_.PurchaseOrderItemId as Purch1_12_15_,
        items2_.PurchaseOrderItemId as Purch1_12_0_,
        items2_.PurchaseOrderId as Purch2_12_0_,
        items2_.ProductId as Produ3_12_0_,
        items2_.Quantity_Value as Quant4_12_0_,
        items2_.Quantity_UnitId as Quant5_12_0_,
        items2_.UnitCost_Amount as UnitC6_12_0_,
        items2_.UnitCost_CurrencyId as UnitC7_12_0_,
        items2_.ExtendedCost_Amount as Exten8_12_0_,
        items2_.ExtendedCost_CurrencyId as Exten9_12_0_,
        product3_.ProductId as Produ1_11_1_,
        product3_.Name as Name2_11_1_,
        product3_.Description as Descr3_11_1_,
        product3_.Image as Image4_11_1_,
        product3_.Discontinued as Disco5_11_1_,
        product3_.CategoryId as Categ6_11_1_,
        product3_.SupplierId as Suppl7_11_1_,
        inventory4_.InventoryId as Invent1_3_2_,
        inventory4_.ConversionFactor as Conver2_3_2_,
        inventory4_.UnitOfMeasureId as UnitOf3_3_2_,
        inventory4_.UnitOfMeasureBaseId as UnitOf4_3_2_,
        inventory4_.BasePrice_Amount as BasePr5_3_2_,
        inventory4_.BasePrice_CurrencyId as BasePr6_3_2_,
        inventory4_.RetailPrice_Amount as Retail7_3_2_,
        inventory4_.RetailPrice_CurrencyId as Retail8_3_2_,
        inventory4_.WholeSalePrice_Amount as WholeS9_3_2_,
        inventory4_.WholeSalePrice_CurrencyId as Whole10_3_2_,
        inventory4_.BadStockPrice_Amount as BadSt11_3_2_,
        inventory4_.BadStockPrice_CurrencyId as BadSt12_3_2_,
        inventory4_.BadStock_Value as BadSt13_3_2_,
        inventory4_.BadStock_UnitId as BadSt14_3_2_,
        inventory4_.Received_Value as Recei15_3_2_,
        inventory4_.Received_UnitId as Recei16_3_2_,
        inventory4_.OnOrder_Value as OnOrd17_3_2_,
        inventory4_.OnOrder_UnitId as OnOrd18_3_2_,
        inventory4_.OnHand_Value as OnHan19_3_2_,
        inventory4_.OnHand_UnitId as OnHan20_3_2_,
        inventory4_.Allocated_Value as Alloc21_3_2_,
        inventory4_.Allocated_UnitId as Alloc22_3_2_,
        inventory4_.Shipped_Value as Shipp23_3_2_,
        inventory4_.Shipped_UnitId as Shipp24_3_2_,
        inventory4_.BackOrdered_Value as BackO25_3_2_,
        inventory4_.BackOrdered_UnitId as BackO26_3_2_,
        inventory4_.Available_Value as Avail27_3_2_,
        inventory4_.Available_UnitId as Avail28_3_2_,
        inventory4_.InitialLevel_Value as Initi29_3_2_,
        inventory4_.InitialLevel_UnitId as Initi30_3_2_,
        inventory4_.Shrinkage_Value as Shrin31_3_2_,
        inventory4_.Shrinkage_UnitId as Shrin32_3_2_,
        inventory4_.CurrentLevel_Value as Curre33_3_2_,
        inventory4_.CurrentLevel_UnitId as Curre34_3_2_,
        inventory4_.TargetLevel_Value as Targe35_3_2_,
        inventory4_.TargetLevel_UnitId as Targe36_3_2_,
        inventory4_.BelowTargetLevel_Value as Below37_3_2_,
        inventory4_.BelowTargetLevel_UnitId as Below38_3_2_,
        inventory4_.ReorderLevel_Value as Reord39_3_2_,
        inventory4_.ReorderLevel_UnitId as Reord40_3_2_,
        inventory4_.ReorderQuantity_Value as Reord41_3_2_,
        inventory4_.ReorderQuantity_UnitId as Reord42_3_2_,
        inventory4_.MinimumReorderQuantity_Value as Minim43_3_2_,
        inventory4_.MinimumReorderQuantity_UnitId as Minim44_3_2_,
        payments5_.PurchaseOrderId as Purch3_14_16_,
        payments5_.PurchaseOrderPaymentId as Purch1_14_16_,
        payments5_.PurchaseOrderPaymentId as Purch1_14_3_,
        payments5_.PaidOn as PaidO2_14_3_,
        payments5_.PurchaseOrderId as Purch3_14_3_,
        payments5_.PaidById as PaidB4_14_3_,
        payments5_.PaymentTypeId as Payme5_14_3_,
        payments5_.Payment_Amount as Payme6_14_3_,
        payments5_.Payment_CurrencyId as Payme7_14_3_,
        user6_.UserId as UserI1_25_4_,
        user6_.Username as Usern2_25_4_,
        user6_.Password as Passw3_25_4_,
        user6_.BranchId as Branc4_25_4_,
        user6_.FirstName as First5_25_4_,
        user6_.MiddleName as Middl6_25_4_,
        user6_.LastName as LastN7_25_4_,
        user6_.BirthDate as Birth8_25_4_,
        user6_.Street as Stree9_25_4_,
        user6_.Barangay as Bara10_25_4_,
        user6_.City as City11_25_4_,
        user6_.Province as Prov12_25_4_,
        user6_.Region as Regi13_25_4_,
        user6_.Country as Coun14_25_4_,
        user6_.ZipCode as ZipC15_25_4_,
        paymenttyp7_.PaymentTypeId as Paymen1_8_5_,
        paymenttyp7_.Name as Name2_8_5_,
        receipts8_.PurchaseOrderId as Purch4_15_17_,
        receipts8_.PurchaseOrderReceiptId as Purch1_15_17_,
        receipts8_.PurchaseOrderReceiptId as Purch1_15_6_,
        receipts8_.ReceivedOn as Recei2_15_6_,
        receipts8_.ExpiresOn as Expir3_15_6_,
        receipts8_.PurchaseOrderId as Purch4_15_6_,
        receipts8_.ReceivedById as Recei5_15_6_,
        receipts8_.ProductId as Produ6_15_6_,
        receipts8_.Quantity_Value as Quant7_15_6_,
        receipts8_.Quantity_UnitId as Quant8_15_6_,
        product9_.ProductId as Produ1_11_7_,
        product9_.Name as Name2_11_7_,
        product9_.Description as Descr3_11_7_,
        product9_.Image as Image4_11_7_,
        product9_.Discontinued as Disco5_11_7_,
        product9_.CategoryId as Categ6_11_7_,
        product9_.SupplierId as Suppl7_11_7_,
        inventory10_.InventoryId as Invent1_3_8_,
        inventory10_.ConversionFactor as Conver2_3_8_,
        inventory10_.UnitOfMeasureId as UnitOf3_3_8_,
        inventory10_.UnitOfMeasureBaseId as UnitOf4_3_8_,
        inventory10_.BasePrice_Amount as BasePr5_3_8_,
        inventory10_.BasePrice_CurrencyId as BasePr6_3_8_,
        inventory10_.RetailPrice_Amount as Retail7_3_8_,
        inventory10_.RetailPrice_CurrencyId as Retail8_3_8_,
        inventory10_.WholeSalePrice_Amount as WholeS9_3_8_,
        inventory10_.WholeSalePrice_CurrencyId as Whole10_3_8_,
        inventory10_.BadStockPrice_Amount as BadSt11_3_8_,
        inventory10_.BadStockPrice_CurrencyId as BadSt12_3_8_,
        inventory10_.BadStock_Value as BadSt13_3_8_,
        inventory10_.BadStock_UnitId as BadSt14_3_8_,
        inventory10_.Received_Value as Recei15_3_8_,
        inventory10_.Received_UnitId as Recei16_3_8_,
        inventory10_.OnOrder_Value as OnOrd17_3_8_,
        inventory10_.OnOrder_UnitId as OnOrd18_3_8_,
        inventory10_.OnHand_Value as OnHan19_3_8_,
        inventory10_.OnHand_UnitId as OnHan20_3_8_,
        inventory10_.Allocated_Value as Alloc21_3_8_,
        inventory10_.Allocated_UnitId as Alloc22_3_8_,
        inventory10_.Shipped_Value as Shipp23_3_8_,
        inventory10_.Shipped_UnitId as Shipp24_3_8_,
        inventory10_.BackOrdered_Value as BackO25_3_8_,
        inventory10_.BackOrdered_UnitId as BackO26_3_8_,
        inventory10_.Available_Value as Avail27_3_8_,
        inventory10_.Available_UnitId as Avail28_3_8_,
        inventory10_.InitialLevel_Value as Initi29_3_8_,
        inventory10_.InitialLevel_UnitId as Initi30_3_8_,
        inventory10_.Shrinkage_Value as Shrin31_3_8_,
        inventory10_.Shrinkage_UnitId as Shrin32_3_8_,
        inventory10_.CurrentLevel_Value as Curre33_3_8_,
        inventory10_.CurrentLevel_UnitId as Curre34_3_8_,
        inventory10_.TargetLevel_Value as Targe35_3_8_,
        inventory10_.TargetLevel_UnitId as Targe36_3_8_,
        inventory10_.BelowTargetLevel_Value as Below37_3_8_,
        inventory10_.BelowTargetLevel_UnitId as Below38_3_8_,
        inventory10_.ReorderLevel_Value as Reord39_3_8_,
        inventory10_.ReorderLevel_UnitId as Reord40_3_8_,
        inventory10_.ReorderQuantity_Value as Reord41_3_8_,
        inventory10_.ReorderQuantity_UnitId as Reord42_3_8_,
        inventory10_.MinimumReorderQuantity_Value as Minim43_3_8_,
        inventory10_.MinimumReorderQuantity_UnitId as Minim44_3_8_,
        paymenttyp11_.PaymentTypeId as Paymen1_8_9_,
        paymenttyp11_.Name as Name2_8_9_,
        supplier12_.SupplierId as Suppl1_22_10_,
        supplier12_.Name as Name2_22_10_,
        supplier12_.Street as Stree3_22_10_,
        supplier12_.Barangay as Baran4_22_10_,
        supplier12_.City as City5_22_10_,
        supplier12_.Province as Provi6_22_10_,
        supplier12_.Region as Regio7_22_10_,
        supplier12_.Country as Count8_22_10_,
        supplier12_.ZipCode as ZipCo9_22_10_,
        supplier12_.Email as Emai10_22_10_,
        supplier12_.Landline as Land11_22_10_,
        supplier12_.Fax as Fax12_22_10_,
        supplier12_.Mobile as Mobi13_22_10_,
        supplier12_.Web as Web14_22_10_,
        shipper13_.ShipperId as Shipp1_20_11_,
        shipper13_.Name as Name2_20_11_,
        shipper13_.Street as Stree3_20_11_,
        shipper13_.Barangay as Baran4_20_11_,
        shipper13_.City as City5_20_11_,
        shipper13_.Province as Provi6_20_11_,
        shipper13_.Region as Regio7_20_11_,
        shipper13_.Country as Count8_20_11_,
        shipper13_.ZipCode as ZipCo9_20_11_,
        shipper13_.Email as Emai10_20_11_,
        shipper13_.Landline as Land11_20_11_,
        shipper13_.Fax as Fax12_20_11_,
        shipper13_.Mobile as Mobi13_20_11_,
        shipper13_.Web as Web14_20_11_,
        user14_.UserId as UserI1_25_12_,
        user14_.Username as Usern2_25_12_,
        user14_.Password as Passw3_25_12_,
        user14_.BranchId as Branc4_25_12_,
        user14_.FirstName as First5_25_12_,
        user14_.MiddleName as Middl6_25_12_,
        user14_.LastName as LastN7_25_12_,
        user14_.BirthDate as Birth8_25_12_,
        user14_.Street as Stree9_25_12_,
        user14_.Barangay as Bara10_25_12_,
        user14_.City as City11_25_12_,
        user14_.Province as Prov12_25_12_,
        user14_.Region as Regi13_25_12_,
        user14_.Country as Coun14_25_12_,
        user14_.ZipCode as ZipC15_25_12_ 
    FROM
        dbo.PurchaseOrders this_ 
    left outer join
        dbo.PurchaseOrderItems items2_ 
            on this_.PurchaseOrderId=items2_.PurchaseOrderId 
    left outer join
        dbo.Products product3_ 
            on items2_.ProductId=product3_.ProductId 
    left outer join
        dbo.Inventories inventory4_ 
            on product3_.ProductId=inventory4_.InventoryId 
    left outer join
        dbo.PurchaseOrderPayments payments5_ 
            on this_.PurchaseOrderId=payments5_.PurchaseOrderId 
    left outer join
        dbo.Users user6_ 
            on payments5_.PaidById=user6_.UserId 
    left outer join
        dbo.PaymentTypes paymenttyp7_ 
            on payments5_.PaymentTypeId=paymenttyp7_.PaymentTypeId 
    left outer join
        dbo.PurchaseOrderReceipts receipts8_ 
            on this_.PurchaseOrderId=receipts8_.PurchaseOrderId 
    left outer join
        dbo.Products product9_ 
            on receipts8_.ProductId=product9_.ProductId 
    left outer join
        dbo.Inventories inventory10_ 
            on product9_.ProductId=inventory10_.InventoryId 
    left outer join
        dbo.PaymentTypes paymenttyp11_ 
            on this_.PaymentTypeId=paymenttyp11_.PaymentTypeId 
    left outer join
        dbo.Suppliers supplier12_ 
            on this_.SupplierId=supplier12_.SupplierId 
    left outer join
        dbo.Shippers shipper13_ 
            on this_.ShipperId=shipper13_.ShipperId 
    left outer join
        dbo.Users user14_ 
            on this_.CreatedById=user14_.UserId 
    WHERE
        this_.PurchaseOrderId = @p0;
    @p0 = 70b6554a-479a-4f8a-9911-a72900bedf45 [Type: Guid (0:0:0)]
NHibernate: 
    select
        product0_.ProductId as Produ1_11_0_,
        inventory1_.InventoryId as Invent1_3_1_,
        product0_.Name as Name2_11_0_,
        product0_.Description as Descr3_11_0_,
        product0_.Image as Image4_11_0_,
        product0_.Discontinued as Disco5_11_0_,
        product0_.CategoryId as Categ6_11_0_,
        product0_.SupplierId as Suppl7_11_0_,
        inventory1_.ConversionFactor as Conver2_3_1_,
        inventory1_.UnitOfMeasureId as UnitOf3_3_1_,
        inventory1_.UnitOfMeasureBaseId as UnitOf4_3_1_,
        inventory1_.BasePrice_Amount as BasePr5_3_1_,
        inventory1_.BasePrice_CurrencyId as BasePr6_3_1_,
        inventory1_.RetailPrice_Amount as Retail7_3_1_,
        inventory1_.RetailPrice_CurrencyId as Retail8_3_1_,
        inventory1_.WholeSalePrice_Amount as WholeS9_3_1_,
        inventory1_.WholeSalePrice_CurrencyId as Whole10_3_1_,
        inventory1_.BadStockPrice_Amount as BadSt11_3_1_,
        inventory1_.BadStockPrice_CurrencyId as BadSt12_3_1_,
        inventory1_.BadStock_Value as BadSt13_3_1_,
        inventory1_.BadStock_UnitId as BadSt14_3_1_,
        inventory1_.Received_Value as Recei15_3_1_,
        inventory1_.Received_UnitId as Recei16_3_1_,
        inventory1_.OnOrder_Value as OnOrd17_3_1_,
        inventory1_.OnOrder_UnitId as OnOrd18_3_1_,
        inventory1_.OnHand_Value as OnHan19_3_1_,
        inventory1_.OnHand_UnitId as OnHan20_3_1_,
        inventory1_.Allocated_Value as Alloc21_3_1_,
        inventory1_.Allocated_UnitId as Alloc22_3_1_,
        inventory1_.Shipped_Value as Shipp23_3_1_,
        inventory1_.Shipped_UnitId as Shipp24_3_1_,
        inventory1_.BackOrdered_Value as BackO25_3_1_,
        inventory1_.BackOrdered_UnitId as BackO26_3_1_,
        inventory1_.Available_Value as Avail27_3_1_,
        inventory1_.Available_UnitId as Avail28_3_1_,
        inventory1_.InitialLevel_Value as Initi29_3_1_,
        inventory1_.InitialLevel_UnitId as Initi30_3_1_,
        inventory1_.Shrinkage_Value as Shrin31_3_1_,
        inventory1_.Shrinkage_UnitId as Shrin32_3_1_,
        inventory1_.CurrentLevel_Value as Curre33_3_1_,
        inventory1_.CurrentLevel_UnitId as Curre34_3_1_,
        inventory1_.TargetLevel_Value as Targe35_3_1_,
        inventory1_.TargetLevel_UnitId as Targe36_3_1_,
        inventory1_.BelowTargetLevel_Value as Below37_3_1_,
        inventory1_.BelowTargetLevel_UnitId as Below38_3_1_,
        inventory1_.ReorderLevel_Value as Reord39_3_1_,
        inventory1_.ReorderLevel_UnitId as Reord40_3_1_,
        inventory1_.ReorderQuantity_Value as Reord41_3_1_,
        inventory1_.ReorderQuantity_UnitId as Reord42_3_1_,
        inventory1_.MinimumReorderQuantity_Value as Minim43_3_1_,
        inventory1_.MinimumReorderQuantity_UnitId as Minim44_3_1_ 
    from
        dbo.Products product0_ 
    left outer join
        dbo.Inventories inventory1_ 
            on product0_.ProductId=inventory1_.InventoryId 
    where
        product0_.ProductId in (
            @p0
        );
    @p0 = c9e99269-49ee-41d2-a8aa-a72900bedee9 [Type: Guid (0:0:0)]
NHibernate: Batch commands:
command 0:
    INSERT 
    INTO
        dbo.PurchaseOrderReceipts
        (ReceivedOn, ExpiresOn, PurchaseOrderId, ReceivedById, ProductId, Quantity_Value, Quantity_UnitId, PurchaseOrderReceiptId) 
    VALUES
        (@p0, @p1, @p2, @p3, @p4, @p5, @p6, @p7);
    @p0 = 2017-03-01T19:34:57.0000000 [Type: DateTime (0:0:0)], @p1 = 2018-03-01T19:34:57.0000000 [Type: DateTime (0:0:0)], @p2 = 70b6554a-479a-4f8a-9911-a72900bedf45 [Type: Guid (0:0:0)], @p3 = 5c2b8cdf-64e5-483b-9252-a72900bede26 [Type: Guid (0:0:0)], @p4 = c9e99269-49ee-41d2-a8aa-a72900bedee9 [Type: Guid (0:0:0)], @p5 = 63.00000 [Type: Decimal (0:5:28)], @p6 = 'g' [Type: String (4000:0:0)], @p7 = 382aeb8c-9720-4bfd-a120-a72900bee07d [Type: Guid (0:0:0)]

NHibernate: Batch commands:
command 0:
    UPDATE
        dbo.Inventories 
    SET
        ConversionFactor = @p0,
        UnitOfMeasureId = @p1,
        UnitOfMeasureBaseId = @p2,
        BasePrice_Amount = @p3,
        BasePrice_CurrencyId = @p4,
        RetailPrice_Amount = @p5,
        RetailPrice_CurrencyId = @p6,
        WholeSalePrice_Amount = @p7,
        WholeSalePrice_CurrencyId = @p8,
        BadStockPrice_Amount = @p9,
        BadStockPrice_CurrencyId = @p10,
        BadStock_Value = @p11,
        BadStock_UnitId = @p12,
        Received_Value = @p13,
        Received_UnitId = @p14,
        OnOrder_Value = @p15,
        OnOrder_UnitId = @p16,
        OnHand_Value = @p17,
        OnHand_UnitId = @p18,
        Allocated_Value = @p19,
        Allocated_UnitId = @p20,
        Shipped_Value = @p21,
        Shipped_UnitId = @p22,
        BackOrdered_Value = @p23,
        BackOrdered_UnitId = @p24,
        Available_Value = @p25,
        Available_UnitId = @p26,
        InitialLevel_Value = @p27,
        InitialLevel_UnitId = @p28,
        Shrinkage_Value = @p29,
        Shrinkage_UnitId = @p30,
        CurrentLevel_Value = @p31,
        CurrentLevel_UnitId = @p32,
        TargetLevel_Value = @p33,
        TargetLevel_UnitId = @p34,
        BelowTargetLevel_Value = @p35,
        BelowTargetLevel_UnitId = @p36,
        ReorderLevel_Value = @p37,
        ReorderLevel_UnitId = @p38,
        ReorderQuantity_Value = @p39,
        ReorderQuantity_UnitId = @p40,
        MinimumReorderQuantity_Value = @p41,
        MinimumReorderQuantity_UnitId = @p42 
    WHERE
        InventoryId = @p43;
    @p0 = 0.30000 [Type: Decimal (0:5:28)], @p1 = 'g' [Type: String (4000:0:0)], @p2 = 'm' [Type: String (4000:0:0)], @p3 = 0.89000 [Type: Decimal (0:5:28)], @p4 = 'PHP' [Type: String (4000:0:0)], @p5 = 2.89000 [Type: Decimal (0:5:28)], @p6 = 'PHP' [Type: String (4000:0:0)], @p7 = 1.89000 [Type: Decimal (0:5:28)], @p8 = 'PHP' [Type: String (4000:0:0)], @p9 = 0.00000 [Type: Decimal (0:5:28)], @p10 = 'PHP' [Type: String (4000:0:0)], @p11 = NULL [Type: Decimal (0:5:28)], @p12 = NULL [Type: String (4000:0:0)], @p13 = 63.00000 [Type: Decimal (0:5:28)], @p14 = 'g' [Type: String (4000:0:0)], @p15 = 0.00000 [Type: Decimal (0:5:28)], @p16 = 'g' [Type: String (4000:0:0)], @p17 = 63.00000 [Type: Decimal (0:5:28)], @p18 = 'g' [Type: String (4000:0:0)], @p19 = NULL [Type: Decimal (0:5:28)], @p20 = NULL [Type: String (4000:0:0)], @p21 = NULL [Type: Decimal (0:5:28)], @p22 = NULL [Type: String (4000:0:0)], @p23 = NULL [Type: Decimal (0:5:28)], @p24 = NULL [Type: String (4000:0:0)], @p25 = 63.00000 [Type: Decimal (0:5:28)], @p26 = 'g' [Type: String (4000:0:0)], @p27 = 0.00000 [Type: Decimal (0:5:28)], @p28 = 'g' [Type: String (4000:0:0)], @p29 = NULL [Type: Decimal (0:5:28)], @p30 = NULL [Type: String (4000:0:0)], @p31 = 63.00000 [Type: Decimal (0:5:28)], @p32 = 'g' [Type: String (4000:0:0)], @p33 = 0.00000 [Type: Decimal (0:5:28)], @p34 = 'g' [Type: String (4000:0:0)], @p35 = 0 [Type: Decimal (0:5:28)], @p36 = 'g' [Type: String (4000:0:0)], @p37 = 0.00000 [Type: Decimal (0:5:28)], @p38 = 'g' [Type: String (4000:0:0)], @p39 = NULL [Type: Decimal (0:5:28)], @p40 = NULL [Type: String (4000:0:0)], @p41 = 0.00000 [Type: Decimal (0:5:28)], @p42 = 'g' [Type: String (4000:0:0)], @p43 = c9e99269-49ee-41d2-a8aa-a72900bedee9 [Type: Guid (0:0:0)]

NHibernate: Batch commands:
command 0:
    UPDATE
        dbo.PurchaseOrders 
    SET
        PurchaseOrderNumber = @p0,
        Status = @p1,
        ExpectedOn = @p2,
        CreatedOn = @p3,
        SubmittedOn = @p4,
        ApprovedOn = @p5,
        PaidOn = @p6,
        ReceivedOn = @p7,
        CompletedOn = @p8,
        CancelledOn = @p9,
        CancellationReason = @p10,
        PaymentTypeId = @p11,
        SupplierId = @p12,
        ShipperId = @p13,
        CreatedById = @p14,
        SubmittedById = @p15,
        ApprovedById = @p16,
        PaidById = @p17,
        ReceivedById = @p18,
        CompletedById = @p19,
        CancelledById = @p20,
        Tax_Amount = @p21,
        Tax_CurrencyId = @p22,
        ShippingFee_Amount = @p23,
        ShippingFee_CurrencyId = @p24,
        Discount_Amount = @p25,
        Discount_CurrencyId = @p26,
        SubTotal_Amount = @p27,
        SubTotal_CurrencyId = @p28,
        Total_Amount = @p29,
        Total_CurrencyId = @p30,
        Payment_Amount = @p31,
        Payment_CurrencyId = @p32 
    WHERE
        PurchaseOrderId = @p33;
    @p0 = NULL [Type: String (4000:0:0)], @p1 = 'Approved' [Type: String (4000:0:0)], @p2 = 2017-03-11T19:34:56.0000000 [Type: DateTime (0:0:0)], @p3 = 2017-03-01T19:34:57.0000000 [Type: DateTime (0:0:0)], @p4 = 2017-03-01T19:34:57.0000000 [Type: DateTime (0:0:0)], @p5 = 2017-03-01T19:34:57.0000000 [Type: DateTime (0:0:0)], @p6 = 2017-03-01T00:00:00.0000000 [Type: DateTime (0:0:0)], @p7 = 2017-03-01T19:34:57.0000000 [Type: DateTime (0:0:0)], @p8 = NULL [Type: DateTime (0:0:0)], @p9 = NULL [Type: DateTime (0:0:0)], @p10 = NULL [Type: String (4000:0:0)], @p11 = 'CK' [Type: String (4000:0:0)], @p12 = aa94c6ef-c890-4e4c-a462-a72900bede73 [Type: Guid (0:0:0)], @p13 = NULL [Type: String (4000:0:0)], @p14 = ca42947a-0ba3-4fc8-86e0-a635014b6b11 [Type: Guid (0:0:0)], @p15 = 790ee6b8-bc9d-4406-b3dc-a72900bede2a [Type: Guid (0:0:0)], @p16 = 758be66f-a814-4a22-be17-a72900bede2e [Type: Guid (0:0:0)], @p17 = 790ee6b8-bc9d-4406-b3dc-a72900bede2a [Type: Guid (0:0:0)], @p18 = 5c2b8cdf-64e5-483b-9252-a72900bede26 [Type: Guid (0:0:0)], @p19 = NULL [Type: Guid (0:0:0)], @p20 = NULL [Type: Guid (0:0:0)], @p21 = 0 [Type: Decimal (0:5:28)], @p22 = 'PHP' [Type: String (4000:0:0)], @p23 = 0 [Type: Decimal (0:5:28)], @p24 = 'PHP' [Type: String (4000:0:0)], @p25 = NULL [Type: Decimal (0:5:28)], @p26 = NULL [Type: String (4000:0:0)], @p27 = NULL [Type: Decimal (0:5:28)], @p28 = NULL [Type: String (4000:0:0)], @p29 = 0 [Type: Decimal (0:5:28)], @p30 = 'PHP' [Type: String (4000:0:0)], @p31 = NULL [Type: Decimal (0:5:28)], @p32 = NULL [Type: String (4000:0:0)], @p33 = 70b6554a-479a-4f8a-9911-a72900bedf45 [Type: Guid (0:0:0)]

NHibernate: 
    SELECT
        purchaseor0_.PurchaseOrderId as Purch1_13_0_,
        purchaseor0_.PurchaseOrderNumber as Purch2_13_0_,
        purchaseor0_.Status as Statu3_13_0_,
        purchaseor0_.ExpectedOn as Expec4_13_0_,
        purchaseor0_.CreatedOn as Creat5_13_0_,
        purchaseor0_.SubmittedOn as Submi6_13_0_,
        purchaseor0_.ApprovedOn as Appro7_13_0_,
        purchaseor0_.PaidOn as PaidO8_13_0_,
        purchaseor0_.ReceivedOn as Recei9_13_0_,
        purchaseor0_.CompletedOn as Comp10_13_0_,
        purchaseor0_.CancelledOn as Canc11_13_0_,
        purchaseor0_.CancellationReason as Canc12_13_0_,
        purchaseor0_.PaymentTypeId as Paym13_13_0_,
        purchaseor0_.SupplierId as Supp14_13_0_,
        purchaseor0_.ShipperId as Ship15_13_0_,
        purchaseor0_.CreatedById as Crea16_13_0_,
        purchaseor0_.SubmittedById as Subm17_13_0_,
        purchaseor0_.ApprovedById as Appr18_13_0_,
        purchaseor0_.PaidById as Paid19_13_0_,
        purchaseor0_.ReceivedById as Rece20_13_0_,
        purchaseor0_.CompletedById as Comp21_13_0_,
        purchaseor0_.CancelledById as Canc22_13_0_,
        purchaseor0_.Tax_Amount as Tax23_13_0_,
        purchaseor0_.Tax_CurrencyId as Tax24_13_0_,
        purchaseor0_.ShippingFee_Amount as Ship25_13_0_,
        purchaseor0_.ShippingFee_CurrencyId as Ship26_13_0_,
        purchaseor0_.Discount_Amount as Disc27_13_0_,
        purchaseor0_.Discount_CurrencyId as Disc28_13_0_,
        purchaseor0_.SubTotal_Amount as SubT29_13_0_,
        purchaseor0_.SubTotal_CurrencyId as SubT30_13_0_,
        purchaseor0_.Total_Amount as Tota31_13_0_,
        purchaseor0_.Total_CurrencyId as Tota32_13_0_,
        purchaseor0_.Payment_Amount as Paym33_13_0_,
        purchaseor0_.Payment_CurrencyId as Paym34_13_0_ 
    FROM
        dbo.PurchaseOrders purchaseor0_ 
    WHERE
        purchaseor0_.PurchaseOrderId=@p0;
    @p0 = 70b6554a-479a-4f8a-9911-a72900bedf45 [Type: Guid (0:0:0)]
NHibernate: Batch commands:
command 0:
    UPDATE
        dbo.PurchaseOrders 
    SET
        PurchaseOrderNumber = @p0,
        Status = @p1,
        ExpectedOn = @p2,
        CreatedOn = @p3,
        SubmittedOn = @p4,
        ApprovedOn = @p5,
        PaidOn = @p6,
        ReceivedOn = @p7,
        CompletedOn = @p8,
        CancelledOn = @p9,
        CancellationReason = @p10,
        PaymentTypeId = @p11,
        SupplierId = @p12,
        ShipperId = @p13,
        CreatedById = @p14,
        SubmittedById = @p15,
        ApprovedById = @p16,
        PaidById = @p17,
        ReceivedById = @p18,
        CompletedById = @p19,
        CancelledById = @p20,
        Tax_Amount = @p21,
        Tax_CurrencyId = @p22,
        ShippingFee_Amount = @p23,
        ShippingFee_CurrencyId = @p24,
        Discount_Amount = @p25,
        Discount_CurrencyId = @p26,
        SubTotal_Amount = @p27,
        SubTotal_CurrencyId = @p28,
        Total_Amount = @p29,
        Total_CurrencyId = @p30,
        Payment_Amount = @p31,
        Payment_CurrencyId = @p32 
    WHERE
        PurchaseOrderId = @p33;
    @p0 = NULL [Type: String (4000:0:0)], @p1 = 'Completed' [Type: String (4000:0:0)], @p2 = 2017-03-11T19:34:56.0000000 [Type: DateTime (0:0:0)], @p3 = 2017-03-01T19:34:57.0000000 [Type: DateTime (0:0:0)], @p4 = 2017-03-01T19:34:57.0000000 [Type: DateTime (0:0:0)], @p5 = 2017-03-01T19:34:57.0000000 [Type: DateTime (0:0:0)], @p6 = 2017-03-01T00:00:00.0000000 [Type: DateTime (0:0:0)], @p7 = 2017-03-01T19:34:57.0000000 [Type: DateTime (0:0:0)], @p8 = 2017-03-01T19:34:57.0000000 [Type: DateTime (0:0:0)], @p9 = NULL [Type: DateTime (0:0:0)], @p10 = NULL [Type: String (4000:0:0)], @p11 = 'CK' [Type: String (4000:0:0)], @p12 = aa94c6ef-c890-4e4c-a462-a72900bede73 [Type: Guid (0:0:0)], @p13 = NULL [Type: String (4000:0:0)], @p14 = ca42947a-0ba3-4fc8-86e0-a635014b6b11 [Type: Guid (0:0:0)], @p15 = 790ee6b8-bc9d-4406-b3dc-a72900bede2a [Type: Guid (0:0:0)], @p16 = 758be66f-a814-4a22-be17-a72900bede2e [Type: Guid (0:0:0)], @p17 = 790ee6b8-bc9d-4406-b3dc-a72900bede2a [Type: Guid (0:0:0)], @p18 = 5c2b8cdf-64e5-483b-9252-a72900bede26 [Type: Guid (0:0:0)], @p19 = 5c2b8cdf-64e5-483b-9252-a72900bede26 [Type: Guid (0:0:0)], @p20 = NULL [Type: Guid (0:0:0)], @p21 = 0.00000 [Type: Decimal (0:5:28)], @p22 = 'PHP' [Type: String (4000:0:0)], @p23 = 0.00000 [Type: Decimal (0:5:28)], @p24 = 'PHP' [Type: String (4000:0:0)], @p25 = NULL [Type: Decimal (0:5:28)], @p26 = NULL [Type: String (4000:0:0)], @p27 = NULL [Type: Decimal (0:5:28)], @p28 = NULL [Type: String (4000:0:0)], @p29 = 0.00000 [Type: Decimal (0:5:28)], @p30 = 'PHP' [Type: String (4000:0:0)], @p31 = NULL [Type: Decimal (0:5:28)], @p32 = NULL [Type: String (4000:0:0)], @p33 = 70b6554a-479a-4f8a-9911-a72900bedf45 [Type: Guid (0:0:0)]

NHibernate: 
    SELECT
        this_.PurchaseOrderId as Purch1_13_22_,
        this_.PurchaseOrderNumber as Purch2_13_22_,
        this_.Status as Statu3_13_22_,
        this_.ExpectedOn as Expec4_13_22_,
        this_.CreatedOn as Creat5_13_22_,
        this_.SubmittedOn as Submi6_13_22_,
        this_.ApprovedOn as Appro7_13_22_,
        this_.PaidOn as PaidO8_13_22_,
        this_.ReceivedOn as Recei9_13_22_,
        this_.CompletedOn as Comp10_13_22_,
        this_.CancelledOn as Canc11_13_22_,
        this_.CancellationReason as Canc12_13_22_,
        this_.PaymentTypeId as Paym13_13_22_,
        this_.SupplierId as Supp14_13_22_,
        this_.ShipperId as Ship15_13_22_,
        this_.CreatedById as Crea16_13_22_,
        this_.SubmittedById as Subm17_13_22_,
        this_.ApprovedById as Appr18_13_22_,
        this_.PaidById as Paid19_13_22_,
        this_.ReceivedById as Rece20_13_22_,
        this_.CompletedById as Comp21_13_22_,
        this_.CancelledById as Canc22_13_22_,
        this_.Tax_Amount as Tax23_13_22_,
        this_.Tax_CurrencyId as Tax24_13_22_,
        this_.ShippingFee_Amount as Ship25_13_22_,
        this_.ShippingFee_CurrencyId as Ship26_13_22_,
        this_.Discount_Amount as Disc27_13_22_,
        this_.Discount_CurrencyId as Disc28_13_22_,
        this_.SubTotal_Amount as SubT29_13_22_,
        this_.SubTotal_CurrencyId as SubT30_13_22_,
        this_.Total_Amount as Tota31_13_22_,
        this_.Total_CurrencyId as Tota32_13_22_,
        this_.Payment_Amount as Paym33_13_22_,
        this_.Payment_CurrencyId as Paym34_13_22_,
        items2_.PurchaseOrderId as Purch2_12_24_,
        items2_.PurchaseOrderItemId as Purch1_12_24_,
        items2_.PurchaseOrderItemId as Purch1_12_0_,
        items2_.PurchaseOrderId as Purch2_12_0_,
        items2_.ProductId as Produ3_12_0_,
        items2_.Quantity_Value as Quant4_12_0_,
        items2_.Quantity_UnitId as Quant5_12_0_,
        items2_.UnitCost_Amount as UnitC6_12_0_,
        items2_.UnitCost_CurrencyId as UnitC7_12_0_,
        items2_.ExtendedCost_Amount as Exten8_12_0_,
        items2_.ExtendedCost_CurrencyId as Exten9_12_0_,
        product3_.ProductId as Produ1_11_1_,
        product3_.Name as Name2_11_1_,
        product3_.Description as Descr3_11_1_,
        product3_.Image as Image4_11_1_,
        product3_.Discontinued as Disco5_11_1_,
        product3_.CategoryId as Categ6_11_1_,
        product3_.SupplierId as Suppl7_11_1_,
        productcat4_.ProductCategoryId as Produ1_10_2_,
        productcat4_.Name as Name2_10_2_,
        supplier5_.SupplierId as Suppl1_22_3_,
        supplier5_.Name as Name2_22_3_,
        supplier5_.Street as Stree3_22_3_,
        supplier5_.Barangay as Baran4_22_3_,
        supplier5_.City as City5_22_3_,
        supplier5_.Province as Provi6_22_3_,
        supplier5_.Region as Regio7_22_3_,
        supplier5_.Country as Count8_22_3_,
        supplier5_.ZipCode as ZipCo9_22_3_,
        supplier5_.Email as Emai10_22_3_,
        supplier5_.Landline as Land11_22_3_,
        supplier5_.Fax as Fax12_22_3_,
        supplier5_.Mobile as Mobi13_22_3_,
        supplier5_.Web as Web14_22_3_,
        inventory6_.InventoryId as Invent1_3_4_,
        inventory6_.ConversionFactor as Conver2_3_4_,
        inventory6_.UnitOfMeasureId as UnitOf3_3_4_,
        inventory6_.UnitOfMeasureBaseId as UnitOf4_3_4_,
        inventory6_.BasePrice_Amount as BasePr5_3_4_,
        inventory6_.BasePrice_CurrencyId as BasePr6_3_4_,
        inventory6_.RetailPrice_Amount as Retail7_3_4_,
        inventory6_.RetailPrice_CurrencyId as Retail8_3_4_,
        inventory6_.WholeSalePrice_Amount as WholeS9_3_4_,
        inventory6_.WholeSalePrice_CurrencyId as Whole10_3_4_,
        inventory6_.BadStockPrice_Amount as BadSt11_3_4_,
        inventory6_.BadStockPrice_CurrencyId as BadSt12_3_4_,
        inventory6_.BadStock_Value as BadSt13_3_4_,
        inventory6_.BadStock_UnitId as BadSt14_3_4_,
        inventory6_.Received_Value as Recei15_3_4_,
        inventory6_.Received_UnitId as Recei16_3_4_,
        inventory6_.OnOrder_Value as OnOrd17_3_4_,
        inventory6_.OnOrder_UnitId as OnOrd18_3_4_,
        inventory6_.OnHand_Value as OnHan19_3_4_,
        inventory6_.OnHand_UnitId as OnHan20_3_4_,
        inventory6_.Allocated_Value as Alloc21_3_4_,
        inventory6_.Allocated_UnitId as Alloc22_3_4_,
        inventory6_.Shipped_Value as Shipp23_3_4_,
        inventory6_.Shipped_UnitId as Shipp24_3_4_,
        inventory6_.BackOrdered_Value as BackO25_3_4_,
        inventory6_.BackOrdered_UnitId as BackO26_3_4_,
        inventory6_.Available_Value as Avail27_3_4_,
        inventory6_.Available_UnitId as Avail28_3_4_,
        inventory6_.InitialLevel_Value as Initi29_3_4_,
        inventory6_.InitialLevel_UnitId as Initi30_3_4_,
        inventory6_.Shrinkage_Value as Shrin31_3_4_,
        inventory6_.Shrinkage_UnitId as Shrin32_3_4_,
        inventory6_.CurrentLevel_Value as Curre33_3_4_,
        inventory6_.CurrentLevel_UnitId as Curre34_3_4_,
        inventory6_.TargetLevel_Value as Targe35_3_4_,
        inventory6_.TargetLevel_UnitId as Targe36_3_4_,
        inventory6_.BelowTargetLevel_Value as Below37_3_4_,
        inventory6_.BelowTargetLevel_UnitId as Below38_3_4_,
        inventory6_.ReorderLevel_Value as Reord39_3_4_,
        inventory6_.ReorderLevel_UnitId as Reord40_3_4_,
        inventory6_.ReorderQuantity_Value as Reord41_3_4_,
        inventory6_.ReorderQuantity_UnitId as Reord42_3_4_,
        inventory6_.MinimumReorderQuantity_Value as Minim43_3_4_,
        inventory6_.MinimumReorderQuantity_UnitId as Minim44_3_4_,
        payments7_.PurchaseOrderId as Purch3_14_25_,
        payments7_.PurchaseOrderPaymentId as Purch1_14_25_,
        payments7_.PurchaseOrderPaymentId as Purch1_14_5_,
        payments7_.PaidOn as PaidO2_14_5_,
        payments7_.PurchaseOrderId as Purch3_14_5_,
        payments7_.PaidById as PaidB4_14_5_,
        payments7_.PaymentTypeId as Payme5_14_5_,
        payments7_.Payment_Amount as Payme6_14_5_,
        payments7_.Payment_CurrencyId as Payme7_14_5_,
        user8_.UserId as UserI1_25_6_,
        user8_.Username as Usern2_25_6_,
        user8_.Password as Passw3_25_6_,
        user8_.BranchId as Branc4_25_6_,
        user8_.FirstName as First5_25_6_,
        user8_.MiddleName as Middl6_25_6_,
        user8_.LastName as LastN7_25_6_,
        user8_.BirthDate as Birth8_25_6_,
        user8_.Street as Stree9_25_6_,
        user8_.Barangay as Bara10_25_6_,
        user8_.City as City11_25_6_,
        user8_.Province as Prov12_25_6_,
        user8_.Region as Regi13_25_6_,
        user8_.Country as Coun14_25_6_,
        user8_.ZipCode as ZipC15_25_6_,
        receipts9_.PurchaseOrderId as Purch4_15_26_,
        receipts9_.PurchaseOrderReceiptId as Purch1_15_26_,
        receipts9_.PurchaseOrderReceiptId as Purch1_15_7_,
        receipts9_.ReceivedOn as Recei2_15_7_,
        receipts9_.ExpiresOn as Expir3_15_7_,
        receipts9_.PurchaseOrderId as Purch4_15_7_,
        receipts9_.ReceivedById as Recei5_15_7_,
        receipts9_.ProductId as Produ6_15_7_,
        receipts9_.Quantity_Value as Quant7_15_7_,
        receipts9_.Quantity_UnitId as Quant8_15_7_,
        product10_.ProductId as Produ1_11_8_,
        product10_.Name as Name2_11_8_,
        product10_.Description as Descr3_11_8_,
        product10_.Image as Image4_11_8_,
        product10_.Discontinued as Disco5_11_8_,
        product10_.CategoryId as Categ6_11_8_,
        product10_.SupplierId as Suppl7_11_8_,
        productcat11_.ProductCategoryId as Produ1_10_9_,
        productcat11_.Name as Name2_10_9_,
        supplier12_.SupplierId as Suppl1_22_10_,
        supplier12_.Name as Name2_22_10_,
        supplier12_.Street as Stree3_22_10_,
        supplier12_.Barangay as Baran4_22_10_,
        supplier12_.City as City5_22_10_,
        supplier12_.Province as Provi6_22_10_,
        supplier12_.Region as Regio7_22_10_,
        supplier12_.Country as Count8_22_10_,
        supplier12_.ZipCode as ZipCo9_22_10_,
        supplier12_.Email as Emai10_22_10_,
        supplier12_.Landline as Land11_22_10_,
        supplier12_.Fax as Fax12_22_10_,
        supplier12_.Mobile as Mobi13_22_10_,
        supplier12_.Web as Web14_22_10_,
        inventory13_.InventoryId as Invent1_3_11_,
        inventory13_.ConversionFactor as Conver2_3_11_,
        inventory13_.UnitOfMeasureId as UnitOf3_3_11_,
        inventory13_.UnitOfMeasureBaseId as UnitOf4_3_11_,
        inventory13_.BasePrice_Amount as BasePr5_3_11_,
        inventory13_.BasePrice_CurrencyId as BasePr6_3_11_,
        inventory13_.RetailPrice_Amount as Retail7_3_11_,
        inventory13_.RetailPrice_CurrencyId as Retail8_3_11_,
        inventory13_.WholeSalePrice_Amount as WholeS9_3_11_,
        inventory13_.WholeSalePrice_CurrencyId as Whole10_3_11_,
        inventory13_.BadStockPrice_Amount as BadSt11_3_11_,
        inventory13_.BadStockPrice_CurrencyId as BadSt12_3_11_,
        inventory13_.BadStock_Value as BadSt13_3_11_,
        inventory13_.BadStock_UnitId as BadSt14_3_11_,
        inventory13_.Received_Value as Recei15_3_11_,
        inventory13_.Received_UnitId as Recei16_3_11_,
        inventory13_.OnOrder_Value as OnOrd17_3_11_,
        inventory13_.OnOrder_UnitId as OnOrd18_3_11_,
        inventory13_.OnHand_Value as OnHan19_3_11_,
        inventory13_.OnHand_UnitId as OnHan20_3_11_,
        inventory13_.Allocated_Value as Alloc21_3_11_,
        inventory13_.Allocated_UnitId as Alloc22_3_11_,
        inventory13_.Shipped_Value as Shipp23_3_11_,
        inventory13_.Shipped_UnitId as Shipp24_3_11_,
        inventory13_.BackOrdered_Value as BackO25_3_11_,
        inventory13_.BackOrdered_UnitId as BackO26_3_11_,
        inventory13_.Available_Value as Avail27_3_11_,
        inventory13_.Available_UnitId as Avail28_3_11_,
        inventory13_.InitialLevel_Value as Initi29_3_11_,
        inventory13_.InitialLevel_UnitId as Initi30_3_11_,
        inventory13_.Shrinkage_Value as Shrin31_3_11_,
        inventory13_.Shrinkage_UnitId as Shrin32_3_11_,
        inventory13_.CurrentLevel_Value as Curre33_3_11_,
        inventory13_.CurrentLevel_UnitId as Curre34_3_11_,
        inventory13_.TargetLevel_Value as Targe35_3_11_,
        inventory13_.TargetLevel_UnitId as Targe36_3_11_,
        inventory13_.BelowTargetLevel_Value as Below37_3_11_,
        inventory13_.BelowTargetLevel_UnitId as Below38_3_11_,
        inventory13_.ReorderLevel_Value as Reord39_3_11_,
        inventory13_.ReorderLevel_UnitId as Reord40_3_11_,
        inventory13_.ReorderQuantity_Value as Reord41_3_11_,
        inventory13_.ReorderQuantity_UnitId as Reord42_3_11_,
        inventory13_.MinimumReorderQuantity_Value as Minim43_3_11_,
        inventory13_.MinimumReorderQuantity_UnitId as Minim44_3_11_,
        paymenttyp14_.PaymentTypeId as Paymen1_8_12_,
        paymenttyp14_.Name as Name2_8_12_,
        supplier15_.SupplierId as Suppl1_22_13_,
        supplier15_.Name as Name2_22_13_,
        supplier15_.Street as Stree3_22_13_,
        supplier15_.Barangay as Baran4_22_13_,
        supplier15_.City as City5_22_13_,
        supplier15_.Province as Provi6_22_13_,
        supplier15_.Region as Regio7_22_13_,
        supplier15_.Country as Count8_22_13_,
        supplier15_.ZipCode as ZipCo9_22_13_,
        supplier15_.Email as Emai10_22_13_,
        supplier15_.Landline as Land11_22_13_,
        supplier15_.Fax as Fax12_22_13_,
        supplier15_.Mobile as Mobi13_22_13_,
        supplier15_.Web as Web14_22_13_,
        shipper16_.ShipperId as Shipp1_20_14_,
        shipper16_.Name as Name2_20_14_,
        shipper16_.Street as Stree3_20_14_,
        shipper16_.Barangay as Baran4_20_14_,
        shipper16_.City as City5_20_14_,
        shipper16_.Province as Provi6_20_14_,
        shipper16_.Region as Regio7_20_14_,
        shipper16_.Country as Count8_20_14_,
        shipper16_.ZipCode as ZipCo9_20_14_,
        shipper16_.Email as Emai10_20_14_,
        shipper16_.Landline as Land11_20_14_,
        shipper16_.Fax as Fax12_20_14_,
        shipper16_.Mobile as Mobi13_20_14_,
        shipper16_.Web as Web14_20_14_,
        user17_.UserId as UserI1_25_15_,
        user17_.Username as Usern2_25_15_,
        user17_.Password as Passw3_25_15_,
        user17_.BranchId as Branc4_25_15_,
        user17_.FirstName as First5_25_15_,
        user17_.MiddleName as Middl6_25_15_,
        user17_.LastName as LastN7_25_15_,
        user17_.BirthDate as Birth8_25_15_,
        user17_.Street as Stree9_25_15_,
        user17_.Barangay as Bara10_25_15_,
        user17_.City as City11_25_15_,
        user17_.Province as Prov12_25_15_,
        user17_.Region as Regi13_25_15_,
        user17_.Country as Coun14_25_15_,
        user17_.ZipCode as ZipC15_25_15_,
        user18_.UserId as UserI1_25_16_,
        user18_.Username as Usern2_25_16_,
        user18_.Password as Passw3_25_16_,
        user18_.BranchId as Branc4_25_16_,
        user18_.FirstName as First5_25_16_,
        user18_.MiddleName as Middl6_25_16_,
        user18_.LastName as LastN7_25_16_,
        user18_.BirthDate as Birth8_25_16_,
        user18_.Street as Stree9_25_16_,
        user18_.Barangay as Bara10_25_16_,
        user18_.City as City11_25_16_,
        user18_.Province as Prov12_25_16_,
        user18_.Region as Regi13_25_16_,
        user18_.Country as Coun14_25_16_,
        user18_.ZipCode as ZipC15_25_16_,
        user19_.UserId as UserI1_25_17_,
        user19_.Username as Usern2_25_17_,
        user19_.Password as Passw3_25_17_,
        user19_.BranchId as Branc4_25_17_,
        user19_.FirstName as First5_25_17_,
        user19_.MiddleName as Middl6_25_17_,
        user19_.LastName as LastN7_25_17_,
        user19_.BirthDate as Birth8_25_17_,
        user19_.Street as Stree9_25_17_,
        user19_.Barangay as Bara10_25_17_,
        user19_.City as City11_25_17_,
        user19_.Province as Prov12_25_17_,
        user19_.Region as Regi13_25_17_,
        user19_.Country as Coun14_25_17_,
        user19_.ZipCode as ZipC15_25_17_,
        user20_.UserId as UserI1_25_18_,
        user20_.Username as Usern2_25_18_,
        user20_.Password as Passw3_25_18_,
        user20_.BranchId as Branc4_25_18_,
        user20_.FirstName as First5_25_18_,
        user20_.MiddleName as Middl6_25_18_,
        user20_.LastName as LastN7_25_18_,
        user20_.BirthDate as Birth8_25_18_,
        user20_.Street as Stree9_25_18_,
        user20_.Barangay as Bara10_25_18_,
        user20_.City as City11_25_18_,
        user20_.Province as Prov12_25_18_,
        user20_.Region as Regi13_25_18_,
        user20_.Country as Coun14_25_18_,
        user20_.ZipCode as ZipC15_25_18_,
        user21_.UserId as UserI1_25_19_,
        user21_.Username as Usern2_25_19_,
        user21_.Password as Passw3_25_19_,
        user21_.BranchId as Branc4_25_19_,
        user21_.FirstName as First5_25_19_,
        user21_.MiddleName as Middl6_25_19_,
        user21_.LastName as LastN7_25_19_,
        user21_.BirthDate as Birth8_25_19_,
        user21_.Street as Stree9_25_19_,
        user21_.Barangay as Bara10_25_19_,
        user21_.City as City11_25_19_,
        user21_.Province as Prov12_25_19_,
        user21_.Region as Regi13_25_19_,
        user21_.Country as Coun14_25_19_,
        user21_.ZipCode as ZipC15_25_19_,
        user22_.UserId as UserI1_25_20_,
        user22_.Username as Usern2_25_20_,
        user22_.Password as Passw3_25_20_,
        user22_.BranchId as Branc4_25_20_,
        user22_.FirstName as First5_25_20_,
        user22_.MiddleName as Middl6_25_20_,
        user22_.LastName as LastN7_25_20_,
        user22_.BirthDate as Birth8_25_20_,
        user22_.Street as Stree9_25_20_,
        user22_.Barangay as Bara10_25_20_,
        user22_.City as City11_25_20_,
        user22_.Province as Prov12_25_20_,
        user22_.Region as Regi13_25_20_,
        user22_.Country as Coun14_25_20_,
        user22_.ZipCode as ZipC15_25_20_,
        user23_.UserId as UserI1_25_21_,
        user23_.Username as Usern2_25_21_,
        user23_.Password as Passw3_25_21_,
        user23_.BranchId as Branc4_25_21_,
        user23_.FirstName as First5_25_21_,
        user23_.MiddleName as Middl6_25_21_,
        user23_.LastName as LastN7_25_21_,
        user23_.BirthDate as Birth8_25_21_,
        user23_.Street as Stree9_25_21_,
        user23_.Barangay as Bara10_25_21_,
        user23_.City as City11_25_21_,
        user23_.Province as Prov12_25_21_,
        user23_.Region as Regi13_25_21_,
        user23_.Country as Coun14_25_21_,
        user23_.ZipCode as ZipC15_25_21_ 
    FROM
        dbo.PurchaseOrders this_ 
    left outer join
        dbo.PurchaseOrderItems items2_ 
            on this_.PurchaseOrderId=items2_.PurchaseOrderId 
    left outer join
        dbo.Products product3_ 
            on items2_.ProductId=product3_.ProductId 
    left outer join
        dbo.ProductCategories productcat4_ 
            on product3_.CategoryId=productcat4_.ProductCategoryId 
    left outer join
        dbo.Suppliers supplier5_ 
            on product3_.SupplierId=supplier5_.SupplierId 
    left outer join
        dbo.Inventories inventory6_ 
            on product3_.ProductId=inventory6_.InventoryId 
    left outer join
        dbo.PurchaseOrderPayments payments7_ 
            on this_.PurchaseOrderId=payments7_.PurchaseOrderId 
    left outer join
        dbo.Users user8_ 
            on payments7_.PaidById=user8_.UserId 
    left outer join
        dbo.PurchaseOrderReceipts receipts9_ 
            on this_.PurchaseOrderId=receipts9_.PurchaseOrderId 
    left outer join
        dbo.Products product10_ 
            on receipts9_.ProductId=product10_.ProductId 
    left outer join
        dbo.ProductCategories productcat11_ 
            on product10_.CategoryId=productcat11_.ProductCategoryId 
    left outer join
        dbo.Suppliers supplier12_ 
            on product10_.SupplierId=supplier12_.SupplierId 
    left outer join
        dbo.Inventories inventory13_ 
            on product10_.ProductId=inventory13_.InventoryId 
    left outer join
        dbo.PaymentTypes paymenttyp14_ 
            on this_.PaymentTypeId=paymenttyp14_.PaymentTypeId 
    left outer join
        dbo.Suppliers supplier15_ 
            on this_.SupplierId=supplier15_.SupplierId 
    left outer join
        dbo.Shippers shipper16_ 
            on this_.ShipperId=shipper16_.ShipperId 
    left outer join
        dbo.Users user17_ 
            on this_.CreatedById=user17_.UserId 
    left outer join
        dbo.Users user18_ 
            on this_.SubmittedById=user18_.UserId 
    left outer join
        dbo.Users user19_ 
            on this_.ApprovedById=user19_.UserId 
    left outer join
        dbo.Users user20_ 
            on this_.PaidById=user20_.UserId 
    left outer join
        dbo.Users user21_ 
            on this_.ReceivedById=user21_.UserId 
    left outer join
        dbo.Users user22_ 
            on this_.CompletedById=user22_.UserId 
    left outer join
        dbo.Users user23_ 
            on this_.CancelledById=user23_.UserId 
    WHERE
        this_.PurchaseOrderId = @p0;
    @p0 = 70b6554a-479a-4f8a-9911-a72900bedf45 [Type: Guid (0:0:0)]
NHibernate: 
    select
        customer0_.CustomerId as Custom1_2_,
        customer0_.Name as Name2_2_,
        customer0_.PricingSchemeId as Pricin3_2_,
        customer0_.CreditLimit_Amount as Credit4_2_,
        customer0_.CreditLimit_CurrencyId as Credit5_2_,
        customer0_.Office_Street as Office6_2_,
        customer0_.Office_Barangay as Office7_2_,
        customer0_.Office_City as Office8_2_,
        customer0_.Office_Province as Office9_2_,
        customer0_.Office_Region as Offic10_2_,
        customer0_.Office_Country as Offic11_2_,
        customer0_.Office_ZipCode as Offic12_2_,
        customer0_.Billing_Street as Billi13_2_,
        customer0_.Billing_Barangay as Billi14_2_,
        customer0_.Billing_City as Billi15_2_,
        customer0_.Billing_Province as Billi16_2_,
        customer0_.Billing_Region as Billi17_2_,
        customer0_.Billing_Country as Billi18_2_,
        customer0_.Billing_ZipCode as Billi19_2_,
        customer0_.Email as Email20_2_,
        customer0_.Landline as Landl21_2_,
        customer0_.Fax as Fax22_2_,
        customer0_.Mobile as Mobil23_2_,
        customer0_.Web as Web24_2_ 
    from
        dbo.Customers customer0_ 
    where
        customer0_.CustomerId=@p0 
    ORDER BY
        CURRENT_TIMESTAMP OFFSET 0 ROWS FETCH FIRST 1 ROWS ONLY;
    @p0 = 'Id__45f4b513-444a-4d46-af20-0c3dc78b2a96' [Type: String (4000:0:0)]
NHibernate: Batch commands:
command 0:
    INSERT 
    INTO
        dbo.Customers
        (Name, PricingSchemeId, CreditLimit_Amount, CreditLimit_CurrencyId, Office_Street, Office_Barangay, Office_City, Office_Province, Office_Region, Office_Country, Office_ZipCode, Billing_Street, Billing_Barangay, Billing_City, Billing_Province, Billing_Region, Billing_Country, Billing_ZipCode, Email, Landline, Fax, Mobile, Web, CustomerId) 
    VALUES
        (@p0, @p1, @p2, @p3, @p4, @p5, @p6, @p7, @p8, @p9, @p10, @p11, @p12, @p13, @p14, @p15, @p16, @p17, @p18, @p19, @p20, @p21, @p22, @p23);
    @p0 = 'Name__863ef509-4d81-45ce-8038-0ed35e4150ac' [Type: String (4000:0:0)], @p1 = 'RP' [Type: String (4000:0:0)], @p2 = 1000.00 [Type: Decimal (0:5:28)], @p3 = 'PHP' [Type: String (4000:0:0)], @p4 = 'Street_R0Bx4pbnzq' [Type: String (4000:0:0)], @p5 = 'Barangay_dLyCMDBqGM' [Type: String (4000:0:0)], @p6 = 'City_UgJJPtNMKE' [Type: String (4000:0:0)], @p7 = 'Province_tPG0K85pcD' [Type: String (4000:0:0)], @p8 = 'Region_yLKuTmfPS3' [Type: String (4000:0:0)], @p9 = 'Philippines' [Type: String (4000:0:0)], @p10 = '9739' [Type: String (4000:0:0)], @p11 = 'Street_sBDcNxdrrE' [Type: String (4000:0:0)], @p12 = 'Barangay_xpmuM8Hg1P' [Type: String (4000:0:0)], @p13 = 'City_J69jhFQH2y' [Type: String (4000:0:0)], @p14 = 'Province_YTzU1zPXxT' [Type: String (4000:0:0)], @p15 = 'Region_34YscnENpN' [Type: String (4000:0:0)], @p16 = 'Philippines' [Type: String (4000:0:0)], @p17 = '5055' [Type: String (4000:0:0)], @p18 = 'p3K7d0R3XuvthVOiRH5BCdqGX@PWGEVhrs.com' [Type: String (4000:0:0)], @p19 = '(78)152-46-25' [Type: String (4000:0:0)], @p20 = '(98)305-27-61' [Type: String (4000:0:0)], @p21 = '(28)144-628-3081' [Type: String (4000:0:0)], @p22 = 'http://www.1PBOu8xxURd7SgH.com' [Type: String (4000:0:0)], @p23 = 'Id__45f4b513-444a-4d46-af20-0c3dc78b2a96' [Type: String (4000:0:0)]

NHibernate: 
    select
        customer0_.CustomerId as Custom1_2_,
        customer0_.Name as Name2_2_,
        customer0_.PricingSchemeId as Pricin3_2_,
        customer0_.CreditLimit_Amount as Credit4_2_,
        customer0_.CreditLimit_CurrencyId as Credit5_2_,
        customer0_.Office_Street as Office6_2_,
        customer0_.Office_Barangay as Office7_2_,
        customer0_.Office_City as Office8_2_,
        customer0_.Office_Province as Office9_2_,
        customer0_.Office_Region as Offic10_2_,
        customer0_.Office_Country as Offic11_2_,
        customer0_.Office_ZipCode as Offic12_2_,
        customer0_.Billing_Street as Billi13_2_,
        customer0_.Billing_Barangay as Billi14_2_,
        customer0_.Billing_City as Billi15_2_,
        customer0_.Billing_Province as Billi16_2_,
        customer0_.Billing_Region as Billi17_2_,
        customer0_.Billing_Country as Billi18_2_,
        customer0_.Billing_ZipCode as Billi19_2_,
        customer0_.Email as Email20_2_,
        customer0_.Landline as Landl21_2_,
        customer0_.Fax as Fax22_2_,
        customer0_.Mobile as Mobil23_2_,
        customer0_.Web as Web24_2_ 
    from
        dbo.Customers customer0_ 
    where
        customer0_.CustomerId=@p0 
    ORDER BY
        CURRENT_TIMESTAMP OFFSET 0 ROWS FETCH FIRST 1 ROWS ONLY;
    @p0 = 'Id__04e40b48-9b54-45e9-990c-c99792912e7d' [Type: String (4000:0:0)]
NHibernate: Batch commands:
command 0:
    INSERT 
    INTO
        dbo.Customers
        (Name, PricingSchemeId, CreditLimit_Amount, CreditLimit_CurrencyId, Office_Street, Office_Barangay, Office_City, Office_Province, Office_Region, Office_Country, Office_ZipCode, Billing_Street, Billing_Barangay, Billing_City, Billing_Province, Billing_Region, Billing_Country, Billing_ZipCode, Email, Landline, Fax, Mobile, Web, CustomerId) 
    VALUES
        (@p0, @p1, @p2, @p3, @p4, @p5, @p6, @p7, @p8, @p9, @p10, @p11, @p12, @p13, @p14, @p15, @p16, @p17, @p18, @p19, @p20, @p21, @p22, @p23);
    @p0 = 'Name__fb22dc8a-0e5b-4276-a657-f7b6531c6973' [Type: String (4000:0:0)], @p1 = 'RP' [Type: String (4000:0:0)], @p2 = 1000.00 [Type: Decimal (0:5:28)], @p3 = 'PHP' [Type: String (4000:0:0)], @p4 = 'Street_uLhdEJ7srX' [Type: String (4000:0:0)], @p5 = 'Barangay_G0Vw01NMW4' [Type: String (4000:0:0)], @p6 = 'City_G22M0ftQMp' [Type: String (4000:0:0)], @p7 = 'Province_dnfFPEQpkd' [Type: String (4000:0:0)], @p8 = 'Region_fisciDSQ8n' [Type: String (4000:0:0)], @p9 = 'Philippines' [Type: String (4000:0:0)], @p10 = '3648' [Type: String (4000:0:0)], @p11 = 'Street_gWDu4n8ZvS' [Type: String (4000:0:0)], @p12 = 'Barangay_A3gfPD83OJ' [Type: String (4000:0:0)], @p13 = 'City_WOCXJXYznO' [Type: String (4000:0:0)], @p14 = 'Province_84Qx3NU6eg' [Type: String (4000:0:0)], @p15 = 'Region_SzwFySnPDh' [Type: String (4000:0:0)], @p16 = 'Philippines' [Type: String (4000:0:0)], @p17 = '1374' [Type: String (4000:0:0)], @p18 = 'xMcAFntmBuCYr1hb7j1uJwErn@1g2RP4LM.com' [Type: String (4000:0:0)], @p19 = '(90)588-89-12' [Type: String (4000:0:0)], @p20 = '(43)264-10-84' [Type: String (4000:0:0)], @p21 = '(21)789-441-3193' [Type: String (4000:0:0)], @p22 = 'http://www.eenUFsp4oCye7X3.com' [Type: String (4000:0:0)], @p23 = 'Id__04e40b48-9b54-45e9-990c-c99792912e7d' [Type: String (4000:0:0)]

NHibernate: 
    select
        customer0_.CustomerId as Custom1_2_,
        customer0_.Name as Name2_2_,
        customer0_.PricingSchemeId as Pricin3_2_,
        customer0_.CreditLimit_Amount as Credit4_2_,
        customer0_.CreditLimit_CurrencyId as Credit5_2_,
        customer0_.Office_Street as Office6_2_,
        customer0_.Office_Barangay as Office7_2_,
        customer0_.Office_City as Office8_2_,
        customer0_.Office_Province as Office9_2_,
        customer0_.Office_Region as Offic10_2_,
        customer0_.Office_Country as Offic11_2_,
        customer0_.Office_ZipCode as Offic12_2_,
        customer0_.Billing_Street as Billi13_2_,
        customer0_.Billing_Barangay as Billi14_2_,
        customer0_.Billing_City as Billi15_2_,
        customer0_.Billing_Province as Billi16_2_,
        customer0_.Billing_Region as Billi17_2_,
        customer0_.Billing_Country as Billi18_2_,
        customer0_.Billing_ZipCode as Billi19_2_,
        customer0_.Email as Email20_2_,
        customer0_.Landline as Landl21_2_,
        customer0_.Fax as Fax22_2_,
        customer0_.Mobile as Mobil23_2_,
        customer0_.Web as Web24_2_ 
    from
        dbo.Customers customer0_ 
    where
        customer0_.CustomerId=@p0 
    ORDER BY
        CURRENT_TIMESTAMP OFFSET 0 ROWS FETCH FIRST 1 ROWS ONLY;
    @p0 = 'Id__fc4b328a-cd57-4971-85c1-d94a84af7ce9' [Type: String (4000:0:0)]
NHibernate: Batch commands:
command 0:
    INSERT 
    INTO
        dbo.Customers
        (Name, PricingSchemeId, CreditLimit_Amount, CreditLimit_CurrencyId, Office_Street, Office_Barangay, Office_City, Office_Province, Office_Region, Office_Country, Office_ZipCode, Billing_Street, Billing_Barangay, Billing_City, Billing_Province, Billing_Region, Billing_Country, Billing_ZipCode, Email, Landline, Fax, Mobile, Web, CustomerId) 
    VALUES
        (@p0, @p1, @p2, @p3, @p4, @p5, @p6, @p7, @p8, @p9, @p10, @p11, @p12, @p13, @p14, @p15, @p16, @p17, @p18, @p19, @p20, @p21, @p22, @p23);
    @p0 = 'Name__c8c76e62-a4b2-489d-9d17-615fc55fd13d' [Type: String (4000:0:0)], @p1 = 'RP' [Type: String (4000:0:0)], @p2 = 1000.00 [Type: Decimal (0:5:28)], @p3 = 'PHP' [Type: String (4000:0:0)], @p4 = 'Street_7eZD1koVuV' [Type: String (4000:0:0)], @p5 = 'Barangay_dFt7UtTEjh' [Type: String (4000:0:0)], @p6 = 'City_UVqkBd4qWg' [Type: String (4000:0:0)], @p7 = 'Province_giGhepjXv8' [Type: String (4000:0:0)], @p8 = 'Region_ODUmgEftEF' [Type: String (4000:0:0)], @p9 = 'Philippines' [Type: String (4000:0:0)], @p10 = '6347' [Type: String (4000:0:0)], @p11 = 'Street_CsNBMjpEf7' [Type: String (4000:0:0)], @p12 = 'Barangay_1jtvdVQhvk' [Type: String (4000:0:0)], @p13 = 'City_im3ZiLZoxN' [Type: String (4000:0:0)], @p14 = 'Province_dSj4TFCBGH' [Type: String (4000:0:0)], @p15 = 'Region_h7OLo98rEs' [Type: String (4000:0:0)], @p16 = 'Philippines' [Type: String (4000:0:0)], @p17 = '5872' [Type: String (4000:0:0)], @p18 = 'E4KyiAycYTOboCkYsvjMtjELw@Fhstb8fJ.com' [Type: String (4000:0:0)], @p19 = '(93)788-83-54' [Type: String (4000:0:0)], @p20 = '(63)269-93-37' [Type: String (4000:0:0)], @p21 = '(83)994-133-5293' [Type: String (4000:0:0)], @p22 = 'http://www.jdDDWE9LPqZyQi9.com' [Type: String (4000:0:0)], @p23 = 'Id__fc4b328a-cd57-4971-85c1-d94a84af7ce9' [Type: String (4000:0:0)]

NHibernate: 
    select
        customer0_.CustomerId as Custom1_2_,
        customer0_.Name as Name2_2_,
        customer0_.PricingSchemeId as Pricin3_2_,
        customer0_.CreditLimit_Amount as Credit4_2_,
        customer0_.CreditLimit_CurrencyId as Credit5_2_,
        customer0_.Office_Street as Office6_2_,
        customer0_.Office_Barangay as Office7_2_,
        customer0_.Office_City as Office8_2_,
        customer0_.Office_Province as Office9_2_,
        customer0_.Office_Region as Offic10_2_,
        customer0_.Office_Country as Offic11_2_,
        customer0_.Office_ZipCode as Offic12_2_,
        customer0_.Billing_Street as Billi13_2_,
        customer0_.Billing_Barangay as Billi14_2_,
        customer0_.Billing_City as Billi15_2_,
        customer0_.Billing_Province as Billi16_2_,
        customer0_.Billing_Region as Billi17_2_,
        customer0_.Billing_Country as Billi18_2_,
        customer0_.Billing_ZipCode as Billi19_2_,
        customer0_.Email as Email20_2_,
        customer0_.Landline as Landl21_2_,
        customer0_.Fax as Fax22_2_,
        customer0_.Mobile as Mobil23_2_,
        customer0_.Web as Web24_2_ 
    from
        dbo.Customers customer0_ 
    where
        customer0_.CustomerId=@p0 
    ORDER BY
        CURRENT_TIMESTAMP OFFSET 0 ROWS FETCH FIRST 1 ROWS ONLY;
    @p0 = 'Id__d6edb55a-5926-461a-bd47-5ec2e1afb2b8' [Type: String (4000:0:0)]
NHibernate: Batch commands:
command 0:
    INSERT 
    INTO
        dbo.Customers
        (Name, PricingSchemeId, CreditLimit_Amount, CreditLimit_CurrencyId, Office_Street, Office_Barangay, Office_City, Office_Province, Office_Region, Office_Country, Office_ZipCode, Billing_Street, Billing_Barangay, Billing_City, Billing_Province, Billing_Region, Billing_Country, Billing_ZipCode, Email, Landline, Fax, Mobile, Web, CustomerId) 
    VALUES
        (@p0, @p1, @p2, @p3, @p4, @p5, @p6, @p7, @p8, @p9, @p10, @p11, @p12, @p13, @p14, @p15, @p16, @p17, @p18, @p19, @p20, @p21, @p22, @p23);
    @p0 = 'Name__9b7e298d-90fc-4995-a3fb-a92d84d1f3c3' [Type: String (4000:0:0)], @p1 = 'RP' [Type: String (4000:0:0)], @p2 = 1000.00 [Type: Decimal (0:5:28)], @p3 = 'PHP' [Type: String (4000:0:0)], @p4 = 'Street_ejDRYXv47b' [Type: String (4000:0:0)], @p5 = 'Barangay_DaEckYNM7c' [Type: String (4000:0:0)], @p6 = 'City_2OuyXrpoyN' [Type: String (4000:0:0)], @p7 = 'Province_aRxjs0Y9UJ' [Type: String (4000:0:0)], @p8 = 'Region_1SdH8aoWmc' [Type: String (4000:0:0)], @p9 = 'Philippines' [Type: String (4000:0:0)], @p10 = '2383' [Type: String (4000:0:0)], @p11 = 'Street_UQZ6BLzuji' [Type: String (4000:0:0)], @p12 = 'Barangay_Kog758LcqJ' [Type: String (4000:0:0)], @p13 = 'City_5TkURBEE68' [Type: String (4000:0:0)], @p14 = 'Province_LkQiBJDr4B' [Type: String (4000:0:0)], @p15 = 'Region_OnZYEaypkG' [Type: String (4000:0:0)], @p16 = 'Philippines' [Type: String (4000:0:0)], @p17 = '6078' [Type: String (4000:0:0)], @p18 = 'RyXZiX75w4eio5S4NP1Oad0o5@LTg0UUGV.com' [Type: String (4000:0:0)], @p19 = '(74)409-22-81' [Type: String (4000:0:0)], @p20 = '(75)343-64-53' [Type: String (4000:0:0)], @p21 = '(96)760-537-4446' [Type: String (4000:0:0)], @p22 = 'http://www.c7zB8fC0tzM0svB.com' [Type: String (4000:0:0)], @p23 = 'Id__d6edb55a-5926-461a-bd47-5ec2e1afb2b8' [Type: String (4000:0:0)]

NHibernate: 
    select
        customer0_.CustomerId as Custom1_2_,
        customer0_.Name as Name2_2_,
        customer0_.PricingSchemeId as Pricin3_2_,
        customer0_.CreditLimit_Amount as Credit4_2_,
        customer0_.CreditLimit_CurrencyId as Credit5_2_,
        customer0_.Office_Street as Office6_2_,
        customer0_.Office_Barangay as Office7_2_,
        customer0_.Office_City as Office8_2_,
        customer0_.Office_Province as Office9_2_,
        customer0_.Office_Region as Offic10_2_,
        customer0_.Office_Country as Offic11_2_,
        customer0_.Office_ZipCode as Offic12_2_,
        customer0_.Billing_Street as Billi13_2_,
        customer0_.Billing_Barangay as Billi14_2_,
        customer0_.Billing_City as Billi15_2_,
        customer0_.Billing_Province as Billi16_2_,
        customer0_.Billing_Region as Billi17_2_,
        customer0_.Billing_Country as Billi18_2_,
        customer0_.Billing_ZipCode as Billi19_2_,
        customer0_.Email as Email20_2_,
        customer0_.Landline as Landl21_2_,
        customer0_.Fax as Fax22_2_,
        customer0_.Mobile as Mobil23_2_,
        customer0_.Web as Web24_2_ 
    from
        dbo.Customers customer0_ 
    where
        customer0_.CustomerId=@p0 
    ORDER BY
        CURRENT_TIMESTAMP OFFSET 0 ROWS FETCH FIRST 1 ROWS ONLY;
    @p0 = 'Id__608448fc-485c-4f17-b886-748731af3adb' [Type: String (4000:0:0)]
NHibernate: Batch commands:
command 0:
    INSERT 
    INTO
        dbo.Customers
        (Name, PricingSchemeId, CreditLimit_Amount, CreditLimit_CurrencyId, Office_Street, Office_Barangay, Office_City, Office_Province, Office_Region, Office_Country, Office_ZipCode, Billing_Street, Billing_Barangay, Billing_City, Billing_Province, Billing_Region, Billing_Country, Billing_ZipCode, Email, Landline, Fax, Mobile, Web, CustomerId) 
    VALUES
        (@p0, @p1, @p2, @p3, @p4, @p5, @p6, @p7, @p8, @p9, @p10, @p11, @p12, @p13, @p14, @p15, @p16, @p17, @p18, @p19, @p20, @p21, @p22, @p23);
    @p0 = 'Name__2420eff6-91ab-4e12-bfc4-8f1b8d6fe0e3' [Type: String (4000:0:0)], @p1 = 'BP' [Type: String (4000:0:0)], @p2 = 1000.00 [Type: Decimal (0:5:28)], @p3 = 'PHP' [Type: String (4000:0:0)], @p4 = 'Street_cez5LtxNLR' [Type: String (4000:0:0)], @p5 = 'Barangay_qH9kO7usGK' [Type: String (4000:0:0)], @p6 = 'City_gryZ4ZAdDe' [Type: String (4000:0:0)], @p7 = 'Province_88WahRumQ8' [Type: String (4000:0:0)], @p8 = 'Region_M76KHfCBc2' [Type: String (4000:0:0)], @p9 = 'Philippines' [Type: String (4000:0:0)], @p10 = '4782' [Type: String (4000:0:0)], @p11 = 'Street_Km1cRsPpzn' [Type: String (4000:0:0)], @p12 = 'Barangay_U5R7wnevu9' [Type: String (4000:0:0)], @p13 = 'City_O2zmjum07C' [Type: String (4000:0:0)], @p14 = 'Province_SCWs0NgLUF' [Type: String (4000:0:0)], @p15 = 'Region_dB29hXNKMx' [Type: String (4000:0:0)], @p16 = 'Philippines' [Type: String (4000:0:0)], @p17 = '2265' [Type: String (4000:0:0)], @p18 = 'EAZ1RjiHjFTapgMAzDNhboL3q@L4bJ82Wr.com' [Type: String (4000:0:0)], @p19 = '(64)177-71-48' [Type: String (4000:0:0)], @p20 = '(17)735-47-63' [Type: String (4000:0:0)], @p21 = '(84)555-267-1921' [Type: String (4000:0:0)], @p22 = 'http://www.6ZBdHQxoCnr0MN6.com' [Type: String (4000:0:0)], @p23 = 'Id__608448fc-485c-4f17-b886-748731af3adb' [Type: String (4000:0:0)]

NHibernate: 
    select
        customer0_.CustomerId as Custom1_2_,
        customer0_.Name as Name2_2_,
        customer0_.PricingSchemeId as Pricin3_2_,
        customer0_.CreditLimit_Amount as Credit4_2_,
        customer0_.CreditLimit_CurrencyId as Credit5_2_,
        customer0_.Office_Street as Office6_2_,
        customer0_.Office_Barangay as Office7_2_,
        customer0_.Office_City as Office8_2_,
        customer0_.Office_Province as Office9_2_,
        customer0_.Office_Region as Offic10_2_,
        customer0_.Office_Country as Offic11_2_,
        customer0_.Office_ZipCode as Offic12_2_,
        customer0_.Billing_Street as Billi13_2_,
        customer0_.Billing_Barangay as Billi14_2_,
        customer0_.Billing_City as Billi15_2_,
        customer0_.Billing_Province as Billi16_2_,
        customer0_.Billing_Region as Billi17_2_,
        customer0_.Billing_Country as Billi18_2_,
        customer0_.Billing_ZipCode as Billi19_2_,
        customer0_.Email as Email20_2_,
        customer0_.Landline as Landl21_2_,
        customer0_.Fax as Fax22_2_,
        customer0_.Mobile as Mobil23_2_,
        customer0_.Web as Web24_2_ 
    from
        dbo.Customers customer0_ 
    where
        customer0_.CustomerId=@p0 
    ORDER BY
        CURRENT_TIMESTAMP OFFSET 0 ROWS FETCH FIRST 1 ROWS ONLY;
    @p0 = 'Id__192e70a8-5070-4b29-bd76-6f3e38241445' [Type: String (4000:0:0)]
NHibernate: Batch commands:
command 0:
    INSERT 
    INTO
        dbo.Customers
        (Name, PricingSchemeId, CreditLimit_Amount, CreditLimit_CurrencyId, Office_Street, Office_Barangay, Office_City, Office_Province, Office_Region, Office_Country, Office_ZipCode, Billing_Street, Billing_Barangay, Billing_City, Billing_Province, Billing_Region, Billing_Country, Billing_ZipCode, Email, Landline, Fax, Mobile, Web, CustomerId) 
    VALUES
        (@p0, @p1, @p2, @p3, @p4, @p5, @p6, @p7, @p8, @p9, @p10, @p11, @p12, @p13, @p14, @p15, @p16, @p17, @p18, @p19, @p20, @p21, @p22, @p23);
    @p0 = 'Name__ddd36efb-73bb-4771-86fc-7ad613819c09' [Type: String (4000:0:0)], @p1 = 'BP' [Type: String (4000:0:0)], @p2 = 1000.00 [Type: Decimal (0:5:28)], @p3 = 'PHP' [Type: String (4000:0:0)], @p4 = 'Street_X29iKpMuhQ' [Type: String (4000:0:0)], @p5 = 'Barangay_w5OG1pXJBD' [Type: String (4000:0:0)], @p6 = 'City_Zcny5PAPsQ' [Type: String (4000:0:0)], @p7 = 'Province_fdG1VqFZzj' [Type: String (4000:0:0)], @p8 = 'Region_fBqscpKvif' [Type: String (4000:0:0)], @p9 = 'Philippines' [Type: String (4000:0:0)], @p10 = '1420' [Type: String (4000:0:0)], @p11 = 'Street_e8eqUCr6m7' [Type: String (4000:0:0)], @p12 = 'Barangay_VbrHswiD7N' [Type: String (4000:0:0)], @p13 = 'City_HbH8jvpSYW' [Type: String (4000:0:0)], @p14 = 'Province_8BLCdJaQzd' [Type: String (4000:0:0)], @p15 = 'Region_ha8i0fPBau' [Type: String (4000:0:0)], @p16 = 'Philippines' [Type: String (4000:0:0)], @p17 = '2236' [Type: String (4000:0:0)], @p18 = '4x4bURppiVTOdpsdjJDfn1o2A@getaceo1.com' [Type: String (4000:0:0)], @p19 = '(59)506-55-14' [Type: String (4000:0:0)], @p20 = '(65)617-20-82' [Type: String (4000:0:0)], @p21 = '(22)135-487-8203' [Type: String (4000:0:0)], @p22 = 'http://www.VnoDHfPkX1ZLuBB.com' [Type: String (4000:0:0)], @p23 = 'Id__192e70a8-5070-4b29-bd76-6f3e38241445' [Type: String (4000:0:0)]

NHibernate: 
    select
        customer0_.CustomerId as Custom1_2_,
        customer0_.Name as Name2_2_,
        customer0_.PricingSchemeId as Pricin3_2_,
        customer0_.CreditLimit_Amount as Credit4_2_,
        customer0_.CreditLimit_CurrencyId as Credit5_2_,
        customer0_.Office_Street as Office6_2_,
        customer0_.Office_Barangay as Office7_2_,
        customer0_.Office_City as Office8_2_,
        customer0_.Office_Province as Office9_2_,
        customer0_.Office_Region as Offic10_2_,
        customer0_.Office_Country as Offic11_2_,
        customer0_.Office_ZipCode as Offic12_2_,
        customer0_.Billing_Street as Billi13_2_,
        customer0_.Billing_Barangay as Billi14_2_,
        customer0_.Billing_City as Billi15_2_,
        customer0_.Billing_Province as Billi16_2_,
        customer0_.Billing_Region as Billi17_2_,
        customer0_.Billing_Country as Billi18_2_,
        customer0_.Billing_ZipCode as Billi19_2_,
        customer0_.Email as Email20_2_,
        customer0_.Landline as Landl21_2_,
        customer0_.Fax as Fax22_2_,
        customer0_.Mobile as Mobil23_2_,
        customer0_.Web as Web24_2_ 
    from
        dbo.Customers customer0_ 
    where
        customer0_.CustomerId=@p0 
    ORDER BY
        CURRENT_TIMESTAMP OFFSET 0 ROWS FETCH FIRST 1 ROWS ONLY;
    @p0 = 'Id__103407f6-3155-420e-9b37-a5343ed5cbe3' [Type: String (4000:0:0)]
NHibernate: Batch commands:
command 0:
    INSERT 
    INTO
        dbo.Customers
        (Name, PricingSchemeId, CreditLimit_Amount, CreditLimit_CurrencyId, Office_Street, Office_Barangay, Office_City, Office_Province, Office_Region, Office_Country, Office_ZipCode, Billing_Street, Billing_Barangay, Billing_City, Billing_Province, Billing_Region, Billing_Country, Billing_ZipCode, Email, Landline, Fax, Mobile, Web, CustomerId) 
    VALUES
        (@p0, @p1, @p2, @p3, @p4, @p5, @p6, @p7, @p8, @p9, @p10, @p11, @p12, @p13, @p14, @p15, @p16, @p17, @p18, @p19, @p20, @p21, @p22, @p23);
    @p0 = 'Name__f8379726-ac65-4af1-abc2-eacfb4495457' [Type: String (4000:0:0)], @p1 = 'BSP' [Type: String (4000:0:0)], @p2 = 1000.00 [Type: Decimal (0:5:28)], @p3 = 'PHP' [Type: String (4000:0:0)], @p4 = 'Street_jLexdch3iF' [Type: String (4000:0:0)], @p5 = 'Barangay_4xk2vvTfPf' [Type: String (4000:0:0)], @p6 = 'City_WLgLCty2MY' [Type: String (4000:0:0)], @p7 = 'Province_nfMPTc0LYv' [Type: String (4000:0:0)], @p8 = 'Region_tgOgnaKexV' [Type: String (4000:0:0)], @p9 = 'Philippines' [Type: String (4000:0:0)], @p10 = '4609' [Type: String (4000:0:0)], @p11 = 'Street_x8X6ZjhAw2' [Type: String (4000:0:0)], @p12 = 'Barangay_3VLSSzXwLj' [Type: String (4000:0:0)], @p13 = 'City_8TbiYw4VQF' [Type: String (4000:0:0)], @p14 = 'Province_QrM3nehrqd' [Type: String (4000:0:0)], @p15 = 'Region_W2ihmrfaL0' [Type: String (4000:0:0)], @p16 = 'Philippines' [Type: String (4000:0:0)], @p17 = '3599' [Type: String (4000:0:0)], @p18 = 'YRLxNJSpySqFrNFu46sRdLaTR@TPeD6g4x.com' [Type: String (4000:0:0)], @p19 = '(16)651-81-29' [Type: String (4000:0:0)], @p20 = '(36)842-66-16' [Type: String (4000:0:0)], @p21 = '(86)879-563-9029' [Type: String (4000:0:0)], @p22 = 'http://www.M8kYuZhOvWiG2ru.com' [Type: String (4000:0:0)], @p23 = 'Id__103407f6-3155-420e-9b37-a5343ed5cbe3' [Type: String (4000:0:0)]

NHibernate: 
    select
        customer0_.CustomerId as Custom1_2_,
        customer0_.Name as Name2_2_,
        customer0_.PricingSchemeId as Pricin3_2_,
        customer0_.CreditLimit_Amount as Credit4_2_,
        customer0_.CreditLimit_CurrencyId as Credit5_2_,
        customer0_.Office_Street as Office6_2_,
        customer0_.Office_Barangay as Office7_2_,
        customer0_.Office_City as Office8_2_,
        customer0_.Office_Province as Office9_2_,
        customer0_.Office_Region as Offic10_2_,
        customer0_.Office_Country as Offic11_2_,
        customer0_.Office_ZipCode as Offic12_2_,
        customer0_.Billing_Street as Billi13_2_,
        customer0_.Billing_Barangay as Billi14_2_,
        customer0_.Billing_City as Billi15_2_,
        customer0_.Billing_Province as Billi16_2_,
        customer0_.Billing_Region as Billi17_2_,
        customer0_.Billing_Country as Billi18_2_,
        customer0_.Billing_ZipCode as Billi19_2_,
        customer0_.Email as Email20_2_,
        customer0_.Landline as Landl21_2_,
        customer0_.Fax as Fax22_2_,
        customer0_.Mobile as Mobil23_2_,
        customer0_.Web as Web24_2_ 
    from
        dbo.Customers customer0_ 
    where
        customer0_.CustomerId=@p0 
    ORDER BY
        CURRENT_TIMESTAMP OFFSET 0 ROWS FETCH FIRST 1 ROWS ONLY;
    @p0 = 'Id__5ba54ab9-7ec2-4252-b5e6-42d61e38635c' [Type: String (4000:0:0)]
NHibernate: Batch commands:
command 0:
    INSERT 
    INTO
        dbo.Customers
        (Name, PricingSchemeId, CreditLimit_Amount, CreditLimit_CurrencyId, Office_Street, Office_Barangay, Office_City, Office_Province, Office_Region, Office_Country, Office_ZipCode, Billing_Street, Billing_Barangay, Billing_City, Billing_Province, Billing_Region, Billing_Country, Billing_ZipCode, Email, Landline, Fax, Mobile, Web, CustomerId) 
    VALUES
        (@p0, @p1, @p2, @p3, @p4, @p5, @p6, @p7, @p8, @p9, @p10, @p11, @p12, @p13, @p14, @p15, @p16, @p17, @p18, @p19, @p20, @p21, @p22, @p23);
    @p0 = 'Name__a845df75-6057-4d0a-a17a-5fa414065cf7' [Type: String (4000:0:0)], @p1 = 'BSP' [Type: String (4000:0:0)], @p2 = 1000.00 [Type: Decimal (0:5:28)], @p3 = 'PHP' [Type: String (4000:0:0)], @p4 = 'Street_0GEEMBvvkd' [Type: String (4000:0:0)], @p5 = 'Barangay_X4bY0eXAX0' [Type: String (4000:0:0)], @p6 = 'City_D1O5DTdNiK' [Type: String (4000:0:0)], @p7 = 'Province_a9cHHYbqji' [Type: String (4000:0:0)], @p8 = 'Region_g8ibq29cvs' [Type: String (4000:0:0)], @p9 = 'Philippines' [Type: String (4000:0:0)], @p10 = '6184' [Type: String (4000:0:0)], @p11 = 'Street_x6fabDABof' [Type: String (4000:0:0)], @p12 = 'Barangay_9qHQYmWiS5' [Type: String (4000:0:0)], @p13 = 'City_HGewz7Ahni' [Type: String (4000:0:0)], @p14 = 'Province_TE1zbAYv04' [Type: String (4000:0:0)], @p15 = 'Region_6mSWu1FQOz' [Type: String (4000:0:0)], @p16 = 'Philippines' [Type: String (4000:0:0)], @p17 = '5911' [Type: String (4000:0:0)], @p18 = 'W6hF5ySzYNmtX8fzHC81uTyvX@ibXXAXGV.com' [Type: String (4000:0:0)], @p19 = '(70)685-80-13' [Type: String (4000:0:0)], @p20 = '(92)320-88-97' [Type: String (4000:0:0)], @p21 = '(22)800-727-4296' [Type: String (4000:0:0)], @p22 = 'http://www.WkqvRyCxa0mMOHb.com' [Type: String (4000:0:0)], @p23 = 'Id__5ba54ab9-7ec2-4252-b5e6-42d61e38635c' [Type: String (4000:0:0)]

NHibernate: 
    select
        customer0_.CustomerId as Custom1_2_,
        customer0_.Name as Name2_2_,
        customer0_.PricingSchemeId as Pricin3_2_,
        customer0_.CreditLimit_Amount as Credit4_2_,
        customer0_.CreditLimit_CurrencyId as Credit5_2_,
        customer0_.Office_Street as Office6_2_,
        customer0_.Office_Barangay as Office7_2_,
        customer0_.Office_City as Office8_2_,
        customer0_.Office_Province as Office9_2_,
        customer0_.Office_Region as Offic10_2_,
        customer0_.Office_Country as Offic11_2_,
        customer0_.Office_ZipCode as Offic12_2_,
        customer0_.Billing_Street as Billi13_2_,
        customer0_.Billing_Barangay as Billi14_2_,
        customer0_.Billing_City as Billi15_2_,
        customer0_.Billing_Province as Billi16_2_,
        customer0_.Billing_Region as Billi17_2_,
        customer0_.Billing_Country as Billi18_2_,
        customer0_.Billing_ZipCode as Billi19_2_,
        customer0_.Email as Email20_2_,
        customer0_.Landline as Landl21_2_,
        customer0_.Fax as Fax22_2_,
        customer0_.Mobile as Mobil23_2_,
        customer0_.Web as Web24_2_ 
    from
        dbo.Customers customer0_ 
    where
        customer0_.CustomerId=@p0 
    ORDER BY
        CURRENT_TIMESTAMP OFFSET 0 ROWS FETCH FIRST 1 ROWS ONLY;
    @p0 = 'Id__aee2d8c3-bee5-4a5b-8481-e780742d84ef' [Type: String (4000:0:0)]
NHibernate: Batch commands:
command 0:
    INSERT 
    INTO
        dbo.Customers
        (Name, PricingSchemeId, CreditLimit_Amount, CreditLimit_CurrencyId, Office_Street, Office_Barangay, Office_City, Office_Province, Office_Region, Office_Country, Office_ZipCode, Billing_Street, Billing_Barangay, Billing_City, Billing_Province, Billing_Region, Billing_Country, Billing_ZipCode, Email, Landline, Fax, Mobile, Web, CustomerId) 
    VALUES
        (@p0, @p1, @p2, @p3, @p4, @p5, @p6, @p7, @p8, @p9, @p10, @p11, @p12, @p13, @p14, @p15, @p16, @p17, @p18, @p19, @p20, @p21, @p22, @p23);
    @p0 = 'Name__7654909d-94f4-43d9-b8b5-b14f2499d307' [Type: String (4000:0:0)], @p1 = 'BP' [Type: String (4000:0:0)], @p2 = 1000.00 [Type: Decimal (0:5:28)], @p3 = 'PHP' [Type: String (4000:0:0)], @p4 = 'Street_QRFk36Y18W' [Type: String (4000:0:0)], @p5 = 'Barangay_LB8xdgwMN5' [Type: String (4000:0:0)], @p6 = 'City_abo5dXHaVw' [Type: String (4000:0:0)], @p7 = 'Province_p4pUSjC54m' [Type: String (4000:0:0)], @p8 = 'Region_BbotNw5C1w' [Type: String (4000:0:0)], @p9 = 'Philippines' [Type: String (4000:0:0)], @p10 = '4949' [Type: String (4000:0:0)], @p11 = 'Street_qMTpJqPvGt' [Type: String (4000:0:0)], @p12 = 'Barangay_6Oh6XcTQcD' [Type: String (4000:0:0)], @p13 = 'City_sbzUESwPLU' [Type: String (4000:0:0)], @p14 = 'Province_Ab0UT5X6Gn' [Type: String (4000:0:0)], @p15 = 'Region_qFF8kvBfSa' [Type: String (4000:0:0)], @p16 = 'Philippines' [Type: String (4000:0:0)], @p17 = '9887' [Type: String (4000:0:0)], @p18 = 'fZKjfXOncFXKzXmW1tTRQ7vpy@HMMoqm0X.com' [Type: String (4000:0:0)], @p19 = '(80)501-74-59' [Type: String (4000:0:0)], @p20 = '(56)382-44-12' [Type: String (4000:0:0)], @p21 = '(68)549-776-4322' [Type: String (4000:0:0)], @p22 = 'http://www.oLq6ZFYy3zVTCdS.com' [Type: String (4000:0:0)], @p23 = 'Id__aee2d8c3-bee5-4a5b-8481-e780742d84ef' [Type: String (4000:0:0)]

NHibernate: 
    select
        customer0_.CustomerId as Custom1_2_,
        customer0_.Name as Name2_2_,
        customer0_.PricingSchemeId as Pricin3_2_,
        customer0_.CreditLimit_Amount as Credit4_2_,
        customer0_.CreditLimit_CurrencyId as Credit5_2_,
        customer0_.Office_Street as Office6_2_,
        customer0_.Office_Barangay as Office7_2_,
        customer0_.Office_City as Office8_2_,
        customer0_.Office_Province as Office9_2_,
        customer0_.Office_Region as Offic10_2_,
        customer0_.Office_Country as Offic11_2_,
        customer0_.Office_ZipCode as Offic12_2_,
        customer0_.Billing_Street as Billi13_2_,
        customer0_.Billing_Barangay as Billi14_2_,
        customer0_.Billing_City as Billi15_2_,
        customer0_.Billing_Province as Billi16_2_,
        customer0_.Billing_Region as Billi17_2_,
        customer0_.Billing_Country as Billi18_2_,
        customer0_.Billing_ZipCode as Billi19_2_,
        customer0_.Email as Email20_2_,
        customer0_.Landline as Landl21_2_,
        customer0_.Fax as Fax22_2_,
        customer0_.Mobile as Mobil23_2_,
        customer0_.Web as Web24_2_ 
    from
        dbo.Customers customer0_ 
    where
        customer0_.CustomerId=@p0 
    ORDER BY
        CURRENT_TIMESTAMP OFFSET 0 ROWS FETCH FIRST 1 ROWS ONLY;
    @p0 = 'Id__e2ee6065-2911-498b-96d3-fccb0c7d3699' [Type: String (4000:0:0)]
NHibernate: Batch commands:
command 0:
    INSERT 
    INTO
        dbo.Customers
        (Name, PricingSchemeId, CreditLimit_Amount, CreditLimit_CurrencyId, Office_Street, Office_Barangay, Office_City, Office_Province, Office_Region, Office_Country, Office_ZipCode, Billing_Street, Billing_Barangay, Billing_City, Billing_Province, Billing_Region, Billing_Country, Billing_ZipCode, Email, Landline, Fax, Mobile, Web, CustomerId) 
    VALUES
        (@p0, @p1, @p2, @p3, @p4, @p5, @p6, @p7, @p8, @p9, @p10, @p11, @p12, @p13, @p14, @p15, @p16, @p17, @p18, @p19, @p20, @p21, @p22, @p23);
    @p0 = 'Name__58f0682f-5bfa-4c32-a860-f10b323dc955' [Type: String (4000:0:0)], @p1 = 'BP' [Type: String (4000:0:0)], @p2 = 1000.00 [Type: Decimal (0:5:28)], @p3 = 'PHP' [Type: String (4000:0:0)], @p4 = 'Street_aSrTNdeMBT' [Type: String (4000:0:0)], @p5 = 'Barangay_SV5J4q68RM' [Type: String (4000:0:0)], @p6 = 'City_DmDA7OVMGM' [Type: String (4000:0:0)], @p7 = 'Province_TUmJP0UOLr' [Type: String (4000:0:0)], @p8 = 'Region_t7B8Z0vTNY' [Type: String (4000:0:0)], @p9 = 'Philippines' [Type: String (4000:0:0)], @p10 = '9996' [Type: String (4000:0:0)], @p11 = 'Street_Rg8RZ9eq4J' [Type: String (4000:0:0)], @p12 = 'Barangay_PK9sRWof3e' [Type: String (4000:0:0)], @p13 = 'City_1Sk49y5tsc' [Type: String (4000:0:0)], @p14 = 'Province_FijgYyEbVM' [Type: String (4000:0:0)], @p15 = 'Region_L7iLwRpA5Z' [Type: String (4000:0:0)], @p16 = 'Philippines' [Type: String (4000:0:0)], @p17 = '5184' [Type: String (4000:0:0)], @p18 = 'JR3WrjcUcSNKsT3taJsJ4xSLi@jSHYUYgN.com' [Type: String (4000:0:0)], @p19 = '(27)985-58-40' [Type: String (4000:0:0)], @p20 = '(55)335-16-58' [Type: String (4000:0:0)], @p21 = '(96)742-809-2005' [Type: String (4000:0:0)], @p22 = 'http://www.tCrpyFsMrcGEXR7.com' [Type: String (4000:0:0)], @p23 = 'Id__e2ee6065-2911-498b-96d3-fccb0c7d3699' [Type: String (4000:0:0)]

NHibernate: 
    select
        customer0_.CustomerId as Custom1_2_,
        customer0_.Name as Name2_2_,
        customer0_.PricingSchemeId as Pricin3_2_,
        customer0_.CreditLimit_Amount as Credit4_2_,
        customer0_.CreditLimit_CurrencyId as Credit5_2_,
        customer0_.Office_Street as Office6_2_,
        customer0_.Office_Barangay as Office7_2_,
        customer0_.Office_City as Office8_2_,
        customer0_.Office_Province as Office9_2_,
        customer0_.Office_Region as Offic10_2_,
        customer0_.Office_Country as Offic11_2_,
        customer0_.Office_ZipCode as Offic12_2_,
        customer0_.Billing_Street as Billi13_2_,
        customer0_.Billing_Barangay as Billi14_2_,
        customer0_.Billing_City as Billi15_2_,
        customer0_.Billing_Province as Billi16_2_,
        customer0_.Billing_Region as Billi17_2_,
        customer0_.Billing_Country as Billi18_2_,
        customer0_.Billing_ZipCode as Billi19_2_,
        customer0_.Email as Email20_2_,
        customer0_.Landline as Landl21_2_,
        customer0_.Fax as Fax22_2_,
        customer0_.Mobile as Mobil23_2_,
        customer0_.Web as Web24_2_ 
    from
        dbo.Customers customer0_
NHibernate: 
    select
        user0_.UserId as UserI1_25_,
        user0_.Username as Usern2_25_,
        user0_.Password as Passw3_25_,
        user0_.BranchId as Branc4_25_,
        user0_.FirstName as First5_25_,
        user0_.MiddleName as Middl6_25_,
        user0_.LastName as LastN7_25_,
        user0_.BirthDate as Birth8_25_,
        user0_.Street as Stree9_25_,
        user0_.Barangay as Bara10_25_,
        user0_.City as City11_25_,
        user0_.Province as Prov12_25_,
        user0_.Region as Regi13_25_,
        user0_.Country as Coun14_25_,
        user0_.ZipCode as ZipC15_25_ 
    from
        dbo.Users user0_
NHibernate: 
    select
        branch0_.BranchId as Branch1_0_,
        branch0_.Name as Name2_0_,
        branch0_.Description as Descri3_0_,
        branch0_.Street as Street4_0_,
        branch0_.Barangay as Barang5_0_,
        branch0_.City as City6_0_,
        branch0_.Province as Provin7_0_,
        branch0_.Region as Region8_0_,
        branch0_.Country as Countr9_0_,
        branch0_.ZipCode as ZipCo10_0_ 
    from
        dbo.Branches branch0_
NHibernate: 
    select
        supplier0_.SupplierId as col_0_0_ 
    from
        dbo.Suppliers supplier0_
NHibernate: 
    select
        product0_.ProductId as Produ1_11_,
        product0_.Name as Name2_11_,
        product0_.Description as Descr3_11_,
        product0_.Image as Image4_11_,
        product0_.Discontinued as Disco5_11_,
        product0_.CategoryId as Categ6_11_,
        product0_.SupplierId as Suppl7_11_ 
    from
        dbo.Products product0_ 
    where
        product0_.SupplierId=@p0;
    @p0 = ad43fe9c-6954-4886-a8f4-a72900bede80 [Type: Guid (0:0:0)]
NHibernate: 
    SELECT
        inventory0_.InventoryId as Invent1_3_0_,
        inventory0_.ConversionFactor as Conver2_3_0_,
        inventory0_.UnitOfMeasureId as UnitOf3_3_0_,
        inventory0_.UnitOfMeasureBaseId as UnitOf4_3_0_,
        inventory0_.BasePrice_Amount as BasePr5_3_0_,
        inventory0_.BasePrice_CurrencyId as BasePr6_3_0_,
        inventory0_.RetailPrice_Amount as Retail7_3_0_,
        inventory0_.RetailPrice_CurrencyId as Retail8_3_0_,
        inventory0_.WholeSalePrice_Amount as WholeS9_3_0_,
        inventory0_.WholeSalePrice_CurrencyId as Whole10_3_0_,
        inventory0_.BadStockPrice_Amount as BadSt11_3_0_,
        inventory0_.BadStockPrice_CurrencyId as BadSt12_3_0_,
        inventory0_.BadStock_Value as BadSt13_3_0_,
        inventory0_.BadStock_UnitId as BadSt14_3_0_,
        inventory0_.Received_Value as Recei15_3_0_,
        inventory0_.Received_UnitId as Recei16_3_0_,
        inventory0_.OnOrder_Value as OnOrd17_3_0_,
        inventory0_.OnOrder_UnitId as OnOrd18_3_0_,
        inventory0_.OnHand_Value as OnHan19_3_0_,
        inventory0_.OnHand_UnitId as OnHan20_3_0_,
        inventory0_.Allocated_Value as Alloc21_3_0_,
        inventory0_.Allocated_UnitId as Alloc22_3_0_,
        inventory0_.Shipped_Value as Shipp23_3_0_,
        inventory0_.Shipped_UnitId as Shipp24_3_0_,
        inventory0_.BackOrdered_Value as BackO25_3_0_,
        inventory0_.BackOrdered_UnitId as BackO26_3_0_,
        inventory0_.Available_Value as Avail27_3_0_,
        inventory0_.Available_UnitId as Avail28_3_0_,
        inventory0_.InitialLevel_Value as Initi29_3_0_,
        inventory0_.InitialLevel_UnitId as Initi30_3_0_,
        inventory0_.Shrinkage_Value as Shrin31_3_0_,
        inventory0_.Shrinkage_UnitId as Shrin32_3_0_,
        inventory0_.CurrentLevel_Value as Curre33_3_0_,
        inventory0_.CurrentLevel_UnitId as Curre34_3_0_,
        inventory0_.TargetLevel_Value as Targe35_3_0_,
        inventory0_.TargetLevel_UnitId as Targe36_3_0_,
        inventory0_.BelowTargetLevel_Value as Below37_3_0_,
        inventory0_.BelowTargetLevel_UnitId as Below38_3_0_,
        inventory0_.ReorderLevel_Value as Reord39_3_0_,
        inventory0_.ReorderLevel_UnitId as Reord40_3_0_,
        inventory0_.ReorderQuantity_Value as Reord41_3_0_,
        inventory0_.ReorderQuantity_UnitId as Reord42_3_0_,
        inventory0_.MinimumReorderQuantity_Value as Minim43_3_0_,
        inventory0_.MinimumReorderQuantity_UnitId as Minim44_3_0_ 
    FROM
        dbo.Inventories inventory0_ 
    WHERE
        inventory0_.InventoryId=@p0;
    @p0 = 9d087926-8eca-43f6-bffb-a72900bedec9 [Type: Guid (0:0:0)]
NHibernate: 
    SELECT
        inventory0_.InventoryId as Invent1_3_0_,
        inventory0_.ConversionFactor as Conver2_3_0_,
        inventory0_.UnitOfMeasureId as UnitOf3_3_0_,
        inventory0_.UnitOfMeasureBaseId as UnitOf4_3_0_,
        inventory0_.BasePrice_Amount as BasePr5_3_0_,
        inventory0_.BasePrice_CurrencyId as BasePr6_3_0_,
        inventory0_.RetailPrice_Amount as Retail7_3_0_,
        inventory0_.RetailPrice_CurrencyId as Retail8_3_0_,
        inventory0_.WholeSalePrice_Amount as WholeS9_3_0_,
        inventory0_.WholeSalePrice_CurrencyId as Whole10_3_0_,
        inventory0_.BadStockPrice_Amount as BadSt11_3_0_,
        inventory0_.BadStockPrice_CurrencyId as BadSt12_3_0_,
        inventory0_.BadStock_Value as BadSt13_3_0_,
        inventory0_.BadStock_UnitId as BadSt14_3_0_,
        inventory0_.Received_Value as Recei15_3_0_,
        inventory0_.Received_UnitId as Recei16_3_0_,
        inventory0_.OnOrder_Value as OnOrd17_3_0_,
        inventory0_.OnOrder_UnitId as OnOrd18_3_0_,
        inventory0_.OnHand_Value as OnHan19_3_0_,
        inventory0_.OnHand_UnitId as OnHan20_3_0_,
        inventory0_.Allocated_Value as Alloc21_3_0_,
        inventory0_.Allocated_UnitId as Alloc22_3_0_,
        inventory0_.Shipped_Value as Shipp23_3_0_,
        inventory0_.Shipped_UnitId as Shipp24_3_0_,
        inventory0_.BackOrdered_Value as BackO25_3_0_,
        inventory0_.BackOrdered_UnitId as BackO26_3_0_,
        inventory0_.Available_Value as Avail27_3_0_,
        inventory0_.Available_UnitId as Avail28_3_0_,
        inventory0_.InitialLevel_Value as Initi29_3_0_,
        inventory0_.InitialLevel_UnitId as Initi30_3_0_,
        inventory0_.Shrinkage_Value as Shrin31_3_0_,
        inventory0_.Shrinkage_UnitId as Shrin32_3_0_,
        inventory0_.CurrentLevel_Value as Curre33_3_0_,
        inventory0_.CurrentLevel_UnitId as Curre34_3_0_,
        inventory0_.TargetLevel_Value as Targe35_3_0_,
        inventory0_.TargetLevel_UnitId as Targe36_3_0_,
        inventory0_.BelowTargetLevel_Value as Below37_3_0_,
        inventory0_.BelowTargetLevel_UnitId as Below38_3_0_,
        inventory0_.ReorderLevel_Value as Reord39_3_0_,
        inventory0_.ReorderLevel_UnitId as Reord40_3_0_,
        inventory0_.ReorderQuantity_Value as Reord41_3_0_,
        inventory0_.ReorderQuantity_UnitId as Reord42_3_0_,
        inventory0_.MinimumReorderQuantity_Value as Minim43_3_0_,
        inventory0_.MinimumReorderQuantity_UnitId as Minim44_3_0_ 
    FROM
        dbo.Inventories inventory0_ 
    WHERE
        inventory0_.InventoryId=@p0;
    @p0 = 61c58cad-6fc7-45a0-9851-a72900bededc [Type: Guid (0:0:0)]
NHibernate: 
    select
        product0_.ProductId as Produ1_11_0_,
        inventory1_.InventoryId as Invent1_3_1_,
        product0_.Name as Name2_11_0_,
        product0_.Description as Descr3_11_0_,
        product0_.Image as Image4_11_0_,
        product0_.Discontinued as Disco5_11_0_,
        product0_.CategoryId as Categ6_11_0_,
        product0_.SupplierId as Suppl7_11_0_,
        inventory1_.ConversionFactor as Conver2_3_1_,
        inventory1_.UnitOfMeasureId as UnitOf3_3_1_,
        inventory1_.UnitOfMeasureBaseId as UnitOf4_3_1_,
        inventory1_.BasePrice_Amount as BasePr5_3_1_,
        inventory1_.BasePrice_CurrencyId as BasePr6_3_1_,
        inventory1_.RetailPrice_Amount as Retail7_3_1_,
        inventory1_.RetailPrice_CurrencyId as Retail8_3_1_,
        inventory1_.WholeSalePrice_Amount as WholeS9_3_1_,
        inventory1_.WholeSalePrice_CurrencyId as Whole10_3_1_,
        inventory1_.BadStockPrice_Amount as BadSt11_3_1_,
        inventory1_.BadStockPrice_CurrencyId as BadSt12_3_1_,
        inventory1_.BadStock_Value as BadSt13_3_1_,
        inventory1_.BadStock_UnitId as BadSt14_3_1_,
        inventory1_.Received_Value as Recei15_3_1_,
        inventory1_.Received_UnitId as Recei16_3_1_,
        inventory1_.OnOrder_Value as OnOrd17_3_1_,
        inventory1_.OnOrder_UnitId as OnOrd18_3_1_,
        inventory1_.OnHand_Value as OnHan19_3_1_,
        inventory1_.OnHand_UnitId as OnHan20_3_1_,
        inventory1_.Allocated_Value as Alloc21_3_1_,
        inventory1_.Allocated_UnitId as Alloc22_3_1_,
        inventory1_.Shipped_Value as Shipp23_3_1_,
        inventory1_.Shipped_UnitId as Shipp24_3_1_,
        inventory1_.BackOrdered_Value as BackO25_3_1_,
        inventory1_.BackOrdered_UnitId as BackO26_3_1_,
        inventory1_.Available_Value as Avail27_3_1_,
        inventory1_.Available_UnitId as Avail28_3_1_,
        inventory1_.InitialLevel_Value as Initi29_3_1_,
        inventory1_.InitialLevel_UnitId as Initi30_3_1_,
        inventory1_.Shrinkage_Value as Shrin31_3_1_,
        inventory1_.Shrinkage_UnitId as Shrin32_3_1_,
        inventory1_.CurrentLevel_Value as Curre33_3_1_,
        inventory1_.CurrentLevel_UnitId as Curre34_3_1_,
        inventory1_.TargetLevel_Value as Targe35_3_1_,
        inventory1_.TargetLevel_UnitId as Targe36_3_1_,
        inventory1_.BelowTargetLevel_Value as Below37_3_1_,
        inventory1_.BelowTargetLevel_UnitId as Below38_3_1_,
        inventory1_.ReorderLevel_Value as Reord39_3_1_,
        inventory1_.ReorderLevel_UnitId as Reord40_3_1_,
        inventory1_.ReorderQuantity_Value as Reord41_3_1_,
        inventory1_.ReorderQuantity_UnitId as Reord42_3_1_,
        inventory1_.MinimumReorderQuantity_Value as Minim43_3_1_,
        inventory1_.MinimumReorderQuantity_UnitId as Minim44_3_1_ 
    from
        dbo.Products product0_ 
    left outer join
        dbo.Inventories inventory1_ 
            on product0_.ProductId=inventory1_.InventoryId 
    where
        product0_.ProductId in (
            @p0 , @p1
        );
    @p0 = 9d087926-8eca-43f6-bffb-a72900bedec9 [Type: Guid (0:0:0)], @p1 = 61c58cad-6fc7-45a0-9851-a72900bededc [Type: Guid (0:0:0)]
NHibernate: Batch commands:
command 0:
    INSERT 
    INTO
        dbo.Orders
        (OrderNumber, TaxRate, Status, DueOn, OrderedOn, CreatedOn, StagedOn, ShippedOn, RoutedOn, InvoicedOn, PaidOn, CompletedOn, ReturnedOn, CancelledOn, CancellationReason, BranchId, CustomerId, PaymentTypeId, ShipperId, OrderedById, CreatedById, StagedById, ShippedById, RoutedById, InvoicedById, PaidToId, CompletedById, ReturnedById, CancelledById, PricingSchemeId, Tax_Amount, Tax_CurrencyId, ShippingFee_Amount, ShippingFee_CurrencyId, Discount_Amount, Discount_CurrencyId, Returned_Amount, Returned_CurrencyId, SubTotal_Amount, SubTotal_CurrencyId, Total_Amount, Total_CurrencyId, OrderId) 
    VALUES
        (@p0, @p1, @p2, @p3, @p4, @p5, @p6, @p7, @p8, @p9, @p10, @p11, @p12, @p13, @p14, @p15, @p16, @p17, @p18, @p19, @p20, @p21, @p22, @p23, @p24, @p25, @p26, @p27, @p28, @p29, @p30, @p31, @p32, @p33, @p34, @p35, @p36, @p37, @p38, @p39, @p40, @p41, @p42);
    @p0 = NULL [Type: String (4000:0:0)], @p1 = 0.12 [Type: Decimal (0:5:28)], @p2 = 'New' [Type: String (4000:0:0)], @p3 = NULL [Type: DateTime (0:0:0)], @p4 = 2017-03-01T19:34:57.0000000 [Type: DateTime (0:0:0)], @p5 = 2017-03-01T19:34:57.0000000 [Type: DateTime (0:0:0)], @p6 = NULL [Type: DateTime (0:0:0)], @p7 = NULL [Type: DateTime (0:0:0)], @p8 = NULL [Type: DateTime (0:0:0)], @p9 = NULL [Type: DateTime (0:0:0)], @p10 = NULL [Type: DateTime (0:0:0)], @p11 = NULL [Type: DateTime (0:0:0)], @p12 = NULL [Type: DateTime (0:0:0)], @p13 = NULL [Type: DateTime (0:0:0)], @p14 = NULL [Type: String (4000:0:0)], @p15 = 406a71d8-4dfd-4d34-821e-a5e52e144e50 [Type: Guid (0:0:0)], @p16 = 'Id__99d18c28-5f9c-460d-9677-1e5c6162808d' [Type: String (4000:0:0)], @p17 = 'CC' [Type: String (4000:0:0)], @p18 = NULL [Type: String (4000:0:0)], @p19 = 6c75fb1c-0e84-43f1-b458-a72900bede2c [Type: Guid (0:0:0)], @p20 = 6c75fb1c-0e84-43f1-b458-a72900bede2c [Type: Guid (0:0:0)], @p21 = NULL [Type: Guid (0:0:0)], @p22 = NULL [Type: Guid (0:0:0)], @p23 = NULL [Type: Guid (0:0:0)], @p24 = NULL [Type: Guid (0:0:0)], @p25 = NULL [Type: Guid (0:0:0)], @p26 = NULL [Type: Guid (0:0:0)], @p27 = NULL [Type: Guid (0:0:0)], @p28 = NULL [Type: Guid (0:0:0)], @p29 = NULL [Type: String (4000:0:0)], @p30 = 0 [Type: Decimal (0:5:28)], @p31 = 'PHP' [Type: String (4000:0:0)], @p32 = 0 [Type: Decimal (0:5:28)], @p33 = 'PHP' [Type: String (4000:0:0)], @p34 = 0 [Type: Decimal (0:5:28)], @p35 = 'PHP' [Type: String (4000:0:0)], @p36 = NULL [Type: Decimal (0:5:28)], @p37 = NULL [Type: String (4000:0:0)], @p38 = 184.66000 [Type: Decimal (0:5:28)], @p39 = 'PHP' [Type: String (4000:0:0)], @p40 = 184.66000 [Type: Decimal (0:5:28)], @p41 = 'PHP' [Type: String (4000:0:0)], @p42 = 82d9dc07-eecd-4042-a893-a72900bee0d2 [Type: Guid (0:0:0)]

NHibernate: Batch commands:
command 0:
    INSERT 
    INTO
        dbo.OrderItems
        (DiscountRate, ProductId, OrderId, Quantity_Value, Quantity_UnitId, Discount_Amount, Discount_CurrencyId, UnitPrice_Amount, UnitPrice_CurrencyId, ExtendedPrice_Amount, ExtendedPrice_CurrencyId, TotalPrice_Amount, TotalPrice_CurrencyId, OrderItemId) 
    VALUES
        (@p0, @p1, @p2, @p3, @p4, @p5, @p6, @p7, @p8, @p9, @p10, @p11, @p12, @p13);
    @p0 = 0 [Type: Decimal (0:5:28)], @p1 = 9d087926-8eca-43f6-bffb-a72900bedec9 [Type: Guid (0:0:0)], @p2 = 82d9dc07-eecd-4042-a893-a72900bee0d2 [Type: Guid (0:0:0)], @p3 = 32 [Type: Decimal (0:5:28)], @p4 = 'g' [Type: String (4000:0:0)], @p5 = 0 [Type: Decimal (0:5:28)], @p6 = 'PHP' [Type: String (4000:0:0)], @p7 = 2.22000 [Type: Decimal (0:5:28)], @p8 = 'PHP' [Type: String (4000:0:0)], @p9 = 71.04000 [Type: Decimal (0:5:28)], @p10 = 'PHP' [Type: String (4000:0:0)], @p11 = 71.04000 [Type: Decimal (0:5:28)], @p12 = 'PHP' [Type: String (4000:0:0)], @p13 = 8d7a292b-bc9a-4a75-9bcd-a72900bee0d7 [Type: Guid (0:0:0)]
command 1:
    INSERT 
    INTO
        dbo.OrderItems
        (DiscountRate, ProductId, OrderId, Quantity_Value, Quantity_UnitId, Discount_Amount, Discount_CurrencyId, UnitPrice_Amount, UnitPrice_CurrencyId, ExtendedPrice_Amount, ExtendedPrice_CurrencyId, TotalPrice_Amount, TotalPrice_CurrencyId, OrderItemId) 
    VALUES
        (@p0, @p1, @p2, @p3, @p4, @p5, @p6, @p7, @p8, @p9, @p10, @p11, @p12, @p13);
    @p0 = 0 [Type: Decimal (0:5:28)], @p1 = 61c58cad-6fc7-45a0-9851-a72900bededc [Type: Guid (0:0:0)], @p2 = 82d9dc07-eecd-4042-a893-a72900bee0d2 [Type: Guid (0:0:0)], @p3 = 46 [Type: Decimal (0:5:28)], @p4 = 'kl' [Type: String (4000:0:0)], @p5 = 0 [Type: Decimal (0:5:28)], @p6 = 'PHP' [Type: String (4000:0:0)], @p7 = 2.47000 [Type: Decimal (0:5:28)], @p8 = 'PHP' [Type: String (4000:0:0)], @p9 = 113.62000 [Type: Decimal (0:5:28)], @p10 = 'PHP' [Type: String (4000:0:0)], @p11 = 113.62000 [Type: Decimal (0:5:28)], @p12 = 'PHP' [Type: String (4000:0:0)], @p13 = ef7b0db4-9c41-4310-ae38-a72900bee0d9 [Type: Guid (0:0:0)]

NHibernate: 
    select
        supplier0_.SupplierId as col_0_0_ 
    from
        dbo.Suppliers supplier0_
NHibernate: 
    select
        product0_.ProductId as Produ1_11_,
        product0_.Name as Name2_11_,
        product0_.Description as Descr3_11_,
        product0_.Image as Image4_11_,
        product0_.Discontinued as Disco5_11_,
        product0_.CategoryId as Categ6_11_,
        product0_.SupplierId as Suppl7_11_ 
    from
        dbo.Products product0_ 
    where
        product0_.SupplierId=@p0;
    @p0 = 45bfa825-a708-4494-877c-a72900bede7b [Type: Guid (0:0:0)]
NHibernate: 
    SELECT
        inventory0_.InventoryId as Invent1_3_0_,
        inventory0_.ConversionFactor as Conver2_3_0_,
        inventory0_.UnitOfMeasureId as UnitOf3_3_0_,
        inventory0_.UnitOfMeasureBaseId as UnitOf4_3_0_,
        inventory0_.BasePrice_Amount as BasePr5_3_0_,
        inventory0_.BasePrice_CurrencyId as BasePr6_3_0_,
        inventory0_.RetailPrice_Amount as Retail7_3_0_,
        inventory0_.RetailPrice_CurrencyId as Retail8_3_0_,
        inventory0_.WholeSalePrice_Amount as WholeS9_3_0_,
        inventory0_.WholeSalePrice_CurrencyId as Whole10_3_0_,
        inventory0_.BadStockPrice_Amount as BadSt11_3_0_,
        inventory0_.BadStockPrice_CurrencyId as BadSt12_3_0_,
        inventory0_.BadStock_Value as BadSt13_3_0_,
        inventory0_.BadStock_UnitId as BadSt14_3_0_,
        inventory0_.Received_Value as Recei15_3_0_,
        inventory0_.Received_UnitId as Recei16_3_0_,
        inventory0_.OnOrder_Value as OnOrd17_3_0_,
        inventory0_.OnOrder_UnitId as OnOrd18_3_0_,
        inventory0_.OnHand_Value as OnHan19_3_0_,
        inventory0_.OnHand_UnitId as OnHan20_3_0_,
        inventory0_.Allocated_Value as Alloc21_3_0_,
        inventory0_.Allocated_UnitId as Alloc22_3_0_,
        inventory0_.Shipped_Value as Shipp23_3_0_,
        inventory0_.Shipped_UnitId as Shipp24_3_0_,
        inventory0_.BackOrdered_Value as BackO25_3_0_,
        inventory0_.BackOrdered_UnitId as BackO26_3_0_,
        inventory0_.Available_Value as Avail27_3_0_,
        inventory0_.Available_UnitId as Avail28_3_0_,
        inventory0_.InitialLevel_Value as Initi29_3_0_,
        inventory0_.InitialLevel_UnitId as Initi30_3_0_,
        inventory0_.Shrinkage_Value as Shrin31_3_0_,
        inventory0_.Shrinkage_UnitId as Shrin32_3_0_,
        inventory0_.CurrentLevel_Value as Curre33_3_0_,
        inventory0_.CurrentLevel_UnitId as Curre34_3_0_,
        inventory0_.TargetLevel_Value as Targe35_3_0_,
        inventory0_.TargetLevel_UnitId as Targe36_3_0_,
        inventory0_.BelowTargetLevel_Value as Below37_3_0_,
        inventory0_.BelowTargetLevel_UnitId as Below38_3_0_,
        inventory0_.ReorderLevel_Value as Reord39_3_0_,
        inventory0_.ReorderLevel_UnitId as Reord40_3_0_,
        inventory0_.ReorderQuantity_Value as Reord41_3_0_,
        inventory0_.ReorderQuantity_UnitId as Reord42_3_0_,
        inventory0_.MinimumReorderQuantity_Value as Minim43_3_0_,
        inventory0_.MinimumReorderQuantity_UnitId as Minim44_3_0_ 
    FROM
        dbo.Inventories inventory0_ 
    WHERE
        inventory0_.InventoryId=@p0;
    @p0 = e58fc170-890a-4626-83f0-a72900beded0 [Type: Guid (0:0:0)]
NHibernate: 
    select
        product0_.ProductId as Produ1_11_0_,
        inventory1_.InventoryId as Invent1_3_1_,
        product0_.Name as Name2_11_0_,
        product0_.Description as Descr3_11_0_,
        product0_.Image as Image4_11_0_,
        product0_.Discontinued as Disco5_11_0_,
        product0_.CategoryId as Categ6_11_0_,
        product0_.SupplierId as Suppl7_11_0_,
        inventory1_.ConversionFactor as Conver2_3_1_,
        inventory1_.UnitOfMeasureId as UnitOf3_3_1_,
        inventory1_.UnitOfMeasureBaseId as UnitOf4_3_1_,
        inventory1_.BasePrice_Amount as BasePr5_3_1_,
        inventory1_.BasePrice_CurrencyId as BasePr6_3_1_,
        inventory1_.RetailPrice_Amount as Retail7_3_1_,
        inventory1_.RetailPrice_CurrencyId as Retail8_3_1_,
        inventory1_.WholeSalePrice_Amount as WholeS9_3_1_,
        inventory1_.WholeSalePrice_CurrencyId as Whole10_3_1_,
        inventory1_.BadStockPrice_Amount as BadSt11_3_1_,
        inventory1_.BadStockPrice_CurrencyId as BadSt12_3_1_,
        inventory1_.BadStock_Value as BadSt13_3_1_,
        inventory1_.BadStock_UnitId as BadSt14_3_1_,
        inventory1_.Received_Value as Recei15_3_1_,
        inventory1_.Received_UnitId as Recei16_3_1_,
        inventory1_.OnOrder_Value as OnOrd17_3_1_,
        inventory1_.OnOrder_UnitId as OnOrd18_3_1_,
        inventory1_.OnHand_Value as OnHan19_3_1_,
        inventory1_.OnHand_UnitId as OnHan20_3_1_,
        inventory1_.Allocated_Value as Alloc21_3_1_,
        inventory1_.Allocated_UnitId as Alloc22_3_1_,
        inventory1_.Shipped_Value as Shipp23_3_1_,
        inventory1_.Shipped_UnitId as Shipp24_3_1_,
        inventory1_.BackOrdered_Value as BackO25_3_1_,
        inventory1_.BackOrdered_UnitId as BackO26_3_1_,
        inventory1_.Available_Value as Avail27_3_1_,
        inventory1_.Available_UnitId as Avail28_3_1_,
        inventory1_.InitialLevel_Value as Initi29_3_1_,
        inventory1_.InitialLevel_UnitId as Initi30_3_1_,
        inventory1_.Shrinkage_Value as Shrin31_3_1_,
        inventory1_.Shrinkage_UnitId as Shrin32_3_1_,
        inventory1_.CurrentLevel_Value as Curre33_3_1_,
        inventory1_.CurrentLevel_UnitId as Curre34_3_1_,
        inventory1_.TargetLevel_Value as Targe35_3_1_,
        inventory1_.TargetLevel_UnitId as Targe36_3_1_,
        inventory1_.BelowTargetLevel_Value as Below37_3_1_,
        inventory1_.BelowTargetLevel_UnitId as Below38_3_1_,
        inventory1_.ReorderLevel_Value as Reord39_3_1_,
        inventory1_.ReorderLevel_UnitId as Reord40_3_1_,
        inventory1_.ReorderQuantity_Value as Reord41_3_1_,
        inventory1_.ReorderQuantity_UnitId as Reord42_3_1_,
        inventory1_.MinimumReorderQuantity_Value as Minim43_3_1_,
        inventory1_.MinimumReorderQuantity_UnitId as Minim44_3_1_ 
    from
        dbo.Products product0_ 
    left outer join
        dbo.Inventories inventory1_ 
            on product0_.ProductId=inventory1_.InventoryId 
    where
        product0_.ProductId in (
            @p0
        );
    @p0 = e58fc170-890a-4626-83f0-a72900beded0 [Type: Guid (0:0:0)]
NHibernate: Batch commands:
command 0:
    INSERT 
    INTO
        dbo.Orders
        (OrderNumber, TaxRate, Status, DueOn, OrderedOn, CreatedOn, StagedOn, ShippedOn, RoutedOn, InvoicedOn, PaidOn, CompletedOn, ReturnedOn, CancelledOn, CancellationReason, BranchId, CustomerId, PaymentTypeId, ShipperId, OrderedById, CreatedById, StagedById, ShippedById, RoutedById, InvoicedById, PaidToId, CompletedById, ReturnedById, CancelledById, PricingSchemeId, Tax_Amount, Tax_CurrencyId, ShippingFee_Amount, ShippingFee_CurrencyId, Discount_Amount, Discount_CurrencyId, Returned_Amount, Returned_CurrencyId, SubTotal_Amount, SubTotal_CurrencyId, Total_Amount, Total_CurrencyId, OrderId) 
    VALUES
        (@p0, @p1, @p2, @p3, @p4, @p5, @p6, @p7, @p8, @p9, @p10, @p11, @p12, @p13, @p14, @p15, @p16, @p17, @p18, @p19, @p20, @p21, @p22, @p23, @p24, @p25, @p26, @p27, @p28, @p29, @p30, @p31, @p32, @p33, @p34, @p35, @p36, @p37, @p38, @p39, @p40, @p41, @p42);
    @p0 = NULL [Type: String (4000:0:0)], @p1 = 0.12 [Type: Decimal (0:5:28)], @p2 = 'New' [Type: String (4000:0:0)], @p3 = NULL [Type: DateTime (0:0:0)], @p4 = 2017-03-01T19:34:58.0000000 [Type: DateTime (0:0:0)], @p5 = 2017-03-01T19:34:58.0000000 [Type: DateTime (0:0:0)], @p6 = NULL [Type: DateTime (0:0:0)], @p7 = NULL [Type: DateTime (0:0:0)], @p8 = NULL [Type: DateTime (0:0:0)], @p9 = NULL [Type: DateTime (0:0:0)], @p10 = NULL [Type: DateTime (0:0:0)], @p11 = NULL [Type: DateTime (0:0:0)], @p12 = NULL [Type: DateTime (0:0:0)], @p13 = NULL [Type: DateTime (0:0:0)], @p14 = NULL [Type: String (4000:0:0)], @p15 = 406a71d8-4dfd-4d34-821e-a5e52e144e50 [Type: Guid (0:0:0)], @p16 = 'Id__45f4b513-444a-4d46-af20-0c3dc78b2a96' [Type: String (4000:0:0)], @p17 = 'CS' [Type: String (4000:0:0)], @p18 = NULL [Type: String (4000:0:0)], @p19 = 790ee6b8-bc9d-4406-b3dc-a72900bede2a [Type: Guid (0:0:0)], @p20 = 790ee6b8-bc9d-4406-b3dc-a72900bede2a [Type: Guid (0:0:0)], @p21 = NULL [Type: Guid (0:0:0)], @p22 = NULL [Type: Guid (0:0:0)], @p23 = NULL [Type: Guid (0:0:0)], @p24 = NULL [Type: Guid (0:0:0)], @p25 = NULL [Type: Guid (0:0:0)], @p26 = NULL [Type: Guid (0:0:0)], @p27 = NULL [Type: Guid (0:0:0)], @p28 = NULL [Type: Guid (0:0:0)], @p29 = NULL [Type: String (4000:0:0)], @p30 = 0 [Type: Decimal (0:5:28)], @p31 = 'PHP' [Type: String (4000:0:0)], @p32 = 0 [Type: Decimal (0:5:28)], @p33 = 'PHP' [Type: String (4000:0:0)], @p34 = 0 [Type: Decimal (0:5:28)], @p35 = 'PHP' [Type: String (4000:0:0)], @p36 = NULL [Type: Decimal (0:5:28)], @p37 = NULL [Type: String (4000:0:0)], @p38 = 136.71000 [Type: Decimal (0:5:28)], @p39 = 'PHP' [Type: String (4000:0:0)], @p40 = 136.71000 [Type: Decimal (0:5:28)], @p41 = 'PHP' [Type: String (4000:0:0)], @p42 = 9dc80b0a-0a7a-41df-8194-a72900bee107 [Type: Guid (0:0:0)]

NHibernate: Batch commands:
command 0:
    INSERT 
    INTO
        dbo.OrderItems
        (DiscountRate, ProductId, OrderId, Quantity_Value, Quantity_UnitId, Discount_Amount, Discount_CurrencyId, UnitPrice_Amount, UnitPrice_CurrencyId, ExtendedPrice_Amount, ExtendedPrice_CurrencyId, TotalPrice_Amount, TotalPrice_CurrencyId, OrderItemId) 
    VALUES
        (@p0, @p1, @p2, @p3, @p4, @p5, @p6, @p7, @p8, @p9, @p10, @p11, @p12, @p13);
    @p0 = 0 [Type: Decimal (0:5:28)], @p1 = e58fc170-890a-4626-83f0-a72900beded0 [Type: Guid (0:0:0)], @p2 = 9dc80b0a-0a7a-41df-8194-a72900bee107 [Type: Guid (0:0:0)], @p3 = 49 [Type: Decimal (0:5:28)], @p4 = 'dag' [Type: String (4000:0:0)], @p5 = 0 [Type: Decimal (0:5:28)], @p6 = 'PHP' [Type: String (4000:0:0)], @p7 = 2.79000 [Type: Decimal (0:5:28)], @p8 = 'PHP' [Type: String (4000:0:0)], @p9 = 136.71000 [Type: Decimal (0:5:28)], @p10 = 'PHP' [Type: String (4000:0:0)], @p11 = 136.71000 [Type: Decimal (0:5:28)], @p12 = 'PHP' [Type: String (4000:0:0)], @p13 = f3d9403b-acc1-497e-94bb-a72900bee107 [Type: Guid (0:0:0)]

NHibernate: 
    select
        supplier0_.SupplierId as col_0_0_ 
    from
        dbo.Suppliers supplier0_
NHibernate: 
    select
        product0_.ProductId as Produ1_11_,
        product0_.Name as Name2_11_,
        product0_.Description as Descr3_11_,
        product0_.Image as Image4_11_,
        product0_.Discontinued as Disco5_11_,
        product0_.CategoryId as Categ6_11_,
        product0_.SupplierId as Suppl7_11_ 
    from
        dbo.Products product0_ 
    where
        product0_.SupplierId=@p0;
    @p0 = 45bfa825-a708-4494-877c-a72900bede7b [Type: Guid (0:0:0)]
NHibernate: 
    SELECT
        inventory0_.InventoryId as Invent1_3_0_,
        inventory0_.ConversionFactor as Conver2_3_0_,
        inventory0_.UnitOfMeasureId as UnitOf3_3_0_,
        inventory0_.UnitOfMeasureBaseId as UnitOf4_3_0_,
        inventory0_.BasePrice_Amount as BasePr5_3_0_,
        inventory0_.BasePrice_CurrencyId as BasePr6_3_0_,
        inventory0_.RetailPrice_Amount as Retail7_3_0_,
        inventory0_.RetailPrice_CurrencyId as Retail8_3_0_,
        inventory0_.WholeSalePrice_Amount as WholeS9_3_0_,
        inventory0_.WholeSalePrice_CurrencyId as Whole10_3_0_,
        inventory0_.BadStockPrice_Amount as BadSt11_3_0_,
        inventory0_.BadStockPrice_CurrencyId as BadSt12_3_0_,
        inventory0_.BadStock_Value as BadSt13_3_0_,
        inventory0_.BadStock_UnitId as BadSt14_3_0_,
        inventory0_.Received_Value as Recei15_3_0_,
        inventory0_.Received_UnitId as Recei16_3_0_,
        inventory0_.OnOrder_Value as OnOrd17_3_0_,
        inventory0_.OnOrder_UnitId as OnOrd18_3_0_,
        inventory0_.OnHand_Value as OnHan19_3_0_,
        inventory0_.OnHand_UnitId as OnHan20_3_0_,
        inventory0_.Allocated_Value as Alloc21_3_0_,
        inventory0_.Allocated_UnitId as Alloc22_3_0_,
        inventory0_.Shipped_Value as Shipp23_3_0_,
        inventory0_.Shipped_UnitId as Shipp24_3_0_,
        inventory0_.BackOrdered_Value as BackO25_3_0_,
        inventory0_.BackOrdered_UnitId as BackO26_3_0_,
        inventory0_.Available_Value as Avail27_3_0_,
        inventory0_.Available_UnitId as Avail28_3_0_,
        inventory0_.InitialLevel_Value as Initi29_3_0_,
        inventory0_.InitialLevel_UnitId as Initi30_3_0_,
        inventory0_.Shrinkage_Value as Shrin31_3_0_,
        inventory0_.Shrinkage_UnitId as Shrin32_3_0_,
        inventory0_.CurrentLevel_Value as Curre33_3_0_,
        inventory0_.CurrentLevel_UnitId as Curre34_3_0_,
        inventory0_.TargetLevel_Value as Targe35_3_0_,
        inventory0_.TargetLevel_UnitId as Targe36_3_0_,
        inventory0_.BelowTargetLevel_Value as Below37_3_0_,
        inventory0_.BelowTargetLevel_UnitId as Below38_3_0_,
        inventory0_.ReorderLevel_Value as Reord39_3_0_,
        inventory0_.ReorderLevel_UnitId as Reord40_3_0_,
        inventory0_.ReorderQuantity_Value as Reord41_3_0_,
        inventory0_.ReorderQuantity_UnitId as Reord42_3_0_,
        inventory0_.MinimumReorderQuantity_Value as Minim43_3_0_,
        inventory0_.MinimumReorderQuantity_UnitId as Minim44_3_0_ 
    FROM
        dbo.Inventories inventory0_ 
    WHERE
        inventory0_.InventoryId=@p0;
    @p0 = e58fc170-890a-4626-83f0-a72900beded0 [Type: Guid (0:0:0)]
NHibernate: 
    select
        product0_.ProductId as Produ1_11_0_,
        inventory1_.InventoryId as Invent1_3_1_,
        product0_.Name as Name2_11_0_,
        product0_.Description as Descr3_11_0_,
        product0_.Image as Image4_11_0_,
        product0_.Discontinued as Disco5_11_0_,
        product0_.CategoryId as Categ6_11_0_,
        product0_.SupplierId as Suppl7_11_0_,
        inventory1_.ConversionFactor as Conver2_3_1_,
        inventory1_.UnitOfMeasureId as UnitOf3_3_1_,
        inventory1_.UnitOfMeasureBaseId as UnitOf4_3_1_,
        inventory1_.BasePrice_Amount as BasePr5_3_1_,
        inventory1_.BasePrice_CurrencyId as BasePr6_3_1_,
        inventory1_.RetailPrice_Amount as Retail7_3_1_,
        inventory1_.RetailPrice_CurrencyId as Retail8_3_1_,
        inventory1_.WholeSalePrice_Amount as WholeS9_3_1_,
        inventory1_.WholeSalePrice_CurrencyId as Whole10_3_1_,
        inventory1_.BadStockPrice_Amount as BadSt11_3_1_,
        inventory1_.BadStockPrice_CurrencyId as BadSt12_3_1_,
        inventory1_.BadStock_Value as BadSt13_3_1_,
        inventory1_.BadStock_UnitId as BadSt14_3_1_,
        inventory1_.Received_Value as Recei15_3_1_,
        inventory1_.Received_UnitId as Recei16_3_1_,
        inventory1_.OnOrder_Value as OnOrd17_3_1_,
        inventory1_.OnOrder_UnitId as OnOrd18_3_1_,
        inventory1_.OnHand_Value as OnHan19_3_1_,
        inventory1_.OnHand_UnitId as OnHan20_3_1_,
        inventory1_.Allocated_Value as Alloc21_3_1_,
        inventory1_.Allocated_UnitId as Alloc22_3_1_,
        inventory1_.Shipped_Value as Shipp23_3_1_,
        inventory1_.Shipped_UnitId as Shipp24_3_1_,
        inventory1_.BackOrdered_Value as BackO25_3_1_,
        inventory1_.BackOrdered_UnitId as BackO26_3_1_,
        inventory1_.Available_Value as Avail27_3_1_,
        inventory1_.Available_UnitId as Avail28_3_1_,
        inventory1_.InitialLevel_Value as Initi29_3_1_,
        inventory1_.InitialLevel_UnitId as Initi30_3_1_,
        inventory1_.Shrinkage_Value as Shrin31_3_1_,
        inventory1_.Shrinkage_UnitId as Shrin32_3_1_,
        inventory1_.CurrentLevel_Value as Curre33_3_1_,
        inventory1_.CurrentLevel_UnitId as Curre34_3_1_,
        inventory1_.TargetLevel_Value as Targe35_3_1_,
        inventory1_.TargetLevel_UnitId as Targe36_3_1_,
        inventory1_.BelowTargetLevel_Value as Below37_3_1_,
        inventory1_.BelowTargetLevel_UnitId as Below38_3_1_,
        inventory1_.ReorderLevel_Value as Reord39_3_1_,
        inventory1_.ReorderLevel_UnitId as Reord40_3_1_,
        inventory1_.ReorderQuantity_Value as Reord41_3_1_,
        inventory1_.ReorderQuantity_UnitId as Reord42_3_1_,
        inventory1_.MinimumReorderQuantity_Value as Minim43_3_1_,
        inventory1_.MinimumReorderQuantity_UnitId as Minim44_3_1_ 
    from
        dbo.Products product0_ 
    left outer join
        dbo.Inventories inventory1_ 
            on product0_.ProductId=inventory1_.InventoryId 
    where
        product0_.ProductId in (
            @p0
        );
    @p0 = e58fc170-890a-4626-83f0-a72900beded0 [Type: Guid (0:0:0)]
NHibernate: Batch commands:
command 0:
    INSERT 
    INTO
        dbo.Orders
        (OrderNumber, TaxRate, Status, DueOn, OrderedOn, CreatedOn, StagedOn, ShippedOn, RoutedOn, InvoicedOn, PaidOn, CompletedOn, ReturnedOn, CancelledOn, CancellationReason, BranchId, CustomerId, PaymentTypeId, ShipperId, OrderedById, CreatedById, StagedById, ShippedById, RoutedById, InvoicedById, PaidToId, CompletedById, ReturnedById, CancelledById, PricingSchemeId, Tax_Amount, Tax_CurrencyId, ShippingFee_Amount, ShippingFee_CurrencyId, Discount_Amount, Discount_CurrencyId, Returned_Amount, Returned_CurrencyId, SubTotal_Amount, SubTotal_CurrencyId, Total_Amount, Total_CurrencyId, OrderId) 
    VALUES
        (@p0, @p1, @p2, @p3, @p4, @p5, @p6, @p7, @p8, @p9, @p10, @p11, @p12, @p13, @p14, @p15, @p16, @p17, @p18, @p19, @p20, @p21, @p22, @p23, @p24, @p25, @p26, @p27, @p28, @p29, @p30, @p31, @p32, @p33, @p34, @p35, @p36, @p37, @p38, @p39, @p40, @p41, @p42);
    @p0 = NULL [Type: String (4000:0:0)], @p1 = 0.12 [Type: Decimal (0:5:28)], @p2 = 'New' [Type: String (4000:0:0)], @p3 = NULL [Type: DateTime (0:0:0)], @p4 = 2017-03-01T19:34:58.0000000 [Type: DateTime (0:0:0)], @p5 = 2017-03-01T19:34:58.0000000 [Type: DateTime (0:0:0)], @p6 = NULL [Type: DateTime (0:0:0)], @p7 = NULL [Type: DateTime (0:0:0)], @p8 = NULL [Type: DateTime (0:0:0)], @p9 = NULL [Type: DateTime (0:0:0)], @p10 = NULL [Type: DateTime (0:0:0)], @p11 = NULL [Type: DateTime (0:0:0)], @p12 = NULL [Type: DateTime (0:0:0)], @p13 = NULL [Type: DateTime (0:0:0)], @p14 = NULL [Type: String (4000:0:0)], @p15 = 406a71d8-4dfd-4d34-821e-a5e52e144e50 [Type: Guid (0:0:0)], @p16 = 'Id__99d18c28-5f9c-460d-9677-1e5c6162808d' [Type: String (4000:0:0)], @p17 = 'CC' [Type: String (4000:0:0)], @p18 = NULL [Type: String (4000:0:0)], @p19 = 758be66f-a814-4a22-be17-a72900bede2e [Type: Guid (0:0:0)], @p20 = 758be66f-a814-4a22-be17-a72900bede2e [Type: Guid (0:0:0)], @p21 = NULL [Type: Guid (0:0:0)], @p22 = NULL [Type: Guid (0:0:0)], @p23 = NULL [Type: Guid (0:0:0)], @p24 = NULL [Type: Guid (0:0:0)], @p25 = NULL [Type: Guid (0:0:0)], @p26 = NULL [Type: Guid (0:0:0)], @p27 = NULL [Type: Guid (0:0:0)], @p28 = NULL [Type: Guid (0:0:0)], @p29 = NULL [Type: String (4000:0:0)], @p30 = 0 [Type: Decimal (0:5:28)], @p31 = 'PHP' [Type: String (4000:0:0)], @p32 = 0 [Type: Decimal (0:5:28)], @p33 = 'PHP' [Type: String (4000:0:0)], @p34 = 0 [Type: Decimal (0:5:28)], @p35 = 'PHP' [Type: String (4000:0:0)], @p36 = NULL [Type: Decimal (0:5:28)], @p37 = NULL [Type: String (4000:0:0)], @p38 = 19.53000 [Type: Decimal (0:5:28)], @p39 = 'PHP' [Type: String (4000:0:0)], @p40 = 19.53000 [Type: Decimal (0:5:28)], @p41 = 'PHP' [Type: String (4000:0:0)], @p42 = 197b3a8c-06c0-48b6-96f1-a72900bee10d [Type: Guid (0:0:0)]

NHibernate: Batch commands:
command 0:
    INSERT 
    INTO
        dbo.OrderItems
        (DiscountRate, ProductId, OrderId, Quantity_Value, Quantity_UnitId, Discount_Amount, Discount_CurrencyId, UnitPrice_Amount, UnitPrice_CurrencyId, ExtendedPrice_Amount, ExtendedPrice_CurrencyId, TotalPrice_Amount, TotalPrice_CurrencyId, OrderItemId) 
    VALUES
        (@p0, @p1, @p2, @p3, @p4, @p5, @p6, @p7, @p8, @p9, @p10, @p11, @p12, @p13);
    @p0 = 0 [Type: Decimal (0:5:28)], @p1 = e58fc170-890a-4626-83f0-a72900beded0 [Type: Guid (0:0:0)], @p2 = 197b3a8c-06c0-48b6-96f1-a72900bee10d [Type: Guid (0:0:0)], @p3 = 7 [Type: Decimal (0:5:28)], @p4 = 'dag' [Type: String (4000:0:0)], @p5 = 0 [Type: Decimal (0:5:28)], @p6 = 'PHP' [Type: String (4000:0:0)], @p7 = 2.79000 [Type: Decimal (0:5:28)], @p8 = 'PHP' [Type: String (4000:0:0)], @p9 = 19.53000 [Type: Decimal (0:5:28)], @p10 = 'PHP' [Type: String (4000:0:0)], @p11 = 19.53000 [Type: Decimal (0:5:28)], @p12 = 'PHP' [Type: String (4000:0:0)], @p13 = 291036e0-69b9-47e7-8ae2-a72900bee10d [Type: Guid (0:0:0)]

NHibernate: 
    select
        supplier0_.SupplierId as col_0_0_ 
    from
        dbo.Suppliers supplier0_
NHibernate: 
    select
        product0_.ProductId as Produ1_11_,
        product0_.Name as Name2_11_,
        product0_.Description as Descr3_11_,
        product0_.Image as Image4_11_,
        product0_.Discontinued as Disco5_11_,
        product0_.CategoryId as Categ6_11_,
        product0_.SupplierId as Suppl7_11_ 
    from
        dbo.Products product0_ 
    where
        product0_.SupplierId=@p0;
    @p0 = ad43fe9c-6954-4886-a8f4-a72900bede80 [Type: Guid (0:0:0)]
NHibernate: 
    SELECT
        inventory0_.InventoryId as Invent1_3_0_,
        inventory0_.ConversionFactor as Conver2_3_0_,
        inventory0_.UnitOfMeasureId as UnitOf3_3_0_,
        inventory0_.UnitOfMeasureBaseId as UnitOf4_3_0_,
        inventory0_.BasePrice_Amount as BasePr5_3_0_,
        inventory0_.BasePrice_CurrencyId as BasePr6_3_0_,
        inventory0_.RetailPrice_Amount as Retail7_3_0_,
        inventory0_.RetailPrice_CurrencyId as Retail8_3_0_,
        inventory0_.WholeSalePrice_Amount as WholeS9_3_0_,
        inventory0_.WholeSalePrice_CurrencyId as Whole10_3_0_,
        inventory0_.BadStockPrice_Amount as BadSt11_3_0_,
        inventory0_.BadStockPrice_CurrencyId as BadSt12_3_0_,
        inventory0_.BadStock_Value as BadSt13_3_0_,
        inventory0_.BadStock_UnitId as BadSt14_3_0_,
        inventory0_.Received_Value as Recei15_3_0_,
        inventory0_.Received_UnitId as Recei16_3_0_,
        inventory0_.OnOrder_Value as OnOrd17_3_0_,
        inventory0_.OnOrder_UnitId as OnOrd18_3_0_,
        inventory0_.OnHand_Value as OnHan19_3_0_,
        inventory0_.OnHand_UnitId as OnHan20_3_0_,
        inventory0_.Allocated_Value as Alloc21_3_0_,
        inventory0_.Allocated_UnitId as Alloc22_3_0_,
        inventory0_.Shipped_Value as Shipp23_3_0_,
        inventory0_.Shipped_UnitId as Shipp24_3_0_,
        inventory0_.BackOrdered_Value as BackO25_3_0_,
        inventory0_.BackOrdered_UnitId as BackO26_3_0_,
        inventory0_.Available_Value as Avail27_3_0_,
        inventory0_.Available_UnitId as Avail28_3_0_,
        inventory0_.InitialLevel_Value as Initi29_3_0_,
        inventory0_.InitialLevel_UnitId as Initi30_3_0_,
        inventory0_.Shrinkage_Value as Shrin31_3_0_,
        inventory0_.Shrinkage_UnitId as Shrin32_3_0_,
        inventory0_.CurrentLevel_Value as Curre33_3_0_,
        inventory0_.CurrentLevel_UnitId as Curre34_3_0_,
        inventory0_.TargetLevel_Value as Targe35_3_0_,
        inventory0_.TargetLevel_UnitId as Targe36_3_0_,
        inventory0_.BelowTargetLevel_Value as Below37_3_0_,
        inventory0_.BelowTargetLevel_UnitId as Below38_3_0_,
        inventory0_.ReorderLevel_Value as Reord39_3_0_,
        inventory0_.ReorderLevel_UnitId as Reord40_3_0_,
        inventory0_.ReorderQuantity_Value as Reord41_3_0_,
        inventory0_.ReorderQuantity_UnitId as Reord42_3_0_,
        inventory0_.MinimumReorderQuantity_Value as Minim43_3_0_,
        inventory0_.MinimumReorderQuantity_UnitId as Minim44_3_0_ 
    FROM
        dbo.Inventories inventory0_ 
    WHERE
        inventory0_.InventoryId=@p0;
    @p0 = 9d087926-8eca-43f6-bffb-a72900bedec9 [Type: Guid (0:0:0)]
NHibernate: 
    SELECT
        inventory0_.InventoryId as Invent1_3_0_,
        inventory0_.ConversionFactor as Conver2_3_0_,
        inventory0_.UnitOfMeasureId as UnitOf3_3_0_,
        inventory0_.UnitOfMeasureBaseId as UnitOf4_3_0_,
        inventory0_.BasePrice_Amount as BasePr5_3_0_,
        inventory0_.BasePrice_CurrencyId as BasePr6_3_0_,
        inventory0_.RetailPrice_Amount as Retail7_3_0_,
        inventory0_.RetailPrice_CurrencyId as Retail8_3_0_,
        inventory0_.WholeSalePrice_Amount as WholeS9_3_0_,
        inventory0_.WholeSalePrice_CurrencyId as Whole10_3_0_,
        inventory0_.BadStockPrice_Amount as BadSt11_3_0_,
        inventory0_.BadStockPrice_CurrencyId as BadSt12_3_0_,
        inventory0_.BadStock_Value as BadSt13_3_0_,
        inventory0_.BadStock_UnitId as BadSt14_3_0_,
        inventory0_.Received_Value as Recei15_3_0_,
        inventory0_.Received_UnitId as Recei16_3_0_,
        inventory0_.OnOrder_Value as OnOrd17_3_0_,
        inventory0_.OnOrder_UnitId as OnOrd18_3_0_,
        inventory0_.OnHand_Value as OnHan19_3_0_,
        inventory0_.OnHand_UnitId as OnHan20_3_0_,
        inventory0_.Allocated_Value as Alloc21_3_0_,
        inventory0_.Allocated_UnitId as Alloc22_3_0_,
        inventory0_.Shipped_Value as Shipp23_3_0_,
        inventory0_.Shipped_UnitId as Shipp24_3_0_,
        inventory0_.BackOrdered_Value as BackO25_3_0_,
        inventory0_.BackOrdered_UnitId as BackO26_3_0_,
        inventory0_.Available_Value as Avail27_3_0_,
        inventory0_.Available_UnitId as Avail28_3_0_,
        inventory0_.InitialLevel_Value as Initi29_3_0_,
        inventory0_.InitialLevel_UnitId as Initi30_3_0_,
        inventory0_.Shrinkage_Value as Shrin31_3_0_,
        inventory0_.Shrinkage_UnitId as Shrin32_3_0_,
        inventory0_.CurrentLevel_Value as Curre33_3_0_,
        inventory0_.CurrentLevel_UnitId as Curre34_3_0_,
        inventory0_.TargetLevel_Value as Targe35_3_0_,
        inventory0_.TargetLevel_UnitId as Targe36_3_0_,
        inventory0_.BelowTargetLevel_Value as Below37_3_0_,
        inventory0_.BelowTargetLevel_UnitId as Below38_3_0_,
        inventory0_.ReorderLevel_Value as Reord39_3_0_,
        inventory0_.ReorderLevel_UnitId as Reord40_3_0_,
        inventory0_.ReorderQuantity_Value as Reord41_3_0_,
        inventory0_.ReorderQuantity_UnitId as Reord42_3_0_,
        inventory0_.MinimumReorderQuantity_Value as Minim43_3_0_,
        inventory0_.MinimumReorderQuantity_UnitId as Minim44_3_0_ 
    FROM
        dbo.Inventories inventory0_ 
    WHERE
        inventory0_.InventoryId=@p0;
    @p0 = 61c58cad-6fc7-45a0-9851-a72900bededc [Type: Guid (0:0:0)]
NHibernate: 
    select
        product0_.ProductId as Produ1_11_0_,
        inventory1_.InventoryId as Invent1_3_1_,
        product0_.Name as Name2_11_0_,
        product0_.Description as Descr3_11_0_,
        product0_.Image as Image4_11_0_,
        product0_.Discontinued as Disco5_11_0_,
        product0_.CategoryId as Categ6_11_0_,
        product0_.SupplierId as Suppl7_11_0_,
        inventory1_.ConversionFactor as Conver2_3_1_,
        inventory1_.UnitOfMeasureId as UnitOf3_3_1_,
        inventory1_.UnitOfMeasureBaseId as UnitOf4_3_1_,
        inventory1_.BasePrice_Amount as BasePr5_3_1_,
        inventory1_.BasePrice_CurrencyId as BasePr6_3_1_,
        inventory1_.RetailPrice_Amount as Retail7_3_1_,
        inventory1_.RetailPrice_CurrencyId as Retail8_3_1_,
        inventory1_.WholeSalePrice_Amount as WholeS9_3_1_,
        inventory1_.WholeSalePrice_CurrencyId as Whole10_3_1_,
        inventory1_.BadStockPrice_Amount as BadSt11_3_1_,
        inventory1_.BadStockPrice_CurrencyId as BadSt12_3_1_,
        inventory1_.BadStock_Value as BadSt13_3_1_,
        inventory1_.BadStock_UnitId as BadSt14_3_1_,
        inventory1_.Received_Value as Recei15_3_1_,
        inventory1_.Received_UnitId as Recei16_3_1_,
        inventory1_.OnOrder_Value as OnOrd17_3_1_,
        inventory1_.OnOrder_UnitId as OnOrd18_3_1_,
        inventory1_.OnHand_Value as OnHan19_3_1_,
        inventory1_.OnHand_UnitId as OnHan20_3_1_,
        inventory1_.Allocated_Value as Alloc21_3_1_,
        inventory1_.Allocated_UnitId as Alloc22_3_1_,
        inventory1_.Shipped_Value as Shipp23_3_1_,
        inventory1_.Shipped_UnitId as Shipp24_3_1_,
        inventory1_.BackOrdered_Value as BackO25_3_1_,
        inventory1_.BackOrdered_UnitId as BackO26_3_1_,
        inventory1_.Available_Value as Avail27_3_1_,
        inventory1_.Available_UnitId as Avail28_3_1_,
        inventory1_.InitialLevel_Value as Initi29_3_1_,
        inventory1_.InitialLevel_UnitId as Initi30_3_1_,
        inventory1_.Shrinkage_Value as Shrin31_3_1_,
        inventory1_.Shrinkage_UnitId as Shrin32_3_1_,
        inventory1_.CurrentLevel_Value as Curre33_3_1_,
        inventory1_.CurrentLevel_UnitId as Curre34_3_1_,
        inventory1_.TargetLevel_Value as Targe35_3_1_,
        inventory1_.TargetLevel_UnitId as Targe36_3_1_,
        inventory1_.BelowTargetLevel_Value as Below37_3_1_,
        inventory1_.BelowTargetLevel_UnitId as Below38_3_1_,
        inventory1_.ReorderLevel_Value as Reord39_3_1_,
        inventory1_.ReorderLevel_UnitId as Reord40_3_1_,
        inventory1_.ReorderQuantity_Value as Reord41_3_1_,
        inventory1_.ReorderQuantity_UnitId as Reord42_3_1_,
        inventory1_.MinimumReorderQuantity_Value as Minim43_3_1_,
        inventory1_.MinimumReorderQuantity_UnitId as Minim44_3_1_ 
    from
        dbo.Products product0_ 
    left outer join
        dbo.Inventories inventory1_ 
            on product0_.ProductId=inventory1_.InventoryId 
    where
        product0_.ProductId in (
            @p0 , @p1
        );
    @p0 = 9d087926-8eca-43f6-bffb-a72900bedec9 [Type: Guid (0:0:0)], @p1 = 61c58cad-6fc7-45a0-9851-a72900bededc [Type: Guid (0:0:0)]
NHibernate: Batch commands:
command 0:
    INSERT 
    INTO
        dbo.Orders
        (OrderNumber, TaxRate, Status, DueOn, OrderedOn, CreatedOn, StagedOn, ShippedOn, RoutedOn, InvoicedOn, PaidOn, CompletedOn, ReturnedOn, CancelledOn, CancellationReason, BranchId, CustomerId, PaymentTypeId, ShipperId, OrderedById, CreatedById, StagedById, ShippedById, RoutedById, InvoicedById, PaidToId, CompletedById, ReturnedById, CancelledById, PricingSchemeId, Tax_Amount, Tax_CurrencyId, ShippingFee_Amount, ShippingFee_CurrencyId, Discount_Amount, Discount_CurrencyId, Returned_Amount, Returned_CurrencyId, SubTotal_Amount, SubTotal_CurrencyId, Total_Amount, Total_CurrencyId, OrderId) 
    VALUES
        (@p0, @p1, @p2, @p3, @p4, @p5, @p6, @p7, @p8, @p9, @p10, @p11, @p12, @p13, @p14, @p15, @p16, @p17, @p18, @p19, @p20, @p21, @p22, @p23, @p24, @p25, @p26, @p27, @p28, @p29, @p30, @p31, @p32, @p33, @p34, @p35, @p36, @p37, @p38, @p39, @p40, @p41, @p42);
    @p0 = NULL [Type: String (4000:0:0)], @p1 = 0.12 [Type: Decimal (0:5:28)], @p2 = 'New' [Type: String (4000:0:0)], @p3 = NULL [Type: DateTime (0:0:0)], @p4 = 2017-03-01T19:34:58.0000000 [Type: DateTime (0:0:0)], @p5 = 2017-03-01T19:34:58.0000000 [Type: DateTime (0:0:0)], @p6 = NULL [Type: DateTime (0:0:0)], @p7 = NULL [Type: DateTime (0:0:0)], @p8 = NULL [Type: DateTime (0:0:0)], @p9 = NULL [Type: DateTime (0:0:0)], @p10 = NULL [Type: DateTime (0:0:0)], @p11 = NULL [Type: DateTime (0:0:0)], @p12 = NULL [Type: DateTime (0:0:0)], @p13 = NULL [Type: DateTime (0:0:0)], @p14 = NULL [Type: String (4000:0:0)], @p15 = 406a71d8-4dfd-4d34-821e-a5e52e144e50 [Type: Guid (0:0:0)], @p16 = 'Id__aee2d8c3-bee5-4a5b-8481-e780742d84ef' [Type: String (4000:0:0)], @p17 = 'CC' [Type: String (4000:0:0)], @p18 = NULL [Type: String (4000:0:0)], @p19 = 790ee6b8-bc9d-4406-b3dc-a72900bede2a [Type: Guid (0:0:0)], @p20 = 790ee6b8-bc9d-4406-b3dc-a72900bede2a [Type: Guid (0:0:0)], @p21 = NULL [Type: Guid (0:0:0)], @p22 = NULL [Type: Guid (0:0:0)], @p23 = NULL [Type: Guid (0:0:0)], @p24 = NULL [Type: Guid (0:0:0)], @p25 = NULL [Type: Guid (0:0:0)], @p26 = NULL [Type: Guid (0:0:0)], @p27 = NULL [Type: Guid (0:0:0)], @p28 = NULL [Type: Guid (0:0:0)], @p29 = NULL [Type: String (4000:0:0)], @p30 = 0 [Type: Decimal (0:5:28)], @p31 = 'PHP' [Type: String (4000:0:0)], @p32 = 0 [Type: Decimal (0:5:28)], @p33 = 'PHP' [Type: String (4000:0:0)], @p34 = 0 [Type: Decimal (0:5:28)], @p35 = 'PHP' [Type: String (4000:0:0)], @p36 = NULL [Type: Decimal (0:5:28)], @p37 = NULL [Type: String (4000:0:0)], @p38 = 20.73000 [Type: Decimal (0:5:28)], @p39 = 'PHP' [Type: String (4000:0:0)], @p40 = 20.73000 [Type: Decimal (0:5:28)], @p41 = 'PHP' [Type: String (4000:0:0)], @p42 = 0b1b9f12-5a43-4443-9ee9-a72900bee113 [Type: Guid (0:0:0)]

NHibernate: Batch commands:
command 0:
    INSERT 
    INTO
        dbo.OrderItems
        (DiscountRate, ProductId, OrderId, Quantity_Value, Quantity_UnitId, Discount_Amount, Discount_CurrencyId, UnitPrice_Amount, UnitPrice_CurrencyId, ExtendedPrice_Amount, ExtendedPrice_CurrencyId, TotalPrice_Amount, TotalPrice_CurrencyId, OrderItemId) 
    VALUES
        (@p0, @p1, @p2, @p3, @p4, @p5, @p6, @p7, @p8, @p9, @p10, @p11, @p12, @p13);
    @p0 = 0 [Type: Decimal (0:5:28)], @p1 = 9d087926-8eca-43f6-bffb-a72900bedec9 [Type: Guid (0:0:0)], @p2 = 0b1b9f12-5a43-4443-9ee9-a72900bee113 [Type: Guid (0:0:0)], @p3 = 6 [Type: Decimal (0:5:28)], @p4 = 'g' [Type: String (4000:0:0)], @p5 = 0 [Type: Decimal (0:5:28)], @p6 = 'PHP' [Type: String (4000:0:0)], @p7 = 2.22000 [Type: Decimal (0:5:28)], @p8 = 'PHP' [Type: String (4000:0:0)], @p9 = 13.32000 [Type: Decimal (0:5:28)], @p10 = 'PHP' [Type: String (4000:0:0)], @p11 = 13.32000 [Type: Decimal (0:5:28)], @p12 = 'PHP' [Type: String (4000:0:0)], @p13 = 51cdee45-95c3-4779-9db4-a72900bee113 [Type: Guid (0:0:0)]
command 1:
    INSERT 
    INTO
        dbo.OrderItems
        (DiscountRate, ProductId, OrderId, Quantity_Value, Quantity_UnitId, Discount_Amount, Discount_CurrencyId, UnitPrice_Amount, UnitPrice_CurrencyId, ExtendedPrice_Amount, ExtendedPrice_CurrencyId, TotalPrice_Amount, TotalPrice_CurrencyId, OrderItemId) 
    VALUES
        (@p0, @p1, @p2, @p3, @p4, @p5, @p6, @p7, @p8, @p9, @p10, @p11, @p12, @p13);
    @p0 = 0 [Type: Decimal (0:5:28)], @p1 = 61c58cad-6fc7-45a0-9851-a72900bededc [Type: Guid (0:0:0)], @p2 = 0b1b9f12-5a43-4443-9ee9-a72900bee113 [Type: Guid (0:0:0)], @p3 = 3 [Type: Decimal (0:5:28)], @p4 = 'kl' [Type: String (4000:0:0)], @p5 = 0 [Type: Decimal (0:5:28)], @p6 = 'PHP' [Type: String (4000:0:0)], @p7 = 2.47000 [Type: Decimal (0:5:28)], @p8 = 'PHP' [Type: String (4000:0:0)], @p9 = 7.41000 [Type: Decimal (0:5:28)], @p10 = 'PHP' [Type: String (4000:0:0)], @p11 = 7.41000 [Type: Decimal (0:5:28)], @p12 = 'PHP' [Type: String (4000:0:0)], @p13 = a1c12a9e-2f53-4c8e-876c-a72900bee113 [Type: Guid (0:0:0)]

NHibernate: 
    select
        supplier0_.SupplierId as col_0_0_ 
    from
        dbo.Suppliers supplier0_
NHibernate: 
    select
        product0_.ProductId as Produ1_11_,
        product0_.Name as Name2_11_,
        product0_.Description as Descr3_11_,
        product0_.Image as Image4_11_,
        product0_.Discontinued as Disco5_11_,
        product0_.CategoryId as Categ6_11_,
        product0_.SupplierId as Suppl7_11_ 
    from
        dbo.Products product0_ 
    where
        product0_.SupplierId=@p0;
    @p0 = c955b115-ff72-421d-9a24-a72900bede7e [Type: Guid (0:0:0)]
NHibernate: 
    SELECT
        inventory0_.InventoryId as Invent1_3_0_,
        inventory0_.ConversionFactor as Conver2_3_0_,
        inventory0_.UnitOfMeasureId as UnitOf3_3_0_,
        inventory0_.UnitOfMeasureBaseId as UnitOf4_3_0_,
        inventory0_.BasePrice_Amount as BasePr5_3_0_,
        inventory0_.BasePrice_CurrencyId as BasePr6_3_0_,
        inventory0_.RetailPrice_Amount as Retail7_3_0_,
        inventory0_.RetailPrice_CurrencyId as Retail8_3_0_,
        inventory0_.WholeSalePrice_Amount as WholeS9_3_0_,
        inventory0_.WholeSalePrice_CurrencyId as Whole10_3_0_,
        inventory0_.BadStockPrice_Amount as BadSt11_3_0_,
        inventory0_.BadStockPrice_CurrencyId as BadSt12_3_0_,
        inventory0_.BadStock_Value as BadSt13_3_0_,
        inventory0_.BadStock_UnitId as BadSt14_3_0_,
        inventory0_.Received_Value as Recei15_3_0_,
        inventory0_.Received_UnitId as Recei16_3_0_,
        inventory0_.OnOrder_Value as OnOrd17_3_0_,
        inventory0_.OnOrder_UnitId as OnOrd18_3_0_,
        inventory0_.OnHand_Value as OnHan19_3_0_,
        inventory0_.OnHand_UnitId as OnHan20_3_0_,
        inventory0_.Allocated_Value as Alloc21_3_0_,
        inventory0_.Allocated_UnitId as Alloc22_3_0_,
        inventory0_.Shipped_Value as Shipp23_3_0_,
        inventory0_.Shipped_UnitId as Shipp24_3_0_,
        inventory0_.BackOrdered_Value as BackO25_3_0_,
        inventory0_.BackOrdered_UnitId as BackO26_3_0_,
        inventory0_.Available_Value as Avail27_3_0_,
        inventory0_.Available_UnitId as Avail28_3_0_,
        inventory0_.InitialLevel_Value as Initi29_3_0_,
        inventory0_.InitialLevel_UnitId as Initi30_3_0_,
        inventory0_.Shrinkage_Value as Shrin31_3_0_,
        inventory0_.Shrinkage_UnitId as Shrin32_3_0_,
        inventory0_.CurrentLevel_Value as Curre33_3_0_,
        inventory0_.CurrentLevel_UnitId as Curre34_3_0_,
        inventory0_.TargetLevel_Value as Targe35_3_0_,
        inventory0_.TargetLevel_UnitId as Targe36_3_0_,
        inventory0_.BelowTargetLevel_Value as Below37_3_0_,
        inventory0_.BelowTargetLevel_UnitId as Below38_3_0_,
        inventory0_.ReorderLevel_Value as Reord39_3_0_,
        inventory0_.ReorderLevel_UnitId as Reord40_3_0_,
        inventory0_.ReorderQuantity_Value as Reord41_3_0_,
        inventory0_.ReorderQuantity_UnitId as Reord42_3_0_,
        inventory0_.MinimumReorderQuantity_Value as Minim43_3_0_,
        inventory0_.MinimumReorderQuantity_UnitId as Minim44_3_0_ 
    FROM
        dbo.Inventories inventory0_ 
    WHERE
        inventory0_.InventoryId=@p0;
    @p0 = 2dd4466c-5098-41aa-98d7-a72900bedebe [Type: Guid (0:0:0)]
NHibernate: 
    SELECT
        inventory0_.InventoryId as Invent1_3_0_,
        inventory0_.ConversionFactor as Conver2_3_0_,
        inventory0_.UnitOfMeasureId as UnitOf3_3_0_,
        inventory0_.UnitOfMeasureBaseId as UnitOf4_3_0_,
        inventory0_.BasePrice_Amount as BasePr5_3_0_,
        inventory0_.BasePrice_CurrencyId as BasePr6_3_0_,
        inventory0_.RetailPrice_Amount as Retail7_3_0_,
        inventory0_.RetailPrice_CurrencyId as Retail8_3_0_,
        inventory0_.WholeSalePrice_Amount as WholeS9_3_0_,
        inventory0_.WholeSalePrice_CurrencyId as Whole10_3_0_,
        inventory0_.BadStockPrice_Amount as BadSt11_3_0_,
        inventory0_.BadStockPrice_CurrencyId as BadSt12_3_0_,
        inventory0_.BadStock_Value as BadSt13_3_0_,
        inventory0_.BadStock_UnitId as BadSt14_3_0_,
        inventory0_.Received_Value as Recei15_3_0_,
        inventory0_.Received_UnitId as Recei16_3_0_,
        inventory0_.OnOrder_Value as OnOrd17_3_0_,
        inventory0_.OnOrder_UnitId as OnOrd18_3_0_,
        inventory0_.OnHand_Value as OnHan19_3_0_,
        inventory0_.OnHand_UnitId as OnHan20_3_0_,
        inventory0_.Allocated_Value as Alloc21_3_0_,
        inventory0_.Allocated_UnitId as Alloc22_3_0_,
        inventory0_.Shipped_Value as Shipp23_3_0_,
        inventory0_.Shipped_UnitId as Shipp24_3_0_,
        inventory0_.BackOrdered_Value as BackO25_3_0_,
        inventory0_.BackOrdered_UnitId as BackO26_3_0_,
        inventory0_.Available_Value as Avail27_3_0_,
        inventory0_.Available_UnitId as Avail28_3_0_,
        inventory0_.InitialLevel_Value as Initi29_3_0_,
        inventory0_.InitialLevel_UnitId as Initi30_3_0_,
        inventory0_.Shrinkage_Value as Shrin31_3_0_,
        inventory0_.Shrinkage_UnitId as Shrin32_3_0_,
        inventory0_.CurrentLevel_Value as Curre33_3_0_,
        inventory0_.CurrentLevel_UnitId as Curre34_3_0_,
        inventory0_.TargetLevel_Value as Targe35_3_0_,
        inventory0_.TargetLevel_UnitId as Targe36_3_0_,
        inventory0_.BelowTargetLevel_Value as Below37_3_0_,
        inventory0_.BelowTargetLevel_UnitId as Below38_3_0_,
        inventory0_.ReorderLevel_Value as Reord39_3_0_,
        inventory0_.ReorderLevel_UnitId as Reord40_3_0_,
        inventory0_.ReorderQuantity_Value as Reord41_3_0_,
        inventory0_.ReorderQuantity_UnitId as Reord42_3_0_,
        inventory0_.MinimumReorderQuantity_Value as Minim43_3_0_,
        inventory0_.MinimumReorderQuantity_UnitId as Minim44_3_0_ 
    FROM
        dbo.Inventories inventory0_ 
    WHERE
        inventory0_.InventoryId=@p0;
    @p0 = 0ba5213f-ca05-493d-8ad0-a72900bedecd [Type: Guid (0:0:0)]
NHibernate: 
    SELECT
        inventory0_.InventoryId as Invent1_3_0_,
        inventory0_.ConversionFactor as Conver2_3_0_,
        inventory0_.UnitOfMeasureId as UnitOf3_3_0_,
        inventory0_.UnitOfMeasureBaseId as UnitOf4_3_0_,
        inventory0_.BasePrice_Amount as BasePr5_3_0_,
        inventory0_.BasePrice_CurrencyId as BasePr6_3_0_,
        inventory0_.RetailPrice_Amount as Retail7_3_0_,
        inventory0_.RetailPrice_CurrencyId as Retail8_3_0_,
        inventory0_.WholeSalePrice_Amount as WholeS9_3_0_,
        inventory0_.WholeSalePrice_CurrencyId as Whole10_3_0_,
        inventory0_.BadStockPrice_Amount as BadSt11_3_0_,
        inventory0_.BadStockPrice_CurrencyId as BadSt12_3_0_,
        inventory0_.BadStock_Value as BadSt13_3_0_,
        inventory0_.BadStock_UnitId as BadSt14_3_0_,
        inventory0_.Received_Value as Recei15_3_0_,
        inventory0_.Received_UnitId as Recei16_3_0_,
        inventory0_.OnOrder_Value as OnOrd17_3_0_,
        inventory0_.OnOrder_UnitId as OnOrd18_3_0_,
        inventory0_.OnHand_Value as OnHan19_3_0_,
        inventory0_.OnHand_UnitId as OnHan20_3_0_,
        inventory0_.Allocated_Value as Alloc21_3_0_,
        inventory0_.Allocated_UnitId as Alloc22_3_0_,
        inventory0_.Shipped_Value as Shipp23_3_0_,
        inventory0_.Shipped_UnitId as Shipp24_3_0_,
        inventory0_.BackOrdered_Value as BackO25_3_0_,
        inventory0_.BackOrdered_UnitId as BackO26_3_0_,
        inventory0_.Available_Value as Avail27_3_0_,
        inventory0_.Available_UnitId as Avail28_3_0_,
        inventory0_.InitialLevel_Value as Initi29_3_0_,
        inventory0_.InitialLevel_UnitId as Initi30_3_0_,
        inventory0_.Shrinkage_Value as Shrin31_3_0_,
        inventory0_.Shrinkage_UnitId as Shrin32_3_0_,
        inventory0_.CurrentLevel_Value as Curre33_3_0_,
        inventory0_.CurrentLevel_UnitId as Curre34_3_0_,
        inventory0_.TargetLevel_Value as Targe35_3_0_,
        inventory0_.TargetLevel_UnitId as Targe36_3_0_,
        inventory0_.BelowTargetLevel_Value as Below37_3_0_,
        inventory0_.BelowTargetLevel_UnitId as Below38_3_0_,
        inventory0_.ReorderLevel_Value as Reord39_3_0_,
        inventory0_.ReorderLevel_UnitId as Reord40_3_0_,
        inventory0_.ReorderQuantity_Value as Reord41_3_0_,
        inventory0_.ReorderQuantity_UnitId as Reord42_3_0_,
        inventory0_.MinimumReorderQuantity_Value as Minim43_3_0_,
        inventory0_.MinimumReorderQuantity_UnitId as Minim44_3_0_ 
    FROM
        dbo.Inventories inventory0_ 
    WHERE
        inventory0_.InventoryId=@p0;
    @p0 = 2b3e8df7-c4e9-4a4c-96b7-a72900bededf [Type: Guid (0:0:0)]
NHibernate: 
    SELECT
        inventory0_.InventoryId as Invent1_3_0_,
        inventory0_.ConversionFactor as Conver2_3_0_,
        inventory0_.UnitOfMeasureId as UnitOf3_3_0_,
        inventory0_.UnitOfMeasureBaseId as UnitOf4_3_0_,
        inventory0_.BasePrice_Amount as BasePr5_3_0_,
        inventory0_.BasePrice_CurrencyId as BasePr6_3_0_,
        inventory0_.RetailPrice_Amount as Retail7_3_0_,
        inventory0_.RetailPrice_CurrencyId as Retail8_3_0_,
        inventory0_.WholeSalePrice_Amount as WholeS9_3_0_,
        inventory0_.WholeSalePrice_CurrencyId as Whole10_3_0_,
        inventory0_.BadStockPrice_Amount as BadSt11_3_0_,
        inventory0_.BadStockPrice_CurrencyId as BadSt12_3_0_,
        inventory0_.BadStock_Value as BadSt13_3_0_,
        inventory0_.BadStock_UnitId as BadSt14_3_0_,
        inventory0_.Received_Value as Recei15_3_0_,
        inventory0_.Received_UnitId as Recei16_3_0_,
        inventory0_.OnOrder_Value as OnOrd17_3_0_,
        inventory0_.OnOrder_UnitId as OnOrd18_3_0_,
        inventory0_.OnHand_Value as OnHan19_3_0_,
        inventory0_.OnHand_UnitId as OnHan20_3_0_,
        inventory0_.Allocated_Value as Alloc21_3_0_,
        inventory0_.Allocated_UnitId as Alloc22_3_0_,
        inventory0_.Shipped_Value as Shipp23_3_0_,
        inventory0_.Shipped_UnitId as Shipp24_3_0_,
        inventory0_.BackOrdered_Value as BackO25_3_0_,
        inventory0_.BackOrdered_UnitId as BackO26_3_0_,
        inventory0_.Available_Value as Avail27_3_0_,
        inventory0_.Available_UnitId as Avail28_3_0_,
        inventory0_.InitialLevel_Value as Initi29_3_0_,
        inventory0_.InitialLevel_UnitId as Initi30_3_0_,
        inventory0_.Shrinkage_Value as Shrin31_3_0_,
        inventory0_.Shrinkage_UnitId as Shrin32_3_0_,
        inventory0_.CurrentLevel_Value as Curre33_3_0_,
        inventory0_.CurrentLevel_UnitId as Curre34_3_0_,
        inventory0_.TargetLevel_Value as Targe35_3_0_,
        inventory0_.TargetLevel_UnitId as Targe36_3_0_,
        inventory0_.BelowTargetLevel_Value as Below37_3_0_,
        inventory0_.BelowTargetLevel_UnitId as Below38_3_0_,
        inventory0_.ReorderLevel_Value as Reord39_3_0_,
        inventory0_.ReorderLevel_UnitId as Reord40_3_0_,
        inventory0_.ReorderQuantity_Value as Reord41_3_0_,
        inventory0_.ReorderQuantity_UnitId as Reord42_3_0_,
        inventory0_.MinimumReorderQuantity_Value as Minim43_3_0_,
        inventory0_.MinimumReorderQuantity_UnitId as Minim44_3_0_ 
    FROM
        dbo.Inventories inventory0_ 
    WHERE
        inventory0_.InventoryId=@p0;
    @p0 = 0fe0a0dd-21e5-446d-9eed-a72900bedeec [Type: Guid (0:0:0)]
NHibernate: 
    select
        product0_.ProductId as Produ1_11_0_,
        inventory1_.InventoryId as Invent1_3_1_,
        product0_.Name as Name2_11_0_,
        product0_.Description as Descr3_11_0_,
        product0_.Image as Image4_11_0_,
        product0_.Discontinued as Disco5_11_0_,
        product0_.CategoryId as Categ6_11_0_,
        product0_.SupplierId as Suppl7_11_0_,
        inventory1_.ConversionFactor as Conver2_3_1_,
        inventory1_.UnitOfMeasureId as UnitOf3_3_1_,
        inventory1_.UnitOfMeasureBaseId as UnitOf4_3_1_,
        inventory1_.BasePrice_Amount as BasePr5_3_1_,
        inventory1_.BasePrice_CurrencyId as BasePr6_3_1_,
        inventory1_.RetailPrice_Amount as Retail7_3_1_,
        inventory1_.RetailPrice_CurrencyId as Retail8_3_1_,
        inventory1_.WholeSalePrice_Amount as WholeS9_3_1_,
        inventory1_.WholeSalePrice_CurrencyId as Whole10_3_1_,
        inventory1_.BadStockPrice_Amount as BadSt11_3_1_,
        inventory1_.BadStockPrice_CurrencyId as BadSt12_3_1_,
        inventory1_.BadStock_Value as BadSt13_3_1_,
        inventory1_.BadStock_UnitId as BadSt14_3_1_,
        inventory1_.Received_Value as Recei15_3_1_,
        inventory1_.Received_UnitId as Recei16_3_1_,
        inventory1_.OnOrder_Value as OnOrd17_3_1_,
        inventory1_.OnOrder_UnitId as OnOrd18_3_1_,
        inventory1_.OnHand_Value as OnHan19_3_1_,
        inventory1_.OnHand_UnitId as OnHan20_3_1_,
        inventory1_.Allocated_Value as Alloc21_3_1_,
        inventory1_.Allocated_UnitId as Alloc22_3_1_,
        inventory1_.Shipped_Value as Shipp23_3_1_,
        inventory1_.Shipped_UnitId as Shipp24_3_1_,
        inventory1_.BackOrdered_Value as BackO25_3_1_,
        inventory1_.BackOrdered_UnitId as BackO26_3_1_,
        inventory1_.Available_Value as Avail27_3_1_,
        inventory1_.Available_UnitId as Avail28_3_1_,
        inventory1_.InitialLevel_Value as Initi29_3_1_,
        inventory1_.InitialLevel_UnitId as Initi30_3_1_,
        inventory1_.Shrinkage_Value as Shrin31_3_1_,
        inventory1_.Shrinkage_UnitId as Shrin32_3_1_,
        inventory1_.CurrentLevel_Value as Curre33_3_1_,
        inventory1_.CurrentLevel_UnitId as Curre34_3_1_,
        inventory1_.TargetLevel_Value as Targe35_3_1_,
        inventory1_.TargetLevel_UnitId as Targe36_3_1_,
        inventory1_.BelowTargetLevel_Value as Below37_3_1_,
        inventory1_.BelowTargetLevel_UnitId as Below38_3_1_,
        inventory1_.ReorderLevel_Value as Reord39_3_1_,
        inventory1_.ReorderLevel_UnitId as Reord40_3_1_,
        inventory1_.ReorderQuantity_Value as Reord41_3_1_,
        inventory1_.ReorderQuantity_UnitId as Reord42_3_1_,
        inventory1_.MinimumReorderQuantity_Value as Minim43_3_1_,
        inventory1_.MinimumReorderQuantity_UnitId as Minim44_3_1_ 
    from
        dbo.Products product0_ 
    left outer join
        dbo.Inventories inventory1_ 
            on product0_.ProductId=inventory1_.InventoryId 
    where
        product0_.ProductId in (
            @p0 , @p1 , @p2 , @p3
        );
    @p0 = 2dd4466c-5098-41aa-98d7-a72900bedebe [Type: Guid (0:0:0)], @p1 = 0ba5213f-ca05-493d-8ad0-a72900bedecd [Type: Guid (0:0:0)], @p2 = 2b3e8df7-c4e9-4a4c-96b7-a72900bededf [Type: Guid (0:0:0)], @p3 = 0fe0a0dd-21e5-446d-9eed-a72900bedeec [Type: Guid (0:0:0)]
NHibernate: Batch commands:
command 0:
    INSERT 
    INTO
        dbo.Orders
        (OrderNumber, TaxRate, Status, DueOn, OrderedOn, CreatedOn, StagedOn, ShippedOn, RoutedOn, InvoicedOn, PaidOn, CompletedOn, ReturnedOn, CancelledOn, CancellationReason, BranchId, CustomerId, PaymentTypeId, ShipperId, OrderedById, CreatedById, StagedById, ShippedById, RoutedById, InvoicedById, PaidToId, CompletedById, ReturnedById, CancelledById, PricingSchemeId, Tax_Amount, Tax_CurrencyId, ShippingFee_Amount, ShippingFee_CurrencyId, Discount_Amount, Discount_CurrencyId, Returned_Amount, Returned_CurrencyId, SubTotal_Amount, SubTotal_CurrencyId, Total_Amount, Total_CurrencyId, OrderId) 
    VALUES
        (@p0, @p1, @p2, @p3, @p4, @p5, @p6, @p7, @p8, @p9, @p10, @p11, @p12, @p13, @p14, @p15, @p16, @p17, @p18, @p19, @p20, @p21, @p22, @p23, @p24, @p25, @p26, @p27, @p28, @p29, @p30, @p31, @p32, @p33, @p34, @p35, @p36, @p37, @p38, @p39, @p40, @p41, @p42);
    @p0 = NULL [Type: String (4000:0:0)], @p1 = 0.12 [Type: Decimal (0:5:28)], @p2 = 'New' [Type: String (4000:0:0)], @p3 = NULL [Type: DateTime (0:0:0)], @p4 = 2017-03-01T19:34:58.0000000 [Type: DateTime (0:0:0)], @p5 = 2017-03-01T19:34:58.0000000 [Type: DateTime (0:0:0)], @p6 = NULL [Type: DateTime (0:0:0)], @p7 = NULL [Type: DateTime (0:0:0)], @p8 = NULL [Type: DateTime (0:0:0)], @p9 = NULL [Type: DateTime (0:0:0)], @p10 = NULL [Type: DateTime (0:0:0)], @p11 = NULL [Type: DateTime (0:0:0)], @p12 = NULL [Type: DateTime (0:0:0)], @p13 = NULL [Type: DateTime (0:0:0)], @p14 = NULL [Type: String (4000:0:0)], @p15 = 406a71d8-4dfd-4d34-821e-a5e52e144e50 [Type: Guid (0:0:0)], @p16 = 'Id__aee2d8c3-bee5-4a5b-8481-e780742d84ef' [Type: String (4000:0:0)], @p17 = 'CS' [Type: String (4000:0:0)], @p18 = NULL [Type: String (4000:0:0)], @p19 = 758be66f-a814-4a22-be17-a72900bede2e [Type: Guid (0:0:0)], @p20 = 758be66f-a814-4a22-be17-a72900bede2e [Type: Guid (0:0:0)], @p21 = NULL [Type: Guid (0:0:0)], @p22 = NULL [Type: Guid (0:0:0)], @p23 = NULL [Type: Guid (0:0:0)], @p24 = NULL [Type: Guid (0:0:0)], @p25 = NULL [Type: Guid (0:0:0)], @p26 = NULL [Type: Guid (0:0:0)], @p27 = NULL [Type: Guid (0:0:0)], @p28 = NULL [Type: Guid (0:0:0)], @p29 = NULL [Type: String (4000:0:0)], @p30 = 0 [Type: Decimal (0:5:28)], @p31 = 'PHP' [Type: String (4000:0:0)], @p32 = 0 [Type: Decimal (0:5:28)], @p33 = 'PHP' [Type: String (4000:0:0)], @p34 = 0 [Type: Decimal (0:5:28)], @p35 = 'PHP' [Type: String (4000:0:0)], @p36 = NULL [Type: Decimal (0:5:28)], @p37 = NULL [Type: String (4000:0:0)], @p38 = 599.06000 [Type: Decimal (0:5:28)], @p39 = 'PHP' [Type: String (4000:0:0)], @p40 = 599.06000 [Type: Decimal (0:5:28)], @p41 = 'PHP' [Type: String (4000:0:0)], @p42 = 5e91f2f7-b495-4d9e-af05-a72900bee11d [Type: Guid (0:0:0)]

NHibernate: Batch commands:
command 0:
    INSERT 
    INTO
        dbo.OrderItems
        (DiscountRate, ProductId, OrderId, Quantity_Value, Quantity_UnitId, Discount_Amount, Discount_CurrencyId, UnitPrice_Amount, UnitPrice_CurrencyId, ExtendedPrice_Amount, ExtendedPrice_CurrencyId, TotalPrice_Amount, TotalPrice_CurrencyId, OrderItemId) 
    VALUES
        (@p0, @p1, @p2, @p3, @p4, @p5, @p6, @p7, @p8, @p9, @p10, @p11, @p12, @p13);
    @p0 = 0 [Type: Decimal (0:5:28)], @p1 = 2dd4466c-5098-41aa-98d7-a72900bedebe [Type: Guid (0:0:0)], @p2 = 5e91f2f7-b495-4d9e-af05-a72900bee11d [Type: Guid (0:0:0)], @p3 = 26 [Type: Decimal (0:5:28)], @p4 = 'cm' [Type: String (4000:0:0)], @p5 = 0 [Type: Decimal (0:5:28)], @p6 = 'PHP' [Type: String (4000:0:0)], @p7 = 2.59000 [Type: Decimal (0:5:28)], @p8 = 'PHP' [Type: String (4000:0:0)], @p9 = 67.34000 [Type: Decimal (0:5:28)], @p10 = 'PHP' [Type: String (4000:0:0)], @p11 = 67.34000 [Type: Decimal (0:5:28)], @p12 = 'PHP' [Type: String (4000:0:0)], @p13 = f61e6170-42ec-4f52-b16b-a72900bee11d [Type: Guid (0:0:0)]
command 1:
    INSERT 
    INTO
        dbo.OrderItems
        (DiscountRate, ProductId, OrderId, Quantity_Value, Quantity_UnitId, Discount_Amount, Discount_CurrencyId, UnitPrice_Amount, UnitPrice_CurrencyId, ExtendedPrice_Amount, ExtendedPrice_CurrencyId, TotalPrice_Amount, TotalPrice_CurrencyId, OrderItemId) 
    VALUES
        (@p0, @p1, @p2, @p3, @p4, @p5, @p6, @p7, @p8, @p9, @p10, @p11, @p12, @p13);
    @p0 = 0 [Type: Decimal (0:5:28)], @p1 = 0ba5213f-ca05-493d-8ad0-a72900bedecd [Type: Guid (0:0:0)], @p2 = 5e91f2f7-b495-4d9e-af05-a72900bee11d [Type: Guid (0:0:0)], @p3 = 27 [Type: Decimal (0:5:28)], @p4 = 'hl' [Type: String (4000:0:0)], @p5 = 0 [Type: Decimal (0:5:28)], @p6 = 'PHP' [Type: String (4000:0:0)], @p7 = 2.87000 [Type: Decimal (0:5:28)], @p8 = 'PHP' [Type: String (4000:0:0)], @p9 = 77.49000 [Type: Decimal (0:5:28)], @p10 = 'PHP' [Type: String (4000:0:0)], @p11 = 77.49000 [Type: Decimal (0:5:28)], @p12 = 'PHP' [Type: String (4000:0:0)], @p13 = c56cc996-326d-40f6-b57f-a72900bee11d [Type: Guid (0:0:0)]
command 2:
    INSERT 
    INTO
        dbo.OrderItems
        (DiscountRate, ProductId, OrderId, Quantity_Value, Quantity_UnitId, Discount_Amount, Discount_CurrencyId, UnitPrice_Amount, UnitPrice_CurrencyId, ExtendedPrice_Amount, ExtendedPrice_CurrencyId, TotalPrice_Amount, TotalPrice_CurrencyId, OrderItemId) 
    VALUES
        (@p0, @p1, @p2, @p3, @p4, @p5, @p6, @p7, @p8, @p9, @p10, @p11, @p12, @p13);
    @p0 = 0 [Type: Decimal (0:5:28)], @p1 = 2b3e8df7-c4e9-4a4c-96b7-a72900bededf [Type: Guid (0:0:0)], @p2 = 5e91f2f7-b495-4d9e-af05-a72900bee11d [Type: Guid (0:0:0)], @p3 = 77 [Type: Decimal (0:5:28)], @p4 = 'cm' [Type: String (4000:0:0)], @p5 = 0 [Type: Decimal (0:5:28)], @p6 = 'PHP' [Type: String (4000:0:0)], @p7 = 2.87000 [Type: Decimal (0:5:28)], @p8 = 'PHP' [Type: String (4000:0:0)], @p9 = 220.99000 [Type: Decimal (0:5:28)], @p10 = 'PHP' [Type: String (4000:0:0)], @p11 = 220.99000 [Type: Decimal (0:5:28)], @p12 = 'PHP' [Type: String (4000:0:0)], @p13 = 7781633a-7b41-4936-aad5-a72900bee11d [Type: Guid (0:0:0)]
command 3:
    INSERT 
    INTO
        dbo.OrderItems
        (DiscountRate, ProductId, OrderId, Quantity_Value, Quantity_UnitId, Discount_Amount, Discount_CurrencyId, UnitPrice_Amount, UnitPrice_CurrencyId, ExtendedPrice_Amount, ExtendedPrice_CurrencyId, TotalPrice_Amount, TotalPrice_CurrencyId, OrderItemId) 
    VALUES
        (@p0, @p1, @p2, @p3, @p4, @p5, @p6, @p7, @p8, @p9, @p10, @p11, @p12, @p13);
    @p0 = 0 [Type: Decimal (0:5:28)], @p1 = 0fe0a0dd-21e5-446d-9eed-a72900bedeec [Type: Guid (0:0:0)], @p2 = 5e91f2f7-b495-4d9e-af05-a72900bee11d [Type: Guid (0:0:0)], @p3 = 98 [Type: Decimal (0:5:28)], @p4 = 'l' [Type: String (4000:0:0)], @p5 = 0 [Type: Decimal (0:5:28)], @p6 = 'PHP' [Type: String (4000:0:0)], @p7 = 2.38000 [Type: Decimal (0:5:28)], @p8 = 'PHP' [Type: String (4000:0:0)], @p9 = 233.24000 [Type: Decimal (0:5:28)], @p10 = 'PHP' [Type: String (4000:0:0)], @p11 = 233.24000 [Type: Decimal (0:5:28)], @p12 = 'PHP' [Type: String (4000:0:0)], @p13 = efd651ea-675f-4d57-ad82-a72900bee11d [Type: Guid (0:0:0)]

NHibernate: 
    select
        supplier0_.SupplierId as col_0_0_ 
    from
        dbo.Suppliers supplier0_
NHibernate: 
    select
        product0_.ProductId as Produ1_11_,
        product0_.Name as Name2_11_,
        product0_.Description as Descr3_11_,
        product0_.Image as Image4_11_,
        product0_.Discontinued as Disco5_11_,
        product0_.CategoryId as Categ6_11_,
        product0_.SupplierId as Suppl7_11_ 
    from
        dbo.Products product0_ 
    where
        product0_.SupplierId=@p0;
    @p0 = ad43fe9c-6954-4886-a8f4-a72900bede80 [Type: Guid (0:0:0)]
NHibernate: 
    SELECT
        inventory0_.InventoryId as Invent1_3_0_,
        inventory0_.ConversionFactor as Conver2_3_0_,
        inventory0_.UnitOfMeasureId as UnitOf3_3_0_,
        inventory0_.UnitOfMeasureBaseId as UnitOf4_3_0_,
        inventory0_.BasePrice_Amount as BasePr5_3_0_,
        inventory0_.BasePrice_CurrencyId as BasePr6_3_0_,
        inventory0_.RetailPrice_Amount as Retail7_3_0_,
        inventory0_.RetailPrice_CurrencyId as Retail8_3_0_,
        inventory0_.WholeSalePrice_Amount as WholeS9_3_0_,
        inventory0_.WholeSalePrice_CurrencyId as Whole10_3_0_,
        inventory0_.BadStockPrice_Amount as BadSt11_3_0_,
        inventory0_.BadStockPrice_CurrencyId as BadSt12_3_0_,
        inventory0_.BadStock_Value as BadSt13_3_0_,
        inventory0_.BadStock_UnitId as BadSt14_3_0_,
        inventory0_.Received_Value as Recei15_3_0_,
        inventory0_.Received_UnitId as Recei16_3_0_,
        inventory0_.OnOrder_Value as OnOrd17_3_0_,
        inventory0_.OnOrder_UnitId as OnOrd18_3_0_,
        inventory0_.OnHand_Value as OnHan19_3_0_,
        inventory0_.OnHand_UnitId as OnHan20_3_0_,
        inventory0_.Allocated_Value as Alloc21_3_0_,
        inventory0_.Allocated_UnitId as Alloc22_3_0_,
        inventory0_.Shipped_Value as Shipp23_3_0_,
        inventory0_.Shipped_UnitId as Shipp24_3_0_,
        inventory0_.BackOrdered_Value as BackO25_3_0_,
        inventory0_.BackOrdered_UnitId as BackO26_3_0_,
        inventory0_.Available_Value as Avail27_3_0_,
        inventory0_.Available_UnitId as Avail28_3_0_,
        inventory0_.InitialLevel_Value as Initi29_3_0_,
        inventory0_.InitialLevel_UnitId as Initi30_3_0_,
        inventory0_.Shrinkage_Value as Shrin31_3_0_,
        inventory0_.Shrinkage_UnitId as Shrin32_3_0_,
        inventory0_.CurrentLevel_Value as Curre33_3_0_,
        inventory0_.CurrentLevel_UnitId as Curre34_3_0_,
        inventory0_.TargetLevel_Value as Targe35_3_0_,
        inventory0_.TargetLevel_UnitId as Targe36_3_0_,
        inventory0_.BelowTargetLevel_Value as Below37_3_0_,
        inventory0_.BelowTargetLevel_UnitId as Below38_3_0_,
        inventory0_.ReorderLevel_Value as Reord39_3_0_,
        inventory0_.ReorderLevel_UnitId as Reord40_3_0_,
        inventory0_.ReorderQuantity_Value as Reord41_3_0_,
        inventory0_.ReorderQuantity_UnitId as Reord42_3_0_,
        inventory0_.MinimumReorderQuantity_Value as Minim43_3_0_,
        inventory0_.MinimumReorderQuantity_UnitId as Minim44_3_0_ 
    FROM
        dbo.Inventories inventory0_ 
    WHERE
        inventory0_.InventoryId=@p0;
    @p0 = 9d087926-8eca-43f6-bffb-a72900bedec9 [Type: Guid (0:0:0)]
NHibernate: 
    SELECT
        inventory0_.InventoryId as Invent1_3_0_,
        inventory0_.ConversionFactor as Conver2_3_0_,
        inventory0_.UnitOfMeasureId as UnitOf3_3_0_,
        inventory0_.UnitOfMeasureBaseId as UnitOf4_3_0_,
        inventory0_.BasePrice_Amount as BasePr5_3_0_,
        inventory0_.BasePrice_CurrencyId as BasePr6_3_0_,
        inventory0_.RetailPrice_Amount as Retail7_3_0_,
        inventory0_.RetailPrice_CurrencyId as Retail8_3_0_,
        inventory0_.WholeSalePrice_Amount as WholeS9_3_0_,
        inventory0_.WholeSalePrice_CurrencyId as Whole10_3_0_,
        inventory0_.BadStockPrice_Amount as BadSt11_3_0_,
        inventory0_.BadStockPrice_CurrencyId as BadSt12_3_0_,
        inventory0_.BadStock_Value as BadSt13_3_0_,
        inventory0_.BadStock_UnitId as BadSt14_3_0_,
        inventory0_.Received_Value as Recei15_3_0_,
        inventory0_.Received_UnitId as Recei16_3_0_,
        inventory0_.OnOrder_Value as OnOrd17_3_0_,
        inventory0_.OnOrder_UnitId as OnOrd18_3_0_,
        inventory0_.OnHand_Value as OnHan19_3_0_,
        inventory0_.OnHand_UnitId as OnHan20_3_0_,
        inventory0_.Allocated_Value as Alloc21_3_0_,
        inventory0_.Allocated_UnitId as Alloc22_3_0_,
        inventory0_.Shipped_Value as Shipp23_3_0_,
        inventory0_.Shipped_UnitId as Shipp24_3_0_,
        inventory0_.BackOrdered_Value as BackO25_3_0_,
        inventory0_.BackOrdered_UnitId as BackO26_3_0_,
        inventory0_.Available_Value as Avail27_3_0_,
        inventory0_.Available_UnitId as Avail28_3_0_,
        inventory0_.InitialLevel_Value as Initi29_3_0_,
        inventory0_.InitialLevel_UnitId as Initi30_3_0_,
        inventory0_.Shrinkage_Value as Shrin31_3_0_,
        inventory0_.Shrinkage_UnitId as Shrin32_3_0_,
        inventory0_.CurrentLevel_Value as Curre33_3_0_,
        inventory0_.CurrentLevel_UnitId as Curre34_3_0_,
        inventory0_.TargetLevel_Value as Targe35_3_0_,
        inventory0_.TargetLevel_UnitId as Targe36_3_0_,
        inventory0_.BelowTargetLevel_Value as Below37_3_0_,
        inventory0_.BelowTargetLevel_UnitId as Below38_3_0_,
        inventory0_.ReorderLevel_Value as Reord39_3_0_,
        inventory0_.ReorderLevel_UnitId as Reord40_3_0_,
        inventory0_.ReorderQuantity_Value as Reord41_3_0_,
        inventory0_.ReorderQuantity_UnitId as Reord42_3_0_,
        inventory0_.MinimumReorderQuantity_Value as Minim43_3_0_,
        inventory0_.MinimumReorderQuantity_UnitId as Minim44_3_0_ 
    FROM
        dbo.Inventories inventory0_ 
    WHERE
        inventory0_.InventoryId=@p0;
    @p0 = 61c58cad-6fc7-45a0-9851-a72900bededc [Type: Guid (0:0:0)]
NHibernate: 
    select
        product0_.ProductId as Produ1_11_0_,
        inventory1_.InventoryId as Invent1_3_1_,
        product0_.Name as Name2_11_0_,
        product0_.Description as Descr3_11_0_,
        product0_.Image as Image4_11_0_,
        product0_.Discontinued as Disco5_11_0_,
        product0_.CategoryId as Categ6_11_0_,
        product0_.SupplierId as Suppl7_11_0_,
        inventory1_.ConversionFactor as Conver2_3_1_,
        inventory1_.UnitOfMeasureId as UnitOf3_3_1_,
        inventory1_.UnitOfMeasureBaseId as UnitOf4_3_1_,
        inventory1_.BasePrice_Amount as BasePr5_3_1_,
        inventory1_.BasePrice_CurrencyId as BasePr6_3_1_,
        inventory1_.RetailPrice_Amount as Retail7_3_1_,
        inventory1_.RetailPrice_CurrencyId as Retail8_3_1_,
        inventory1_.WholeSalePrice_Amount as WholeS9_3_1_,
        inventory1_.WholeSalePrice_CurrencyId as Whole10_3_1_,
        inventory1_.BadStockPrice_Amount as BadSt11_3_1_,
        inventory1_.BadStockPrice_CurrencyId as BadSt12_3_1_,
        inventory1_.BadStock_Value as BadSt13_3_1_,
        inventory1_.BadStock_UnitId as BadSt14_3_1_,
        inventory1_.Received_Value as Recei15_3_1_,
        inventory1_.Received_UnitId as Recei16_3_1_,
        inventory1_.OnOrder_Value as OnOrd17_3_1_,
        inventory1_.OnOrder_UnitId as OnOrd18_3_1_,
        inventory1_.OnHand_Value as OnHan19_3_1_,
        inventory1_.OnHand_UnitId as OnHan20_3_1_,
        inventory1_.Allocated_Value as Alloc21_3_1_,
        inventory1_.Allocated_UnitId as Alloc22_3_1_,
        inventory1_.Shipped_Value as Shipp23_3_1_,
        inventory1_.Shipped_UnitId as Shipp24_3_1_,
        inventory1_.BackOrdered_Value as BackO25_3_1_,
        inventory1_.BackOrdered_UnitId as BackO26_3_1_,
        inventory1_.Available_Value as Avail27_3_1_,
        inventory1_.Available_UnitId as Avail28_3_1_,
        inventory1_.InitialLevel_Value as Initi29_3_1_,
        inventory1_.InitialLevel_UnitId as Initi30_3_1_,
        inventory1_.Shrinkage_Value as Shrin31_3_1_,
        inventory1_.Shrinkage_UnitId as Shrin32_3_1_,
        inventory1_.CurrentLevel_Value as Curre33_3_1_,
        inventory1_.CurrentLevel_UnitId as Curre34_3_1_,
        inventory1_.TargetLevel_Value as Targe35_3_1_,
        inventory1_.TargetLevel_UnitId as Targe36_3_1_,
        inventory1_.BelowTargetLevel_Value as Below37_3_1_,
        inventory1_.BelowTargetLevel_UnitId as Below38_3_1_,
        inventory1_.ReorderLevel_Value as Reord39_3_1_,
        inventory1_.ReorderLevel_UnitId as Reord40_3_1_,
        inventory1_.ReorderQuantity_Value as Reord41_3_1_,
        inventory1_.ReorderQuantity_UnitId as Reord42_3_1_,
        inventory1_.MinimumReorderQuantity_Value as Minim43_3_1_,
        inventory1_.MinimumReorderQuantity_UnitId as Minim44_3_1_ 
    from
        dbo.Products product0_ 
    left outer join
        dbo.Inventories inventory1_ 
            on product0_.ProductId=inventory1_.InventoryId 
    where
        product0_.ProductId in (
            @p0 , @p1
        );
    @p0 = 9d087926-8eca-43f6-bffb-a72900bedec9 [Type: Guid (0:0:0)], @p1 = 61c58cad-6fc7-45a0-9851-a72900bededc [Type: Guid (0:0:0)]
NHibernate: Batch commands:
command 0:
    INSERT 
    INTO
        dbo.Orders
        (OrderNumber, TaxRate, Status, DueOn, OrderedOn, CreatedOn, StagedOn, ShippedOn, RoutedOn, InvoicedOn, PaidOn, CompletedOn, ReturnedOn, CancelledOn, CancellationReason, BranchId, CustomerId, PaymentTypeId, ShipperId, OrderedById, CreatedById, StagedById, ShippedById, RoutedById, InvoicedById, PaidToId, CompletedById, ReturnedById, CancelledById, PricingSchemeId, Tax_Amount, Tax_CurrencyId, ShippingFee_Amount, ShippingFee_CurrencyId, Discount_Amount, Discount_CurrencyId, Returned_Amount, Returned_CurrencyId, SubTotal_Amount, SubTotal_CurrencyId, Total_Amount, Total_CurrencyId, OrderId) 
    VALUES
        (@p0, @p1, @p2, @p3, @p4, @p5, @p6, @p7, @p8, @p9, @p10, @p11, @p12, @p13, @p14, @p15, @p16, @p17, @p18, @p19, @p20, @p21, @p22, @p23, @p24, @p25, @p26, @p27, @p28, @p29, @p30, @p31, @p32, @p33, @p34, @p35, @p36, @p37, @p38, @p39, @p40, @p41, @p42);
    @p0 = NULL [Type: String (4000:0:0)], @p1 = 0.12 [Type: Decimal (0:5:28)], @p2 = 'New' [Type: String (4000:0:0)], @p3 = NULL [Type: DateTime (0:0:0)], @p4 = 2017-03-01T19:34:58.0000000 [Type: DateTime (0:0:0)], @p5 = 2017-03-01T19:34:58.0000000 [Type: DateTime (0:0:0)], @p6 = NULL [Type: DateTime (0:0:0)], @p7 = NULL [Type: DateTime (0:0:0)], @p8 = NULL [Type: DateTime (0:0:0)], @p9 = NULL [Type: DateTime (0:0:0)], @p10 = NULL [Type: DateTime (0:0:0)], @p11 = NULL [Type: DateTime (0:0:0)], @p12 = NULL [Type: DateTime (0:0:0)], @p13 = NULL [Type: DateTime (0:0:0)], @p14 = NULL [Type: String (4000:0:0)], @p15 = 406a71d8-4dfd-4d34-821e-a5e52e144e50 [Type: Guid (0:0:0)], @p16 = 'Id__aee2d8c3-bee5-4a5b-8481-e780742d84ef' [Type: String (4000:0:0)], @p17 = 'CK' [Type: String (4000:0:0)], @p18 = NULL [Type: String (4000:0:0)], @p19 = 790ee6b8-bc9d-4406-b3dc-a72900bede2a [Type: Guid (0:0:0)], @p20 = 790ee6b8-bc9d-4406-b3dc-a72900bede2a [Type: Guid (0:0:0)], @p21 = NULL [Type: Guid (0:0:0)], @p22 = NULL [Type: Guid (0:0:0)], @p23 = NULL [Type: Guid (0:0:0)], @p24 = NULL [Type: Guid (0:0:0)], @p25 = NULL [Type: Guid (0:0:0)], @p26 = NULL [Type: Guid (0:0:0)], @p27 = NULL [Type: Guid (0:0:0)], @p28 = NULL [Type: Guid (0:0:0)], @p29 = NULL [Type: String (4000:0:0)], @p30 = 0 [Type: Decimal (0:5:28)], @p31 = 'PHP' [Type: String (4000:0:0)], @p32 = 0 [Type: Decimal (0:5:28)], @p33 = 'PHP' [Type: String (4000:0:0)], @p34 = 0 [Type: Decimal (0:5:28)], @p35 = 'PHP' [Type: String (4000:0:0)], @p36 = NULL [Type: Decimal (0:5:28)], @p37 = NULL [Type: String (4000:0:0)], @p38 = 119.72000 [Type: Decimal (0:5:28)], @p39 = 'PHP' [Type: String (4000:0:0)], @p40 = 119.72000 [Type: Decimal (0:5:28)], @p41 = 'PHP' [Type: String (4000:0:0)], @p42 = bdbafa4f-c45b-4e1d-a717-a72900bee126 [Type: Guid (0:0:0)]

NHibernate: Batch commands:
command 0:
    INSERT 
    INTO
        dbo.OrderItems
        (DiscountRate, ProductId, OrderId, Quantity_Value, Quantity_UnitId, Discount_Amount, Discount_CurrencyId, UnitPrice_Amount, UnitPrice_CurrencyId, ExtendedPrice_Amount, ExtendedPrice_CurrencyId, TotalPrice_Amount, TotalPrice_CurrencyId, OrderItemId) 
    VALUES
        (@p0, @p1, @p2, @p3, @p4, @p5, @p6, @p7, @p8, @p9, @p10, @p11, @p12, @p13);
    @p0 = 0 [Type: Decimal (0:5:28)], @p1 = 9d087926-8eca-43f6-bffb-a72900bedec9 [Type: Guid (0:0:0)], @p2 = bdbafa4f-c45b-4e1d-a717-a72900bee126 [Type: Guid (0:0:0)], @p3 = 25 [Type: Decimal (0:5:28)], @p4 = 'g' [Type: String (4000:0:0)], @p5 = 0 [Type: Decimal (0:5:28)], @p6 = 'PHP' [Type: String (4000:0:0)], @p7 = 2.22000 [Type: Decimal (0:5:28)], @p8 = 'PHP' [Type: String (4000:0:0)], @p9 = 55.50000 [Type: Decimal (0:5:28)], @p10 = 'PHP' [Type: String (4000:0:0)], @p11 = 55.50000 [Type: Decimal (0:5:28)], @p12 = 'PHP' [Type: String (4000:0:0)], @p13 = 95d236dd-4297-49d3-85d8-a72900bee126 [Type: Guid (0:0:0)]
command 1:
    INSERT 
    INTO
        dbo.OrderItems
        (DiscountRate, ProductId, OrderId, Quantity_Value, Quantity_UnitId, Discount_Amount, Discount_CurrencyId, UnitPrice_Amount, UnitPrice_CurrencyId, ExtendedPrice_Amount, ExtendedPrice_CurrencyId, TotalPrice_Amount, TotalPrice_CurrencyId, OrderItemId) 
    VALUES
        (@p0, @p1, @p2, @p3, @p4, @p5, @p6, @p7, @p8, @p9, @p10, @p11, @p12, @p13);
    @p0 = 0 [Type: Decimal (0:5:28)], @p1 = 61c58cad-6fc7-45a0-9851-a72900bededc [Type: Guid (0:0:0)], @p2 = bdbafa4f-c45b-4e1d-a717-a72900bee126 [Type: Guid (0:0:0)], @p3 = 26 [Type: Decimal (0:5:28)], @p4 = 'kl' [Type: String (4000:0:0)], @p5 = 0 [Type: Decimal (0:5:28)], @p6 = 'PHP' [Type: String (4000:0:0)], @p7 = 2.47000 [Type: Decimal (0:5:28)], @p8 = 'PHP' [Type: String (4000:0:0)], @p9 = 64.22000 [Type: Decimal (0:5:28)], @p10 = 'PHP' [Type: String (4000:0:0)], @p11 = 64.22000 [Type: Decimal (0:5:28)], @p12 = 'PHP' [Type: String (4000:0:0)], @p13 = f97e4090-fd70-4666-9319-a72900bee126 [Type: Guid (0:0:0)]

NHibernate: 
    select
        supplier0_.SupplierId as col_0_0_ 
    from
        dbo.Suppliers supplier0_
NHibernate: 
    select
        product0_.ProductId as Produ1_11_,
        product0_.Name as Name2_11_,
        product0_.Description as Descr3_11_,
        product0_.Image as Image4_11_,
        product0_.Discontinued as Disco5_11_,
        product0_.CategoryId as Categ6_11_,
        product0_.SupplierId as Suppl7_11_ 
    from
        dbo.Products product0_ 
    where
        product0_.SupplierId=@p0;
    @p0 = aa94c6ef-c890-4e4c-a462-a72900bede73 [Type: Guid (0:0:0)]
NHibernate: 
    SELECT
        inventory0_.InventoryId as Invent1_3_0_,
        inventory0_.ConversionFactor as Conver2_3_0_,
        inventory0_.UnitOfMeasureId as UnitOf3_3_0_,
        inventory0_.UnitOfMeasureBaseId as UnitOf4_3_0_,
        inventory0_.BasePrice_Amount as BasePr5_3_0_,
        inventory0_.BasePrice_CurrencyId as BasePr6_3_0_,
        inventory0_.RetailPrice_Amount as Retail7_3_0_,
        inventory0_.RetailPrice_CurrencyId as Retail8_3_0_,
        inventory0_.WholeSalePrice_Amount as WholeS9_3_0_,
        inventory0_.WholeSalePrice_CurrencyId as Whole10_3_0_,
        inventory0_.BadStockPrice_Amount as BadSt11_3_0_,
        inventory0_.BadStockPrice_CurrencyId as BadSt12_3_0_,
        inventory0_.BadStock_Value as BadSt13_3_0_,
        inventory0_.BadStock_UnitId as BadSt14_3_0_,
        inventory0_.Received_Value as Recei15_3_0_,
        inventory0_.Received_UnitId as Recei16_3_0_,
        inventory0_.OnOrder_Value as OnOrd17_3_0_,
        inventory0_.OnOrder_UnitId as OnOrd18_3_0_,
        inventory0_.OnHand_Value as OnHan19_3_0_,
        inventory0_.OnHand_UnitId as OnHan20_3_0_,
        inventory0_.Allocated_Value as Alloc21_3_0_,
        inventory0_.Allocated_UnitId as Alloc22_3_0_,
        inventory0_.Shipped_Value as Shipp23_3_0_,
        inventory0_.Shipped_UnitId as Shipp24_3_0_,
        inventory0_.BackOrdered_Value as BackO25_3_0_,
        inventory0_.BackOrdered_UnitId as BackO26_3_0_,
        inventory0_.Available_Value as Avail27_3_0_,
        inventory0_.Available_UnitId as Avail28_3_0_,
        inventory0_.InitialLevel_Value as Initi29_3_0_,
        inventory0_.InitialLevel_UnitId as Initi30_3_0_,
        inventory0_.Shrinkage_Value as Shrin31_3_0_,
        inventory0_.Shrinkage_UnitId as Shrin32_3_0_,
        inventory0_.CurrentLevel_Value as Curre33_3_0_,
        inventory0_.CurrentLevel_UnitId as Curre34_3_0_,
        inventory0_.TargetLevel_Value as Targe35_3_0_,
        inventory0_.TargetLevel_UnitId as Targe36_3_0_,
        inventory0_.BelowTargetLevel_Value as Below37_3_0_,
        inventory0_.BelowTargetLevel_UnitId as Below38_3_0_,
        inventory0_.ReorderLevel_Value as Reord39_3_0_,
        inventory0_.ReorderLevel_UnitId as Reord40_3_0_,
        inventory0_.ReorderQuantity_Value as Reord41_3_0_,
        inventory0_.ReorderQuantity_UnitId as Reord42_3_0_,
        inventory0_.MinimumReorderQuantity_Value as Minim43_3_0_,
        inventory0_.MinimumReorderQuantity_UnitId as Minim44_3_0_ 
    FROM
        dbo.Inventories inventory0_ 
    WHERE
        inventory0_.InventoryId=@p0;
    @p0 = c9e99269-49ee-41d2-a8aa-a72900bedee9 [Type: Guid (0:0:0)]
NHibernate: 
    select
        product0_.ProductId as Produ1_11_0_,
        inventory1_.InventoryId as Invent1_3_1_,
        product0_.Name as Name2_11_0_,
        product0_.Description as Descr3_11_0_,
        product0_.Image as Image4_11_0_,
        product0_.Discontinued as Disco5_11_0_,
        product0_.CategoryId as Categ6_11_0_,
        product0_.SupplierId as Suppl7_11_0_,
        inventory1_.ConversionFactor as Conver2_3_1_,
        inventory1_.UnitOfMeasureId as UnitOf3_3_1_,
        inventory1_.UnitOfMeasureBaseId as UnitOf4_3_1_,
        inventory1_.BasePrice_Amount as BasePr5_3_1_,
        inventory1_.BasePrice_CurrencyId as BasePr6_3_1_,
        inventory1_.RetailPrice_Amount as Retail7_3_1_,
        inventory1_.RetailPrice_CurrencyId as Retail8_3_1_,
        inventory1_.WholeSalePrice_Amount as WholeS9_3_1_,
        inventory1_.WholeSalePrice_CurrencyId as Whole10_3_1_,
        inventory1_.BadStockPrice_Amount as BadSt11_3_1_,
        inventory1_.BadStockPrice_CurrencyId as BadSt12_3_1_,
        inventory1_.BadStock_Value as BadSt13_3_1_,
        inventory1_.BadStock_UnitId as BadSt14_3_1_,
        inventory1_.Received_Value as Recei15_3_1_,
        inventory1_.Received_UnitId as Recei16_3_1_,
        inventory1_.OnOrder_Value as OnOrd17_3_1_,
        inventory1_.OnOrder_UnitId as OnOrd18_3_1_,
        inventory1_.OnHand_Value as OnHan19_3_1_,
        inventory1_.OnHand_UnitId as OnHan20_3_1_,
        inventory1_.Allocated_Value as Alloc21_3_1_,
        inventory1_.Allocated_UnitId as Alloc22_3_1_,
        inventory1_.Shipped_Value as Shipp23_3_1_,
        inventory1_.Shipped_UnitId as Shipp24_3_1_,
        inventory1_.BackOrdered_Value as BackO25_3_1_,
        inventory1_.BackOrdered_UnitId as BackO26_3_1_,
        inventory1_.Available_Value as Avail27_3_1_,
        inventory1_.Available_UnitId as Avail28_3_1_,
        inventory1_.InitialLevel_Value as Initi29_3_1_,
        inventory1_.InitialLevel_UnitId as Initi30_3_1_,
        inventory1_.Shrinkage_Value as Shrin31_3_1_,
        inventory1_.Shrinkage_UnitId as Shrin32_3_1_,
        inventory1_.CurrentLevel_Value as Curre33_3_1_,
        inventory1_.CurrentLevel_UnitId as Curre34_3_1_,
        inventory1_.TargetLevel_Value as Targe35_3_1_,
        inventory1_.TargetLevel_UnitId as Targe36_3_1_,
        inventory1_.BelowTargetLevel_Value as Below37_3_1_,
        inventory1_.BelowTargetLevel_UnitId as Below38_3_1_,
        inventory1_.ReorderLevel_Value as Reord39_3_1_,
        inventory1_.ReorderLevel_UnitId as Reord40_3_1_,
        inventory1_.ReorderQuantity_Value as Reord41_3_1_,
        inventory1_.ReorderQuantity_UnitId as Reord42_3_1_,
        inventory1_.MinimumReorderQuantity_Value as Minim43_3_1_,
        inventory1_.MinimumReorderQuantity_UnitId as Minim44_3_1_ 
    from
        dbo.Products product0_ 
    left outer join
        dbo.Inventories inventory1_ 
            on product0_.ProductId=inventory1_.InventoryId 
    where
        product0_.ProductId in (
            @p0
        );
    @p0 = c9e99269-49ee-41d2-a8aa-a72900bedee9 [Type: Guid (0:0:0)]
NHibernate: Batch commands:
command 0:
    INSERT 
    INTO
        dbo.Orders
        (OrderNumber, TaxRate, Status, DueOn, OrderedOn, CreatedOn, StagedOn, ShippedOn, RoutedOn, InvoicedOn, PaidOn, CompletedOn, ReturnedOn, CancelledOn, CancellationReason, BranchId, CustomerId, PaymentTypeId, ShipperId, OrderedById, CreatedById, StagedById, ShippedById, RoutedById, InvoicedById, PaidToId, CompletedById, ReturnedById, CancelledById, PricingSchemeId, Tax_Amount, Tax_CurrencyId, ShippingFee_Amount, ShippingFee_CurrencyId, Discount_Amount, Discount_CurrencyId, Returned_Amount, Returned_CurrencyId, SubTotal_Amount, SubTotal_CurrencyId, Total_Amount, Total_CurrencyId, OrderId) 
    VALUES
        (@p0, @p1, @p2, @p3, @p4, @p5, @p6, @p7, @p8, @p9, @p10, @p11, @p12, @p13, @p14, @p15, @p16, @p17, @p18, @p19, @p20, @p21, @p22, @p23, @p24, @p25, @p26, @p27, @p28, @p29, @p30, @p31, @p32, @p33, @p34, @p35, @p36, @p37, @p38, @p39, @p40, @p41, @p42);
    @p0 = NULL [Type: String (4000:0:0)], @p1 = 0.12 [Type: Decimal (0:5:28)], @p2 = 'New' [Type: String (4000:0:0)], @p3 = NULL [Type: DateTime (0:0:0)], @p4 = 2017-03-01T19:34:58.0000000 [Type: DateTime (0:0:0)], @p5 = 2017-03-01T19:34:58.0000000 [Type: DateTime (0:0:0)], @p6 = NULL [Type: DateTime (0:0:0)], @p7 = NULL [Type: DateTime (0:0:0)], @p8 = NULL [Type: DateTime (0:0:0)], @p9 = NULL [Type: DateTime (0:0:0)], @p10 = NULL [Type: DateTime (0:0:0)], @p11 = NULL [Type: DateTime (0:0:0)], @p12 = NULL [Type: DateTime (0:0:0)], @p13 = NULL [Type: DateTime (0:0:0)], @p14 = NULL [Type: String (4000:0:0)], @p15 = 406a71d8-4dfd-4d34-821e-a5e52e144e50 [Type: Guid (0:0:0)], @p16 = 'Id__45f4b513-444a-4d46-af20-0c3dc78b2a96' [Type: String (4000:0:0)], @p17 = 'CS' [Type: String (4000:0:0)], @p18 = NULL [Type: String (4000:0:0)], @p19 = 790ee6b8-bc9d-4406-b3dc-a72900bede2a [Type: Guid (0:0:0)], @p20 = 790ee6b8-bc9d-4406-b3dc-a72900bede2a [Type: Guid (0:0:0)], @p21 = NULL [Type: Guid (0:0:0)], @p22 = NULL [Type: Guid (0:0:0)], @p23 = NULL [Type: Guid (0:0:0)], @p24 = NULL [Type: Guid (0:0:0)], @p25 = NULL [Type: Guid (0:0:0)], @p26 = NULL [Type: Guid (0:0:0)], @p27 = NULL [Type: Guid (0:0:0)], @p28 = NULL [Type: Guid (0:0:0)], @p29 = NULL [Type: String (4000:0:0)], @p30 = 0 [Type: Decimal (0:5:28)], @p31 = 'PHP' [Type: String (4000:0:0)], @p32 = 0 [Type: Decimal (0:5:28)], @p33 = 'PHP' [Type: String (4000:0:0)], @p34 = 0 [Type: Decimal (0:5:28)], @p35 = 'PHP' [Type: String (4000:0:0)], @p36 = NULL [Type: Decimal (0:5:28)], @p37 = NULL [Type: String (4000:0:0)], @p38 = 156.06000 [Type: Decimal (0:5:28)], @p39 = 'PHP' [Type: String (4000:0:0)], @p40 = 156.06000 [Type: Decimal (0:5:28)], @p41 = 'PHP' [Type: String (4000:0:0)], @p42 = 11a7db61-b787-44d9-84b5-a72900bee12e [Type: Guid (0:0:0)]

NHibernate: Batch commands:
command 0:
    INSERT 
    INTO
        dbo.OrderItems
        (DiscountRate, ProductId, OrderId, Quantity_Value, Quantity_UnitId, Discount_Amount, Discount_CurrencyId, UnitPrice_Amount, UnitPrice_CurrencyId, ExtendedPrice_Amount, ExtendedPrice_CurrencyId, TotalPrice_Amount, TotalPrice_CurrencyId, OrderItemId) 
    VALUES
        (@p0, @p1, @p2, @p3, @p4, @p5, @p6, @p7, @p8, @p9, @p10, @p11, @p12, @p13);
    @p0 = 0 [Type: Decimal (0:5:28)], @p1 = c9e99269-49ee-41d2-a8aa-a72900bedee9 [Type: Guid (0:0:0)], @p2 = 11a7db61-b787-44d9-84b5-a72900bee12e [Type: Guid (0:0:0)], @p3 = 54 [Type: Decimal (0:5:28)], @p4 = 'g' [Type: String (4000:0:0)], @p5 = 0 [Type: Decimal (0:5:28)], @p6 = 'PHP' [Type: String (4000:0:0)], @p7 = 2.89000 [Type: Decimal (0:5:28)], @p8 = 'PHP' [Type: String (4000:0:0)], @p9 = 156.06000 [Type: Decimal (0:5:28)], @p10 = 'PHP' [Type: String (4000:0:0)], @p11 = 156.06000 [Type: Decimal (0:5:28)], @p12 = 'PHP' [Type: String (4000:0:0)], @p13 = 5241ee47-e31b-4c60-ab00-a72900bee12e [Type: Guid (0:0:0)]

NHibernate: 
    select
        supplier0_.SupplierId as col_0_0_ 
    from
        dbo.Suppliers supplier0_
NHibernate: 
    select
        product0_.ProductId as Produ1_11_,
        product0_.Name as Name2_11_,
        product0_.Description as Descr3_11_,
        product0_.Image as Image4_11_,
        product0_.Discontinued as Disco5_11_,
        product0_.CategoryId as Categ6_11_,
        product0_.SupplierId as Suppl7_11_ 
    from
        dbo.Products product0_ 
    where
        product0_.SupplierId=@p0;
    @p0 = c955b115-ff72-421d-9a24-a72900bede7e [Type: Guid (0:0:0)]
NHibernate: 
    SELECT
        inventory0_.InventoryId as Invent1_3_0_,
        inventory0_.ConversionFactor as Conver2_3_0_,
        inventory0_.UnitOfMeasureId as UnitOf3_3_0_,
        inventory0_.UnitOfMeasureBaseId as UnitOf4_3_0_,
        inventory0_.BasePrice_Amount as BasePr5_3_0_,
        inventory0_.BasePrice_CurrencyId as BasePr6_3_0_,
        inventory0_.RetailPrice_Amount as Retail7_3_0_,
        inventory0_.RetailPrice_CurrencyId as Retail8_3_0_,
        inventory0_.WholeSalePrice_Amount as WholeS9_3_0_,
        inventory0_.WholeSalePrice_CurrencyId as Whole10_3_0_,
        inventory0_.BadStockPrice_Amount as BadSt11_3_0_,
        inventory0_.BadStockPrice_CurrencyId as BadSt12_3_0_,
        inventory0_.BadStock_Value as BadSt13_3_0_,
        inventory0_.BadStock_UnitId as BadSt14_3_0_,
        inventory0_.Received_Value as Recei15_3_0_,
        inventory0_.Received_UnitId as Recei16_3_0_,
        inventory0_.OnOrder_Value as OnOrd17_3_0_,
        inventory0_.OnOrder_UnitId as OnOrd18_3_0_,
        inventory0_.OnHand_Value as OnHan19_3_0_,
        inventory0_.OnHand_UnitId as OnHan20_3_0_,
        inventory0_.Allocated_Value as Alloc21_3_0_,
        inventory0_.Allocated_UnitId as Alloc22_3_0_,
        inventory0_.Shipped_Value as Shipp23_3_0_,
        inventory0_.Shipped_UnitId as Shipp24_3_0_,
        inventory0_.BackOrdered_Value as BackO25_3_0_,
        inventory0_.BackOrdered_UnitId as BackO26_3_0_,
        inventory0_.Available_Value as Avail27_3_0_,
        inventory0_.Available_UnitId as Avail28_3_0_,
        inventory0_.InitialLevel_Value as Initi29_3_0_,
        inventory0_.InitialLevel_UnitId as Initi30_3_0_,
        inventory0_.Shrinkage_Value as Shrin31_3_0_,
        inventory0_.Shrinkage_UnitId as Shrin32_3_0_,
        inventory0_.CurrentLevel_Value as Curre33_3_0_,
        inventory0_.CurrentLevel_UnitId as Curre34_3_0_,
        inventory0_.TargetLevel_Value as Targe35_3_0_,
        inventory0_.TargetLevel_UnitId as Targe36_3_0_,
        inventory0_.BelowTargetLevel_Value as Below37_3_0_,
        inventory0_.BelowTargetLevel_UnitId as Below38_3_0_,
        inventory0_.ReorderLevel_Value as Reord39_3_0_,
        inventory0_.ReorderLevel_UnitId as Reord40_3_0_,
        inventory0_.ReorderQuantity_Value as Reord41_3_0_,
        inventory0_.ReorderQuantity_UnitId as Reord42_3_0_,
        inventory0_.MinimumReorderQuantity_Value as Minim43_3_0_,
        inventory0_.MinimumReorderQuantity_UnitId as Minim44_3_0_ 
    FROM
        dbo.Inventories inventory0_ 
    WHERE
        inventory0_.InventoryId=@p0;
    @p0 = 2dd4466c-5098-41aa-98d7-a72900bedebe [Type: Guid (0:0:0)]
NHibernate: 
    SELECT
        inventory0_.InventoryId as Invent1_3_0_,
        inventory0_.ConversionFactor as Conver2_3_0_,
        inventory0_.UnitOfMeasureId as UnitOf3_3_0_,
        inventory0_.UnitOfMeasureBaseId as UnitOf4_3_0_,
        inventory0_.BasePrice_Amount as BasePr5_3_0_,
        inventory0_.BasePrice_CurrencyId as BasePr6_3_0_,
        inventory0_.RetailPrice_Amount as Retail7_3_0_,
        inventory0_.RetailPrice_CurrencyId as Retail8_3_0_,
        inventory0_.WholeSalePrice_Amount as WholeS9_3_0_,
        inventory0_.WholeSalePrice_CurrencyId as Whole10_3_0_,
        inventory0_.BadStockPrice_Amount as BadSt11_3_0_,
        inventory0_.BadStockPrice_CurrencyId as BadSt12_3_0_,
        inventory0_.BadStock_Value as BadSt13_3_0_,
        inventory0_.BadStock_UnitId as BadSt14_3_0_,
        inventory0_.Received_Value as Recei15_3_0_,
        inventory0_.Received_UnitId as Recei16_3_0_,
        inventory0_.OnOrder_Value as OnOrd17_3_0_,
        inventory0_.OnOrder_UnitId as OnOrd18_3_0_,
        inventory0_.OnHand_Value as OnHan19_3_0_,
        inventory0_.OnHand_UnitId as OnHan20_3_0_,
        inventory0_.Allocated_Value as Alloc21_3_0_,
        inventory0_.Allocated_UnitId as Alloc22_3_0_,
        inventory0_.Shipped_Value as Shipp23_3_0_,
        inventory0_.Shipped_UnitId as Shipp24_3_0_,
        inventory0_.BackOrdered_Value as BackO25_3_0_,
        inventory0_.BackOrdered_UnitId as BackO26_3_0_,
        inventory0_.Available_Value as Avail27_3_0_,
        inventory0_.Available_UnitId as Avail28_3_0_,
        inventory0_.InitialLevel_Value as Initi29_3_0_,
        inventory0_.InitialLevel_UnitId as Initi30_3_0_,
        inventory0_.Shrinkage_Value as Shrin31_3_0_,
        inventory0_.Shrinkage_UnitId as Shrin32_3_0_,
        inventory0_.CurrentLevel_Value as Curre33_3_0_,
        inventory0_.CurrentLevel_UnitId as Curre34_3_0_,
        inventory0_.TargetLevel_Value as Targe35_3_0_,
        inventory0_.TargetLevel_UnitId as Targe36_3_0_,
        inventory0_.BelowTargetLevel_Value as Below37_3_0_,
        inventory0_.BelowTargetLevel_UnitId as Below38_3_0_,
        inventory0_.ReorderLevel_Value as Reord39_3_0_,
        inventory0_.ReorderLevel_UnitId as Reord40_3_0_,
        inventory0_.ReorderQuantity_Value as Reord41_3_0_,
        inventory0_.ReorderQuantity_UnitId as Reord42_3_0_,
        inventory0_.MinimumReorderQuantity_Value as Minim43_3_0_,
        inventory0_.MinimumReorderQuantity_UnitId as Minim44_3_0_ 
    FROM
        dbo.Inventories inventory0_ 
    WHERE
        inventory0_.InventoryId=@p0;
    @p0 = 0ba5213f-ca05-493d-8ad0-a72900bedecd [Type: Guid (0:0:0)]
NHibernate: 
    SELECT
        inventory0_.InventoryId as Invent1_3_0_,
        inventory0_.ConversionFactor as Conver2_3_0_,
        inventory0_.UnitOfMeasureId as UnitOf3_3_0_,
        inventory0_.UnitOfMeasureBaseId as UnitOf4_3_0_,
        inventory0_.BasePrice_Amount as BasePr5_3_0_,
        inventory0_.BasePrice_CurrencyId as BasePr6_3_0_,
        inventory0_.RetailPrice_Amount as Retail7_3_0_,
        inventory0_.RetailPrice_CurrencyId as Retail8_3_0_,
        inventory0_.WholeSalePrice_Amount as WholeS9_3_0_,
        inventory0_.WholeSalePrice_CurrencyId as Whole10_3_0_,
        inventory0_.BadStockPrice_Amount as BadSt11_3_0_,
        inventory0_.BadStockPrice_CurrencyId as BadSt12_3_0_,
        inventory0_.BadStock_Value as BadSt13_3_0_,
        inventory0_.BadStock_UnitId as BadSt14_3_0_,
        inventory0_.Received_Value as Recei15_3_0_,
        inventory0_.Received_UnitId as Recei16_3_0_,
        inventory0_.OnOrder_Value as OnOrd17_3_0_,
        inventory0_.OnOrder_UnitId as OnOrd18_3_0_,
        inventory0_.OnHand_Value as OnHan19_3_0_,
        inventory0_.OnHand_UnitId as OnHan20_3_0_,
        inventory0_.Allocated_Value as Alloc21_3_0_,
        inventory0_.Allocated_UnitId as Alloc22_3_0_,
        inventory0_.Shipped_Value as Shipp23_3_0_,
        inventory0_.Shipped_UnitId as Shipp24_3_0_,
        inventory0_.BackOrdered_Value as BackO25_3_0_,
        inventory0_.BackOrdered_UnitId as BackO26_3_0_,
        inventory0_.Available_Value as Avail27_3_0_,
        inventory0_.Available_UnitId as Avail28_3_0_,
        inventory0_.InitialLevel_Value as Initi29_3_0_,
        inventory0_.InitialLevel_UnitId as Initi30_3_0_,
        inventory0_.Shrinkage_Value as Shrin31_3_0_,
        inventory0_.Shrinkage_UnitId as Shrin32_3_0_,
        inventory0_.CurrentLevel_Value as Curre33_3_0_,
        inventory0_.CurrentLevel_UnitId as Curre34_3_0_,
        inventory0_.TargetLevel_Value as Targe35_3_0_,
        inventory0_.TargetLevel_UnitId as Targe36_3_0_,
        inventory0_.BelowTargetLevel_Value as Below37_3_0_,
        inventory0_.BelowTargetLevel_UnitId as Below38_3_0_,
        inventory0_.ReorderLevel_Value as Reord39_3_0_,
        inventory0_.ReorderLevel_UnitId as Reord40_3_0_,
        inventory0_.ReorderQuantity_Value as Reord41_3_0_,
        inventory0_.ReorderQuantity_UnitId as Reord42_3_0_,
        inventory0_.MinimumReorderQuantity_Value as Minim43_3_0_,
        inventory0_.MinimumReorderQuantity_UnitId as Minim44_3_0_ 
    FROM
        dbo.Inventories inventory0_ 
    WHERE
        inventory0_.InventoryId=@p0;
    @p0 = 2b3e8df7-c4e9-4a4c-96b7-a72900bededf [Type: Guid (0:0:0)]
NHibernate: 
    SELECT
        inventory0_.InventoryId as Invent1_3_0_,
        inventory0_.ConversionFactor as Conver2_3_0_,
        inventory0_.UnitOfMeasureId as UnitOf3_3_0_,
        inventory0_.UnitOfMeasureBaseId as UnitOf4_3_0_,
        inventory0_.BasePrice_Amount as BasePr5_3_0_,
        inventory0_.BasePrice_CurrencyId as BasePr6_3_0_,
        inventory0_.RetailPrice_Amount as Retail7_3_0_,
        inventory0_.RetailPrice_CurrencyId as Retail8_3_0_,
        inventory0_.WholeSalePrice_Amount as WholeS9_3_0_,
        inventory0_.WholeSalePrice_CurrencyId as Whole10_3_0_,
        inventory0_.BadStockPrice_Amount as BadSt11_3_0_,
        inventory0_.BadStockPrice_CurrencyId as BadSt12_3_0_,
        inventory0_.BadStock_Value as BadSt13_3_0_,
        inventory0_.BadStock_UnitId as BadSt14_3_0_,
        inventory0_.Received_Value as Recei15_3_0_,
        inventory0_.Received_UnitId as Recei16_3_0_,
        inventory0_.OnOrder_Value as OnOrd17_3_0_,
        inventory0_.OnOrder_UnitId as OnOrd18_3_0_,
        inventory0_.OnHand_Value as OnHan19_3_0_,
        inventory0_.OnHand_UnitId as OnHan20_3_0_,
        inventory0_.Allocated_Value as Alloc21_3_0_,
        inventory0_.Allocated_UnitId as Alloc22_3_0_,
        inventory0_.Shipped_Value as Shipp23_3_0_,
        inventory0_.Shipped_UnitId as Shipp24_3_0_,
        inventory0_.BackOrdered_Value as BackO25_3_0_,
        inventory0_.BackOrdered_UnitId as BackO26_3_0_,
        inventory0_.Available_Value as Avail27_3_0_,
        inventory0_.Available_UnitId as Avail28_3_0_,
        inventory0_.InitialLevel_Value as Initi29_3_0_,
        inventory0_.InitialLevel_UnitId as Initi30_3_0_,
        inventory0_.Shrinkage_Value as Shrin31_3_0_,
        inventory0_.Shrinkage_UnitId as Shrin32_3_0_,
        inventory0_.CurrentLevel_Value as Curre33_3_0_,
        inventory0_.CurrentLevel_UnitId as Curre34_3_0_,
        inventory0_.TargetLevel_Value as Targe35_3_0_,
        inventory0_.TargetLevel_UnitId as Targe36_3_0_,
        inventory0_.BelowTargetLevel_Value as Below37_3_0_,
        inventory0_.BelowTargetLevel_UnitId as Below38_3_0_,
        inventory0_.ReorderLevel_Value as Reord39_3_0_,
        inventory0_.ReorderLevel_UnitId as Reord40_3_0_,
        inventory0_.ReorderQuantity_Value as Reord41_3_0_,
        inventory0_.ReorderQuantity_UnitId as Reord42_3_0_,
        inventory0_.MinimumReorderQuantity_Value as Minim43_3_0_,
        inventory0_.MinimumReorderQuantity_UnitId as Minim44_3_0_ 
    FROM
        dbo.Inventories inventory0_ 
    WHERE
        inventory0_.InventoryId=@p0;
    @p0 = 0fe0a0dd-21e5-446d-9eed-a72900bedeec [Type: Guid (0:0:0)]
NHibernate: 
    select
        product0_.ProductId as Produ1_11_0_,
        inventory1_.InventoryId as Invent1_3_1_,
        product0_.Name as Name2_11_0_,
        product0_.Description as Descr3_11_0_,
        product0_.Image as Image4_11_0_,
        product0_.Discontinued as Disco5_11_0_,
        product0_.CategoryId as Categ6_11_0_,
        product0_.SupplierId as Suppl7_11_0_,
        inventory1_.ConversionFactor as Conver2_3_1_,
        inventory1_.UnitOfMeasureId as UnitOf3_3_1_,
        inventory1_.UnitOfMeasureBaseId as UnitOf4_3_1_,
        inventory1_.BasePrice_Amount as BasePr5_3_1_,
        inventory1_.BasePrice_CurrencyId as BasePr6_3_1_,
        inventory1_.RetailPrice_Amount as Retail7_3_1_,
        inventory1_.RetailPrice_CurrencyId as Retail8_3_1_,
        inventory1_.WholeSalePrice_Amount as WholeS9_3_1_,
        inventory1_.WholeSalePrice_CurrencyId as Whole10_3_1_,
        inventory1_.BadStockPrice_Amount as BadSt11_3_1_,
        inventory1_.BadStockPrice_CurrencyId as BadSt12_3_1_,
        inventory1_.BadStock_Value as BadSt13_3_1_,
        inventory1_.BadStock_UnitId as BadSt14_3_1_,
        inventory1_.Received_Value as Recei15_3_1_,
        inventory1_.Received_UnitId as Recei16_3_1_,
        inventory1_.OnOrder_Value as OnOrd17_3_1_,
        inventory1_.OnOrder_UnitId as OnOrd18_3_1_,
        inventory1_.OnHand_Value as OnHan19_3_1_,
        inventory1_.OnHand_UnitId as OnHan20_3_1_,
        inventory1_.Allocated_Value as Alloc21_3_1_,
        inventory1_.Allocated_UnitId as Alloc22_3_1_,
        inventory1_.Shipped_Value as Shipp23_3_1_,
        inventory1_.Shipped_UnitId as Shipp24_3_1_,
        inventory1_.BackOrdered_Value as BackO25_3_1_,
        inventory1_.BackOrdered_UnitId as BackO26_3_1_,
        inventory1_.Available_Value as Avail27_3_1_,
        inventory1_.Available_UnitId as Avail28_3_1_,
        inventory1_.InitialLevel_Value as Initi29_3_1_,
        inventory1_.InitialLevel_UnitId as Initi30_3_1_,
        inventory1_.Shrinkage_Value as Shrin31_3_1_,
        inventory1_.Shrinkage_UnitId as Shrin32_3_1_,
        inventory1_.CurrentLevel_Value as Curre33_3_1_,
        inventory1_.CurrentLevel_UnitId as Curre34_3_1_,
        inventory1_.TargetLevel_Value as Targe35_3_1_,
        inventory1_.TargetLevel_UnitId as Targe36_3_1_,
        inventory1_.BelowTargetLevel_Value as Below37_3_1_,
        inventory1_.BelowTargetLevel_UnitId as Below38_3_1_,
        inventory1_.ReorderLevel_Value as Reord39_3_1_,
        inventory1_.ReorderLevel_UnitId as Reord40_3_1_,
        inventory1_.ReorderQuantity_Value as Reord41_3_1_,
        inventory1_.ReorderQuantity_UnitId as Reord42_3_1_,
        inventory1_.MinimumReorderQuantity_Value as Minim43_3_1_,
        inventory1_.MinimumReorderQuantity_UnitId as Minim44_3_1_ 
    from
        dbo.Products product0_ 
    left outer join
        dbo.Inventories inventory1_ 
            on product0_.ProductId=inventory1_.InventoryId 
    where
        product0_.ProductId in (
            @p0 , @p1 , @p2 , @p3
        );
    @p0 = 2dd4466c-5098-41aa-98d7-a72900bedebe [Type: Guid (0:0:0)], @p1 = 0ba5213f-ca05-493d-8ad0-a72900bedecd [Type: Guid (0:0:0)], @p2 = 2b3e8df7-c4e9-4a4c-96b7-a72900bededf [Type: Guid (0:0:0)], @p3 = 0fe0a0dd-21e5-446d-9eed-a72900bedeec [Type: Guid (0:0:0)]
NHibernate: Batch commands:
command 0:
    INSERT 
    INTO
        dbo.Orders
        (OrderNumber, TaxRate, Status, DueOn, OrderedOn, CreatedOn, StagedOn, ShippedOn, RoutedOn, InvoicedOn, PaidOn, CompletedOn, ReturnedOn, CancelledOn, CancellationReason, BranchId, CustomerId, PaymentTypeId, ShipperId, OrderedById, CreatedById, StagedById, ShippedById, RoutedById, InvoicedById, PaidToId, CompletedById, ReturnedById, CancelledById, PricingSchemeId, Tax_Amount, Tax_CurrencyId, ShippingFee_Amount, ShippingFee_CurrencyId, Discount_Amount, Discount_CurrencyId, Returned_Amount, Returned_CurrencyId, SubTotal_Amount, SubTotal_CurrencyId, Total_Amount, Total_CurrencyId, OrderId) 
    VALUES
        (@p0, @p1, @p2, @p3, @p4, @p5, @p6, @p7, @p8, @p9, @p10, @p11, @p12, @p13, @p14, @p15, @p16, @p17, @p18, @p19, @p20, @p21, @p22, @p23, @p24, @p25, @p26, @p27, @p28, @p29, @p30, @p31, @p32, @p33, @p34, @p35, @p36, @p37, @p38, @p39, @p40, @p41, @p42);
    @p0 = NULL [Type: String (4000:0:0)], @p1 = 0.12 [Type: Decimal (0:5:28)], @p2 = 'New' [Type: String (4000:0:0)], @p3 = NULL [Type: DateTime (0:0:0)], @p4 = 2017-03-01T19:34:58.0000000 [Type: DateTime (0:0:0)], @p5 = 2017-03-01T19:34:58.0000000 [Type: DateTime (0:0:0)], @p6 = NULL [Type: DateTime (0:0:0)], @p7 = NULL [Type: DateTime (0:0:0)], @p8 = NULL [Type: DateTime (0:0:0)], @p9 = NULL [Type: DateTime (0:0:0)], @p10 = NULL [Type: DateTime (0:0:0)], @p11 = NULL [Type: DateTime (0:0:0)], @p12 = NULL [Type: DateTime (0:0:0)], @p13 = NULL [Type: DateTime (0:0:0)], @p14 = NULL [Type: String (4000:0:0)], @p15 = 406a71d8-4dfd-4d34-821e-a5e52e144e50 [Type: Guid (0:0:0)], @p16 = 'Id__608448fc-485c-4f17-b886-748731af3adb' [Type: String (4000:0:0)], @p17 = 'CK' [Type: String (4000:0:0)], @p18 = NULL [Type: String (4000:0:0)], @p19 = 6c75fb1c-0e84-43f1-b458-a72900bede2c [Type: Guid (0:0:0)], @p20 = 6c75fb1c-0e84-43f1-b458-a72900bede2c [Type: Guid (0:0:0)], @p21 = NULL [Type: Guid (0:0:0)], @p22 = NULL [Type: Guid (0:0:0)], @p23 = NULL [Type: Guid (0:0:0)], @p24 = NULL [Type: Guid (0:0:0)], @p25 = NULL [Type: Guid (0:0:0)], @p26 = NULL [Type: Guid (0:0:0)], @p27 = NULL [Type: Guid (0:0:0)], @p28 = NULL [Type: Guid (0:0:0)], @p29 = NULL [Type: String (4000:0:0)], @p30 = 0 [Type: Decimal (0:5:28)], @p31 = 'PHP' [Type: String (4000:0:0)], @p32 = 0 [Type: Decimal (0:5:28)], @p33 = 'PHP' [Type: String (4000:0:0)], @p34 = 0 [Type: Decimal (0:5:28)], @p35 = 'PHP' [Type: String (4000:0:0)], @p36 = NULL [Type: Decimal (0:5:28)], @p37 = NULL [Type: String (4000:0:0)], @p38 = 606.34000 [Type: Decimal (0:5:28)], @p39 = 'PHP' [Type: String (4000:0:0)], @p40 = 606.34000 [Type: Decimal (0:5:28)], @p41 = 'PHP' [Type: String (4000:0:0)], @p42 = 6f954937-c476-4b97-901a-a72900bee136 [Type: Guid (0:0:0)]

NHibernate: Batch commands:
command 0:
    INSERT 
    INTO
        dbo.OrderItems
        (DiscountRate, ProductId, OrderId, Quantity_Value, Quantity_UnitId, Discount_Amount, Discount_CurrencyId, UnitPrice_Amount, UnitPrice_CurrencyId, ExtendedPrice_Amount, ExtendedPrice_CurrencyId, TotalPrice_Amount, TotalPrice_CurrencyId, OrderItemId) 
    VALUES
        (@p0, @p1, @p2, @p3, @p4, @p5, @p6, @p7, @p8, @p9, @p10, @p11, @p12, @p13);
    @p0 = 0 [Type: Decimal (0:5:28)], @p1 = 2dd4466c-5098-41aa-98d7-a72900bedebe [Type: Guid (0:0:0)], @p2 = 6f954937-c476-4b97-901a-a72900bee136 [Type: Guid (0:0:0)], @p3 = 43 [Type: Decimal (0:5:28)], @p4 = 'cm' [Type: String (4000:0:0)], @p5 = 0 [Type: Decimal (0:5:28)], @p6 = 'PHP' [Type: String (4000:0:0)], @p7 = 2.59000 [Type: Decimal (0:5:28)], @p8 = 'PHP' [Type: String (4000:0:0)], @p9 = 111.37000 [Type: Decimal (0:5:28)], @p10 = 'PHP' [Type: String (4000:0:0)], @p11 = 111.37000 [Type: Decimal (0:5:28)], @p12 = 'PHP' [Type: String (4000:0:0)], @p13 = 761fada9-bbe8-48fc-839b-a72900bee136 [Type: Guid (0:0:0)]
command 1:
    INSERT 
    INTO
        dbo.OrderItems
        (DiscountRate, ProductId, OrderId, Quantity_Value, Quantity_UnitId, Discount_Amount, Discount_CurrencyId, UnitPrice_Amount, UnitPrice_CurrencyId, ExtendedPrice_Amount, ExtendedPrice_CurrencyId, TotalPrice_Amount, TotalPrice_CurrencyId, OrderItemId) 
    VALUES
        (@p0, @p1, @p2, @p3, @p4, @p5, @p6, @p7, @p8, @p9, @p10, @p11, @p12, @p13);
    @p0 = 0 [Type: Decimal (0:5:28)], @p1 = 0ba5213f-ca05-493d-8ad0-a72900bedecd [Type: Guid (0:0:0)], @p2 = 6f954937-c476-4b97-901a-a72900bee136 [Type: Guid (0:0:0)], @p3 = 40 [Type: Decimal (0:5:28)], @p4 = 'hl' [Type: String (4000:0:0)], @p5 = 0 [Type: Decimal (0:5:28)], @p6 = 'PHP' [Type: String (4000:0:0)], @p7 = 2.87000 [Type: Decimal (0:5:28)], @p8 = 'PHP' [Type: String (4000:0:0)], @p9 = 114.80000 [Type: Decimal (0:5:28)], @p10 = 'PHP' [Type: String (4000:0:0)], @p11 = 114.80000 [Type: Decimal (0:5:28)], @p12 = 'PHP' [Type: String (4000:0:0)], @p13 = 84472bf4-8afd-415e-9dfb-a72900bee136 [Type: Guid (0:0:0)]
command 2:
    INSERT 
    INTO
        dbo.OrderItems
        (DiscountRate, ProductId, OrderId, Quantity_Value, Quantity_UnitId, Discount_Amount, Discount_CurrencyId, UnitPrice_Amount, UnitPrice_CurrencyId, ExtendedPrice_Amount, ExtendedPrice_CurrencyId, TotalPrice_Amount, TotalPrice_CurrencyId, OrderItemId) 
    VALUES
        (@p0, @p1, @p2, @p3, @p4, @p5, @p6, @p7, @p8, @p9, @p10, @p11, @p12, @p13);
    @p0 = 0 [Type: Decimal (0:5:28)], @p1 = 2b3e8df7-c4e9-4a4c-96b7-a72900bededf [Type: Guid (0:0:0)], @p2 = 6f954937-c476-4b97-901a-a72900bee136 [Type: Guid (0:0:0)], @p3 = 57 [Type: Decimal (0:5:28)], @p4 = 'cm' [Type: String (4000:0:0)], @p5 = 0 [Type: Decimal (0:5:28)], @p6 = 'PHP' [Type: String (4000:0:0)], @p7 = 2.87000 [Type: Decimal (0:5:28)], @p8 = 'PHP' [Type: String (4000:0:0)], @p9 = 163.59000 [Type: Decimal (0:5:28)], @p10 = 'PHP' [Type: String (4000:0:0)], @p11 = 163.59000 [Type: Decimal (0:5:28)], @p12 = 'PHP' [Type: String (4000:0:0)], @p13 = e59b0e34-c74e-416a-8b80-a72900bee136 [Type: Guid (0:0:0)]
command 3:
    INSERT 
    INTO
        dbo.OrderItems
        (DiscountRate, ProductId, OrderId, Quantity_Value, Quantity_UnitId, Discount_Amount, Discount_CurrencyId, UnitPrice_Amount, UnitPrice_CurrencyId, ExtendedPrice_Amount, ExtendedPrice_CurrencyId, TotalPrice_Amount, TotalPrice_CurrencyId, OrderItemId) 
    VALUES
        (@p0, @p1, @p2, @p3, @p4, @p5, @p6, @p7, @p8, @p9, @p10, @p11, @p12, @p13);
    @p0 = 0 [Type: Decimal (0:5:28)], @p1 = 0fe0a0dd-21e5-446d-9eed-a72900bedeec [Type: Guid (0:0:0)], @p2 = 6f954937-c476-4b97-901a-a72900bee136 [Type: Guid (0:0:0)], @p3 = 91 [Type: Decimal (0:5:28)], @p4 = 'l' [Type: String (4000:0:0)], @p5 = 0 [Type: Decimal (0:5:28)], @p6 = 'PHP' [Type: String (4000:0:0)], @p7 = 2.38000 [Type: Decimal (0:5:28)], @p8 = 'PHP' [Type: String (4000:0:0)], @p9 = 216.58000 [Type: Decimal (0:5:28)], @p10 = 'PHP' [Type: String (4000:0:0)], @p11 = 216.58000 [Type: Decimal (0:5:28)], @p12 = 'PHP' [Type: String (4000:0:0)], @p13 = bfb56ed1-4370-405e-9320-a72900bee136 [Type: Guid (0:0:0)]

NHibernate: 
    select
        supplier0_.SupplierId as col_0_0_ 
    from
        dbo.Suppliers supplier0_
NHibernate: 
    select
        product0_.ProductId as Produ1_11_,
        product0_.Name as Name2_11_,
        product0_.Description as Descr3_11_,
        product0_.Image as Image4_11_,
        product0_.Discontinued as Disco5_11_,
        product0_.CategoryId as Categ6_11_,
        product0_.SupplierId as Suppl7_11_ 
    from
        dbo.Products product0_ 
    where
        product0_.SupplierId=@p0;
    @p0 = d085f686-18d9-4586-95ca-a72900bede79 [Type: Guid (0:0:0)]
NHibernate: 
    SELECT
        inventory0_.InventoryId as Invent1_3_0_,
        inventory0_.ConversionFactor as Conver2_3_0_,
        inventory0_.UnitOfMeasureId as UnitOf3_3_0_,
        inventory0_.UnitOfMeasureBaseId as UnitOf4_3_0_,
        inventory0_.BasePrice_Amount as BasePr5_3_0_,
        inventory0_.BasePrice_CurrencyId as BasePr6_3_0_,
        inventory0_.RetailPrice_Amount as Retail7_3_0_,
        inventory0_.RetailPrice_CurrencyId as Retail8_3_0_,
        inventory0_.WholeSalePrice_Amount as WholeS9_3_0_,
        inventory0_.WholeSalePrice_CurrencyId as Whole10_3_0_,
        inventory0_.BadStockPrice_Amount as BadSt11_3_0_,
        inventory0_.BadStockPrice_CurrencyId as BadSt12_3_0_,
        inventory0_.BadStock_Value as BadSt13_3_0_,
        inventory0_.BadStock_UnitId as BadSt14_3_0_,
        inventory0_.Received_Value as Recei15_3_0_,
        inventory0_.Received_UnitId as Recei16_3_0_,
        inventory0_.OnOrder_Value as OnOrd17_3_0_,
        inventory0_.OnOrder_UnitId as OnOrd18_3_0_,
        inventory0_.OnHand_Value as OnHan19_3_0_,
        inventory0_.OnHand_UnitId as OnHan20_3_0_,
        inventory0_.Allocated_Value as Alloc21_3_0_,
        inventory0_.Allocated_UnitId as Alloc22_3_0_,
        inventory0_.Shipped_Value as Shipp23_3_0_,
        inventory0_.Shipped_UnitId as Shipp24_3_0_,
        inventory0_.BackOrdered_Value as BackO25_3_0_,
        inventory0_.BackOrdered_UnitId as BackO26_3_0_,
        inventory0_.Available_Value as Avail27_3_0_,
        inventory0_.Available_UnitId as Avail28_3_0_,
        inventory0_.InitialLevel_Value as Initi29_3_0_,
        inventory0_.InitialLevel_UnitId as Initi30_3_0_,
        inventory0_.Shrinkage_Value as Shrin31_3_0_,
        inventory0_.Shrinkage_UnitId as Shrin32_3_0_,
        inventory0_.CurrentLevel_Value as Curre33_3_0_,
        inventory0_.CurrentLevel_UnitId as Curre34_3_0_,
        inventory0_.TargetLevel_Value as Targe35_3_0_,
        inventory0_.TargetLevel_UnitId as Targe36_3_0_,
        inventory0_.BelowTargetLevel_Value as Below37_3_0_,
        inventory0_.BelowTargetLevel_UnitId as Below38_3_0_,
        inventory0_.ReorderLevel_Value as Reord39_3_0_,
        inventory0_.ReorderLevel_UnitId as Reord40_3_0_,
        inventory0_.ReorderQuantity_Value as Reord41_3_0_,
        inventory0_.ReorderQuantity_UnitId as Reord42_3_0_,
        inventory0_.MinimumReorderQuantity_Value as Minim43_3_0_,
        inventory0_.MinimumReorderQuantity_UnitId as Minim44_3_0_ 
    FROM
        dbo.Inventories inventory0_ 
    WHERE
        inventory0_.InventoryId=@p0;
    @p0 = 64fb9daf-6cb9-4989-86c4-a72900bedeb8 [Type: Guid (0:0:0)]
NHibernate: 
    SELECT
        inventory0_.InventoryId as Invent1_3_0_,
        inventory0_.ConversionFactor as Conver2_3_0_,
        inventory0_.UnitOfMeasureId as UnitOf3_3_0_,
        inventory0_.UnitOfMeasureBaseId as UnitOf4_3_0_,
        inventory0_.BasePrice_Amount as BasePr5_3_0_,
        inventory0_.BasePrice_CurrencyId as BasePr6_3_0_,
        inventory0_.RetailPrice_Amount as Retail7_3_0_,
        inventory0_.RetailPrice_CurrencyId as Retail8_3_0_,
        inventory0_.WholeSalePrice_Amount as WholeS9_3_0_,
        inventory0_.WholeSalePrice_CurrencyId as Whole10_3_0_,
        inventory0_.BadStockPrice_Amount as BadSt11_3_0_,
        inventory0_.BadStockPrice_CurrencyId as BadSt12_3_0_,
        inventory0_.BadStock_Value as BadSt13_3_0_,
        inventory0_.BadStock_UnitId as BadSt14_3_0_,
        inventory0_.Received_Value as Recei15_3_0_,
        inventory0_.Received_UnitId as Recei16_3_0_,
        inventory0_.OnOrder_Value as OnOrd17_3_0_,
        inventory0_.OnOrder_UnitId as OnOrd18_3_0_,
        inventory0_.OnHand_Value as OnHan19_3_0_,
        inventory0_.OnHand_UnitId as OnHan20_3_0_,
        inventory0_.Allocated_Value as Alloc21_3_0_,
        inventory0_.Allocated_UnitId as Alloc22_3_0_,
        inventory0_.Shipped_Value as Shipp23_3_0_,
        inventory0_.Shipped_UnitId as Shipp24_3_0_,
        inventory0_.BackOrdered_Value as BackO25_3_0_,
        inventory0_.BackOrdered_UnitId as BackO26_3_0_,
        inventory0_.Available_Value as Avail27_3_0_,
        inventory0_.Available_UnitId as Avail28_3_0_,
        inventory0_.InitialLevel_Value as Initi29_3_0_,
        inventory0_.InitialLevel_UnitId as Initi30_3_0_,
        inventory0_.Shrinkage_Value as Shrin31_3_0_,
        inventory0_.Shrinkage_UnitId as Shrin32_3_0_,
        inventory0_.CurrentLevel_Value as Curre33_3_0_,
        inventory0_.CurrentLevel_UnitId as Curre34_3_0_,
        inventory0_.TargetLevel_Value as Targe35_3_0_,
        inventory0_.TargetLevel_UnitId as Targe36_3_0_,
        inventory0_.BelowTargetLevel_Value as Below37_3_0_,
        inventory0_.BelowTargetLevel_UnitId as Below38_3_0_,
        inventory0_.ReorderLevel_Value as Reord39_3_0_,
        inventory0_.ReorderLevel_UnitId as Reord40_3_0_,
        inventory0_.ReorderQuantity_Value as Reord41_3_0_,
        inventory0_.ReorderQuantity_UnitId as Reord42_3_0_,
        inventory0_.MinimumReorderQuantity_Value as Minim43_3_0_,
        inventory0_.MinimumReorderQuantity_UnitId as Minim44_3_0_ 
    FROM
        dbo.Inventories inventory0_ 
    WHERE
        inventory0_.InventoryId=@p0;
    @p0 = bc1b3aef-bddc-47f2-965e-a72900bedec6 [Type: Guid (0:0:0)]
NHibernate: 
    SELECT
        inventory0_.InventoryId as Invent1_3_0_,
        inventory0_.ConversionFactor as Conver2_3_0_,
        inventory0_.UnitOfMeasureId as UnitOf3_3_0_,
        inventory0_.UnitOfMeasureBaseId as UnitOf4_3_0_,
        inventory0_.BasePrice_Amount as BasePr5_3_0_,
        inventory0_.BasePrice_CurrencyId as BasePr6_3_0_,
        inventory0_.RetailPrice_Amount as Retail7_3_0_,
        inventory0_.RetailPrice_CurrencyId as Retail8_3_0_,
        inventory0_.WholeSalePrice_Amount as WholeS9_3_0_,
        inventory0_.WholeSalePrice_CurrencyId as Whole10_3_0_,
        inventory0_.BadStockPrice_Amount as BadSt11_3_0_,
        inventory0_.BadStockPrice_CurrencyId as BadSt12_3_0_,
        inventory0_.BadStock_Value as BadSt13_3_0_,
        inventory0_.BadStock_UnitId as BadSt14_3_0_,
        inventory0_.Received_Value as Recei15_3_0_,
        inventory0_.Received_UnitId as Recei16_3_0_,
        inventory0_.OnOrder_Value as OnOrd17_3_0_,
        inventory0_.OnOrder_UnitId as OnOrd18_3_0_,
        inventory0_.OnHand_Value as OnHan19_3_0_,
        inventory0_.OnHand_UnitId as OnHan20_3_0_,
        inventory0_.Allocated_Value as Alloc21_3_0_,
        inventory0_.Allocated_UnitId as Alloc22_3_0_,
        inventory0_.Shipped_Value as Shipp23_3_0_,
        inventory0_.Shipped_UnitId as Shipp24_3_0_,
        inventory0_.BackOrdered_Value as BackO25_3_0_,
        inventory0_.BackOrdered_UnitId as BackO26_3_0_,
        inventory0_.Available_Value as Avail27_3_0_,
        inventory0_.Available_UnitId as Avail28_3_0_,
        inventory0_.InitialLevel_Value as Initi29_3_0_,
        inventory0_.InitialLevel_UnitId as Initi30_3_0_,
        inventory0_.Shrinkage_Value as Shrin31_3_0_,
        inventory0_.Shrinkage_UnitId as Shrin32_3_0_,
        inventory0_.CurrentLevel_Value as Curre33_3_0_,
        inventory0_.CurrentLevel_UnitId as Curre34_3_0_,
        inventory0_.TargetLevel_Value as Targe35_3_0_,
        inventory0_.TargetLevel_UnitId as Targe36_3_0_,
        inventory0_.BelowTargetLevel_Value as Below37_3_0_,
        inventory0_.BelowTargetLevel_UnitId as Below38_3_0_,
        inventory0_.ReorderLevel_Value as Reord39_3_0_,
        inventory0_.ReorderLevel_UnitId as Reord40_3_0_,
        inventory0_.ReorderQuantity_Value as Reord41_3_0_,
        inventory0_.ReorderQuantity_UnitId as Reord42_3_0_,
        inventory0_.MinimumReorderQuantity_Value as Minim43_3_0_,
        inventory0_.MinimumReorderQuantity_UnitId as Minim44_3_0_ 
    FROM
        dbo.Inventories inventory0_ 
    WHERE
        inventory0_.InventoryId=@p0;
    @p0 = aeb98a70-487d-47ef-9361-a72900beded9 [Type: Guid (0:0:0)]
NHibernate: 
    SELECT
        inventory0_.InventoryId as Invent1_3_0_,
        inventory0_.ConversionFactor as Conver2_3_0_,
        inventory0_.UnitOfMeasureId as UnitOf3_3_0_,
        inventory0_.UnitOfMeasureBaseId as UnitOf4_3_0_,
        inventory0_.BasePrice_Amount as BasePr5_3_0_,
        inventory0_.BasePrice_CurrencyId as BasePr6_3_0_,
        inventory0_.RetailPrice_Amount as Retail7_3_0_,
        inventory0_.RetailPrice_CurrencyId as Retail8_3_0_,
        inventory0_.WholeSalePrice_Amount as WholeS9_3_0_,
        inventory0_.WholeSalePrice_CurrencyId as Whole10_3_0_,
        inventory0_.BadStockPrice_Amount as BadSt11_3_0_,
        inventory0_.BadStockPrice_CurrencyId as BadSt12_3_0_,
        inventory0_.BadStock_Value as BadSt13_3_0_,
        inventory0_.BadStock_UnitId as BadSt14_3_0_,
        inventory0_.Received_Value as Recei15_3_0_,
        inventory0_.Received_UnitId as Recei16_3_0_,
        inventory0_.OnOrder_Value as OnOrd17_3_0_,
        inventory0_.OnOrder_UnitId as OnOrd18_3_0_,
        inventory0_.OnHand_Value as OnHan19_3_0_,
        inventory0_.OnHand_UnitId as OnHan20_3_0_,
        inventory0_.Allocated_Value as Alloc21_3_0_,
        inventory0_.Allocated_UnitId as Alloc22_3_0_,
        inventory0_.Shipped_Value as Shipp23_3_0_,
        inventory0_.Shipped_UnitId as Shipp24_3_0_,
        inventory0_.BackOrdered_Value as BackO25_3_0_,
        inventory0_.BackOrdered_UnitId as BackO26_3_0_,
        inventory0_.Available_Value as Avail27_3_0_,
        inventory0_.Available_UnitId as Avail28_3_0_,
        inventory0_.InitialLevel_Value as Initi29_3_0_,
        inventory0_.InitialLevel_UnitId as Initi30_3_0_,
        inventory0_.Shrinkage_Value as Shrin31_3_0_,
        inventory0_.Shrinkage_UnitId as Shrin32_3_0_,
        inventory0_.CurrentLevel_Value as Curre33_3_0_,
        inventory0_.CurrentLevel_UnitId as Curre34_3_0_,
        inventory0_.TargetLevel_Value as Targe35_3_0_,
        inventory0_.TargetLevel_UnitId as Targe36_3_0_,
        inventory0_.BelowTargetLevel_Value as Below37_3_0_,
        inventory0_.BelowTargetLevel_UnitId as Below38_3_0_,
        inventory0_.ReorderLevel_Value as Reord39_3_0_,
        inventory0_.ReorderLevel_UnitId as Reord40_3_0_,
        inventory0_.ReorderQuantity_Value as Reord41_3_0_,
        inventory0_.ReorderQuantity_UnitId as Reord42_3_0_,
        inventory0_.MinimumReorderQuantity_Value as Minim43_3_0_,
        inventory0_.MinimumReorderQuantity_UnitId as Minim44_3_0_ 
    FROM
        dbo.Inventories inventory0_ 
    WHERE
        inventory0_.InventoryId=@p0;
    @p0 = 151b4e6d-6b2c-4929-8ec7-a72900bedee2 [Type: Guid (0:0:0)]
NHibernate: 
    select
        product0_.ProductId as Produ1_11_0_,
        inventory1_.InventoryId as Invent1_3_1_,
        product0_.Name as Name2_11_0_,
        product0_.Description as Descr3_11_0_,
        product0_.Image as Image4_11_0_,
        product0_.Discontinued as Disco5_11_0_,
        product0_.CategoryId as Categ6_11_0_,
        product0_.SupplierId as Suppl7_11_0_,
        inventory1_.ConversionFactor as Conver2_3_1_,
        inventory1_.UnitOfMeasureId as UnitOf3_3_1_,
        inventory1_.UnitOfMeasureBaseId as UnitOf4_3_1_,
        inventory1_.BasePrice_Amount as BasePr5_3_1_,
        inventory1_.BasePrice_CurrencyId as BasePr6_3_1_,
        inventory1_.RetailPrice_Amount as Retail7_3_1_,
        inventory1_.RetailPrice_CurrencyId as Retail8_3_1_,
        inventory1_.WholeSalePrice_Amount as WholeS9_3_1_,
        inventory1_.WholeSalePrice_CurrencyId as Whole10_3_1_,
        inventory1_.BadStockPrice_Amount as BadSt11_3_1_,
        inventory1_.BadStockPrice_CurrencyId as BadSt12_3_1_,
        inventory1_.BadStock_Value as BadSt13_3_1_,
        inventory1_.BadStock_UnitId as BadSt14_3_1_,
        inventory1_.Received_Value as Recei15_3_1_,
        inventory1_.Received_UnitId as Recei16_3_1_,
        inventory1_.OnOrder_Value as OnOrd17_3_1_,
        inventory1_.OnOrder_UnitId as OnOrd18_3_1_,
        inventory1_.OnHand_Value as OnHan19_3_1_,
        inventory1_.OnHand_UnitId as OnHan20_3_1_,
        inventory1_.Allocated_Value as Alloc21_3_1_,
        inventory1_.Allocated_UnitId as Alloc22_3_1_,
        inventory1_.Shipped_Value as Shipp23_3_1_,
        inventory1_.Shipped_UnitId as Shipp24_3_1_,
        inventory1_.BackOrdered_Value as BackO25_3_1_,
        inventory1_.BackOrdered_UnitId as BackO26_3_1_,
        inventory1_.Available_Value as Avail27_3_1_,
        inventory1_.Available_UnitId as Avail28_3_1_,
        inventory1_.InitialLevel_Value as Initi29_3_1_,
        inventory1_.InitialLevel_UnitId as Initi30_3_1_,
        inventory1_.Shrinkage_Value as Shrin31_3_1_,
        inventory1_.Shrinkage_UnitId as Shrin32_3_1_,
        inventory1_.CurrentLevel_Value as Curre33_3_1_,
        inventory1_.CurrentLevel_UnitId as Curre34_3_1_,
        inventory1_.TargetLevel_Value as Targe35_3_1_,
        inventory1_.TargetLevel_UnitId as Targe36_3_1_,
        inventory1_.BelowTargetLevel_Value as Below37_3_1_,
        inventory1_.BelowTargetLevel_UnitId as Below38_3_1_,
        inventory1_.ReorderLevel_Value as Reord39_3_1_,
        inventory1_.ReorderLevel_UnitId as Reord40_3_1_,
        inventory1_.ReorderQuantity_Value as Reord41_3_1_,
        inventory1_.ReorderQuantity_UnitId as Reord42_3_1_,
        inventory1_.MinimumReorderQuantity_Value as Minim43_3_1_,
        inventory1_.MinimumReorderQuantity_UnitId as Minim44_3_1_ 
    from
        dbo.Products product0_ 
    left outer join
        dbo.Inventories inventory1_ 
            on product0_.ProductId=inventory1_.InventoryId 
    where
        product0_.ProductId in (
            @p0 , @p1 , @p2 , @p3
        );
    @p0 = 64fb9daf-6cb9-4989-86c4-a72900bedeb8 [Type: Guid (0:0:0)], @p1 = bc1b3aef-bddc-47f2-965e-a72900bedec6 [Type: Guid (0:0:0)], @p2 = aeb98a70-487d-47ef-9361-a72900beded9 [Type: Guid (0:0:0)], @p3 = 151b4e6d-6b2c-4929-8ec7-a72900bedee2 [Type: Guid (0:0:0)]
NHibernate: Batch commands:
command 0:
    INSERT 
    INTO
        dbo.Orders
        (OrderNumber, TaxRate, Status, DueOn, OrderedOn, CreatedOn, StagedOn, ShippedOn, RoutedOn, InvoicedOn, PaidOn, CompletedOn, ReturnedOn, CancelledOn, CancellationReason, BranchId, CustomerId, PaymentTypeId, ShipperId, OrderedById, CreatedById, StagedById, ShippedById, RoutedById, InvoicedById, PaidToId, CompletedById, ReturnedById, CancelledById, PricingSchemeId, Tax_Amount, Tax_CurrencyId, ShippingFee_Amount, ShippingFee_CurrencyId, Discount_Amount, Discount_CurrencyId, Returned_Amount, Returned_CurrencyId, SubTotal_Amount, SubTotal_CurrencyId, Total_Amount, Total_CurrencyId, OrderId) 
    VALUES
        (@p0, @p1, @p2, @p3, @p4, @p5, @p6, @p7, @p8, @p9, @p10, @p11, @p12, @p13, @p14, @p15, @p16, @p17, @p18, @p19, @p20, @p21, @p22, @p23, @p24, @p25, @p26, @p27, @p28, @p29, @p30, @p31, @p32, @p33, @p34, @p35, @p36, @p37, @p38, @p39, @p40, @p41, @p42);
    @p0 = NULL [Type: String (4000:0:0)], @p1 = 0.12 [Type: Decimal (0:5:28)], @p2 = 'New' [Type: String (4000:0:0)], @p3 = NULL [Type: DateTime (0:0:0)], @p4 = 2017-03-01T19:34:58.0000000 [Type: DateTime (0:0:0)], @p5 = 2017-03-01T19:34:58.0000000 [Type: DateTime (0:0:0)], @p6 = NULL [Type: DateTime (0:0:0)], @p7 = NULL [Type: DateTime (0:0:0)], @p8 = NULL [Type: DateTime (0:0:0)], @p9 = NULL [Type: DateTime (0:0:0)], @p10 = NULL [Type: DateTime (0:0:0)], @p11 = NULL [Type: DateTime (0:0:0)], @p12 = NULL [Type: DateTime (0:0:0)], @p13 = NULL [Type: DateTime (0:0:0)], @p14 = NULL [Type: String (4000:0:0)], @p15 = 406a71d8-4dfd-4d34-821e-a5e52e144e50 [Type: Guid (0:0:0)], @p16 = 'Id__ae63efaa-f8d3-4bbc-b580-6aaa5db9c5fa' [Type: String (4000:0:0)], @p17 = 'CK' [Type: String (4000:0:0)], @p18 = NULL [Type: String (4000:0:0)], @p19 = 5c2b8cdf-64e5-483b-9252-a72900bede26 [Type: Guid (0:0:0)], @p20 = 5c2b8cdf-64e5-483b-9252-a72900bede26 [Type: Guid (0:0:0)], @p21 = NULL [Type: Guid (0:0:0)], @p22 = NULL [Type: Guid (0:0:0)], @p23 = NULL [Type: Guid (0:0:0)], @p24 = NULL [Type: Guid (0:0:0)], @p25 = NULL [Type: Guid (0:0:0)], @p26 = NULL [Type: Guid (0:0:0)], @p27 = NULL [Type: Guid (0:0:0)], @p28 = NULL [Type: Guid (0:0:0)], @p29 = NULL [Type: String (4000:0:0)], @p30 = 0 [Type: Decimal (0:5:28)], @p31 = 'PHP' [Type: String (4000:0:0)], @p32 = 0 [Type: Decimal (0:5:28)], @p33 = 'PHP' [Type: String (4000:0:0)], @p34 = 0 [Type: Decimal (0:5:28)], @p35 = 'PHP' [Type: String (4000:0:0)], @p36 = NULL [Type: Decimal (0:5:28)], @p37 = NULL [Type: String (4000:0:0)], @p38 = 593.08000 [Type: Decimal (0:5:28)], @p39 = 'PHP' [Type: String (4000:0:0)], @p40 = 593.08000 [Type: Decimal (0:5:28)], @p41 = 'PHP' [Type: String (4000:0:0)], @p42 = b41487d3-35c5-4a00-bb25-a72900bee140 [Type: Guid (0:0:0)]

NHibernate: Batch commands:
command 0:
    INSERT 
    INTO
        dbo.OrderItems
        (DiscountRate, ProductId, OrderId, Quantity_Value, Quantity_UnitId, Discount_Amount, Discount_CurrencyId, UnitPrice_Amount, UnitPrice_CurrencyId, ExtendedPrice_Amount, ExtendedPrice_CurrencyId, TotalPrice_Amount, TotalPrice_CurrencyId, OrderItemId) 
    VALUES
        (@p0, @p1, @p2, @p3, @p4, @p5, @p6, @p7, @p8, @p9, @p10, @p11, @p12, @p13);
    @p0 = 0 [Type: Decimal (0:5:28)], @p1 = 64fb9daf-6cb9-4989-86c4-a72900bedeb8 [Type: Guid (0:0:0)], @p2 = b41487d3-35c5-4a00-bb25-a72900bee140 [Type: Guid (0:0:0)], @p3 = 50 [Type: Decimal (0:5:28)], @p4 = 'hm' [Type: String (4000:0:0)], @p5 = 0 [Type: Decimal (0:5:28)], @p6 = 'PHP' [Type: String (4000:0:0)], @p7 = 2.96000 [Type: Decimal (0:5:28)], @p8 = 'PHP' [Type: String (4000:0:0)], @p9 = 148.00000 [Type: Decimal (0:5:28)], @p10 = 'PHP' [Type: String (4000:0:0)], @p11 = 148.00000 [Type: Decimal (0:5:28)], @p12 = 'PHP' [Type: String (4000:0:0)], @p13 = 35dc7cfe-c398-42a8-b23f-a72900bee140 [Type: Guid (0:0:0)]
command 1:
    INSERT 
    INTO
        dbo.OrderItems
        (DiscountRate, ProductId, OrderId, Quantity_Value, Quantity_UnitId, Discount_Amount, Discount_CurrencyId, UnitPrice_Amount, UnitPrice_CurrencyId, ExtendedPrice_Amount, ExtendedPrice_CurrencyId, TotalPrice_Amount, TotalPrice_CurrencyId, OrderItemId) 
    VALUES
        (@p0, @p1, @p2, @p3, @p4, @p5, @p6, @p7, @p8, @p9, @p10, @p11, @p12, @p13);
    @p0 = 0 [Type: Decimal (0:5:28)], @p1 = bc1b3aef-bddc-47f2-965e-a72900bedec6 [Type: Guid (0:0:0)], @p2 = b41487d3-35c5-4a00-bb25-a72900bee140 [Type: Guid (0:0:0)], @p3 = 84 [Type: Decimal (0:5:28)], @p4 = 'ea' [Type: String (4000:0:0)], @p5 = 0 [Type: Decimal (0:5:28)], @p6 = 'PHP' [Type: String (4000:0:0)], @p7 = 2.54000 [Type: Decimal (0:5:28)], @p8 = 'PHP' [Type: String (4000:0:0)], @p9 = 213.36000 [Type: Decimal (0:5:28)], @p10 = 'PHP' [Type: String (4000:0:0)], @p11 = 213.36000 [Type: Decimal (0:5:28)], @p12 = 'PHP' [Type: String (4000:0:0)], @p13 = e32ed082-bc1d-4c5e-bbda-a72900bee140 [Type: Guid (0:0:0)]
command 2:
    INSERT 
    INTO
        dbo.OrderItems
        (DiscountRate, ProductId, OrderId, Quantity_Value, Quantity_UnitId, Discount_Amount, Discount_CurrencyId, UnitPrice_Amount, UnitPrice_CurrencyId, ExtendedPrice_Amount, ExtendedPrice_CurrencyId, TotalPrice_Amount, TotalPrice_CurrencyId, OrderItemId) 
    VALUES
        (@p0, @p1, @p2, @p3, @p4, @p5, @p6, @p7, @p8, @p9, @p10, @p11, @p12, @p13);
    @p0 = 0 [Type: Decimal (0:5:28)], @p1 = aeb98a70-487d-47ef-9361-a72900beded9 [Type: Guid (0:0:0)], @p2 = b41487d3-35c5-4a00-bb25-a72900bee140 [Type: Guid (0:0:0)], @p3 = 21 [Type: Decimal (0:5:28)], @p4 = 'dam' [Type: String (4000:0:0)], @p5 = 0 [Type: Decimal (0:5:28)], @p6 = 'PHP' [Type: String (4000:0:0)], @p7 = 2.12000 [Type: Decimal (0:5:28)], @p8 = 'PHP' [Type: String (4000:0:0)], @p9 = 44.52000 [Type: Decimal (0:5:28)], @p10 = 'PHP' [Type: String (4000:0:0)], @p11 = 44.52000 [Type: Decimal (0:5:28)], @p12 = 'PHP' [Type: String (4000:0:0)], @p13 = 632affda-9560-41bb-b277-a72900bee140 [Type: Guid (0:0:0)]
command 3:
    INSERT 
    INTO
        dbo.OrderItems
        (DiscountRate, ProductId, OrderId, Quantity_Value, Quantity_UnitId, Discount_Amount, Discount_CurrencyId, UnitPrice_Amount, UnitPrice_CurrencyId, ExtendedPrice_Amount, ExtendedPrice_CurrencyId, TotalPrice_Amount, TotalPrice_CurrencyId, OrderItemId) 
    VALUES
        (@p0, @p1, @p2, @p3, @p4, @p5, @p6, @p7, @p8, @p9, @p10, @p11, @p12, @p13);
    @p0 = 0 [Type: Decimal (0:5:28)], @p1 = 151b4e6d-6b2c-4929-8ec7-a72900bedee2 [Type: Guid (0:0:0)], @p2 = b41487d3-35c5-4a00-bb25-a72900bee140 [Type: Guid (0:0:0)], @p3 = 65 [Type: Decimal (0:5:28)], @p4 = 'cl' [Type: String (4000:0:0)], @p5 = 0 [Type: Decimal (0:5:28)], @p6 = 'PHP' [Type: String (4000:0:0)], @p7 = 2.88000 [Type: Decimal (0:5:28)], @p8 = 'PHP' [Type: String (4000:0:0)], @p9 = 187.20000 [Type: Decimal (0:5:28)], @p10 = 'PHP' [Type: String (4000:0:0)], @p11 = 187.20000 [Type: Decimal (0:5:28)], @p12 = 'PHP' [Type: String (4000:0:0)], @p13 = 61069e3e-b9a1-4930-9eb1-a72900bee140 [Type: Guid (0:0:0)]

NHibernate: 
    select
        supplier0_.SupplierId as col_0_0_ 
    from
        dbo.Suppliers supplier0_
NHibernate: 
    select
        product0_.ProductId as Produ1_11_,
        product0_.Name as Name2_11_,
        product0_.Description as Descr3_11_,
        product0_.Image as Image4_11_,
        product0_.Discontinued as Disco5_11_,
        product0_.CategoryId as Categ6_11_,
        product0_.SupplierId as Suppl7_11_ 
    from
        dbo.Products product0_ 
    where
        product0_.SupplierId=@p0;
    @p0 = 4b3e3142-65a0-4653-9cad-a72900bede6f [Type: Guid (0:0:0)]
NHibernate: 
    SELECT
        inventory0_.InventoryId as Invent1_3_0_,
        inventory0_.ConversionFactor as Conver2_3_0_,
        inventory0_.UnitOfMeasureId as UnitOf3_3_0_,
        inventory0_.UnitOfMeasureBaseId as UnitOf4_3_0_,
        inventory0_.BasePrice_Amount as BasePr5_3_0_,
        inventory0_.BasePrice_CurrencyId as BasePr6_3_0_,
        inventory0_.RetailPrice_Amount as Retail7_3_0_,
        inventory0_.RetailPrice_CurrencyId as Retail8_3_0_,
        inventory0_.WholeSalePrice_Amount as WholeS9_3_0_,
        inventory0_.WholeSalePrice_CurrencyId as Whole10_3_0_,
        inventory0_.BadStockPrice_Amount as BadSt11_3_0_,
        inventory0_.BadStockPrice_CurrencyId as BadSt12_3_0_,
        inventory0_.BadStock_Value as BadSt13_3_0_,
        inventory0_.BadStock_UnitId as BadSt14_3_0_,
        inventory0_.Received_Value as Recei15_3_0_,
        inventory0_.Received_UnitId as Recei16_3_0_,
        inventory0_.OnOrder_Value as OnOrd17_3_0_,
        inventory0_.OnOrder_UnitId as OnOrd18_3_0_,
        inventory0_.OnHand_Value as OnHan19_3_0_,
        inventory0_.OnHand_UnitId as OnHan20_3_0_,
        inventory0_.Allocated_Value as Alloc21_3_0_,
        inventory0_.Allocated_UnitId as Alloc22_3_0_,
        inventory0_.Shipped_Value as Shipp23_3_0_,
        inventory0_.Shipped_UnitId as Shipp24_3_0_,
        inventory0_.BackOrdered_Value as BackO25_3_0_,
        inventory0_.BackOrdered_UnitId as BackO26_3_0_,
        inventory0_.Available_Value as Avail27_3_0_,
        inventory0_.Available_UnitId as Avail28_3_0_,
        inventory0_.InitialLevel_Value as Initi29_3_0_,
        inventory0_.InitialLevel_UnitId as Initi30_3_0_,
        inventory0_.Shrinkage_Value as Shrin31_3_0_,
        inventory0_.Shrinkage_UnitId as Shrin32_3_0_,
        inventory0_.CurrentLevel_Value as Curre33_3_0_,
        inventory0_.CurrentLevel_UnitId as Curre34_3_0_,
        inventory0_.TargetLevel_Value as Targe35_3_0_,
        inventory0_.TargetLevel_UnitId as Targe36_3_0_,
        inventory0_.BelowTargetLevel_Value as Below37_3_0_,
        inventory0_.BelowTargetLevel_UnitId as Below38_3_0_,
        inventory0_.ReorderLevel_Value as Reord39_3_0_,
        inventory0_.ReorderLevel_UnitId as Reord40_3_0_,
        inventory0_.ReorderQuantity_Value as Reord41_3_0_,
        inventory0_.ReorderQuantity_UnitId as Reord42_3_0_,
        inventory0_.MinimumReorderQuantity_Value as Minim43_3_0_,
        inventory0_.MinimumReorderQuantity_UnitId as Minim44_3_0_ 
    FROM
        dbo.Inventories inventory0_ 
    WHERE
        inventory0_.InventoryId=@p0;
    @p0 = 24bdd3ef-6517-414f-a4a8-a72900bedebb [Type: Guid (0:0:0)]
NHibernate: 
    SELECT
        inventory0_.InventoryId as Invent1_3_0_,
        inventory0_.ConversionFactor as Conver2_3_0_,
        inventory0_.UnitOfMeasureId as UnitOf3_3_0_,
        inventory0_.UnitOfMeasureBaseId as UnitOf4_3_0_,
        inventory0_.BasePrice_Amount as BasePr5_3_0_,
        inventory0_.BasePrice_CurrencyId as BasePr6_3_0_,
        inventory0_.RetailPrice_Amount as Retail7_3_0_,
        inventory0_.RetailPrice_CurrencyId as Retail8_3_0_,
        inventory0_.WholeSalePrice_Amount as WholeS9_3_0_,
        inventory0_.WholeSalePrice_CurrencyId as Whole10_3_0_,
        inventory0_.BadStockPrice_Amount as BadSt11_3_0_,
        inventory0_.BadStockPrice_CurrencyId as BadSt12_3_0_,
        inventory0_.BadStock_Value as BadSt13_3_0_,
        inventory0_.BadStock_UnitId as BadSt14_3_0_,
        inventory0_.Received_Value as Recei15_3_0_,
        inventory0_.Received_UnitId as Recei16_3_0_,
        inventory0_.OnOrder_Value as OnOrd17_3_0_,
        inventory0_.OnOrder_UnitId as OnOrd18_3_0_,
        inventory0_.OnHand_Value as OnHan19_3_0_,
        inventory0_.OnHand_UnitId as OnHan20_3_0_,
        inventory0_.Allocated_Value as Alloc21_3_0_,
        inventory0_.Allocated_UnitId as Alloc22_3_0_,
        inventory0_.Shipped_Value as Shipp23_3_0_,
        inventory0_.Shipped_UnitId as Shipp24_3_0_,
        inventory0_.BackOrdered_Value as BackO25_3_0_,
        inventory0_.BackOrdered_UnitId as BackO26_3_0_,
        inventory0_.Available_Value as Avail27_3_0_,
        inventory0_.Available_UnitId as Avail28_3_0_,
        inventory0_.InitialLevel_Value as Initi29_3_0_,
        inventory0_.InitialLevel_UnitId as Initi30_3_0_,
        inventory0_.Shrinkage_Value as Shrin31_3_0_,
        inventory0_.Shrinkage_UnitId as Shrin32_3_0_,
        inventory0_.CurrentLevel_Value as Curre33_3_0_,
        inventory0_.CurrentLevel_UnitId as Curre34_3_0_,
        inventory0_.TargetLevel_Value as Targe35_3_0_,
        inventory0_.TargetLevel_UnitId as Targe36_3_0_,
        inventory0_.BelowTargetLevel_Value as Below37_3_0_,
        inventory0_.BelowTargetLevel_UnitId as Below38_3_0_,
        inventory0_.ReorderLevel_Value as Reord39_3_0_,
        inventory0_.ReorderLevel_UnitId as Reord40_3_0_,
        inventory0_.ReorderQuantity_Value as Reord41_3_0_,
        inventory0_.ReorderQuantity_UnitId as Reord42_3_0_,
        inventory0_.MinimumReorderQuantity_Value as Minim43_3_0_,
        inventory0_.MinimumReorderQuantity_UnitId as Minim44_3_0_ 
    FROM
        dbo.Inventories inventory0_ 
    WHERE
        inventory0_.InventoryId=@p0;
    @p0 = 4f6eb726-89f1-49a4-a6dd-a72900bedec4 [Type: Guid (0:0:0)]
NHibernate: 
    select
        product0_.ProductId as Produ1_11_0_,
        inventory1_.InventoryId as Invent1_3_1_,
        product0_.Name as Name2_11_0_,
        product0_.Description as Descr3_11_0_,
        product0_.Image as Image4_11_0_,
        product0_.Discontinued as Disco5_11_0_,
        product0_.CategoryId as Categ6_11_0_,
        product0_.SupplierId as Suppl7_11_0_,
        inventory1_.ConversionFactor as Conver2_3_1_,
        inventory1_.UnitOfMeasureId as UnitOf3_3_1_,
        inventory1_.UnitOfMeasureBaseId as UnitOf4_3_1_,
        inventory1_.BasePrice_Amount as BasePr5_3_1_,
        inventory1_.BasePrice_CurrencyId as BasePr6_3_1_,
        inventory1_.RetailPrice_Amount as Retail7_3_1_,
        inventory1_.RetailPrice_CurrencyId as Retail8_3_1_,
        inventory1_.WholeSalePrice_Amount as WholeS9_3_1_,
        inventory1_.WholeSalePrice_CurrencyId as Whole10_3_1_,
        inventory1_.BadStockPrice_Amount as BadSt11_3_1_,
        inventory1_.BadStockPrice_CurrencyId as BadSt12_3_1_,
        inventory1_.BadStock_Value as BadSt13_3_1_,
        inventory1_.BadStock_UnitId as BadSt14_3_1_,
        inventory1_.Received_Value as Recei15_3_1_,
        inventory1_.Received_UnitId as Recei16_3_1_,
        inventory1_.OnOrder_Value as OnOrd17_3_1_,
        inventory1_.OnOrder_UnitId as OnOrd18_3_1_,
        inventory1_.OnHand_Value as OnHan19_3_1_,
        inventory1_.OnHand_UnitId as OnHan20_3_1_,
        inventory1_.Allocated_Value as Alloc21_3_1_,
        inventory1_.Allocated_UnitId as Alloc22_3_1_,
        inventory1_.Shipped_Value as Shipp23_3_1_,
        inventory1_.Shipped_UnitId as Shipp24_3_1_,
        inventory1_.BackOrdered_Value as BackO25_3_1_,
        inventory1_.BackOrdered_UnitId as BackO26_3_1_,
        inventory1_.Available_Value as Avail27_3_1_,
        inventory1_.Available_UnitId as Avail28_3_1_,
        inventory1_.InitialLevel_Value as Initi29_3_1_,
        inventory1_.InitialLevel_UnitId as Initi30_3_1_,
        inventory1_.Shrinkage_Value as Shrin31_3_1_,
        inventory1_.Shrinkage_UnitId as Shrin32_3_1_,
        inventory1_.CurrentLevel_Value as Curre33_3_1_,
        inventory1_.CurrentLevel_UnitId as Curre34_3_1_,
        inventory1_.TargetLevel_Value as Targe35_3_1_,
        inventory1_.TargetLevel_UnitId as Targe36_3_1_,
        inventory1_.BelowTargetLevel_Value as Below37_3_1_,
        inventory1_.BelowTargetLevel_UnitId as Below38_3_1_,
        inventory1_.ReorderLevel_Value as Reord39_3_1_,
        inventory1_.ReorderLevel_UnitId as Reord40_3_1_,
        inventory1_.ReorderQuantity_Value as Reord41_3_1_,
        inventory1_.ReorderQuantity_UnitId as Reord42_3_1_,
        inventory1_.MinimumReorderQuantity_Value as Minim43_3_1_,
        inventory1_.MinimumReorderQuantity_UnitId as Minim44_3_1_ 
    from
        dbo.Products product0_ 
    left outer join
        dbo.Inventories inventory1_ 
            on product0_.ProductId=inventory1_.InventoryId 
    where
        product0_.ProductId in (
            @p0 , @p1
        );
    @p0 = 24bdd3ef-6517-414f-a4a8-a72900bedebb [Type: Guid (0:0:0)], @p1 = 4f6eb726-89f1-49a4-a6dd-a72900bedec4 [Type: Guid (0:0:0)]
NHibernate: Batch commands:
command 0:
    INSERT 
    INTO
        dbo.Orders
        (OrderNumber, TaxRate, Status, DueOn, OrderedOn, CreatedOn, StagedOn, ShippedOn, RoutedOn, InvoicedOn, PaidOn, CompletedOn, ReturnedOn, CancelledOn, CancellationReason, BranchId, CustomerId, PaymentTypeId, ShipperId, OrderedById, CreatedById, StagedById, ShippedById, RoutedById, InvoicedById, PaidToId, CompletedById, ReturnedById, CancelledById, PricingSchemeId, Tax_Amount, Tax_CurrencyId, ShippingFee_Amount, ShippingFee_CurrencyId, Discount_Amount, Discount_CurrencyId, Returned_Amount, Returned_CurrencyId, SubTotal_Amount, SubTotal_CurrencyId, Total_Amount, Total_CurrencyId, OrderId) 
    VALUES
        (@p0, @p1, @p2, @p3, @p4, @p5, @p6, @p7, @p8, @p9, @p10, @p11, @p12, @p13, @p14, @p15, @p16, @p17, @p18, @p19, @p20, @p21, @p22, @p23, @p24, @p25, @p26, @p27, @p28, @p29, @p30, @p31, @p32, @p33, @p34, @p35, @p36, @p37, @p38, @p39, @p40, @p41, @p42);
    @p0 = NULL [Type: String (4000:0:0)], @p1 = 0.12 [Type: Decimal (0:5:28)], @p2 = 'New' [Type: String (4000:0:0)], @p3 = NULL [Type: DateTime (0:0:0)], @p4 = 2017-03-01T19:34:58.0000000 [Type: DateTime (0:0:0)], @p5 = 2017-03-01T19:34:58.0000000 [Type: DateTime (0:0:0)], @p6 = NULL [Type: DateTime (0:0:0)], @p7 = NULL [Type: DateTime (0:0:0)], @p8 = NULL [Type: DateTime (0:0:0)], @p9 = NULL [Type: DateTime (0:0:0)], @p10 = NULL [Type: DateTime (0:0:0)], @p11 = NULL [Type: DateTime (0:0:0)], @p12 = NULL [Type: DateTime (0:0:0)], @p13 = NULL [Type: DateTime (0:0:0)], @p14 = NULL [Type: String (4000:0:0)], @p15 = 406a71d8-4dfd-4d34-821e-a5e52e144e50 [Type: Guid (0:0:0)], @p16 = 'Id__103407f6-3155-420e-9b37-a5343ed5cbe3' [Type: String (4000:0:0)], @p17 = 'CC' [Type: String (4000:0:0)], @p18 = NULL [Type: String (4000:0:0)], @p19 = 790ee6b8-bc9d-4406-b3dc-a72900bede2a [Type: Guid (0:0:0)], @p20 = 790ee6b8-bc9d-4406-b3dc-a72900bede2a [Type: Guid (0:0:0)], @p21 = NULL [Type: Guid (0:0:0)], @p22 = NULL [Type: Guid (0:0:0)], @p23 = NULL [Type: Guid (0:0:0)], @p24 = NULL [Type: Guid (0:0:0)], @p25 = NULL [Type: Guid (0:0:0)], @p26 = NULL [Type: Guid (0:0:0)], @p27 = NULL [Type: Guid (0:0:0)], @p28 = NULL [Type: Guid (0:0:0)], @p29 = NULL [Type: String (4000:0:0)], @p30 = 0 [Type: Decimal (0:5:28)], @p31 = 'PHP' [Type: String (4000:0:0)], @p32 = 0 [Type: Decimal (0:5:28)], @p33 = 'PHP' [Type: String (4000:0:0)], @p34 = 0 [Type: Decimal (0:5:28)], @p35 = 'PHP' [Type: String (4000:0:0)], @p36 = NULL [Type: Decimal (0:5:28)], @p37 = NULL [Type: String (4000:0:0)], @p38 = 278.17000 [Type: Decimal (0:5:28)], @p39 = 'PHP' [Type: String (4000:0:0)], @p40 = 278.17000 [Type: Decimal (0:5:28)], @p41 = 'PHP' [Type: String (4000:0:0)], @p42 = 1ba2a99c-06cf-4f02-aa7d-a72900bee14a [Type: Guid (0:0:0)]

NHibernate: Batch commands:
command 0:
    INSERT 
    INTO
        dbo.OrderItems
        (DiscountRate, ProductId, OrderId, Quantity_Value, Quantity_UnitId, Discount_Amount, Discount_CurrencyId, UnitPrice_Amount, UnitPrice_CurrencyId, ExtendedPrice_Amount, ExtendedPrice_CurrencyId, TotalPrice_Amount, TotalPrice_CurrencyId, OrderItemId) 
    VALUES
        (@p0, @p1, @p2, @p3, @p4, @p5, @p6, @p7, @p8, @p9, @p10, @p11, @p12, @p13);
    @p0 = 0 [Type: Decimal (0:5:28)], @p1 = 24bdd3ef-6517-414f-a4a8-a72900bedebb [Type: Guid (0:0:0)], @p2 = 1ba2a99c-06cf-4f02-aa7d-a72900bee14a [Type: Guid (0:0:0)], @p3 = 83 [Type: Decimal (0:5:28)], @p4 = 'sk' [Type: String (4000:0:0)], @p5 = 0 [Type: Decimal (0:5:28)], @p6 = 'PHP' [Type: String (4000:0:0)], @p7 = 2.10000 [Type: Decimal (0:5:28)], @p8 = 'PHP' [Type: String (4000:0:0)], @p9 = 174.30000 [Type: Decimal (0:5:28)], @p10 = 'PHP' [Type: String (4000:0:0)], @p11 = 174.30000 [Type: Decimal (0:5:28)], @p12 = 'PHP' [Type: String (4000:0:0)], @p13 = 72b88525-b85b-41d3-82df-a72900bee14a [Type: Guid (0:0:0)]
command 1:
    INSERT 
    INTO
        dbo.OrderItems
        (DiscountRate, ProductId, OrderId, Quantity_Value, Quantity_UnitId, Discount_Amount, Discount_CurrencyId, UnitPrice_Amount, UnitPrice_CurrencyId, ExtendedPrice_Amount, ExtendedPrice_CurrencyId, TotalPrice_Amount, TotalPrice_CurrencyId, OrderItemId) 
    VALUES
        (@p0, @p1, @p2, @p3, @p4, @p5, @p6, @p7, @p8, @p9, @p10, @p11, @p12, @p13);
    @p0 = 0 [Type: Decimal (0:5:28)], @p1 = 4f6eb726-89f1-49a4-a6dd-a72900bedec4 [Type: Guid (0:0:0)], @p2 = 1ba2a99c-06cf-4f02-aa7d-a72900bee14a [Type: Guid (0:0:0)], @p3 = 47 [Type: Decimal (0:5:28)], @p4 = 'dal' [Type: String (4000:0:0)], @p5 = 0 [Type: Decimal (0:5:28)], @p6 = 'PHP' [Type: String (4000:0:0)], @p7 = 2.21000 [Type: Decimal (0:5:28)], @p8 = 'PHP' [Type: String (4000:0:0)], @p9 = 103.87000 [Type: Decimal (0:5:28)], @p10 = 'PHP' [Type: String (4000:0:0)], @p11 = 103.87000 [Type: Decimal (0:5:28)], @p12 = 'PHP' [Type: String (4000:0:0)], @p13 = 92512af0-c2c2-4677-ad4f-a72900bee14a [Type: Guid (0:0:0)]

NHibernate: 
    SELECT
        order0_.OrderId as OrderI1_5_0_,
        order0_.OrderNumber as OrderN2_5_0_,
        order0_.TaxRate as TaxRat3_5_0_,
        order0_.Status as Status4_5_0_,
        order0_.DueOn as DueOn5_5_0_,
        order0_.OrderedOn as Ordere6_5_0_,
        order0_.CreatedOn as Create7_5_0_,
        order0_.StagedOn as Staged8_5_0_,
        order0_.ShippedOn as Shippe9_5_0_,
        order0_.RoutedOn as Route10_5_0_,
        order0_.InvoicedOn as Invoi11_5_0_,
        order0_.PaidOn as PaidO12_5_0_,
        order0_.CompletedOn as Compl13_5_0_,
        order0_.ReturnedOn as Retur14_5_0_,
        order0_.CancelledOn as Cance15_5_0_,
        order0_.CancellationReason as Cance16_5_0_,
        order0_.BranchId as Branc17_5_0_,
        order0_.CustomerId as Custo18_5_0_,
        order0_.PaymentTypeId as Payme19_5_0_,
        order0_.ShipperId as Shipp20_5_0_,
        order0_.OrderedById as Order21_5_0_,
        order0_.CreatedById as Creat22_5_0_,
        order0_.StagedById as Stage23_5_0_,
        order0_.ShippedById as Shipp24_5_0_,
        order0_.RoutedById as Route25_5_0_,
        order0_.InvoicedById as Invoi26_5_0_,
        order0_.PaidToId as PaidT27_5_0_,
        order0_.CompletedById as Compl28_5_0_,
        order0_.ReturnedById as Retur29_5_0_,
        order0_.CancelledById as Cance30_5_0_,
        order0_.PricingSchemeId as Prici31_5_0_,
        order0_.Tax_Amount as Tax32_5_0_,
        order0_.Tax_CurrencyId as Tax33_5_0_,
        order0_.ShippingFee_Amount as Shipp34_5_0_,
        order0_.ShippingFee_CurrencyId as Shipp35_5_0_,
        order0_.Discount_Amount as Disco36_5_0_,
        order0_.Discount_CurrencyId as Disco37_5_0_,
        order0_.Returned_Amount as Retur38_5_0_,
        order0_.Returned_CurrencyId as Retur39_5_0_,
        order0_.SubTotal_Amount as SubTo40_5_0_,
        order0_.SubTotal_CurrencyId as SubTo41_5_0_,
        order0_.Total_Amount as Total42_5_0_,
        order0_.Total_CurrencyId as Total43_5_0_ 
    FROM
        dbo.Orders order0_ 
    WHERE
        order0_.OrderId=@p0;
    @p0 = 82d9dc07-eecd-4042-a893-a72900bee0d2 [Type: Guid (0:0:0)]
NHibernate: 
    SELECT
        items0_.OrderId as OrderI4_4_1_,
        items0_.OrderItemId as OrderI1_4_1_,
        items0_.OrderItemId as OrderI1_4_0_,
        items0_.DiscountRate as Discou2_4_0_,
        items0_.ProductId as Produc3_4_0_,
        items0_.OrderId as OrderI4_4_0_,
        items0_.Quantity_Value as Quanti5_4_0_,
        items0_.Quantity_UnitId as Quanti6_4_0_,
        items0_.Discount_Amount as Discou7_4_0_,
        items0_.Discount_CurrencyId as Discou8_4_0_,
        items0_.UnitPrice_Amount as UnitPr9_4_0_,
        items0_.UnitPrice_CurrencyId as UnitP10_4_0_,
        items0_.ExtendedPrice_Amount as Exten11_4_0_,
        items0_.ExtendedPrice_CurrencyId as Exten12_4_0_,
        items0_.TotalPrice_Amount as Total13_4_0_,
        items0_.TotalPrice_CurrencyId as Total14_4_0_ 
    FROM
        dbo.OrderItems items0_ 
    WHERE
        items0_.OrderId=@p0;
    @p0 = 82d9dc07-eecd-4042-a893-a72900bee0d2 [Type: Guid (0:0:0)]
NHibernate: 
    SELECT
        inventory0_.InventoryId as Invent1_3_0_,
        inventory0_.ConversionFactor as Conver2_3_0_,
        inventory0_.UnitOfMeasureId as UnitOf3_3_0_,
        inventory0_.UnitOfMeasureBaseId as UnitOf4_3_0_,
        inventory0_.BasePrice_Amount as BasePr5_3_0_,
        inventory0_.BasePrice_CurrencyId as BasePr6_3_0_,
        inventory0_.RetailPrice_Amount as Retail7_3_0_,
        inventory0_.RetailPrice_CurrencyId as Retail8_3_0_,
        inventory0_.WholeSalePrice_Amount as WholeS9_3_0_,
        inventory0_.WholeSalePrice_CurrencyId as Whole10_3_0_,
        inventory0_.BadStockPrice_Amount as BadSt11_3_0_,
        inventory0_.BadStockPrice_CurrencyId as BadSt12_3_0_,
        inventory0_.BadStock_Value as BadSt13_3_0_,
        inventory0_.BadStock_UnitId as BadSt14_3_0_,
        inventory0_.Received_Value as Recei15_3_0_,
        inventory0_.Received_UnitId as Recei16_3_0_,
        inventory0_.OnOrder_Value as OnOrd17_3_0_,
        inventory0_.OnOrder_UnitId as OnOrd18_3_0_,
        inventory0_.OnHand_Value as OnHan19_3_0_,
        inventory0_.OnHand_UnitId as OnHan20_3_0_,
        inventory0_.Allocated_Value as Alloc21_3_0_,
        inventory0_.Allocated_UnitId as Alloc22_3_0_,
        inventory0_.Shipped_Value as Shipp23_3_0_,
        inventory0_.Shipped_UnitId as Shipp24_3_0_,
        inventory0_.BackOrdered_Value as BackO25_3_0_,
        inventory0_.BackOrdered_UnitId as BackO26_3_0_,
        inventory0_.Available_Value as Avail27_3_0_,
        inventory0_.Available_UnitId as Avail28_3_0_,
        inventory0_.InitialLevel_Value as Initi29_3_0_,
        inventory0_.InitialLevel_UnitId as Initi30_3_0_,
        inventory0_.Shrinkage_Value as Shrin31_3_0_,
        inventory0_.Shrinkage_UnitId as Shrin32_3_0_,
        inventory0_.CurrentLevel_Value as Curre33_3_0_,
        inventory0_.CurrentLevel_UnitId as Curre34_3_0_,
        inventory0_.TargetLevel_Value as Targe35_3_0_,
        inventory0_.TargetLevel_UnitId as Targe36_3_0_,
        inventory0_.BelowTargetLevel_Value as Below37_3_0_,
        inventory0_.BelowTargetLevel_UnitId as Below38_3_0_,
        inventory0_.ReorderLevel_Value as Reord39_3_0_,
        inventory0_.ReorderLevel_UnitId as Reord40_3_0_,
        inventory0_.ReorderQuantity_Value as Reord41_3_0_,
        inventory0_.ReorderQuantity_UnitId as Reord42_3_0_,
        inventory0_.MinimumReorderQuantity_Value as Minim43_3_0_,
        inventory0_.MinimumReorderQuantity_UnitId as Minim44_3_0_ 
    FROM
        dbo.Inventories inventory0_ 
    WHERE
        inventory0_.InventoryId=@p0;
    @p0 = 9d087926-8eca-43f6-bffb-a72900bedec9 [Type: Guid (0:0:0)]
NHibernate: 
    SELECT
        inventory0_.InventoryId as Invent1_3_0_,
        inventory0_.ConversionFactor as Conver2_3_0_,
        inventory0_.UnitOfMeasureId as UnitOf3_3_0_,
        inventory0_.UnitOfMeasureBaseId as UnitOf4_3_0_,
        inventory0_.BasePrice_Amount as BasePr5_3_0_,
        inventory0_.BasePrice_CurrencyId as BasePr6_3_0_,
        inventory0_.RetailPrice_Amount as Retail7_3_0_,
        inventory0_.RetailPrice_CurrencyId as Retail8_3_0_,
        inventory0_.WholeSalePrice_Amount as WholeS9_3_0_,
        inventory0_.WholeSalePrice_CurrencyId as Whole10_3_0_,
        inventory0_.BadStockPrice_Amount as BadSt11_3_0_,
        inventory0_.BadStockPrice_CurrencyId as BadSt12_3_0_,
        inventory0_.BadStock_Value as BadSt13_3_0_,
        inventory0_.BadStock_UnitId as BadSt14_3_0_,
        inventory0_.Received_Value as Recei15_3_0_,
        inventory0_.Received_UnitId as Recei16_3_0_,
        inventory0_.OnOrder_Value as OnOrd17_3_0_,
        inventory0_.OnOrder_UnitId as OnOrd18_3_0_,
        inventory0_.OnHand_Value as OnHan19_3_0_,
        inventory0_.OnHand_UnitId as OnHan20_3_0_,
        inventory0_.Allocated_Value as Alloc21_3_0_,
        inventory0_.Allocated_UnitId as Alloc22_3_0_,
        inventory0_.Shipped_Value as Shipp23_3_0_,
        inventory0_.Shipped_UnitId as Shipp24_3_0_,
        inventory0_.BackOrdered_Value as BackO25_3_0_,
        inventory0_.BackOrdered_UnitId as BackO26_3_0_,
        inventory0_.Available_Value as Avail27_3_0_,
        inventory0_.Available_UnitId as Avail28_3_0_,
        inventory0_.InitialLevel_Value as Initi29_3_0_,
        inventory0_.InitialLevel_UnitId as Initi30_3_0_,
        inventory0_.Shrinkage_Value as Shrin31_3_0_,
        inventory0_.Shrinkage_UnitId as Shrin32_3_0_,
        inventory0_.CurrentLevel_Value as Curre33_3_0_,
        inventory0_.CurrentLevel_UnitId as Curre34_3_0_,
        inventory0_.TargetLevel_Value as Targe35_3_0_,
        inventory0_.TargetLevel_UnitId as Targe36_3_0_,
        inventory0_.BelowTargetLevel_Value as Below37_3_0_,
        inventory0_.BelowTargetLevel_UnitId as Below38_3_0_,
        inventory0_.ReorderLevel_Value as Reord39_3_0_,
        inventory0_.ReorderLevel_UnitId as Reord40_3_0_,
        inventory0_.ReorderQuantity_Value as Reord41_3_0_,
        inventory0_.ReorderQuantity_UnitId as Reord42_3_0_,
        inventory0_.MinimumReorderQuantity_Value as Minim43_3_0_,
        inventory0_.MinimumReorderQuantity_UnitId as Minim44_3_0_ 
    FROM
        dbo.Inventories inventory0_ 
    WHERE
        inventory0_.InventoryId=@p0;
    @p0 = 61c58cad-6fc7-45a0-9851-a72900bededc [Type: Guid (0:0:0)]
NHibernate: Batch commands:
command 0:
    UPDATE
        dbo.Orders 
    SET
        OrderNumber = @p0,
        TaxRate = @p1,
        Status = @p2,
        DueOn = @p3,
        OrderedOn = @p4,
        CreatedOn = @p5,
        StagedOn = @p6,
        ShippedOn = @p7,
        RoutedOn = @p8,
        InvoicedOn = @p9,
        PaidOn = @p10,
        CompletedOn = @p11,
        ReturnedOn = @p12,
        CancelledOn = @p13,
        CancellationReason = @p14,
        BranchId = @p15,
        CustomerId = @p16,
        PaymentTypeId = @p17,
        ShipperId = @p18,
        OrderedById = @p19,
        CreatedById = @p20,
        StagedById = @p21,
        ShippedById = @p22,
        RoutedById = @p23,
        InvoicedById = @p24,
        PaidToId = @p25,
        CompletedById = @p26,
        ReturnedById = @p27,
        CancelledById = @p28,
        PricingSchemeId = @p29,
        Tax_Amount = @p30,
        Tax_CurrencyId = @p31,
        ShippingFee_Amount = @p32,
        ShippingFee_CurrencyId = @p33,
        Discount_Amount = @p34,
        Discount_CurrencyId = @p35,
        Returned_Amount = @p36,
        Returned_CurrencyId = @p37,
        SubTotal_Amount = @p38,
        SubTotal_CurrencyId = @p39,
        Total_Amount = @p40,
        Total_CurrencyId = @p41 
    WHERE
        OrderId = @p42;
    @p0 = NULL [Type: String (4000:0:0)], @p1 = 0.12000 [Type: Decimal (0:5:28)], @p2 = 'Invoiced' [Type: String (4000:0:0)], @p3 = NULL [Type: DateTime (0:0:0)], @p4 = 2017-03-01T19:34:57.0000000 [Type: DateTime (0:0:0)], @p5 = 2017-03-01T19:34:57.0000000 [Type: DateTime (0:0:0)], @p6 = NULL [Type: DateTime (0:0:0)], @p7 = NULL [Type: DateTime (0:0:0)], @p8 = NULL [Type: DateTime (0:0:0)], @p9 = 2017-03-01T19:34:58.0000000 [Type: DateTime (0:0:0)], @p10 = NULL [Type: DateTime (0:0:0)], @p11 = NULL [Type: DateTime (0:0:0)], @p12 = NULL [Type: DateTime (0:0:0)], @p13 = NULL [Type: DateTime (0:0:0)], @p14 = NULL [Type: String (4000:0:0)], @p15 = 406a71d8-4dfd-4d34-821e-a5e52e144e50 [Type: Guid (0:0:0)], @p16 = 'Id__99d18c28-5f9c-460d-9677-1e5c6162808d' [Type: String (4000:0:0)], @p17 = 'CC' [Type: String (4000:0:0)], @p18 = NULL [Type: String (4000:0:0)], @p19 = 6c75fb1c-0e84-43f1-b458-a72900bede2c [Type: Guid (0:0:0)], @p20 = 6c75fb1c-0e84-43f1-b458-a72900bede2c [Type: Guid (0:0:0)], @p21 = NULL [Type: Guid (0:0:0)], @p22 = NULL [Type: Guid (0:0:0)], @p23 = NULL [Type: Guid (0:0:0)], @p24 = 790ee6b8-bc9d-4406-b3dc-a72900bede2a [Type: Guid (0:0:0)], @p25 = NULL [Type: Guid (0:0:0)], @p26 = NULL [Type: Guid (0:0:0)], @p27 = NULL [Type: Guid (0:0:0)], @p28 = NULL [Type: Guid (0:0:0)], @p29 = NULL [Type: String (4000:0:0)], @p30 = 0.00000 [Type: Decimal (0:5:28)], @p31 = 'PHP' [Type: String (4000:0:0)], @p32 = 0.00000 [Type: Decimal (0:5:28)], @p33 = 'PHP' [Type: String (4000:0:0)], @p34 = 0.00000 [Type: Decimal (0:5:28)], @p35 = 'PHP' [Type: String (4000:0:0)], @p36 = NULL [Type: Decimal (0:5:28)], @p37 = NULL [Type: String (4000:0:0)], @p38 = 184.66000 [Type: Decimal (0:5:28)], @p39 = 'PHP' [Type: String (4000:0:0)], @p40 = 184.66000 [Type: Decimal (0:5:28)], @p41 = 'PHP' [Type: String (4000:0:0)], @p42 = 82d9dc07-eecd-4042-a893-a72900bee0d2 [Type: Guid (0:0:0)]

NHibernate: Batch commands:
command 0:
    UPDATE
        dbo.Inventories 
    SET
        ConversionFactor = @p0,
        UnitOfMeasureId = @p1,
        UnitOfMeasureBaseId = @p2,
        BasePrice_Amount = @p3,
        BasePrice_CurrencyId = @p4,
        RetailPrice_Amount = @p5,
        RetailPrice_CurrencyId = @p6,
        WholeSalePrice_Amount = @p7,
        WholeSalePrice_CurrencyId = @p8,
        BadStockPrice_Amount = @p9,
        BadStockPrice_CurrencyId = @p10,
        BadStock_Value = @p11,
        BadStock_UnitId = @p12,
        Received_Value = @p13,
        Received_UnitId = @p14,
        OnOrder_Value = @p15,
        OnOrder_UnitId = @p16,
        OnHand_Value = @p17,
        OnHand_UnitId = @p18,
        Allocated_Value = @p19,
        Allocated_UnitId = @p20,
        Shipped_Value = @p21,
        Shipped_UnitId = @p22,
        BackOrdered_Value = @p23,
        BackOrdered_UnitId = @p24,
        Available_Value = @p25,
        Available_UnitId = @p26,
        InitialLevel_Value = @p27,
        InitialLevel_UnitId = @p28,
        Shrinkage_Value = @p29,
        Shrinkage_UnitId = @p30,
        CurrentLevel_Value = @p31,
        CurrentLevel_UnitId = @p32,
        TargetLevel_Value = @p33,
        TargetLevel_UnitId = @p34,
        BelowTargetLevel_Value = @p35,
        BelowTargetLevel_UnitId = @p36,
        ReorderLevel_Value = @p37,
        ReorderLevel_UnitId = @p38,
        ReorderQuantity_Value = @p39,
        ReorderQuantity_UnitId = @p40,
        MinimumReorderQuantity_Value = @p41,
        MinimumReorderQuantity_UnitId = @p42 
    WHERE
        InventoryId = @p43;
    @p0 = 0.30000 [Type: Decimal (0:5:28)], @p1 = 'g' [Type: String (4000:0:0)], @p2 = 'hm' [Type: String (4000:0:0)], @p3 = 0.22000 [Type: Decimal (0:5:28)], @p4 = 'PHP' [Type: String (4000:0:0)], @p5 = 2.22000 [Type: Decimal (0:5:28)], @p6 = 'PHP' [Type: String (4000:0:0)], @p7 = 1.22000 [Type: Decimal (0:5:28)], @p8 = 'PHP' [Type: String (4000:0:0)], @p9 = 0.00000 [Type: Decimal (0:5:28)], @p10 = 'PHP' [Type: String (4000:0:0)], @p11 = NULL [Type: Decimal (0:5:28)], @p12 = NULL [Type: String (4000:0:0)], @p13 = NULL [Type: Decimal (0:5:28)], @p14 = NULL [Type: String (4000:0:0)], @p15 = NULL [Type: Decimal (0:5:28)], @p16 = NULL [Type: String (4000:0:0)], @p17 = 0.00000 [Type: Decimal (0:5:28)], @p18 = 'g' [Type: String (4000:0:0)], @p19 = 32.00000 [Type: Decimal (0:5:28)], @p20 = 'g' [Type: String (4000:0:0)], @p21 = NULL [Type: Decimal (0:5:28)], @p22 = NULL [Type: String (4000:0:0)], @p23 = NULL [Type: Decimal (0:5:28)], @p24 = NULL [Type: String (4000:0:0)], @p25 = -32.00000 [Type: Decimal (0:5:28)], @p26 = 'g' [Type: String (4000:0:0)], @p27 = 0.00000 [Type: Decimal (0:5:28)], @p28 = 'g' [Type: String (4000:0:0)], @p29 = NULL [Type: Decimal (0:5:28)], @p30 = NULL [Type: String (4000:0:0)], @p31 = -32.00000 [Type: Decimal (0:5:28)], @p32 = 'g' [Type: String (4000:0:0)], @p33 = 0.00000 [Type: Decimal (0:5:28)], @p34 = 'g' [Type: String (4000:0:0)], @p35 = 32.00000 [Type: Decimal (0:5:28)], @p36 = 'g' [Type: String (4000:0:0)], @p37 = 0.00000 [Type: Decimal (0:5:28)], @p38 = 'g' [Type: String (4000:0:0)], @p39 = 32.00000 [Type: Decimal (0:5:28)], @p40 = 'g' [Type: String (4000:0:0)], @p41 = 0.00000 [Type: Decimal (0:5:28)], @p42 = 'g' [Type: String (4000:0:0)], @p43 = 9d087926-8eca-43f6-bffb-a72900bedec9 [Type: Guid (0:0:0)]
command 1:
    UPDATE
        dbo.Inventories 
    SET
        ConversionFactor = @p0,
        UnitOfMeasureId = @p1,
        UnitOfMeasureBaseId = @p2,
        BasePrice_Amount = @p3,
        BasePrice_CurrencyId = @p4,
        RetailPrice_Amount = @p5,
        RetailPrice_CurrencyId = @p6,
        WholeSalePrice_Amount = @p7,
        WholeSalePrice_CurrencyId = @p8,
        BadStockPrice_Amount = @p9,
        BadStockPrice_CurrencyId = @p10,
        BadStock_Value = @p11,
        BadStock_UnitId = @p12,
        Received_Value = @p13,
        Received_UnitId = @p14,
        OnOrder_Value = @p15,
        OnOrder_UnitId = @p16,
        OnHand_Value = @p17,
        OnHand_UnitId = @p18,
        Allocated_Value = @p19,
        Allocated_UnitId = @p20,
        Shipped_Value = @p21,
        Shipped_UnitId = @p22,
        BackOrdered_Value = @p23,
        BackOrdered_UnitId = @p24,
        Available_Value = @p25,
        Available_UnitId = @p26,
        InitialLevel_Value = @p27,
        InitialLevel_UnitId = @p28,
        Shrinkage_Value = @p29,
        Shrinkage_UnitId = @p30,
        CurrentLevel_Value = @p31,
        CurrentLevel_UnitId = @p32,
        TargetLevel_Value = @p33,
        TargetLevel_UnitId = @p34,
        BelowTargetLevel_Value = @p35,
        BelowTargetLevel_UnitId = @p36,
        ReorderLevel_Value = @p37,
        ReorderLevel_UnitId = @p38,
        ReorderQuantity_Value = @p39,
        ReorderQuantity_UnitId = @p40,
        MinimumReorderQuantity_Value = @p41,
        MinimumReorderQuantity_UnitId = @p42 
    WHERE
        InventoryId = @p43;
    @p0 = 0.30000 [Type: Decimal (0:5:28)], @p1 = 'kl' [Type: String (4000:0:0)], @p2 = 'kl' [Type: String (4000:0:0)], @p3 = 0.47000 [Type: Decimal (0:5:28)], @p4 = 'PHP' [Type: String (4000:0:0)], @p5 = 2.47000 [Type: Decimal (0:5:28)], @p6 = 'PHP' [Type: String (4000:0:0)], @p7 = 1.47000 [Type: Decimal (0:5:28)], @p8 = 'PHP' [Type: String (4000:0:0)], @p9 = 0.00000 [Type: Decimal (0:5:28)], @p10 = 'PHP' [Type: String (4000:0:0)], @p11 = NULL [Type: Decimal (0:5:28)], @p12 = NULL [Type: String (4000:0:0)], @p13 = NULL [Type: Decimal (0:5:28)], @p14 = NULL [Type: String (4000:0:0)], @p15 = NULL [Type: Decimal (0:5:28)], @p16 = NULL [Type: String (4000:0:0)], @p17 = 0.00000 [Type: Decimal (0:5:28)], @p18 = 'kl' [Type: String (4000:0:0)], @p19 = 46.00000 [Type: Decimal (0:5:28)], @p20 = 'kl' [Type: String (4000:0:0)], @p21 = NULL [Type: Decimal (0:5:28)], @p22 = NULL [Type: String (4000:0:0)], @p23 = NULL [Type: Decimal (0:5:28)], @p24 = NULL [Type: String (4000:0:0)], @p25 = -46.00000 [Type: Decimal (0:5:28)], @p26 = 'kl' [Type: String (4000:0:0)], @p27 = 0.00000 [Type: Decimal (0:5:28)], @p28 = 'kl' [Type: String (4000:0:0)], @p29 = NULL [Type: Decimal (0:5:28)], @p30 = NULL [Type: String (4000:0:0)], @p31 = -46.00000 [Type: Decimal (0:5:28)], @p32 = 'kl' [Type: String (4000:0:0)], @p33 = 0.00000 [Type: Decimal (0:5:28)], @p34 = 'kl' [Type: String (4000:0:0)], @p35 = 46.00000 [Type: Decimal (0:5:28)], @p36 = 'kl' [Type: String (4000:0:0)], @p37 = 0.00000 [Type: Decimal (0:5:28)], @p38 = 'kl' [Type: String (4000:0:0)], @p39 = 46.00000 [Type: Decimal (0:5:28)], @p40 = 'kl' [Type: String (4000:0:0)], @p41 = 0.00000 [Type: Decimal (0:5:28)], @p42 = 'kl' [Type: String (4000:0:0)], @p43 = 61c58cad-6fc7-45a0-9851-a72900bededc [Type: Guid (0:0:0)]

NHibernate: 
    SELECT
        this_.OrderId as OrderI1_5_21_,
        this_.OrderNumber as OrderN2_5_21_,
        this_.TaxRate as TaxRat3_5_21_,
        this_.Status as Status4_5_21_,
        this_.DueOn as DueOn5_5_21_,
        this_.OrderedOn as Ordere6_5_21_,
        this_.CreatedOn as Create7_5_21_,
        this_.StagedOn as Staged8_5_21_,
        this_.ShippedOn as Shippe9_5_21_,
        this_.RoutedOn as Route10_5_21_,
        this_.InvoicedOn as Invoi11_5_21_,
        this_.PaidOn as PaidO12_5_21_,
        this_.CompletedOn as Compl13_5_21_,
        this_.ReturnedOn as Retur14_5_21_,
        this_.CancelledOn as Cance15_5_21_,
        this_.CancellationReason as Cance16_5_21_,
        this_.BranchId as Branc17_5_21_,
        this_.CustomerId as Custo18_5_21_,
        this_.PaymentTypeId as Payme19_5_21_,
        this_.ShipperId as Shipp20_5_21_,
        this_.OrderedById as Order21_5_21_,
        this_.CreatedById as Creat22_5_21_,
        this_.StagedById as Stage23_5_21_,
        this_.ShippedById as Shipp24_5_21_,
        this_.RoutedById as Route25_5_21_,
        this_.InvoicedById as Invoi26_5_21_,
        this_.PaidToId as PaidT27_5_21_,
        this_.CompletedById as Compl28_5_21_,
        this_.ReturnedById as Retur29_5_21_,
        this_.CancelledById as Cance30_5_21_,
        this_.PricingSchemeId as Prici31_5_21_,
        this_.Tax_Amount as Tax32_5_21_,
        this_.Tax_CurrencyId as Tax33_5_21_,
        this_.ShippingFee_Amount as Shipp34_5_21_,
        this_.ShippingFee_CurrencyId as Shipp35_5_21_,
        this_.Discount_Amount as Disco36_5_21_,
        this_.Discount_CurrencyId as Disco37_5_21_,
        this_.Returned_Amount as Retur38_5_21_,
        this_.Returned_CurrencyId as Retur39_5_21_,
        this_.SubTotal_Amount as SubTo40_5_21_,
        this_.SubTotal_CurrencyId as SubTo41_5_21_,
        this_.Total_Amount as Total42_5_21_,
        this_.Total_CurrencyId as Total43_5_21_,
        items2_.OrderId as OrderI4_4_23_,
        items2_.OrderItemId as OrderI1_4_23_,
        items2_.OrderItemId as OrderI1_4_0_,
        items2_.DiscountRate as Discou2_4_0_,
        items2_.ProductId as Produc3_4_0_,
        items2_.OrderId as OrderI4_4_0_,
        items2_.Quantity_Value as Quanti5_4_0_,
        items2_.Quantity_UnitId as Quanti6_4_0_,
        items2_.Discount_Amount as Discou7_4_0_,
        items2_.Discount_CurrencyId as Discou8_4_0_,
        items2_.UnitPrice_Amount as UnitPr9_4_0_,
        items2_.UnitPrice_CurrencyId as UnitP10_4_0_,
        items2_.ExtendedPrice_Amount as Exten11_4_0_,
        items2_.ExtendedPrice_CurrencyId as Exten12_4_0_,
        items2_.TotalPrice_Amount as Total13_4_0_,
        items2_.TotalPrice_CurrencyId as Total14_4_0_,
        product3_.ProductId as Produ1_11_1_,
        product3_.Name as Name2_11_1_,
        product3_.Description as Descr3_11_1_,
        product3_.Image as Image4_11_1_,
        product3_.Discontinued as Disco5_11_1_,
        product3_.CategoryId as Categ6_11_1_,
        product3_.SupplierId as Suppl7_11_1_,
        inventory4_.InventoryId as Invent1_3_2_,
        inventory4_.ConversionFactor as Conver2_3_2_,
        inventory4_.UnitOfMeasureId as UnitOf3_3_2_,
        inventory4_.UnitOfMeasureBaseId as UnitOf4_3_2_,
        inventory4_.BasePrice_Amount as BasePr5_3_2_,
        inventory4_.BasePrice_CurrencyId as BasePr6_3_2_,
        inventory4_.RetailPrice_Amount as Retail7_3_2_,
        inventory4_.RetailPrice_CurrencyId as Retail8_3_2_,
        inventory4_.WholeSalePrice_Amount as WholeS9_3_2_,
        inventory4_.WholeSalePrice_CurrencyId as Whole10_3_2_,
        inventory4_.BadStockPrice_Amount as BadSt11_3_2_,
        inventory4_.BadStockPrice_CurrencyId as BadSt12_3_2_,
        inventory4_.BadStock_Value as BadSt13_3_2_,
        inventory4_.BadStock_UnitId as BadSt14_3_2_,
        inventory4_.Received_Value as Recei15_3_2_,
        inventory4_.Received_UnitId as Recei16_3_2_,
        inventory4_.OnOrder_Value as OnOrd17_3_2_,
        inventory4_.OnOrder_UnitId as OnOrd18_3_2_,
        inventory4_.OnHand_Value as OnHan19_3_2_,
        inventory4_.OnHand_UnitId as OnHan20_3_2_,
        inventory4_.Allocated_Value as Alloc21_3_2_,
        inventory4_.Allocated_UnitId as Alloc22_3_2_,
        inventory4_.Shipped_Value as Shipp23_3_2_,
        inventory4_.Shipped_UnitId as Shipp24_3_2_,
        inventory4_.BackOrdered_Value as BackO25_3_2_,
        inventory4_.BackOrdered_UnitId as BackO26_3_2_,
        inventory4_.Available_Value as Avail27_3_2_,
        inventory4_.Available_UnitId as Avail28_3_2_,
        inventory4_.InitialLevel_Value as Initi29_3_2_,
        inventory4_.InitialLevel_UnitId as Initi30_3_2_,
        inventory4_.Shrinkage_Value as Shrin31_3_2_,
        inventory4_.Shrinkage_UnitId as Shrin32_3_2_,
        inventory4_.CurrentLevel_Value as Curre33_3_2_,
        inventory4_.CurrentLevel_UnitId as Curre34_3_2_,
        inventory4_.TargetLevel_Value as Targe35_3_2_,
        inventory4_.TargetLevel_UnitId as Targe36_3_2_,
        inventory4_.BelowTargetLevel_Value as Below37_3_2_,
        inventory4_.BelowTargetLevel_UnitId as Below38_3_2_,
        inventory4_.ReorderLevel_Value as Reord39_3_2_,
        inventory4_.ReorderLevel_UnitId as Reord40_3_2_,
        inventory4_.ReorderQuantity_Value as Reord41_3_2_,
        inventory4_.ReorderQuantity_UnitId as Reord42_3_2_,
        inventory4_.MinimumReorderQuantity_Value as Minim43_3_2_,
        inventory4_.MinimumReorderQuantity_UnitId as Minim44_3_2_,
        returns5_.OrderId as OrderI4_7_24_,
        returns5_.OrderReturnId as OrderR1_7_24_,
        returns5_.OrderReturnId as OrderR1_7_3_,
        returns5_.ReturnedOn as Return2_7_3_,
        returns5_.ProductId as Produc3_7_3_,
        returns5_.OrderId as OrderI4_7_3_,
        returns5_.ReasonId as Reason5_7_3_,
        returns5_.ReturnedById as Return6_7_3_,
        returns5_.Quantity_Value as Quanti7_7_3_,
        returns5_.Quantity_UnitId as Quanti8_7_3_,
        returns5_.Returned_Amount as Return9_7_3_,
        returns5_.Returned_CurrencyId as Retur10_7_3_,
        product6_.ProductId as Produ1_11_4_,
        product6_.Name as Name2_11_4_,
        product6_.Description as Descr3_11_4_,
        product6_.Image as Image4_11_4_,
        product6_.Discontinued as Disco5_11_4_,
        product6_.CategoryId as Categ6_11_4_,
        product6_.SupplierId as Suppl7_11_4_,
        payments7_.OrderId as OrderI3_6_25_,
        payments7_.OrderPaymentId as OrderP1_6_25_,
        payments7_.OrderPaymentId as OrderP1_6_5_,
        payments7_.PaidOn as PaidOn2_6_5_,
        payments7_.OrderId as OrderI3_6_5_,
        payments7_.PaidById as PaidBy4_6_5_,
        payments7_.PaymentTypeId as Paymen5_6_5_,
        payments7_.Payment_Amount as Paymen6_6_5_,
        payments7_.Payment_CurrencyId as Paymen7_6_5_,
        user8_.UserId as UserI1_25_6_,
        user8_.Username as Usern2_25_6_,
        user8_.Password as Passw3_25_6_,
        user8_.BranchId as Branc4_25_6_,
        user8_.FirstName as First5_25_6_,
        user8_.MiddleName as Middl6_25_6_,
        user8_.LastName as LastN7_25_6_,
        user8_.BirthDate as Birth8_25_6_,
        user8_.Street as Stree9_25_6_,
        user8_.Barangay as Bara10_25_6_,
        user8_.City as City11_25_6_,
        user8_.Province as Prov12_25_6_,
        user8_.Region as Regi13_25_6_,
        user8_.Country as Coun14_25_6_,
        user8_.ZipCode as ZipC15_25_6_,
        paymenttyp9_.PaymentTypeId as Paymen1_8_7_,
        paymenttyp9_.Name as Name2_8_7_,
        branch10_.BranchId as Branch1_0_8_,
        branch10_.Name as Name2_0_8_,
        branch10_.Description as Descri3_0_8_,
        branch10_.Street as Street4_0_8_,
        branch10_.Barangay as Barang5_0_8_,
        branch10_.City as City6_0_8_,
        branch10_.Province as Provin7_0_8_,
        branch10_.Region as Region8_0_8_,
        branch10_.Country as Countr9_0_8_,
        branch10_.ZipCode as ZipCo10_0_8_,
        customer11_.CustomerId as Custom1_2_9_,
        customer11_.Name as Name2_2_9_,
        customer11_.PricingSchemeId as Pricin3_2_9_,
        customer11_.CreditLimit_Amount as Credit4_2_9_,
        customer11_.CreditLimit_CurrencyId as Credit5_2_9_,
        customer11_.Office_Street as Office6_2_9_,
        customer11_.Office_Barangay as Office7_2_9_,
        customer11_.Office_City as Office8_2_9_,
        customer11_.Office_Province as Office9_2_9_,
        customer11_.Office_Region as Offic10_2_9_,
        customer11_.Office_Country as Offic11_2_9_,
        customer11_.Office_ZipCode as Offic12_2_9_,
        customer11_.Billing_Street as Billi13_2_9_,
        customer11_.Billing_Barangay as Billi14_2_9_,
        customer11_.Billing_City as Billi15_2_9_,
        customer11_.Billing_Province as Billi16_2_9_,
        customer11_.Billing_Region as Billi17_2_9_,
        customer11_.Billing_Country as Billi18_2_9_,
        customer11_.Billing_ZipCode as Billi19_2_9_,
        customer11_.Email as Email20_2_9_,
        customer11_.Landline as Landl21_2_9_,
        customer11_.Fax as Fax22_2_9_,
        customer11_.Mobile as Mobil23_2_9_,
        customer11_.Web as Web24_2_9_,
        paymenttyp12_.PaymentTypeId as Paymen1_8_10_,
        paymenttyp12_.Name as Name2_8_10_,
        shipper13_.ShipperId as Shipp1_20_11_,
        shipper13_.Name as Name2_20_11_,
        shipper13_.Street as Stree3_20_11_,
        shipper13_.Barangay as Baran4_20_11_,
        shipper13_.City as City5_20_11_,
        shipper13_.Province as Provi6_20_11_,
        shipper13_.Region as Regio7_20_11_,
        shipper13_.Country as Count8_20_11_,
        shipper13_.ZipCode as ZipCo9_20_11_,
        shipper13_.Email as Emai10_20_11_,
        shipper13_.Landline as Land11_20_11_,
        shipper13_.Fax as Fax12_20_11_,
        shipper13_.Mobile as Mobi13_20_11_,
        shipper13_.Web as Web14_20_11_,
        user14_.UserId as UserI1_25_12_,
        user14_.Username as Usern2_25_12_,
        user14_.Password as Passw3_25_12_,
        user14_.BranchId as Branc4_25_12_,
        user14_.FirstName as First5_25_12_,
        user14_.MiddleName as Middl6_25_12_,
        user14_.LastName as LastN7_25_12_,
        user14_.BirthDate as Birth8_25_12_,
        user14_.Street as Stree9_25_12_,
        user14_.Barangay as Bara10_25_12_,
        user14_.City as City11_25_12_,
        user14_.Province as Prov12_25_12_,
        user14_.Region as Regi13_25_12_,
        user14_.Country as Coun14_25_12_,
        user14_.ZipCode as ZipC15_25_12_,
        user15_.UserId as UserI1_25_13_,
        user15_.Username as Usern2_25_13_,
        user15_.Password as Passw3_25_13_,
        user15_.BranchId as Branc4_25_13_,
        user15_.FirstName as First5_25_13_,
        user15_.MiddleName as Middl6_25_13_,
        user15_.LastName as LastN7_25_13_,
        user15_.BirthDate as Birth8_25_13_,
        user15_.Street as Stree9_25_13_,
        user15_.Barangay as Bara10_25_13_,
        user15_.City as City11_25_13_,
        user15_.Province as Prov12_25_13_,
        user15_.Region as Regi13_25_13_,
        user15_.Country as Coun14_25_13_,
        user15_.ZipCode as ZipC15_25_13_,
        user16_.UserId as UserI1_25_14_,
        user16_.Username as Usern2_25_14_,
        user16_.Password as Passw3_25_14_,
        user16_.BranchId as Branc4_25_14_,
        user16_.FirstName as First5_25_14_,
        user16_.MiddleName as Middl6_25_14_,
        user16_.LastName as LastN7_25_14_,
        user16_.BirthDate as Birth8_25_14_,
        user16_.Street as Stree9_25_14_,
        user16_.Barangay as Bara10_25_14_,
        user16_.City as City11_25_14_,
        user16_.Province as Prov12_25_14_,
        user16_.Region as Regi13_25_14_,
        user16_.Country as Coun14_25_14_,
        user16_.ZipCode as ZipC15_25_14_,
        user17_.UserId as UserI1_25_15_,
        user17_.Username as Usern2_25_15_,
        user17_.Password as Passw3_25_15_,
        user17_.BranchId as Branc4_25_15_,
        user17_.FirstName as First5_25_15_,
        user17_.MiddleName as Middl6_25_15_,
        user17_.LastName as LastN7_25_15_,
        user17_.BirthDate as Birth8_25_15_,
        user17_.Street as Stree9_25_15_,
        user17_.Barangay as Bara10_25_15_,
        user17_.City as City11_25_15_,
        user17_.Province as Prov12_25_15_,
        user17_.Region as Regi13_25_15_,
        user17_.Country as Coun14_25_15_,
        user17_.ZipCode as ZipC15_25_15_,
        user18_.UserId as UserI1_25_16_,
        user18_.Username as Usern2_25_16_,
        user18_.Password as Passw3_25_16_,
        user18_.BranchId as Branc4_25_16_,
        user18_.FirstName as First5_25_16_,
        user18_.MiddleName as Middl6_25_16_,
        user18_.LastName as LastN7_25_16_,
        user18_.BirthDate as Birth8_25_16_,
        user18_.Street as Stree9_25_16_,
        user18_.Barangay as Bara10_25_16_,
        user18_.City as City11_25_16_,
        user18_.Province as Prov12_25_16_,
        user18_.Region as Regi13_25_16_,
        user18_.Country as Coun14_25_16_,
        user18_.ZipCode as ZipC15_25_16_,
        user19_.UserId as UserI1_25_17_,
        user19_.Username as Usern2_25_17_,
        user19_.Password as Passw3_25_17_,
        user19_.BranchId as Branc4_25_17_,
        user19_.FirstName as First5_25_17_,
        user19_.MiddleName as Middl6_25_17_,
        user19_.LastName as LastN7_25_17_,
        user19_.BirthDate as Birth8_25_17_,
        user19_.Street as Stree9_25_17_,
        user19_.Barangay as Bara10_25_17_,
        user19_.City as City11_25_17_,
        user19_.Province as Prov12_25_17_,
        user19_.Region as Regi13_25_17_,
        user19_.Country as Coun14_25_17_,
        user19_.ZipCode as ZipC15_25_17_,
        user20_.UserId as UserI1_25_18_,
        user20_.Username as Usern2_25_18_,
        user20_.Password as Passw3_25_18_,
        user20_.BranchId as Branc4_25_18_,
        user20_.FirstName as First5_25_18_,
        user20_.MiddleName as Middl6_25_18_,
        user20_.LastName as LastN7_25_18_,
        user20_.BirthDate as Birth8_25_18_,
        user20_.Street as Stree9_25_18_,
        user20_.Barangay as Bara10_25_18_,
        user20_.City as City11_25_18_,
        user20_.Province as Prov12_25_18_,
        user20_.Region as Regi13_25_18_,
        user20_.Country as Coun14_25_18_,
        user20_.ZipCode as ZipC15_25_18_,
        user21_.UserId as UserI1_25_19_,
        user21_.Username as Usern2_25_19_,
        user21_.Password as Passw3_25_19_,
        user21_.BranchId as Branc4_25_19_,
        user21_.FirstName as First5_25_19_,
        user21_.MiddleName as Middl6_25_19_,
        user21_.LastName as LastN7_25_19_,
        user21_.BirthDate as Birth8_25_19_,
        user21_.Street as Stree9_25_19_,
        user21_.Barangay as Bara10_25_19_,
        user21_.City as City11_25_19_,
        user21_.Province as Prov12_25_19_,
        user21_.Region as Regi13_25_19_,
        user21_.Country as Coun14_25_19_,
        user21_.ZipCode as ZipC15_25_19_,
        pricingsch22_.PricingSchemeId as Pricin1_9_20_,
        pricingsch22_.Name as Name2_9_20_ 
    FROM
        dbo.Orders this_ 
    left outer join
        dbo.OrderItems items2_ 
            on this_.OrderId=items2_.OrderId 
    left outer join
        dbo.Products product3_ 
            on items2_.ProductId=product3_.ProductId 
    left outer join
        dbo.Inventories inventory4_ 
            on product3_.ProductId=inventory4_.InventoryId 
    left outer join
        dbo.OrderReturns returns5_ 
            on this_.OrderId=returns5_.OrderId 
    left outer join
        dbo.Products product6_ 
            on returns5_.ProductId=product6_.ProductId 
    left outer join
        dbo.OrderPayments payments7_ 
            on this_.OrderId=payments7_.OrderId 
    left outer join
        dbo.Users user8_ 
            on payments7_.PaidById=user8_.UserId 
    left outer join
        dbo.PaymentTypes paymenttyp9_ 
            on payments7_.PaymentTypeId=paymenttyp9_.PaymentTypeId 
    left outer join
        dbo.Branches branch10_ 
            on this_.BranchId=branch10_.BranchId 
    inner join
        dbo.Customers customer11_ 
            on this_.CustomerId=customer11_.CustomerId 
    left outer join
        dbo.PaymentTypes paymenttyp12_ 
            on this_.PaymentTypeId=paymenttyp12_.PaymentTypeId 
    left outer join
        dbo.Shippers shipper13_ 
            on this_.ShipperId=shipper13_.ShipperId 
    left outer join
        dbo.Users user14_ 
            on this_.OrderedById=user14_.UserId 
    left outer join
        dbo.Users user15_ 
            on this_.CreatedById=user15_.UserId 
    left outer join
        dbo.Users user16_ 
            on this_.StagedById=user16_.UserId 
    left outer join
        dbo.Users user17_ 
            on this_.RoutedById=user17_.UserId 
    left outer join
        dbo.Users user18_ 
            on this_.InvoicedById=user18_.UserId 
    left outer join
        dbo.Users user19_ 
            on this_.PaidToId=user19_.UserId 
    left outer join
        dbo.Users user20_ 
            on this_.CompletedById=user20_.UserId 
    left outer join
        dbo.Users user21_ 
            on this_.CancelledById=user21_.UserId 
    left outer join
        dbo.PricingSchemes pricingsch22_ 
            on this_.PricingSchemeId=pricingsch22_.PricingSchemeId 
    WHERE
        this_.OrderId = @p0;
    @p0 = 82d9dc07-eecd-4042-a893-a72900bee0d2 [Type: Guid (0:0:0)]
NHibernate: 
    SELECT
        this_.OrderId as OrderI1_5_24_,
        this_.OrderNumber as OrderN2_5_24_,
        this_.TaxRate as TaxRat3_5_24_,
        this_.Status as Status4_5_24_,
        this_.DueOn as DueOn5_5_24_,
        this_.OrderedOn as Ordere6_5_24_,
        this_.CreatedOn as Create7_5_24_,
        this_.StagedOn as Staged8_5_24_,
        this_.ShippedOn as Shippe9_5_24_,
        this_.RoutedOn as Route10_5_24_,
        this_.InvoicedOn as Invoi11_5_24_,
        this_.PaidOn as PaidO12_5_24_,
        this_.CompletedOn as Compl13_5_24_,
        this_.ReturnedOn as Retur14_5_24_,
        this_.CancelledOn as Cance15_5_24_,
        this_.CancellationReason as Cance16_5_24_,
        this_.BranchId as Branc17_5_24_,
        this_.CustomerId as Custo18_5_24_,
        this_.PaymentTypeId as Payme19_5_24_,
        this_.ShipperId as Shipp20_5_24_,
        this_.OrderedById as Order21_5_24_,
        this_.CreatedById as Creat22_5_24_,
        this_.StagedById as Stage23_5_24_,
        this_.ShippedById as Shipp24_5_24_,
        this_.RoutedById as Route25_5_24_,
        this_.InvoicedById as Invoi26_5_24_,
        this_.PaidToId as PaidT27_5_24_,
        this_.CompletedById as Compl28_5_24_,
        this_.ReturnedById as Retur29_5_24_,
        this_.CancelledById as Cance30_5_24_,
        this_.PricingSchemeId as Prici31_5_24_,
        this_.Tax_Amount as Tax32_5_24_,
        this_.Tax_CurrencyId as Tax33_5_24_,
        this_.ShippingFee_Amount as Shipp34_5_24_,
        this_.ShippingFee_CurrencyId as Shipp35_5_24_,
        this_.Discount_Amount as Disco36_5_24_,
        this_.Discount_CurrencyId as Disco37_5_24_,
        this_.Returned_Amount as Retur38_5_24_,
        this_.Returned_CurrencyId as Retur39_5_24_,
        this_.SubTotal_Amount as SubTo40_5_24_,
        this_.SubTotal_CurrencyId as SubTo41_5_24_,
        this_.Total_Amount as Total42_5_24_,
        this_.Total_CurrencyId as Total43_5_24_,
        items2_.OrderId as OrderI4_4_26_,
        items2_.OrderItemId as OrderI1_4_26_,
        items2_.OrderItemId as OrderI1_4_0_,
        items2_.DiscountRate as Discou2_4_0_,
        items2_.ProductId as Produc3_4_0_,
        items2_.OrderId as OrderI4_4_0_,
        items2_.Quantity_Value as Quanti5_4_0_,
        items2_.Quantity_UnitId as Quanti6_4_0_,
        items2_.Discount_Amount as Discou7_4_0_,
        items2_.Discount_CurrencyId as Discou8_4_0_,
        items2_.UnitPrice_Amount as UnitPr9_4_0_,
        items2_.UnitPrice_CurrencyId as UnitP10_4_0_,
        items2_.ExtendedPrice_Amount as Exten11_4_0_,
        items2_.ExtendedPrice_CurrencyId as Exten12_4_0_,
        items2_.TotalPrice_Amount as Total13_4_0_,
        items2_.TotalPrice_CurrencyId as Total14_4_0_,
        product3_.ProductId as Produ1_11_1_,
        product3_.Name as Name2_11_1_,
        product3_.Description as Descr3_11_1_,
        product3_.Image as Image4_11_1_,
        product3_.Discontinued as Disco5_11_1_,
        product3_.CategoryId as Categ6_11_1_,
        product3_.SupplierId as Suppl7_11_1_,
        inventory4_.InventoryId as Invent1_3_2_,
        inventory4_.ConversionFactor as Conver2_3_2_,
        inventory4_.UnitOfMeasureId as UnitOf3_3_2_,
        inventory4_.UnitOfMeasureBaseId as UnitOf4_3_2_,
        inventory4_.BasePrice_Amount as BasePr5_3_2_,
        inventory4_.BasePrice_CurrencyId as BasePr6_3_2_,
        inventory4_.RetailPrice_Amount as Retail7_3_2_,
        inventory4_.RetailPrice_CurrencyId as Retail8_3_2_,
        inventory4_.WholeSalePrice_Amount as WholeS9_3_2_,
        inventory4_.WholeSalePrice_CurrencyId as Whole10_3_2_,
        inventory4_.BadStockPrice_Amount as BadSt11_3_2_,
        inventory4_.BadStockPrice_CurrencyId as BadSt12_3_2_,
        inventory4_.BadStock_Value as BadSt13_3_2_,
        inventory4_.BadStock_UnitId as BadSt14_3_2_,
        inventory4_.Received_Value as Recei15_3_2_,
        inventory4_.Received_UnitId as Recei16_3_2_,
        inventory4_.OnOrder_Value as OnOrd17_3_2_,
        inventory4_.OnOrder_UnitId as OnOrd18_3_2_,
        inventory4_.OnHand_Value as OnHan19_3_2_,
        inventory4_.OnHand_UnitId as OnHan20_3_2_,
        inventory4_.Allocated_Value as Alloc21_3_2_,
        inventory4_.Allocated_UnitId as Alloc22_3_2_,
        inventory4_.Shipped_Value as Shipp23_3_2_,
        inventory4_.Shipped_UnitId as Shipp24_3_2_,
        inventory4_.BackOrdered_Value as BackO25_3_2_,
        inventory4_.BackOrdered_UnitId as BackO26_3_2_,
        inventory4_.Available_Value as Avail27_3_2_,
        inventory4_.Available_UnitId as Avail28_3_2_,
        inventory4_.InitialLevel_Value as Initi29_3_2_,
        inventory4_.InitialLevel_UnitId as Initi30_3_2_,
        inventory4_.Shrinkage_Value as Shrin31_3_2_,
        inventory4_.Shrinkage_UnitId as Shrin32_3_2_,
        inventory4_.CurrentLevel_Value as Curre33_3_2_,
        inventory4_.CurrentLevel_UnitId as Curre34_3_2_,
        inventory4_.TargetLevel_Value as Targe35_3_2_,
        inventory4_.TargetLevel_UnitId as Targe36_3_2_,
        inventory4_.BelowTargetLevel_Value as Below37_3_2_,
        inventory4_.BelowTargetLevel_UnitId as Below38_3_2_,
        inventory4_.ReorderLevel_Value as Reord39_3_2_,
        inventory4_.ReorderLevel_UnitId as Reord40_3_2_,
        inventory4_.ReorderQuantity_Value as Reord41_3_2_,
        inventory4_.ReorderQuantity_UnitId as Reord42_3_2_,
        inventory4_.MinimumReorderQuantity_Value as Minim43_3_2_,
        inventory4_.MinimumReorderQuantity_UnitId as Minim44_3_2_,
        returns5_.OrderId as OrderI4_7_27_,
        returns5_.OrderReturnId as OrderR1_7_27_,
        returns5_.OrderReturnId as OrderR1_7_3_,
        returns5_.ReturnedOn as Return2_7_3_,
        returns5_.ProductId as Produc3_7_3_,
        returns5_.OrderId as OrderI4_7_3_,
        returns5_.ReasonId as Reason5_7_3_,
        returns5_.ReturnedById as Return6_7_3_,
        returns5_.Quantity_Value as Quanti7_7_3_,
        returns5_.Quantity_UnitId as Quanti8_7_3_,
        returns5_.Returned_Amount as Return9_7_3_,
        returns5_.Returned_CurrencyId as Retur10_7_3_,
        product6_.ProductId as Produ1_11_4_,
        product6_.Name as Name2_11_4_,
        product6_.Description as Descr3_11_4_,
        product6_.Image as Image4_11_4_,
        product6_.Discontinued as Disco5_11_4_,
        product6_.CategoryId as Categ6_11_4_,
        product6_.SupplierId as Suppl7_11_4_,
        inventory7_.InventoryId as Invent1_3_5_,
        inventory7_.ConversionFactor as Conver2_3_5_,
        inventory7_.UnitOfMeasureId as UnitOf3_3_5_,
        inventory7_.UnitOfMeasureBaseId as UnitOf4_3_5_,
        inventory7_.BasePrice_Amount as BasePr5_3_5_,
        inventory7_.BasePrice_CurrencyId as BasePr6_3_5_,
        inventory7_.RetailPrice_Amount as Retail7_3_5_,
        inventory7_.RetailPrice_CurrencyId as Retail8_3_5_,
        inventory7_.WholeSalePrice_Amount as WholeS9_3_5_,
        inventory7_.WholeSalePrice_CurrencyId as Whole10_3_5_,
        inventory7_.BadStockPrice_Amount as BadSt11_3_5_,
        inventory7_.BadStockPrice_CurrencyId as BadSt12_3_5_,
        inventory7_.BadStock_Value as BadSt13_3_5_,
        inventory7_.BadStock_UnitId as BadSt14_3_5_,
        inventory7_.Received_Value as Recei15_3_5_,
        inventory7_.Received_UnitId as Recei16_3_5_,
        inventory7_.OnOrder_Value as OnOrd17_3_5_,
        inventory7_.OnOrder_UnitId as OnOrd18_3_5_,
        inventory7_.OnHand_Value as OnHan19_3_5_,
        inventory7_.OnHand_UnitId as OnHan20_3_5_,
        inventory7_.Allocated_Value as Alloc21_3_5_,
        inventory7_.Allocated_UnitId as Alloc22_3_5_,
        inventory7_.Shipped_Value as Shipp23_3_5_,
        inventory7_.Shipped_UnitId as Shipp24_3_5_,
        inventory7_.BackOrdered_Value as BackO25_3_5_,
        inventory7_.BackOrdered_UnitId as BackO26_3_5_,
        inventory7_.Available_Value as Avail27_3_5_,
        inventory7_.Available_UnitId as Avail28_3_5_,
        inventory7_.InitialLevel_Value as Initi29_3_5_,
        inventory7_.InitialLevel_UnitId as Initi30_3_5_,
        inventory7_.Shrinkage_Value as Shrin31_3_5_,
        inventory7_.Shrinkage_UnitId as Shrin32_3_5_,
        inventory7_.CurrentLevel_Value as Curre33_3_5_,
        inventory7_.CurrentLevel_UnitId as Curre34_3_5_,
        inventory7_.TargetLevel_Value as Targe35_3_5_,
        inventory7_.TargetLevel_UnitId as Targe36_3_5_,
        inventory7_.BelowTargetLevel_Value as Below37_3_5_,
        inventory7_.BelowTargetLevel_UnitId as Below38_3_5_,
        inventory7_.ReorderLevel_Value as Reord39_3_5_,
        inventory7_.ReorderLevel_UnitId as Reord40_3_5_,
        inventory7_.ReorderQuantity_Value as Reord41_3_5_,
        inventory7_.ReorderQuantity_UnitId as Reord42_3_5_,
        inventory7_.MinimumReorderQuantity_Value as Minim43_3_5_,
        inventory7_.MinimumReorderQuantity_UnitId as Minim44_3_5_,
        returnreas8_.ReturnReasonId as Retur1_18_6_,
        returnreas8_.Name as Name2_18_6_,
        user9_.UserId as UserI1_25_7_,
        user9_.Username as Usern2_25_7_,
        user9_.Password as Passw3_25_7_,
        user9_.BranchId as Branc4_25_7_,
        user9_.FirstName as First5_25_7_,
        user9_.MiddleName as Middl6_25_7_,
        user9_.LastName as LastN7_25_7_,
        user9_.BirthDate as Birth8_25_7_,
        user9_.Street as Stree9_25_7_,
        user9_.Barangay as Bara10_25_7_,
        user9_.City as City11_25_7_,
        user9_.Province as Prov12_25_7_,
        user9_.Region as Regi13_25_7_,
        user9_.Country as Coun14_25_7_,
        user9_.ZipCode as ZipC15_25_7_,
        payments10_.OrderId as OrderI3_6_28_,
        payments10_.OrderPaymentId as OrderP1_6_28_,
        payments10_.OrderPaymentId as OrderP1_6_8_,
        payments10_.PaidOn as PaidOn2_6_8_,
        payments10_.OrderId as OrderI3_6_8_,
        payments10_.PaidById as PaidBy4_6_8_,
        payments10_.PaymentTypeId as Paymen5_6_8_,
        payments10_.Payment_Amount as Paymen6_6_8_,
        payments10_.Payment_CurrencyId as Paymen7_6_8_,
        user11_.UserId as UserI1_25_9_,
        user11_.Username as Usern2_25_9_,
        user11_.Password as Passw3_25_9_,
        user11_.BranchId as Branc4_25_9_,
        user11_.FirstName as First5_25_9_,
        user11_.MiddleName as Middl6_25_9_,
        user11_.LastName as LastN7_25_9_,
        user11_.BirthDate as Birth8_25_9_,
        user11_.Street as Stree9_25_9_,
        user11_.Barangay as Bara10_25_9_,
        user11_.City as City11_25_9_,
        user11_.Province as Prov12_25_9_,
        user11_.Region as Regi13_25_9_,
        user11_.Country as Coun14_25_9_,
        user11_.ZipCode as ZipC15_25_9_,
        paymenttyp12_.PaymentTypeId as Paymen1_8_10_,
        paymenttyp12_.Name as Name2_8_10_,
        branch13_.BranchId as Branch1_0_11_,
        branch13_.Name as Name2_0_11_,
        branch13_.Description as Descri3_0_11_,
        branch13_.Street as Street4_0_11_,
        branch13_.Barangay as Barang5_0_11_,
        branch13_.City as City6_0_11_,
        branch13_.Province as Provin7_0_11_,
        branch13_.Region as Region8_0_11_,
        branch13_.Country as Countr9_0_11_,
        branch13_.ZipCode as ZipCo10_0_11_,
        customer14_.CustomerId as Custom1_2_12_,
        customer14_.Name as Name2_2_12_,
        customer14_.PricingSchemeId as Pricin3_2_12_,
        customer14_.CreditLimit_Amount as Credit4_2_12_,
        customer14_.CreditLimit_CurrencyId as Credit5_2_12_,
        customer14_.Office_Street as Office6_2_12_,
        customer14_.Office_Barangay as Office7_2_12_,
        customer14_.Office_City as Office8_2_12_,
        customer14_.Office_Province as Office9_2_12_,
        customer14_.Office_Region as Offic10_2_12_,
        customer14_.Office_Country as Offic11_2_12_,
        customer14_.Office_ZipCode as Offic12_2_12_,
        customer14_.Billing_Street as Billi13_2_12_,
        customer14_.Billing_Barangay as Billi14_2_12_,
        customer14_.Billing_City as Billi15_2_12_,
        customer14_.Billing_Province as Billi16_2_12_,
        customer14_.Billing_Region as Billi17_2_12_,
        customer14_.Billing_Country as Billi18_2_12_,
        customer14_.Billing_ZipCode as Billi19_2_12_,
        customer14_.Email as Email20_2_12_,
        customer14_.Landline as Landl21_2_12_,
        customer14_.Fax as Fax22_2_12_,
        customer14_.Mobile as Mobil23_2_12_,
        customer14_.Web as Web24_2_12_,
        paymenttyp15_.PaymentTypeId as Paymen1_8_13_,
        paymenttyp15_.Name as Name2_8_13_,
        shipper16_.ShipperId as Shipp1_20_14_,
        shipper16_.Name as Name2_20_14_,
        shipper16_.Street as Stree3_20_14_,
        shipper16_.Barangay as Baran4_20_14_,
        shipper16_.City as City5_20_14_,
        shipper16_.Province as Provi6_20_14_,
        shipper16_.Region as Regio7_20_14_,
        shipper16_.Country as Count8_20_14_,
        shipper16_.ZipCode as ZipCo9_20_14_,
        shipper16_.Email as Emai10_20_14_,
        shipper16_.Landline as Land11_20_14_,
        shipper16_.Fax as Fax12_20_14_,
        shipper16_.Mobile as Mobi13_20_14_,
        shipper16_.Web as Web14_20_14_,
        user17_.UserId as UserI1_25_15_,
        user17_.Username as Usern2_25_15_,
        user17_.Password as Passw3_25_15_,
        user17_.BranchId as Branc4_25_15_,
        user17_.FirstName as First5_25_15_,
        user17_.MiddleName as Middl6_25_15_,
        user17_.LastName as LastN7_25_15_,
        user17_.BirthDate as Birth8_25_15_,
        user17_.Street as Stree9_25_15_,
        user17_.Barangay as Bara10_25_15_,
        user17_.City as City11_25_15_,
        user17_.Province as Prov12_25_15_,
        user17_.Region as Regi13_25_15_,
        user17_.Country as Coun14_25_15_,
        user17_.ZipCode as ZipC15_25_15_,
        user18_.UserId as UserI1_25_16_,
        user18_.Username as Usern2_25_16_,
        user18_.Password as Passw3_25_16_,
        user18_.BranchId as Branc4_25_16_,
        user18_.FirstName as First5_25_16_,
        user18_.MiddleName as Middl6_25_16_,
        user18_.LastName as LastN7_25_16_,
        user18_.BirthDate as Birth8_25_16_,
        user18_.Street as Stree9_25_16_,
        user18_.Barangay as Bara10_25_16_,
        user18_.City as City11_25_16_,
        user18_.Province as Prov12_25_16_,
        user18_.Region as Regi13_25_16_,
        user18_.Country as Coun14_25_16_,
        user18_.ZipCode as ZipC15_25_16_,
        user19_.UserId as UserI1_25_17_,
        user19_.Username as Usern2_25_17_,
        user19_.Password as Passw3_25_17_,
        user19_.BranchId as Branc4_25_17_,
        user19_.FirstName as First5_25_17_,
        user19_.MiddleName as Middl6_25_17_,
        user19_.LastName as LastN7_25_17_,
        user19_.BirthDate as Birth8_25_17_,
        user19_.Street as Stree9_25_17_,
        user19_.Barangay as Bara10_25_17_,
        user19_.City as City11_25_17_,
        user19_.Province as Prov12_25_17_,
        user19_.Region as Regi13_25_17_,
        user19_.Country as Coun14_25_17_,
        user19_.ZipCode as ZipC15_25_17_,
        user20_.UserId as UserI1_25_18_,
        user20_.Username as Usern2_25_18_,
        user20_.Password as Passw3_25_18_,
        user20_.BranchId as Branc4_25_18_,
        user20_.FirstName as First5_25_18_,
        user20_.MiddleName as Middl6_25_18_,
        user20_.LastName as LastN7_25_18_,
        user20_.BirthDate as Birth8_25_18_,
        user20_.Street as Stree9_25_18_,
        user20_.Barangay as Bara10_25_18_,
        user20_.City as City11_25_18_,
        user20_.Province as Prov12_25_18_,
        user20_.Region as Regi13_25_18_,
        user20_.Country as Coun14_25_18_,
        user20_.ZipCode as ZipC15_25_18_,
        user21_.UserId as UserI1_25_19_,
        user21_.Username as Usern2_25_19_,
        user21_.Password as Passw3_25_19_,
        user21_.BranchId as Branc4_25_19_,
        user21_.FirstName as First5_25_19_,
        user21_.MiddleName as Middl6_25_19_,
        user21_.LastName as LastN7_25_19_,
        user21_.BirthDate as Birth8_25_19_,
        user21_.Street as Stree9_25_19_,
        user21_.Barangay as Bara10_25_19_,
        user21_.City as City11_25_19_,
        user21_.Province as Prov12_25_19_,
        user21_.Region as Regi13_25_19_,
        user21_.Country as Coun14_25_19_,
        user21_.ZipCode as ZipC15_25_19_,
        user22_.UserId as UserI1_25_20_,
        user22_.Username as Usern2_25_20_,
        user22_.Password as Passw3_25_20_,
        user22_.BranchId as Branc4_25_20_,
        user22_.FirstName as First5_25_20_,
        user22_.MiddleName as Middl6_25_20_,
        user22_.LastName as LastN7_25_20_,
        user22_.BirthDate as Birth8_25_20_,
        user22_.Street as Stree9_25_20_,
        user22_.Barangay as Bara10_25_20_,
        user22_.City as City11_25_20_,
        user22_.Province as Prov12_25_20_,
        user22_.Region as Regi13_25_20_,
        user22_.Country as Coun14_25_20_,
        user22_.ZipCode as ZipC15_25_20_,
        user23_.UserId as UserI1_25_21_,
        user23_.Username as Usern2_25_21_,
        user23_.Password as Passw3_25_21_,
        user23_.BranchId as Branc4_25_21_,
        user23_.FirstName as First5_25_21_,
        user23_.MiddleName as Middl6_25_21_,
        user23_.LastName as LastN7_25_21_,
        user23_.BirthDate as Birth8_25_21_,
        user23_.Street as Stree9_25_21_,
        user23_.Barangay as Bara10_25_21_,
        user23_.City as City11_25_21_,
        user23_.Province as Prov12_25_21_,
        user23_.Region as Regi13_25_21_,
        user23_.Country as Coun14_25_21_,
        user23_.ZipCode as ZipC15_25_21_,
        user24_.UserId as UserI1_25_22_,
        user24_.Username as Usern2_25_22_,
        user24_.Password as Passw3_25_22_,
        user24_.BranchId as Branc4_25_22_,
        user24_.FirstName as First5_25_22_,
        user24_.MiddleName as Middl6_25_22_,
        user24_.LastName as LastN7_25_22_,
        user24_.BirthDate as Birth8_25_22_,
        user24_.Street as Stree9_25_22_,
        user24_.Barangay as Bara10_25_22_,
        user24_.City as City11_25_22_,
        user24_.Province as Prov12_25_22_,
        user24_.Region as Regi13_25_22_,
        user24_.Country as Coun14_25_22_,
        user24_.ZipCode as ZipC15_25_22_,
        pricingsch25_.PricingSchemeId as Pricin1_9_23_,
        pricingsch25_.Name as Name2_9_23_ 
    FROM
        dbo.Orders this_ 
    left outer join
        dbo.OrderItems items2_ 
            on this_.OrderId=items2_.OrderId 
    left outer join
        dbo.Products product3_ 
            on items2_.ProductId=product3_.ProductId 
    left outer join
        dbo.Inventories inventory4_ 
            on product3_.ProductId=inventory4_.InventoryId 
    left outer join
        dbo.OrderReturns returns5_ 
            on this_.OrderId=returns5_.OrderId 
    left outer join
        dbo.Products product6_ 
            on returns5_.ProductId=product6_.ProductId 
    left outer join
        dbo.Inventories inventory7_ 
            on product6_.ProductId=inventory7_.InventoryId 
    left outer join
        dbo.ReturnReasons returnreas8_ 
            on returns5_.ReasonId=returnreas8_.ReturnReasonId 
    left outer join
        dbo.Users user9_ 
            on returns5_.ReturnedById=user9_.UserId 
    left outer join
        dbo.OrderPayments payments10_ 
            on this_.OrderId=payments10_.OrderId 
    left outer join
        dbo.Users user11_ 
            on payments10_.PaidById=user11_.UserId 
    left outer join
        dbo.PaymentTypes paymenttyp12_ 
            on payments10_.PaymentTypeId=paymenttyp12_.PaymentTypeId 
    left outer join
        dbo.Branches branch13_ 
            on this_.BranchId=branch13_.BranchId 
    inner join
        dbo.Customers customer14_ 
            on this_.CustomerId=customer14_.CustomerId 
    left outer join
        dbo.PaymentTypes paymenttyp15_ 
            on this_.PaymentTypeId=paymenttyp15_.PaymentTypeId 
    left outer join
        dbo.Shippers shipper16_ 
            on this_.ShipperId=shipper16_.ShipperId 
    left outer join
        dbo.Users user17_ 
            on this_.OrderedById=user17_.UserId 
    left outer join
        dbo.Users user18_ 
            on this_.CreatedById=user18_.UserId 
    left outer join
        dbo.Users user19_ 
            on this_.StagedById=user19_.UserId 
    left outer join
        dbo.Users user20_ 
            on this_.RoutedById=user20_.UserId 
    left outer join
        dbo.Users user21_ 
            on this_.InvoicedById=user21_.UserId 
    left outer join
        dbo.Users user22_ 
            on this_.PaidToId=user22_.UserId 
    left outer join
        dbo.Users user23_ 
            on this_.CompletedById=user23_.UserId 
    left outer join
        dbo.Users user24_ 
            on this_.CancelledById=user24_.UserId 
    left outer join
        dbo.PricingSchemes pricingsch25_ 
            on this_.PricingSchemeId=pricingsch25_.PricingSchemeId 
    WHERE
        this_.OrderId = @p0;
    @p0 = 82d9dc07-eecd-4042-a893-a72900bee0d2 [Type: Guid (0:0:0)]
NHibernate: 
    select
        product0_.ProductId as Produ1_11_0_,
        inventory1_.InventoryId as Invent1_3_1_,
        product0_.Name as Name2_11_0_,
        product0_.Description as Descr3_11_0_,
        product0_.Image as Image4_11_0_,
        product0_.Discontinued as Disco5_11_0_,
        product0_.CategoryId as Categ6_11_0_,
        product0_.SupplierId as Suppl7_11_0_,
        inventory1_.ConversionFactor as Conver2_3_1_,
        inventory1_.UnitOfMeasureId as UnitOf3_3_1_,
        inventory1_.UnitOfMeasureBaseId as UnitOf4_3_1_,
        inventory1_.BasePrice_Amount as BasePr5_3_1_,
        inventory1_.BasePrice_CurrencyId as BasePr6_3_1_,
        inventory1_.RetailPrice_Amount as Retail7_3_1_,
        inventory1_.RetailPrice_CurrencyId as Retail8_3_1_,
        inventory1_.WholeSalePrice_Amount as WholeS9_3_1_,
        inventory1_.WholeSalePrice_CurrencyId as Whole10_3_1_,
        inventory1_.BadStockPrice_Amount as BadSt11_3_1_,
        inventory1_.BadStockPrice_CurrencyId as BadSt12_3_1_,
        inventory1_.BadStock_Value as BadSt13_3_1_,
        inventory1_.BadStock_UnitId as BadSt14_3_1_,
        inventory1_.Received_Value as Recei15_3_1_,
        inventory1_.Received_UnitId as Recei16_3_1_,
        inventory1_.OnOrder_Value as OnOrd17_3_1_,
        inventory1_.OnOrder_UnitId as OnOrd18_3_1_,
        inventory1_.OnHand_Value as OnHan19_3_1_,
        inventory1_.OnHand_UnitId as OnHan20_3_1_,
        inventory1_.Allocated_Value as Alloc21_3_1_,
        inventory1_.Allocated_UnitId as Alloc22_3_1_,
        inventory1_.Shipped_Value as Shipp23_3_1_,
        inventory1_.Shipped_UnitId as Shipp24_3_1_,
        inventory1_.BackOrdered_Value as BackO25_3_1_,
        inventory1_.BackOrdered_UnitId as BackO26_3_1_,
        inventory1_.Available_Value as Avail27_3_1_,
        inventory1_.Available_UnitId as Avail28_3_1_,
        inventory1_.InitialLevel_Value as Initi29_3_1_,
        inventory1_.InitialLevel_UnitId as Initi30_3_1_,
        inventory1_.Shrinkage_Value as Shrin31_3_1_,
        inventory1_.Shrinkage_UnitId as Shrin32_3_1_,
        inventory1_.CurrentLevel_Value as Curre33_3_1_,
        inventory1_.CurrentLevel_UnitId as Curre34_3_1_,
        inventory1_.TargetLevel_Value as Targe35_3_1_,
        inventory1_.TargetLevel_UnitId as Targe36_3_1_,
        inventory1_.BelowTargetLevel_Value as Below37_3_1_,
        inventory1_.BelowTargetLevel_UnitId as Below38_3_1_,
        inventory1_.ReorderLevel_Value as Reord39_3_1_,
        inventory1_.ReorderLevel_UnitId as Reord40_3_1_,
        inventory1_.ReorderQuantity_Value as Reord41_3_1_,
        inventory1_.ReorderQuantity_UnitId as Reord42_3_1_,
        inventory1_.MinimumReorderQuantity_Value as Minim43_3_1_,
        inventory1_.MinimumReorderQuantity_UnitId as Minim44_3_1_ 
    from
        dbo.Products product0_ 
    left outer join
        dbo.Inventories inventory1_ 
            on product0_.ProductId=inventory1_.InventoryId 
    where
        1=0
NHibernate: Batch commands:
command 0:
    INSERT 
    INTO
        dbo.OrderPayments
        (PaidOn, OrderId, PaidById, PaymentTypeId, Payment_Amount, Payment_CurrencyId, OrderPaymentId) 
    VALUES
        (@p0, @p1, @p2, @p3, @p4, @p5, @p6);
    @p0 = 2017-03-01T19:34:58.0000000 [Type: DateTime (0:0:0)], @p1 = 82d9dc07-eecd-4042-a893-a72900bee0d2 [Type: Guid (0:0:0)], @p2 = 6c75fb1c-0e84-43f1-b458-a72900bede2c [Type: Guid (0:0:0)], @p3 = 'CS' [Type: String (4000:0:0)], @p4 = 184.66000 [Type: Decimal (0:5:28)], @p5 = 'PHP' [Type: String (4000:0:0)], @p6 = 6f63e158-c908-46e8-9a3a-a72900bee1a7 [Type: Guid (0:0:0)]

NHibernate: Batch commands:
command 0:
    UPDATE
        dbo.Orders 
    SET
        OrderNumber = @p0,
        TaxRate = @p1,
        Status = @p2,
        DueOn = @p3,
        OrderedOn = @p4,
        CreatedOn = @p5,
        StagedOn = @p6,
        ShippedOn = @p7,
        RoutedOn = @p8,
        InvoicedOn = @p9,
        PaidOn = @p10,
        CompletedOn = @p11,
        ReturnedOn = @p12,
        CancelledOn = @p13,
        CancellationReason = @p14,
        BranchId = @p15,
        CustomerId = @p16,
        PaymentTypeId = @p17,
        ShipperId = @p18,
        OrderedById = @p19,
        CreatedById = @p20,
        StagedById = @p21,
        ShippedById = @p22,
        RoutedById = @p23,
        InvoicedById = @p24,
        PaidToId = @p25,
        CompletedById = @p26,
        ReturnedById = @p27,
        CancelledById = @p28,
        PricingSchemeId = @p29,
        Tax_Amount = @p30,
        Tax_CurrencyId = @p31,
        ShippingFee_Amount = @p32,
        ShippingFee_CurrencyId = @p33,
        Discount_Amount = @p34,
        Discount_CurrencyId = @p35,
        Returned_Amount = @p36,
        Returned_CurrencyId = @p37,
        SubTotal_Amount = @p38,
        SubTotal_CurrencyId = @p39,
        Total_Amount = @p40,
        Total_CurrencyId = @p41 
    WHERE
        OrderId = @p42;
    @p0 = NULL [Type: String (4000:0:0)], @p1 = 0.12000 [Type: Decimal (0:5:28)], @p2 = 'Invoiced' [Type: String (4000:0:0)], @p3 = NULL [Type: DateTime (0:0:0)], @p4 = 2017-03-01T19:34:58.0000000 [Type: DateTime (0:0:0)], @p5 = 2017-03-01T19:34:58.0000000 [Type: DateTime (0:0:0)], @p6 = NULL [Type: DateTime (0:0:0)], @p7 = NULL [Type: DateTime (0:0:0)], @p8 = NULL [Type: DateTime (0:0:0)], @p9 = 2017-03-01T19:34:58.0000000 [Type: DateTime (0:0:0)], @p10 = 2017-03-01T19:34:58.0000000 [Type: DateTime (0:0:0)], @p11 = NULL [Type: DateTime (0:0:0)], @p12 = NULL [Type: DateTime (0:0:0)], @p13 = NULL [Type: DateTime (0:0:0)], @p14 = NULL [Type: String (4000:0:0)], @p15 = 406a71d8-4dfd-4d34-821e-a5e52e144e50 [Type: Guid (0:0:0)], @p16 = 'Id__99d18c28-5f9c-460d-9677-1e5c6162808d' [Type: String (4000:0:0)], @p17 = 'CC' [Type: String (4000:0:0)], @p18 = NULL [Type: String (4000:0:0)], @p19 = 6c75fb1c-0e84-43f1-b458-a72900bede2c [Type: Guid (0:0:0)], @p20 = 6c75fb1c-0e84-43f1-b458-a72900bede2c [Type: Guid (0:0:0)], @p21 = NULL [Type: Guid (0:0:0)], @p22 = NULL [Type: Guid (0:0:0)], @p23 = NULL [Type: Guid (0:0:0)], @p24 = 790ee6b8-bc9d-4406-b3dc-a72900bede2a [Type: Guid (0:0:0)], @p25 = 6c75fb1c-0e84-43f1-b458-a72900bede2c [Type: Guid (0:0:0)], @p26 = NULL [Type: Guid (0:0:0)], @p27 = NULL [Type: Guid (0:0:0)], @p28 = NULL [Type: Guid (0:0:0)], @p29 = NULL [Type: String (4000:0:0)], @p30 = 0 [Type: Decimal (0:5:28)], @p31 = 'PHP' [Type: String (4000:0:0)], @p32 = 0 [Type: Decimal (0:5:28)], @p33 = 'PHP' [Type: String (4000:0:0)], @p34 = 0.00000 [Type: Decimal (0:5:28)], @p35 = 'PHP' [Type: String (4000:0:0)], @p36 = NULL [Type: Decimal (0:5:28)], @p37 = NULL [Type: String (4000:0:0)], @p38 = 184.66000 [Type: Decimal (0:5:28)], @p39 = 'PHP' [Type: String (4000:0:0)], @p40 = 184.66000 [Type: Decimal (0:5:28)], @p41 = 'PHP' [Type: String (4000:0:0)], @p42 = 82d9dc07-eecd-4042-a893-a72900bee0d2 [Type: Guid (0:0:0)]

NHibernate: 
    SELECT
        order0_.OrderId as OrderI1_5_0_,
        order0_.OrderNumber as OrderN2_5_0_,
        order0_.TaxRate as TaxRat3_5_0_,
        order0_.Status as Status4_5_0_,
        order0_.DueOn as DueOn5_5_0_,
        order0_.OrderedOn as Ordere6_5_0_,
        order0_.CreatedOn as Create7_5_0_,
        order0_.StagedOn as Staged8_5_0_,
        order0_.ShippedOn as Shippe9_5_0_,
        order0_.RoutedOn as Route10_5_0_,
        order0_.InvoicedOn as Invoi11_5_0_,
        order0_.PaidOn as PaidO12_5_0_,
        order0_.CompletedOn as Compl13_5_0_,
        order0_.ReturnedOn as Retur14_5_0_,
        order0_.CancelledOn as Cance15_5_0_,
        order0_.CancellationReason as Cance16_5_0_,
        order0_.BranchId as Branc17_5_0_,
        order0_.CustomerId as Custo18_5_0_,
        order0_.PaymentTypeId as Payme19_5_0_,
        order0_.ShipperId as Shipp20_5_0_,
        order0_.OrderedById as Order21_5_0_,
        order0_.CreatedById as Creat22_5_0_,
        order0_.StagedById as Stage23_5_0_,
        order0_.ShippedById as Shipp24_5_0_,
        order0_.RoutedById as Route25_5_0_,
        order0_.InvoicedById as Invoi26_5_0_,
        order0_.PaidToId as PaidT27_5_0_,
        order0_.CompletedById as Compl28_5_0_,
        order0_.ReturnedById as Retur29_5_0_,
        order0_.CancelledById as Cance30_5_0_,
        order0_.PricingSchemeId as Prici31_5_0_,
        order0_.Tax_Amount as Tax32_5_0_,
        order0_.Tax_CurrencyId as Tax33_5_0_,
        order0_.ShippingFee_Amount as Shipp34_5_0_,
        order0_.ShippingFee_CurrencyId as Shipp35_5_0_,
        order0_.Discount_Amount as Disco36_5_0_,
        order0_.Discount_CurrencyId as Disco37_5_0_,
        order0_.Returned_Amount as Retur38_5_0_,
        order0_.Returned_CurrencyId as Retur39_5_0_,
        order0_.SubTotal_Amount as SubTo40_5_0_,
        order0_.SubTotal_CurrencyId as SubTo41_5_0_,
        order0_.Total_Amount as Total42_5_0_,
        order0_.Total_CurrencyId as Total43_5_0_ 
    FROM
        dbo.Orders order0_ 
    WHERE
        order0_.OrderId=@p0;
    @p0 = 82d9dc07-eecd-4042-a893-a72900bee0d2 [Type: Guid (0:0:0)]
NHibernate: Batch commands:
command 0:
    UPDATE
        dbo.Orders 
    SET
        OrderNumber = @p0,
        TaxRate = @p1,
        Status = @p2,
        DueOn = @p3,
        OrderedOn = @p4,
        CreatedOn = @p5,
        StagedOn = @p6,
        ShippedOn = @p7,
        RoutedOn = @p8,
        InvoicedOn = @p9,
        PaidOn = @p10,
        CompletedOn = @p11,
        ReturnedOn = @p12,
        CancelledOn = @p13,
        CancellationReason = @p14,
        BranchId = @p15,
        CustomerId = @p16,
        PaymentTypeId = @p17,
        ShipperId = @p18,
        OrderedById = @p19,
        CreatedById = @p20,
        StagedById = @p21,
        ShippedById = @p22,
        RoutedById = @p23,
        InvoicedById = @p24,
        PaidToId = @p25,
        CompletedById = @p26,
        ReturnedById = @p27,
        CancelledById = @p28,
        PricingSchemeId = @p29,
        Tax_Amount = @p30,
        Tax_CurrencyId = @p31,
        ShippingFee_Amount = @p32,
        ShippingFee_CurrencyId = @p33,
        Discount_Amount = @p34,
        Discount_CurrencyId = @p35,
        Returned_Amount = @p36,
        Returned_CurrencyId = @p37,
        SubTotal_Amount = @p38,
        SubTotal_CurrencyId = @p39,
        Total_Amount = @p40,
        Total_CurrencyId = @p41 
    WHERE
        OrderId = @p42;
    @p0 = NULL [Type: String (4000:0:0)], @p1 = 0.12000 [Type: Decimal (0:5:28)], @p2 = 'Staged' [Type: String (4000:0:0)], @p3 = NULL [Type: DateTime (0:0:0)], @p4 = 2017-03-01T19:34:58.0000000 [Type: DateTime (0:0:0)], @p5 = 2017-03-01T19:34:58.0000000 [Type: DateTime (0:0:0)], @p6 = 2017-03-01T00:00:00.0000000 [Type: DateTime (0:0:0)], @p7 = NULL [Type: DateTime (0:0:0)], @p8 = NULL [Type: DateTime (0:0:0)], @p9 = 2017-03-01T19:34:58.0000000 [Type: DateTime (0:0:0)], @p10 = 2017-03-01T19:34:58.0000000 [Type: DateTime (0:0:0)], @p11 = NULL [Type: DateTime (0:0:0)], @p12 = NULL [Type: DateTime (0:0:0)], @p13 = NULL [Type: DateTime (0:0:0)], @p14 = NULL [Type: String (4000:0:0)], @p15 = 406a71d8-4dfd-4d34-821e-a5e52e144e50 [Type: Guid (0:0:0)], @p16 = 'Id__99d18c28-5f9c-460d-9677-1e5c6162808d' [Type: String (4000:0:0)], @p17 = 'CC' [Type: String (4000:0:0)], @p18 = NULL [Type: String (4000:0:0)], @p19 = 6c75fb1c-0e84-43f1-b458-a72900bede2c [Type: Guid (0:0:0)], @p20 = 6c75fb1c-0e84-43f1-b458-a72900bede2c [Type: Guid (0:0:0)], @p21 = 6c75fb1c-0e84-43f1-b458-a72900bede2c [Type: Guid (0:0:0)], @p22 = NULL [Type: Guid (0:0:0)], @p23 = NULL [Type: Guid (0:0:0)], @p24 = 790ee6b8-bc9d-4406-b3dc-a72900bede2a [Type: Guid (0:0:0)], @p25 = 6c75fb1c-0e84-43f1-b458-a72900bede2c [Type: Guid (0:0:0)], @p26 = NULL [Type: Guid (0:0:0)], @p27 = NULL [Type: Guid (0:0:0)], @p28 = NULL [Type: Guid (0:0:0)], @p29 = NULL [Type: String (4000:0:0)], @p30 = 0.00000 [Type: Decimal (0:5:28)], @p31 = 'PHP' [Type: String (4000:0:0)], @p32 = 0.00000 [Type: Decimal (0:5:28)], @p33 = 'PHP' [Type: String (4000:0:0)], @p34 = 0.00000 [Type: Decimal (0:5:28)], @p35 = 'PHP' [Type: String (4000:0:0)], @p36 = NULL [Type: Decimal (0:5:28)], @p37 = NULL [Type: String (4000:0:0)], @p38 = 184.66000 [Type: Decimal (0:5:28)], @p39 = 'PHP' [Type: String (4000:0:0)], @p40 = 184.66000 [Type: Decimal (0:5:28)], @p41 = 'PHP' [Type: String (4000:0:0)], @p42 = 82d9dc07-eecd-4042-a893-a72900bee0d2 [Type: Guid (0:0:0)]

NHibernate: 
    SELECT
        this_.OrderId as OrderI1_5_21_,
        this_.OrderNumber as OrderN2_5_21_,
        this_.TaxRate as TaxRat3_5_21_,
        this_.Status as Status4_5_21_,
        this_.DueOn as DueOn5_5_21_,
        this_.OrderedOn as Ordere6_5_21_,
        this_.CreatedOn as Create7_5_21_,
        this_.StagedOn as Staged8_5_21_,
        this_.ShippedOn as Shippe9_5_21_,
        this_.RoutedOn as Route10_5_21_,
        this_.InvoicedOn as Invoi11_5_21_,
        this_.PaidOn as PaidO12_5_21_,
        this_.CompletedOn as Compl13_5_21_,
        this_.ReturnedOn as Retur14_5_21_,
        this_.CancelledOn as Cance15_5_21_,
        this_.CancellationReason as Cance16_5_21_,
        this_.BranchId as Branc17_5_21_,
        this_.CustomerId as Custo18_5_21_,
        this_.PaymentTypeId as Payme19_5_21_,
        this_.ShipperId as Shipp20_5_21_,
        this_.OrderedById as Order21_5_21_,
        this_.CreatedById as Creat22_5_21_,
        this_.StagedById as Stage23_5_21_,
        this_.ShippedById as Shipp24_5_21_,
        this_.RoutedById as Route25_5_21_,
        this_.InvoicedById as Invoi26_5_21_,
        this_.PaidToId as PaidT27_5_21_,
        this_.CompletedById as Compl28_5_21_,
        this_.ReturnedById as Retur29_5_21_,
        this_.CancelledById as Cance30_5_21_,
        this_.PricingSchemeId as Prici31_5_21_,
        this_.Tax_Amount as Tax32_5_21_,
        this_.Tax_CurrencyId as Tax33_5_21_,
        this_.ShippingFee_Amount as Shipp34_5_21_,
        this_.ShippingFee_CurrencyId as Shipp35_5_21_,
        this_.Discount_Amount as Disco36_5_21_,
        this_.Discount_CurrencyId as Disco37_5_21_,
        this_.Returned_Amount as Retur38_5_21_,
        this_.Returned_CurrencyId as Retur39_5_21_,
        this_.SubTotal_Amount as SubTo40_5_21_,
        this_.SubTotal_CurrencyId as SubTo41_5_21_,
        this_.Total_Amount as Total42_5_21_,
        this_.Total_CurrencyId as Total43_5_21_,
        items2_.OrderId as OrderI4_4_23_,
        items2_.OrderItemId as OrderI1_4_23_,
        items2_.OrderItemId as OrderI1_4_0_,
        items2_.DiscountRate as Discou2_4_0_,
        items2_.ProductId as Produc3_4_0_,
        items2_.OrderId as OrderI4_4_0_,
        items2_.Quantity_Value as Quanti5_4_0_,
        items2_.Quantity_UnitId as Quanti6_4_0_,
        items2_.Discount_Amount as Discou7_4_0_,
        items2_.Discount_CurrencyId as Discou8_4_0_,
        items2_.UnitPrice_Amount as UnitPr9_4_0_,
        items2_.UnitPrice_CurrencyId as UnitP10_4_0_,
        items2_.ExtendedPrice_Amount as Exten11_4_0_,
        items2_.ExtendedPrice_CurrencyId as Exten12_4_0_,
        items2_.TotalPrice_Amount as Total13_4_0_,
        items2_.TotalPrice_CurrencyId as Total14_4_0_,
        product3_.ProductId as Produ1_11_1_,
        product3_.Name as Name2_11_1_,
        product3_.Description as Descr3_11_1_,
        product3_.Image as Image4_11_1_,
        product3_.Discontinued as Disco5_11_1_,
        product3_.CategoryId as Categ6_11_1_,
        product3_.SupplierId as Suppl7_11_1_,
        inventory4_.InventoryId as Invent1_3_2_,
        inventory4_.ConversionFactor as Conver2_3_2_,
        inventory4_.UnitOfMeasureId as UnitOf3_3_2_,
        inventory4_.UnitOfMeasureBaseId as UnitOf4_3_2_,
        inventory4_.BasePrice_Amount as BasePr5_3_2_,
        inventory4_.BasePrice_CurrencyId as BasePr6_3_2_,
        inventory4_.RetailPrice_Amount as Retail7_3_2_,
        inventory4_.RetailPrice_CurrencyId as Retail8_3_2_,
        inventory4_.WholeSalePrice_Amount as WholeS9_3_2_,
        inventory4_.WholeSalePrice_CurrencyId as Whole10_3_2_,
        inventory4_.BadStockPrice_Amount as BadSt11_3_2_,
        inventory4_.BadStockPrice_CurrencyId as BadSt12_3_2_,
        inventory4_.BadStock_Value as BadSt13_3_2_,
        inventory4_.BadStock_UnitId as BadSt14_3_2_,
        inventory4_.Received_Value as Recei15_3_2_,
        inventory4_.Received_UnitId as Recei16_3_2_,
        inventory4_.OnOrder_Value as OnOrd17_3_2_,
        inventory4_.OnOrder_UnitId as OnOrd18_3_2_,
        inventory4_.OnHand_Value as OnHan19_3_2_,
        inventory4_.OnHand_UnitId as OnHan20_3_2_,
        inventory4_.Allocated_Value as Alloc21_3_2_,
        inventory4_.Allocated_UnitId as Alloc22_3_2_,
        inventory4_.Shipped_Value as Shipp23_3_2_,
        inventory4_.Shipped_UnitId as Shipp24_3_2_,
        inventory4_.BackOrdered_Value as BackO25_3_2_,
        inventory4_.BackOrdered_UnitId as BackO26_3_2_,
        inventory4_.Available_Value as Avail27_3_2_,
        inventory4_.Available_UnitId as Avail28_3_2_,
        inventory4_.InitialLevel_Value as Initi29_3_2_,
        inventory4_.InitialLevel_UnitId as Initi30_3_2_,
        inventory4_.Shrinkage_Value as Shrin31_3_2_,
        inventory4_.Shrinkage_UnitId as Shrin32_3_2_,
        inventory4_.CurrentLevel_Value as Curre33_3_2_,
        inventory4_.CurrentLevel_UnitId as Curre34_3_2_,
        inventory4_.TargetLevel_Value as Targe35_3_2_,
        inventory4_.TargetLevel_UnitId as Targe36_3_2_,
        inventory4_.BelowTargetLevel_Value as Below37_3_2_,
        inventory4_.BelowTargetLevel_UnitId as Below38_3_2_,
        inventory4_.ReorderLevel_Value as Reord39_3_2_,
        inventory4_.ReorderLevel_UnitId as Reord40_3_2_,
        inventory4_.ReorderQuantity_Value as Reord41_3_2_,
        inventory4_.ReorderQuantity_UnitId as Reord42_3_2_,
        inventory4_.MinimumReorderQuantity_Value as Minim43_3_2_,
        inventory4_.MinimumReorderQuantity_UnitId as Minim44_3_2_,
        returns5_.OrderId as OrderI4_7_24_,
        returns5_.OrderReturnId as OrderR1_7_24_,
        returns5_.OrderReturnId as OrderR1_7_3_,
        returns5_.ReturnedOn as Return2_7_3_,
        returns5_.ProductId as Produc3_7_3_,
        returns5_.OrderId as OrderI4_7_3_,
        returns5_.ReasonId as Reason5_7_3_,
        returns5_.ReturnedById as Return6_7_3_,
        returns5_.Quantity_Value as Quanti7_7_3_,
        returns5_.Quantity_UnitId as Quanti8_7_3_,
        returns5_.Returned_Amount as Return9_7_3_,
        returns5_.Returned_CurrencyId as Retur10_7_3_,
        product6_.ProductId as Produ1_11_4_,
        product6_.Name as Name2_11_4_,
        product6_.Description as Descr3_11_4_,
        product6_.Image as Image4_11_4_,
        product6_.Discontinued as Disco5_11_4_,
        product6_.CategoryId as Categ6_11_4_,
        product6_.SupplierId as Suppl7_11_4_,
        payments7_.OrderId as OrderI3_6_25_,
        payments7_.OrderPaymentId as OrderP1_6_25_,
        payments7_.OrderPaymentId as OrderP1_6_5_,
        payments7_.PaidOn as PaidOn2_6_5_,
        payments7_.OrderId as OrderI3_6_5_,
        payments7_.PaidById as PaidBy4_6_5_,
        payments7_.PaymentTypeId as Paymen5_6_5_,
        payments7_.Payment_Amount as Paymen6_6_5_,
        payments7_.Payment_CurrencyId as Paymen7_6_5_,
        user8_.UserId as UserI1_25_6_,
        user8_.Username as Usern2_25_6_,
        user8_.Password as Passw3_25_6_,
        user8_.BranchId as Branc4_25_6_,
        user8_.FirstName as First5_25_6_,
        user8_.MiddleName as Middl6_25_6_,
        user8_.LastName as LastN7_25_6_,
        user8_.BirthDate as Birth8_25_6_,
        user8_.Street as Stree9_25_6_,
        user8_.Barangay as Bara10_25_6_,
        user8_.City as City11_25_6_,
        user8_.Province as Prov12_25_6_,
        user8_.Region as Regi13_25_6_,
        user8_.Country as Coun14_25_6_,
        user8_.ZipCode as ZipC15_25_6_,
        paymenttyp9_.PaymentTypeId as Paymen1_8_7_,
        paymenttyp9_.Name as Name2_8_7_,
        branch10_.BranchId as Branch1_0_8_,
        branch10_.Name as Name2_0_8_,
        branch10_.Description as Descri3_0_8_,
        branch10_.Street as Street4_0_8_,
        branch10_.Barangay as Barang5_0_8_,
        branch10_.City as City6_0_8_,
        branch10_.Province as Provin7_0_8_,
        branch10_.Region as Region8_0_8_,
        branch10_.Country as Countr9_0_8_,
        branch10_.ZipCode as ZipCo10_0_8_,
        customer11_.CustomerId as Custom1_2_9_,
        customer11_.Name as Name2_2_9_,
        customer11_.PricingSchemeId as Pricin3_2_9_,
        customer11_.CreditLimit_Amount as Credit4_2_9_,
        customer11_.CreditLimit_CurrencyId as Credit5_2_9_,
        customer11_.Office_Street as Office6_2_9_,
        customer11_.Office_Barangay as Office7_2_9_,
        customer11_.Office_City as Office8_2_9_,
        customer11_.Office_Province as Office9_2_9_,
        customer11_.Office_Region as Offic10_2_9_,
        customer11_.Office_Country as Offic11_2_9_,
        customer11_.Office_ZipCode as Offic12_2_9_,
        customer11_.Billing_Street as Billi13_2_9_,
        customer11_.Billing_Barangay as Billi14_2_9_,
        customer11_.Billing_City as Billi15_2_9_,
        customer11_.Billing_Province as Billi16_2_9_,
        customer11_.Billing_Region as Billi17_2_9_,
        customer11_.Billing_Country as Billi18_2_9_,
        customer11_.Billing_ZipCode as Billi19_2_9_,
        customer11_.Email as Email20_2_9_,
        customer11_.Landline as Landl21_2_9_,
        customer11_.Fax as Fax22_2_9_,
        customer11_.Mobile as Mobil23_2_9_,
        customer11_.Web as Web24_2_9_,
        paymenttyp12_.PaymentTypeId as Paymen1_8_10_,
        paymenttyp12_.Name as Name2_8_10_,
        shipper13_.ShipperId as Shipp1_20_11_,
        shipper13_.Name as Name2_20_11_,
        shipper13_.Street as Stree3_20_11_,
        shipper13_.Barangay as Baran4_20_11_,
        shipper13_.City as City5_20_11_,
        shipper13_.Province as Provi6_20_11_,
        shipper13_.Region as Regio7_20_11_,
        shipper13_.Country as Count8_20_11_,
        shipper13_.ZipCode as ZipCo9_20_11_,
        shipper13_.Email as Emai10_20_11_,
        shipper13_.Landline as Land11_20_11_,
        shipper13_.Fax as Fax12_20_11_,
        shipper13_.Mobile as Mobi13_20_11_,
        shipper13_.Web as Web14_20_11_,
        user14_.UserId as UserI1_25_12_,
        user14_.Username as Usern2_25_12_,
        user14_.Password as Passw3_25_12_,
        user14_.BranchId as Branc4_25_12_,
        user14_.FirstName as First5_25_12_,
        user14_.MiddleName as Middl6_25_12_,
        user14_.LastName as LastN7_25_12_,
        user14_.BirthDate as Birth8_25_12_,
        user14_.Street as Stree9_25_12_,
        user14_.Barangay as Bara10_25_12_,
        user14_.City as City11_25_12_,
        user14_.Province as Prov12_25_12_,
        user14_.Region as Regi13_25_12_,
        user14_.Country as Coun14_25_12_,
        user14_.ZipCode as ZipC15_25_12_,
        user15_.UserId as UserI1_25_13_,
        user15_.Username as Usern2_25_13_,
        user15_.Password as Passw3_25_13_,
        user15_.BranchId as Branc4_25_13_,
        user15_.FirstName as First5_25_13_,
        user15_.MiddleName as Middl6_25_13_,
        user15_.LastName as LastN7_25_13_,
        user15_.BirthDate as Birth8_25_13_,
        user15_.Street as Stree9_25_13_,
        user15_.Barangay as Bara10_25_13_,
        user15_.City as City11_25_13_,
        user15_.Province as Prov12_25_13_,
        user15_.Region as Regi13_25_13_,
        user15_.Country as Coun14_25_13_,
        user15_.ZipCode as ZipC15_25_13_,
        user16_.UserId as UserI1_25_14_,
        user16_.Username as Usern2_25_14_,
        user16_.Password as Passw3_25_14_,
        user16_.BranchId as Branc4_25_14_,
        user16_.FirstName as First5_25_14_,
        user16_.MiddleName as Middl6_25_14_,
        user16_.LastName as LastN7_25_14_,
        user16_.BirthDate as Birth8_25_14_,
        user16_.Street as Stree9_25_14_,
        user16_.Barangay as Bara10_25_14_,
        user16_.City as City11_25_14_,
        user16_.Province as Prov12_25_14_,
        user16_.Region as Regi13_25_14_,
        user16_.Country as Coun14_25_14_,
        user16_.ZipCode as ZipC15_25_14_,
        user17_.UserId as UserI1_25_15_,
        user17_.Username as Usern2_25_15_,
        user17_.Password as Passw3_25_15_,
        user17_.BranchId as Branc4_25_15_,
        user17_.FirstName as First5_25_15_,
        user17_.MiddleName as Middl6_25_15_,
        user17_.LastName as LastN7_25_15_,
        user17_.BirthDate as Birth8_25_15_,
        user17_.Street as Stree9_25_15_,
        user17_.Barangay as Bara10_25_15_,
        user17_.City as City11_25_15_,
        user17_.Province as Prov12_25_15_,
        user17_.Region as Regi13_25_15_,
        user17_.Country as Coun14_25_15_,
        user17_.ZipCode as ZipC15_25_15_,
        user18_.UserId as UserI1_25_16_,
        user18_.Username as Usern2_25_16_,
        user18_.Password as Passw3_25_16_,
        user18_.BranchId as Branc4_25_16_,
        user18_.FirstName as First5_25_16_,
        user18_.MiddleName as Middl6_25_16_,
        user18_.LastName as LastN7_25_16_,
        user18_.BirthDate as Birth8_25_16_,
        user18_.Street as Stree9_25_16_,
        user18_.Barangay as Bara10_25_16_,
        user18_.City as City11_25_16_,
        user18_.Province as Prov12_25_16_,
        user18_.Region as Regi13_25_16_,
        user18_.Country as Coun14_25_16_,
        user18_.ZipCode as ZipC15_25_16_,
        user19_.UserId as UserI1_25_17_,
        user19_.Username as Usern2_25_17_,
        user19_.Password as Passw3_25_17_,
        user19_.BranchId as Branc4_25_17_,
        user19_.FirstName as First5_25_17_,
        user19_.MiddleName as Middl6_25_17_,
        user19_.LastName as LastN7_25_17_,
        user19_.BirthDate as Birth8_25_17_,
        user19_.Street as Stree9_25_17_,
        user19_.Barangay as Bara10_25_17_,
        user19_.City as City11_25_17_,
        user19_.Province as Prov12_25_17_,
        user19_.Region as Regi13_25_17_,
        user19_.Country as Coun14_25_17_,
        user19_.ZipCode as ZipC15_25_17_,
        user20_.UserId as UserI1_25_18_,
        user20_.Username as Usern2_25_18_,
        user20_.Password as Passw3_25_18_,
        user20_.BranchId as Branc4_25_18_,
        user20_.FirstName as First5_25_18_,
        user20_.MiddleName as Middl6_25_18_,
        user20_.LastName as LastN7_25_18_,
        user20_.BirthDate as Birth8_25_18_,
        user20_.Street as Stree9_25_18_,
        user20_.Barangay as Bara10_25_18_,
        user20_.City as City11_25_18_,
        user20_.Province as Prov12_25_18_,
        user20_.Region as Regi13_25_18_,
        user20_.Country as Coun14_25_18_,
        user20_.ZipCode as ZipC15_25_18_,
        user21_.UserId as UserI1_25_19_,
        user21_.Username as Usern2_25_19_,
        user21_.Password as Passw3_25_19_,
        user21_.BranchId as Branc4_25_19_,
        user21_.FirstName as First5_25_19_,
        user21_.MiddleName as Middl6_25_19_,
        user21_.LastName as LastN7_25_19_,
        user21_.BirthDate as Birth8_25_19_,
        user21_.Street as Stree9_25_19_,
        user21_.Barangay as Bara10_25_19_,
        user21_.City as City11_25_19_,
        user21_.Province as Prov12_25_19_,
        user21_.Region as Regi13_25_19_,
        user21_.Country as Coun14_25_19_,
        user21_.ZipCode as ZipC15_25_19_,
        pricingsch22_.PricingSchemeId as Pricin1_9_20_,
        pricingsch22_.Name as Name2_9_20_ 
    FROM
        dbo.Orders this_ 
    left outer join
        dbo.OrderItems items2_ 
            on this_.OrderId=items2_.OrderId 
    left outer join
        dbo.Products product3_ 
            on items2_.ProductId=product3_.ProductId 
    left outer join
        dbo.Inventories inventory4_ 
            on product3_.ProductId=inventory4_.InventoryId 
    left outer join
        dbo.OrderReturns returns5_ 
            on this_.OrderId=returns5_.OrderId 
    left outer join
        dbo.Products product6_ 
            on returns5_.ProductId=product6_.ProductId 
    left outer join
        dbo.OrderPayments payments7_ 
            on this_.OrderId=payments7_.OrderId 
    left outer join
        dbo.Users user8_ 
            on payments7_.PaidById=user8_.UserId 
    left outer join
        dbo.PaymentTypes paymenttyp9_ 
            on payments7_.PaymentTypeId=paymenttyp9_.PaymentTypeId 
    left outer join
        dbo.Branches branch10_ 
            on this_.BranchId=branch10_.BranchId 
    inner join
        dbo.Customers customer11_ 
            on this_.CustomerId=customer11_.CustomerId 
    left outer join
        dbo.PaymentTypes paymenttyp12_ 
            on this_.PaymentTypeId=paymenttyp12_.PaymentTypeId 
    left outer join
        dbo.Shippers shipper13_ 
            on this_.ShipperId=shipper13_.ShipperId 
    left outer join
        dbo.Users user14_ 
            on this_.OrderedById=user14_.UserId 
    left outer join
        dbo.Users user15_ 
            on this_.CreatedById=user15_.UserId 
    left outer join
        dbo.Users user16_ 
            on this_.StagedById=user16_.UserId 
    left outer join
        dbo.Users user17_ 
            on this_.RoutedById=user17_.UserId 
    left outer join
        dbo.Users user18_ 
            on this_.InvoicedById=user18_.UserId 
    left outer join
        dbo.Users user19_ 
            on this_.PaidToId=user19_.UserId 
    left outer join
        dbo.Users user20_ 
            on this_.CompletedById=user20_.UserId 
    left outer join
        dbo.Users user21_ 
            on this_.CancelledById=user21_.UserId 
    left outer join
        dbo.PricingSchemes pricingsch22_ 
            on this_.PricingSchemeId=pricingsch22_.PricingSchemeId 
    WHERE
        this_.OrderId = @p0;
    @p0 = 82d9dc07-eecd-4042-a893-a72900bee0d2 [Type: Guid (0:0:0)]
NHibernate: 
    SELECT
        order0_.OrderId as OrderI1_5_0_,
        order0_.OrderNumber as OrderN2_5_0_,
        order0_.TaxRate as TaxRat3_5_0_,
        order0_.Status as Status4_5_0_,
        order0_.DueOn as DueOn5_5_0_,
        order0_.OrderedOn as Ordere6_5_0_,
        order0_.CreatedOn as Create7_5_0_,
        order0_.StagedOn as Staged8_5_0_,
        order0_.ShippedOn as Shippe9_5_0_,
        order0_.RoutedOn as Route10_5_0_,
        order0_.InvoicedOn as Invoi11_5_0_,
        order0_.PaidOn as PaidO12_5_0_,
        order0_.CompletedOn as Compl13_5_0_,
        order0_.ReturnedOn as Retur14_5_0_,
        order0_.CancelledOn as Cance15_5_0_,
        order0_.CancellationReason as Cance16_5_0_,
        order0_.BranchId as Branc17_5_0_,
        order0_.CustomerId as Custo18_5_0_,
        order0_.PaymentTypeId as Payme19_5_0_,
        order0_.ShipperId as Shipp20_5_0_,
        order0_.OrderedById as Order21_5_0_,
        order0_.CreatedById as Creat22_5_0_,
        order0_.StagedById as Stage23_5_0_,
        order0_.ShippedById as Shipp24_5_0_,
        order0_.RoutedById as Route25_5_0_,
        order0_.InvoicedById as Invoi26_5_0_,
        order0_.PaidToId as PaidT27_5_0_,
        order0_.CompletedById as Compl28_5_0_,
        order0_.ReturnedById as Retur29_5_0_,
        order0_.CancelledById as Cance30_5_0_,
        order0_.PricingSchemeId as Prici31_5_0_,
        order0_.Tax_Amount as Tax32_5_0_,
        order0_.Tax_CurrencyId as Tax33_5_0_,
        order0_.ShippingFee_Amount as Shipp34_5_0_,
        order0_.ShippingFee_CurrencyId as Shipp35_5_0_,
        order0_.Discount_Amount as Disco36_5_0_,
        order0_.Discount_CurrencyId as Disco37_5_0_,
        order0_.Returned_Amount as Retur38_5_0_,
        order0_.Returned_CurrencyId as Retur39_5_0_,
        order0_.SubTotal_Amount as SubTo40_5_0_,
        order0_.SubTotal_CurrencyId as SubTo41_5_0_,
        order0_.Total_Amount as Total42_5_0_,
        order0_.Total_CurrencyId as Total43_5_0_ 
    FROM
        dbo.Orders order0_ 
    WHERE
        order0_.OrderId=@p0;
    @p0 = 9dc80b0a-0a7a-41df-8194-a72900bee107 [Type: Guid (0:0:0)]
NHibernate: 
    SELECT
        items0_.OrderId as OrderI4_4_1_,
        items0_.OrderItemId as OrderI1_4_1_,
        items0_.OrderItemId as OrderI1_4_0_,
        items0_.DiscountRate as Discou2_4_0_,
        items0_.ProductId as Produc3_4_0_,
        items0_.OrderId as OrderI4_4_0_,
        items0_.Quantity_Value as Quanti5_4_0_,
        items0_.Quantity_UnitId as Quanti6_4_0_,
        items0_.Discount_Amount as Discou7_4_0_,
        items0_.Discount_CurrencyId as Discou8_4_0_,
        items0_.UnitPrice_Amount as UnitPr9_4_0_,
        items0_.UnitPrice_CurrencyId as UnitP10_4_0_,
        items0_.ExtendedPrice_Amount as Exten11_4_0_,
        items0_.ExtendedPrice_CurrencyId as Exten12_4_0_,
        items0_.TotalPrice_Amount as Total13_4_0_,
        items0_.TotalPrice_CurrencyId as Total14_4_0_ 
    FROM
        dbo.OrderItems items0_ 
    WHERE
        items0_.OrderId=@p0;
    @p0 = 9dc80b0a-0a7a-41df-8194-a72900bee107 [Type: Guid (0:0:0)]
NHibernate: 
    SELECT
        inventory0_.InventoryId as Invent1_3_0_,
        inventory0_.ConversionFactor as Conver2_3_0_,
        inventory0_.UnitOfMeasureId as UnitOf3_3_0_,
        inventory0_.UnitOfMeasureBaseId as UnitOf4_3_0_,
        inventory0_.BasePrice_Amount as BasePr5_3_0_,
        inventory0_.BasePrice_CurrencyId as BasePr6_3_0_,
        inventory0_.RetailPrice_Amount as Retail7_3_0_,
        inventory0_.RetailPrice_CurrencyId as Retail8_3_0_,
        inventory0_.WholeSalePrice_Amount as WholeS9_3_0_,
        inventory0_.WholeSalePrice_CurrencyId as Whole10_3_0_,
        inventory0_.BadStockPrice_Amount as BadSt11_3_0_,
        inventory0_.BadStockPrice_CurrencyId as BadSt12_3_0_,
        inventory0_.BadStock_Value as BadSt13_3_0_,
        inventory0_.BadStock_UnitId as BadSt14_3_0_,
        inventory0_.Received_Value as Recei15_3_0_,
        inventory0_.Received_UnitId as Recei16_3_0_,
        inventory0_.OnOrder_Value as OnOrd17_3_0_,
        inventory0_.OnOrder_UnitId as OnOrd18_3_0_,
        inventory0_.OnHand_Value as OnHan19_3_0_,
        inventory0_.OnHand_UnitId as OnHan20_3_0_,
        inventory0_.Allocated_Value as Alloc21_3_0_,
        inventory0_.Allocated_UnitId as Alloc22_3_0_,
        inventory0_.Shipped_Value as Shipp23_3_0_,
        inventory0_.Shipped_UnitId as Shipp24_3_0_,
        inventory0_.BackOrdered_Value as BackO25_3_0_,
        inventory0_.BackOrdered_UnitId as BackO26_3_0_,
        inventory0_.Available_Value as Avail27_3_0_,
        inventory0_.Available_UnitId as Avail28_3_0_,
        inventory0_.InitialLevel_Value as Initi29_3_0_,
        inventory0_.InitialLevel_UnitId as Initi30_3_0_,
        inventory0_.Shrinkage_Value as Shrin31_3_0_,
        inventory0_.Shrinkage_UnitId as Shrin32_3_0_,
        inventory0_.CurrentLevel_Value as Curre33_3_0_,
        inventory0_.CurrentLevel_UnitId as Curre34_3_0_,
        inventory0_.TargetLevel_Value as Targe35_3_0_,
        inventory0_.TargetLevel_UnitId as Targe36_3_0_,
        inventory0_.BelowTargetLevel_Value as Below37_3_0_,
        inventory0_.BelowTargetLevel_UnitId as Below38_3_0_,
        inventory0_.ReorderLevel_Value as Reord39_3_0_,
        inventory0_.ReorderLevel_UnitId as Reord40_3_0_,
        inventory0_.ReorderQuantity_Value as Reord41_3_0_,
        inventory0_.ReorderQuantity_UnitId as Reord42_3_0_,
        inventory0_.MinimumReorderQuantity_Value as Minim43_3_0_,
        inventory0_.MinimumReorderQuantity_UnitId as Minim44_3_0_ 
    FROM
        dbo.Inventories inventory0_ 
    WHERE
        inventory0_.InventoryId=@p0;
    @p0 = e58fc170-890a-4626-83f0-a72900beded0 [Type: Guid (0:0:0)]
NHibernate: Batch commands:
command 0:
    UPDATE
        dbo.Orders 
    SET
        OrderNumber = @p0,
        TaxRate = @p1,
        Status = @p2,
        DueOn = @p3,
        OrderedOn = @p4,
        CreatedOn = @p5,
        StagedOn = @p6,
        ShippedOn = @p7,
        RoutedOn = @p8,
        InvoicedOn = @p9,
        PaidOn = @p10,
        CompletedOn = @p11,
        ReturnedOn = @p12,
        CancelledOn = @p13,
        CancellationReason = @p14,
        BranchId = @p15,
        CustomerId = @p16,
        PaymentTypeId = @p17,
        ShipperId = @p18,
        OrderedById = @p19,
        CreatedById = @p20,
        StagedById = @p21,
        ShippedById = @p22,
        RoutedById = @p23,
        InvoicedById = @p24,
        PaidToId = @p25,
        CompletedById = @p26,
        ReturnedById = @p27,
        CancelledById = @p28,
        PricingSchemeId = @p29,
        Tax_Amount = @p30,
        Tax_CurrencyId = @p31,
        ShippingFee_Amount = @p32,
        ShippingFee_CurrencyId = @p33,
        Discount_Amount = @p34,
        Discount_CurrencyId = @p35,
        Returned_Amount = @p36,
        Returned_CurrencyId = @p37,
        SubTotal_Amount = @p38,
        SubTotal_CurrencyId = @p39,
        Total_Amount = @p40,
        Total_CurrencyId = @p41 
    WHERE
        OrderId = @p42;
    @p0 = NULL [Type: String (4000:0:0)], @p1 = 0.12000 [Type: Decimal (0:5:28)], @p2 = 'Invoiced' [Type: String (4000:0:0)], @p3 = NULL [Type: DateTime (0:0:0)], @p4 = 2017-03-01T19:34:58.0000000 [Type: DateTime (0:0:0)], @p5 = 2017-03-01T19:34:58.0000000 [Type: DateTime (0:0:0)], @p6 = NULL [Type: DateTime (0:0:0)], @p7 = NULL [Type: DateTime (0:0:0)], @p8 = NULL [Type: DateTime (0:0:0)], @p9 = 2017-03-01T19:34:58.0000000 [Type: DateTime (0:0:0)], @p10 = NULL [Type: DateTime (0:0:0)], @p11 = NULL [Type: DateTime (0:0:0)], @p12 = NULL [Type: DateTime (0:0:0)], @p13 = NULL [Type: DateTime (0:0:0)], @p14 = NULL [Type: String (4000:0:0)], @p15 = 406a71d8-4dfd-4d34-821e-a5e52e144e50 [Type: Guid (0:0:0)], @p16 = 'Id__45f4b513-444a-4d46-af20-0c3dc78b2a96' [Type: String (4000:0:0)], @p17 = 'CS' [Type: String (4000:0:0)], @p18 = NULL [Type: String (4000:0:0)], @p19 = 790ee6b8-bc9d-4406-b3dc-a72900bede2a [Type: Guid (0:0:0)], @p20 = 790ee6b8-bc9d-4406-b3dc-a72900bede2a [Type: Guid (0:0:0)], @p21 = NULL [Type: Guid (0:0:0)], @p22 = NULL [Type: Guid (0:0:0)], @p23 = NULL [Type: Guid (0:0:0)], @p24 = 6c75fb1c-0e84-43f1-b458-a72900bede2c [Type: Guid (0:0:0)], @p25 = NULL [Type: Guid (0:0:0)], @p26 = NULL [Type: Guid (0:0:0)], @p27 = NULL [Type: Guid (0:0:0)], @p28 = NULL [Type: Guid (0:0:0)], @p29 = NULL [Type: String (4000:0:0)], @p30 = 0.00000 [Type: Decimal (0:5:28)], @p31 = 'PHP' [Type: String (4000:0:0)], @p32 = 0.00000 [Type: Decimal (0:5:28)], @p33 = 'PHP' [Type: String (4000:0:0)], @p34 = 0.00000 [Type: Decimal (0:5:28)], @p35 = 'PHP' [Type: String (4000:0:0)], @p36 = NULL [Type: Decimal (0:5:28)], @p37 = NULL [Type: String (4000:0:0)], @p38 = 136.71000 [Type: Decimal (0:5:28)], @p39 = 'PHP' [Type: String (4000:0:0)], @p40 = 136.71000 [Type: Decimal (0:5:28)], @p41 = 'PHP' [Type: String (4000:0:0)], @p42 = 9dc80b0a-0a7a-41df-8194-a72900bee107 [Type: Guid (0:0:0)]

NHibernate: Batch commands:
command 0:
    UPDATE
        dbo.Inventories 
    SET
        ConversionFactor = @p0,
        UnitOfMeasureId = @p1,
        UnitOfMeasureBaseId = @p2,
        BasePrice_Amount = @p3,
        BasePrice_CurrencyId = @p4,
        RetailPrice_Amount = @p5,
        RetailPrice_CurrencyId = @p6,
        WholeSalePrice_Amount = @p7,
        WholeSalePrice_CurrencyId = @p8,
        BadStockPrice_Amount = @p9,
        BadStockPrice_CurrencyId = @p10,
        BadStock_Value = @p11,
        BadStock_UnitId = @p12,
        Received_Value = @p13,
        Received_UnitId = @p14,
        OnOrder_Value = @p15,
        OnOrder_UnitId = @p16,
        OnHand_Value = @p17,
        OnHand_UnitId = @p18,
        Allocated_Value = @p19,
        Allocated_UnitId = @p20,
        Shipped_Value = @p21,
        Shipped_UnitId = @p22,
        BackOrdered_Value = @p23,
        BackOrdered_UnitId = @p24,
        Available_Value = @p25,
        Available_UnitId = @p26,
        InitialLevel_Value = @p27,
        InitialLevel_UnitId = @p28,
        Shrinkage_Value = @p29,
        Shrinkage_UnitId = @p30,
        CurrentLevel_Value = @p31,
        CurrentLevel_UnitId = @p32,
        TargetLevel_Value = @p33,
        TargetLevel_UnitId = @p34,
        BelowTargetLevel_Value = @p35,
        BelowTargetLevel_UnitId = @p36,
        ReorderLevel_Value = @p37,
        ReorderLevel_UnitId = @p38,
        ReorderQuantity_Value = @p39,
        ReorderQuantity_UnitId = @p40,
        MinimumReorderQuantity_Value = @p41,
        MinimumReorderQuantity_UnitId = @p42 
    WHERE
        InventoryId = @p43;
    @p0 = 0.30000 [Type: Decimal (0:5:28)], @p1 = 'dag' [Type: String (4000:0:0)], @p2 = 'kl' [Type: String (4000:0:0)], @p3 = 0.79000 [Type: Decimal (0:5:28)], @p4 = 'PHP' [Type: String (4000:0:0)], @p5 = 2.79000 [Type: Decimal (0:5:28)], @p6 = 'PHP' [Type: String (4000:0:0)], @p7 = 1.79000 [Type: Decimal (0:5:28)], @p8 = 'PHP' [Type: String (4000:0:0)], @p9 = 0.00000 [Type: Decimal (0:5:28)], @p10 = 'PHP' [Type: String (4000:0:0)], @p11 = NULL [Type: Decimal (0:5:28)], @p12 = NULL [Type: String (4000:0:0)], @p13 = NULL [Type: Decimal (0:5:28)], @p14 = NULL [Type: String (4000:0:0)], @p15 = NULL [Type: Decimal (0:5:28)], @p16 = NULL [Type: String (4000:0:0)], @p17 = 0.00000 [Type: Decimal (0:5:28)], @p18 = 'dag' [Type: String (4000:0:0)], @p19 = 49.00000 [Type: Decimal (0:5:28)], @p20 = 'dag' [Type: String (4000:0:0)], @p21 = NULL [Type: Decimal (0:5:28)], @p22 = NULL [Type: String (4000:0:0)], @p23 = NULL [Type: Decimal (0:5:28)], @p24 = NULL [Type: String (4000:0:0)], @p25 = -49.00000 [Type: Decimal (0:5:28)], @p26 = 'dag' [Type: String (4000:0:0)], @p27 = 0.00000 [Type: Decimal (0:5:28)], @p28 = 'dag' [Type: String (4000:0:0)], @p29 = NULL [Type: Decimal (0:5:28)], @p30 = NULL [Type: String (4000:0:0)], @p31 = -49.00000 [Type: Decimal (0:5:28)], @p32 = 'dag' [Type: String (4000:0:0)], @p33 = 0.00000 [Type: Decimal (0:5:28)], @p34 = 'dag' [Type: String (4000:0:0)], @p35 = 49.00000 [Type: Decimal (0:5:28)], @p36 = 'dag' [Type: String (4000:0:0)], @p37 = 0.00000 [Type: Decimal (0:5:28)], @p38 = 'dag' [Type: String (4000:0:0)], @p39 = 49.00000 [Type: Decimal (0:5:28)], @p40 = 'dag' [Type: String (4000:0:0)], @p41 = 0.00000 [Type: Decimal (0:5:28)], @p42 = 'dag' [Type: String (4000:0:0)], @p43 = e58fc170-890a-4626-83f0-a72900beded0 [Type: Guid (0:0:0)]

NHibernate: 
    SELECT
        this_.OrderId as OrderI1_5_21_,
        this_.OrderNumber as OrderN2_5_21_,
        this_.TaxRate as TaxRat3_5_21_,
        this_.Status as Status4_5_21_,
        this_.DueOn as DueOn5_5_21_,
        this_.OrderedOn as Ordere6_5_21_,
        this_.CreatedOn as Create7_5_21_,
        this_.StagedOn as Staged8_5_21_,
        this_.ShippedOn as Shippe9_5_21_,
        this_.RoutedOn as Route10_5_21_,
        this_.InvoicedOn as Invoi11_5_21_,
        this_.PaidOn as PaidO12_5_21_,
        this_.CompletedOn as Compl13_5_21_,
        this_.ReturnedOn as Retur14_5_21_,
        this_.CancelledOn as Cance15_5_21_,
        this_.CancellationReason as Cance16_5_21_,
        this_.BranchId as Branc17_5_21_,
        this_.CustomerId as Custo18_5_21_,
        this_.PaymentTypeId as Payme19_5_21_,
        this_.ShipperId as Shipp20_5_21_,
        this_.OrderedById as Order21_5_21_,
        this_.CreatedById as Creat22_5_21_,
        this_.StagedById as Stage23_5_21_,
        this_.ShippedById as Shipp24_5_21_,
        this_.RoutedById as Route25_5_21_,
        this_.InvoicedById as Invoi26_5_21_,
        this_.PaidToId as PaidT27_5_21_,
        this_.CompletedById as Compl28_5_21_,
        this_.ReturnedById as Retur29_5_21_,
        this_.CancelledById as Cance30_5_21_,
        this_.PricingSchemeId as Prici31_5_21_,
        this_.Tax_Amount as Tax32_5_21_,
        this_.Tax_CurrencyId as Tax33_5_21_,
        this_.ShippingFee_Amount as Shipp34_5_21_,
        this_.ShippingFee_CurrencyId as Shipp35_5_21_,
        this_.Discount_Amount as Disco36_5_21_,
        this_.Discount_CurrencyId as Disco37_5_21_,
        this_.Returned_Amount as Retur38_5_21_,
        this_.Returned_CurrencyId as Retur39_5_21_,
        this_.SubTotal_Amount as SubTo40_5_21_,
        this_.SubTotal_CurrencyId as SubTo41_5_21_,
        this_.Total_Amount as Total42_5_21_,
        this_.Total_CurrencyId as Total43_5_21_,
        items2_.OrderId as OrderI4_4_23_,
        items2_.OrderItemId as OrderI1_4_23_,
        items2_.OrderItemId as OrderI1_4_0_,
        items2_.DiscountRate as Discou2_4_0_,
        items2_.ProductId as Produc3_4_0_,
        items2_.OrderId as OrderI4_4_0_,
        items2_.Quantity_Value as Quanti5_4_0_,
        items2_.Quantity_UnitId as Quanti6_4_0_,
        items2_.Discount_Amount as Discou7_4_0_,
        items2_.Discount_CurrencyId as Discou8_4_0_,
        items2_.UnitPrice_Amount as UnitPr9_4_0_,
        items2_.UnitPrice_CurrencyId as UnitP10_4_0_,
        items2_.ExtendedPrice_Amount as Exten11_4_0_,
        items2_.ExtendedPrice_CurrencyId as Exten12_4_0_,
        items2_.TotalPrice_Amount as Total13_4_0_,
        items2_.TotalPrice_CurrencyId as Total14_4_0_,
        product3_.ProductId as Produ1_11_1_,
        product3_.Name as Name2_11_1_,
        product3_.Description as Descr3_11_1_,
        product3_.Image as Image4_11_1_,
        product3_.Discontinued as Disco5_11_1_,
        product3_.CategoryId as Categ6_11_1_,
        product3_.SupplierId as Suppl7_11_1_,
        inventory4_.InventoryId as Invent1_3_2_,
        inventory4_.ConversionFactor as Conver2_3_2_,
        inventory4_.UnitOfMeasureId as UnitOf3_3_2_,
        inventory4_.UnitOfMeasureBaseId as UnitOf4_3_2_,
        inventory4_.BasePrice_Amount as BasePr5_3_2_,
        inventory4_.BasePrice_CurrencyId as BasePr6_3_2_,
        inventory4_.RetailPrice_Amount as Retail7_3_2_,
        inventory4_.RetailPrice_CurrencyId as Retail8_3_2_,
        inventory4_.WholeSalePrice_Amount as WholeS9_3_2_,
        inventory4_.WholeSalePrice_CurrencyId as Whole10_3_2_,
        inventory4_.BadStockPrice_Amount as BadSt11_3_2_,
        inventory4_.BadStockPrice_CurrencyId as BadSt12_3_2_,
        inventory4_.BadStock_Value as BadSt13_3_2_,
        inventory4_.BadStock_UnitId as BadSt14_3_2_,
        inventory4_.Received_Value as Recei15_3_2_,
        inventory4_.Received_UnitId as Recei16_3_2_,
        inventory4_.OnOrder_Value as OnOrd17_3_2_,
        inventory4_.OnOrder_UnitId as OnOrd18_3_2_,
        inventory4_.OnHand_Value as OnHan19_3_2_,
        inventory4_.OnHand_UnitId as OnHan20_3_2_,
        inventory4_.Allocated_Value as Alloc21_3_2_,
        inventory4_.Allocated_UnitId as Alloc22_3_2_,
        inventory4_.Shipped_Value as Shipp23_3_2_,
        inventory4_.Shipped_UnitId as Shipp24_3_2_,
        inventory4_.BackOrdered_Value as BackO25_3_2_,
        inventory4_.BackOrdered_UnitId as BackO26_3_2_,
        inventory4_.Available_Value as Avail27_3_2_,
        inventory4_.Available_UnitId as Avail28_3_2_,
        inventory4_.InitialLevel_Value as Initi29_3_2_,
        inventory4_.InitialLevel_UnitId as Initi30_3_2_,
        inventory4_.Shrinkage_Value as Shrin31_3_2_,
        inventory4_.Shrinkage_UnitId as Shrin32_3_2_,
        inventory4_.CurrentLevel_Value as Curre33_3_2_,
        inventory4_.CurrentLevel_UnitId as Curre34_3_2_,
        inventory4_.TargetLevel_Value as Targe35_3_2_,
        inventory4_.TargetLevel_UnitId as Targe36_3_2_,
        inventory4_.BelowTargetLevel_Value as Below37_3_2_,
        inventory4_.BelowTargetLevel_UnitId as Below38_3_2_,
        inventory4_.ReorderLevel_Value as Reord39_3_2_,
        inventory4_.ReorderLevel_UnitId as Reord40_3_2_,
        inventory4_.ReorderQuantity_Value as Reord41_3_2_,
        inventory4_.ReorderQuantity_UnitId as Reord42_3_2_,
        inventory4_.MinimumReorderQuantity_Value as Minim43_3_2_,
        inventory4_.MinimumReorderQuantity_UnitId as Minim44_3_2_,
        returns5_.OrderId as OrderI4_7_24_,
        returns5_.OrderReturnId as OrderR1_7_24_,
        returns5_.OrderReturnId as OrderR1_7_3_,
        returns5_.ReturnedOn as Return2_7_3_,
        returns5_.ProductId as Produc3_7_3_,
        returns5_.OrderId as OrderI4_7_3_,
        returns5_.ReasonId as Reason5_7_3_,
        returns5_.ReturnedById as Return6_7_3_,
        returns5_.Quantity_Value as Quanti7_7_3_,
        returns5_.Quantity_UnitId as Quanti8_7_3_,
        returns5_.Returned_Amount as Return9_7_3_,
        returns5_.Returned_CurrencyId as Retur10_7_3_,
        product6_.ProductId as Produ1_11_4_,
        product6_.Name as Name2_11_4_,
        product6_.Description as Descr3_11_4_,
        product6_.Image as Image4_11_4_,
        product6_.Discontinued as Disco5_11_4_,
        product6_.CategoryId as Categ6_11_4_,
        product6_.SupplierId as Suppl7_11_4_,
        payments7_.OrderId as OrderI3_6_25_,
        payments7_.OrderPaymentId as OrderP1_6_25_,
        payments7_.OrderPaymentId as OrderP1_6_5_,
        payments7_.PaidOn as PaidOn2_6_5_,
        payments7_.OrderId as OrderI3_6_5_,
        payments7_.PaidById as PaidBy4_6_5_,
        payments7_.PaymentTypeId as Paymen5_6_5_,
        payments7_.Payment_Amount as Paymen6_6_5_,
        payments7_.Payment_CurrencyId as Paymen7_6_5_,
        user8_.UserId as UserI1_25_6_,
        user8_.Username as Usern2_25_6_,
        user8_.Password as Passw3_25_6_,
        user8_.BranchId as Branc4_25_6_,
        user8_.FirstName as First5_25_6_,
        user8_.MiddleName as Middl6_25_6_,
        user8_.LastName as LastN7_25_6_,
        user8_.BirthDate as Birth8_25_6_,
        user8_.Street as Stree9_25_6_,
        user8_.Barangay as Bara10_25_6_,
        user8_.City as City11_25_6_,
        user8_.Province as Prov12_25_6_,
        user8_.Region as Regi13_25_6_,
        user8_.Country as Coun14_25_6_,
        user8_.ZipCode as ZipC15_25_6_,
        paymenttyp9_.PaymentTypeId as Paymen1_8_7_,
        paymenttyp9_.Name as Name2_8_7_,
        branch10_.BranchId as Branch1_0_8_,
        branch10_.Name as Name2_0_8_,
        branch10_.Description as Descri3_0_8_,
        branch10_.Street as Street4_0_8_,
        branch10_.Barangay as Barang5_0_8_,
        branch10_.City as City6_0_8_,
        branch10_.Province as Provin7_0_8_,
        branch10_.Region as Region8_0_8_,
        branch10_.Country as Countr9_0_8_,
        branch10_.ZipCode as ZipCo10_0_8_,
        customer11_.CustomerId as Custom1_2_9_,
        customer11_.Name as Name2_2_9_,
        customer11_.PricingSchemeId as Pricin3_2_9_,
        customer11_.CreditLimit_Amount as Credit4_2_9_,
        customer11_.CreditLimit_CurrencyId as Credit5_2_9_,
        customer11_.Office_Street as Office6_2_9_,
        customer11_.Office_Barangay as Office7_2_9_,
        customer11_.Office_City as Office8_2_9_,
        customer11_.Office_Province as Office9_2_9_,
        customer11_.Office_Region as Offic10_2_9_,
        customer11_.Office_Country as Offic11_2_9_,
        customer11_.Office_ZipCode as Offic12_2_9_,
        customer11_.Billing_Street as Billi13_2_9_,
        customer11_.Billing_Barangay as Billi14_2_9_,
        customer11_.Billing_City as Billi15_2_9_,
        customer11_.Billing_Province as Billi16_2_9_,
        customer11_.Billing_Region as Billi17_2_9_,
        customer11_.Billing_Country as Billi18_2_9_,
        customer11_.Billing_ZipCode as Billi19_2_9_,
        customer11_.Email as Email20_2_9_,
        customer11_.Landline as Landl21_2_9_,
        customer11_.Fax as Fax22_2_9_,
        customer11_.Mobile as Mobil23_2_9_,
        customer11_.Web as Web24_2_9_,
        paymenttyp12_.PaymentTypeId as Paymen1_8_10_,
        paymenttyp12_.Name as Name2_8_10_,
        shipper13_.ShipperId as Shipp1_20_11_,
        shipper13_.Name as Name2_20_11_,
        shipper13_.Street as Stree3_20_11_,
        shipper13_.Barangay as Baran4_20_11_,
        shipper13_.City as City5_20_11_,
        shipper13_.Province as Provi6_20_11_,
        shipper13_.Region as Regio7_20_11_,
        shipper13_.Country as Count8_20_11_,
        shipper13_.ZipCode as ZipCo9_20_11_,
        shipper13_.Email as Emai10_20_11_,
        shipper13_.Landline as Land11_20_11_,
        shipper13_.Fax as Fax12_20_11_,
        shipper13_.Mobile as Mobi13_20_11_,
        shipper13_.Web as Web14_20_11_,
        user14_.UserId as UserI1_25_12_,
        user14_.Username as Usern2_25_12_,
        user14_.Password as Passw3_25_12_,
        user14_.BranchId as Branc4_25_12_,
        user14_.FirstName as First5_25_12_,
        user14_.MiddleName as Middl6_25_12_,
        user14_.LastName as LastN7_25_12_,
        user14_.BirthDate as Birth8_25_12_,
        user14_.Street as Stree9_25_12_,
        user14_.Barangay as Bara10_25_12_,
        user14_.City as City11_25_12_,
        user14_.Province as Prov12_25_12_,
        user14_.Region as Regi13_25_12_,
        user14_.Country as Coun14_25_12_,
        user14_.ZipCode as ZipC15_25_12_,
        user15_.UserId as UserI1_25_13_,
        user15_.Username as Usern2_25_13_,
        user15_.Password as Passw3_25_13_,
        user15_.BranchId as Branc4_25_13_,
        user15_.FirstName as First5_25_13_,
        user15_.MiddleName as Middl6_25_13_,
        user15_.LastName as LastN7_25_13_,
        user15_.BirthDate as Birth8_25_13_,
        user15_.Street as Stree9_25_13_,
        user15_.Barangay as Bara10_25_13_,
        user15_.City as City11_25_13_,
        user15_.Province as Prov12_25_13_,
        user15_.Region as Regi13_25_13_,
        user15_.Country as Coun14_25_13_,
        user15_.ZipCode as ZipC15_25_13_,
        user16_.UserId as UserI1_25_14_,
        user16_.Username as Usern2_25_14_,
        user16_.Password as Passw3_25_14_,
        user16_.BranchId as Branc4_25_14_,
        user16_.FirstName as First5_25_14_,
        user16_.MiddleName as Middl6_25_14_,
        user16_.LastName as LastN7_25_14_,
        user16_.BirthDate as Birth8_25_14_,
        user16_.Street as Stree9_25_14_,
        user16_.Barangay as Bara10_25_14_,
        user16_.City as City11_25_14_,
        user16_.Province as Prov12_25_14_,
        user16_.Region as Regi13_25_14_,
        user16_.Country as Coun14_25_14_,
        user16_.ZipCode as ZipC15_25_14_,
        user17_.UserId as UserI1_25_15_,
        user17_.Username as Usern2_25_15_,
        user17_.Password as Passw3_25_15_,
        user17_.BranchId as Branc4_25_15_,
        user17_.FirstName as First5_25_15_,
        user17_.MiddleName as Middl6_25_15_,
        user17_.LastName as LastN7_25_15_,
        user17_.BirthDate as Birth8_25_15_,
        user17_.Street as Stree9_25_15_,
        user17_.Barangay as Bara10_25_15_,
        user17_.City as City11_25_15_,
        user17_.Province as Prov12_25_15_,
        user17_.Region as Regi13_25_15_,
        user17_.Country as Coun14_25_15_,
        user17_.ZipCode as ZipC15_25_15_,
        user18_.UserId as UserI1_25_16_,
        user18_.Username as Usern2_25_16_,
        user18_.Password as Passw3_25_16_,
        user18_.BranchId as Branc4_25_16_,
        user18_.FirstName as First5_25_16_,
        user18_.MiddleName as Middl6_25_16_,
        user18_.LastName as LastN7_25_16_,
        user18_.BirthDate as Birth8_25_16_,
        user18_.Street as Stree9_25_16_,
        user18_.Barangay as Bara10_25_16_,
        user18_.City as City11_25_16_,
        user18_.Province as Prov12_25_16_,
        user18_.Region as Regi13_25_16_,
        user18_.Country as Coun14_25_16_,
        user18_.ZipCode as ZipC15_25_16_,
        user19_.UserId as UserI1_25_17_,
        user19_.Username as Usern2_25_17_,
        user19_.Password as Passw3_25_17_,
        user19_.BranchId as Branc4_25_17_,
        user19_.FirstName as First5_25_17_,
        user19_.MiddleName as Middl6_25_17_,
        user19_.LastName as LastN7_25_17_,
        user19_.BirthDate as Birth8_25_17_,
        user19_.Street as Stree9_25_17_,
        user19_.Barangay as Bara10_25_17_,
        user19_.City as City11_25_17_,
        user19_.Province as Prov12_25_17_,
        user19_.Region as Regi13_25_17_,
        user19_.Country as Coun14_25_17_,
        user19_.ZipCode as ZipC15_25_17_,
        user20_.UserId as UserI1_25_18_,
        user20_.Username as Usern2_25_18_,
        user20_.Password as Passw3_25_18_,
        user20_.BranchId as Branc4_25_18_,
        user20_.FirstName as First5_25_18_,
        user20_.MiddleName as Middl6_25_18_,
        user20_.LastName as LastN7_25_18_,
        user20_.BirthDate as Birth8_25_18_,
        user20_.Street as Stree9_25_18_,
        user20_.Barangay as Bara10_25_18_,
        user20_.City as City11_25_18_,
        user20_.Province as Prov12_25_18_,
        user20_.Region as Regi13_25_18_,
        user20_.Country as Coun14_25_18_,
        user20_.ZipCode as ZipC15_25_18_,
        user21_.UserId as UserI1_25_19_,
        user21_.Username as Usern2_25_19_,
        user21_.Password as Passw3_25_19_,
        user21_.BranchId as Branc4_25_19_,
        user21_.FirstName as First5_25_19_,
        user21_.MiddleName as Middl6_25_19_,
        user21_.LastName as LastN7_25_19_,
        user21_.BirthDate as Birth8_25_19_,
        user21_.Street as Stree9_25_19_,
        user21_.Barangay as Bara10_25_19_,
        user21_.City as City11_25_19_,
        user21_.Province as Prov12_25_19_,
        user21_.Region as Regi13_25_19_,
        user21_.Country as Coun14_25_19_,
        user21_.ZipCode as ZipC15_25_19_,
        pricingsch22_.PricingSchemeId as Pricin1_9_20_,
        pricingsch22_.Name as Name2_9_20_ 
    FROM
        dbo.Orders this_ 
    left outer join
        dbo.OrderItems items2_ 
            on this_.OrderId=items2_.OrderId 
    left outer join
        dbo.Products product3_ 
            on items2_.ProductId=product3_.ProductId 
    left outer join
        dbo.Inventories inventory4_ 
            on product3_.ProductId=inventory4_.InventoryId 
    left outer join
        dbo.OrderReturns returns5_ 
            on this_.OrderId=returns5_.OrderId 
    left outer join
        dbo.Products product6_ 
            on returns5_.ProductId=product6_.ProductId 
    left outer join
        dbo.OrderPayments payments7_ 
            on this_.OrderId=payments7_.OrderId 
    left outer join
        dbo.Users user8_ 
            on payments7_.PaidById=user8_.UserId 
    left outer join
        dbo.PaymentTypes paymenttyp9_ 
            on payments7_.PaymentTypeId=paymenttyp9_.PaymentTypeId 
    left outer join
        dbo.Branches branch10_ 
            on this_.BranchId=branch10_.BranchId 
    inner join
        dbo.Customers customer11_ 
            on this_.CustomerId=customer11_.CustomerId 
    left outer join
        dbo.PaymentTypes paymenttyp12_ 
            on this_.PaymentTypeId=paymenttyp12_.PaymentTypeId 
    left outer join
        dbo.Shippers shipper13_ 
            on this_.ShipperId=shipper13_.ShipperId 
    left outer join
        dbo.Users user14_ 
            on this_.OrderedById=user14_.UserId 
    left outer join
        dbo.Users user15_ 
            on this_.CreatedById=user15_.UserId 
    left outer join
        dbo.Users user16_ 
            on this_.StagedById=user16_.UserId 
    left outer join
        dbo.Users user17_ 
            on this_.RoutedById=user17_.UserId 
    left outer join
        dbo.Users user18_ 
            on this_.InvoicedById=user18_.UserId 
    left outer join
        dbo.Users user19_ 
            on this_.PaidToId=user19_.UserId 
    left outer join
        dbo.Users user20_ 
            on this_.CompletedById=user20_.UserId 
    left outer join
        dbo.Users user21_ 
            on this_.CancelledById=user21_.UserId 
    left outer join
        dbo.PricingSchemes pricingsch22_ 
            on this_.PricingSchemeId=pricingsch22_.PricingSchemeId 
    WHERE
        this_.OrderId = @p0;
    @p0 = 9dc80b0a-0a7a-41df-8194-a72900bee107 [Type: Guid (0:0:0)]
NHibernate: 
    SELECT
        this_.OrderId as OrderI1_5_24_,
        this_.OrderNumber as OrderN2_5_24_,
        this_.TaxRate as TaxRat3_5_24_,
        this_.Status as Status4_5_24_,
        this_.DueOn as DueOn5_5_24_,
        this_.OrderedOn as Ordere6_5_24_,
        this_.CreatedOn as Create7_5_24_,
        this_.StagedOn as Staged8_5_24_,
        this_.ShippedOn as Shippe9_5_24_,
        this_.RoutedOn as Route10_5_24_,
        this_.InvoicedOn as Invoi11_5_24_,
        this_.PaidOn as PaidO12_5_24_,
        this_.CompletedOn as Compl13_5_24_,
        this_.ReturnedOn as Retur14_5_24_,
        this_.CancelledOn as Cance15_5_24_,
        this_.CancellationReason as Cance16_5_24_,
        this_.BranchId as Branc17_5_24_,
        this_.CustomerId as Custo18_5_24_,
        this_.PaymentTypeId as Payme19_5_24_,
        this_.ShipperId as Shipp20_5_24_,
        this_.OrderedById as Order21_5_24_,
        this_.CreatedById as Creat22_5_24_,
        this_.StagedById as Stage23_5_24_,
        this_.ShippedById as Shipp24_5_24_,
        this_.RoutedById as Route25_5_24_,
        this_.InvoicedById as Invoi26_5_24_,
        this_.PaidToId as PaidT27_5_24_,
        this_.CompletedById as Compl28_5_24_,
        this_.ReturnedById as Retur29_5_24_,
        this_.CancelledById as Cance30_5_24_,
        this_.PricingSchemeId as Prici31_5_24_,
        this_.Tax_Amount as Tax32_5_24_,
        this_.Tax_CurrencyId as Tax33_5_24_,
        this_.ShippingFee_Amount as Shipp34_5_24_,
        this_.ShippingFee_CurrencyId as Shipp35_5_24_,
        this_.Discount_Amount as Disco36_5_24_,
        this_.Discount_CurrencyId as Disco37_5_24_,
        this_.Returned_Amount as Retur38_5_24_,
        this_.Returned_CurrencyId as Retur39_5_24_,
        this_.SubTotal_Amount as SubTo40_5_24_,
        this_.SubTotal_CurrencyId as SubTo41_5_24_,
        this_.Total_Amount as Total42_5_24_,
        this_.Total_CurrencyId as Total43_5_24_,
        items2_.OrderId as OrderI4_4_26_,
        items2_.OrderItemId as OrderI1_4_26_,
        items2_.OrderItemId as OrderI1_4_0_,
        items2_.DiscountRate as Discou2_4_0_,
        items2_.ProductId as Produc3_4_0_,
        items2_.OrderId as OrderI4_4_0_,
        items2_.Quantity_Value as Quanti5_4_0_,
        items2_.Quantity_UnitId as Quanti6_4_0_,
        items2_.Discount_Amount as Discou7_4_0_,
        items2_.Discount_CurrencyId as Discou8_4_0_,
        items2_.UnitPrice_Amount as UnitPr9_4_0_,
        items2_.UnitPrice_CurrencyId as UnitP10_4_0_,
        items2_.ExtendedPrice_Amount as Exten11_4_0_,
        items2_.ExtendedPrice_CurrencyId as Exten12_4_0_,
        items2_.TotalPrice_Amount as Total13_4_0_,
        items2_.TotalPrice_CurrencyId as Total14_4_0_,
        product3_.ProductId as Produ1_11_1_,
        product3_.Name as Name2_11_1_,
        product3_.Description as Descr3_11_1_,
        product3_.Image as Image4_11_1_,
        product3_.Discontinued as Disco5_11_1_,
        product3_.CategoryId as Categ6_11_1_,
        product3_.SupplierId as Suppl7_11_1_,
        inventory4_.InventoryId as Invent1_3_2_,
        inventory4_.ConversionFactor as Conver2_3_2_,
        inventory4_.UnitOfMeasureId as UnitOf3_3_2_,
        inventory4_.UnitOfMeasureBaseId as UnitOf4_3_2_,
        inventory4_.BasePrice_Amount as BasePr5_3_2_,
        inventory4_.BasePrice_CurrencyId as BasePr6_3_2_,
        inventory4_.RetailPrice_Amount as Retail7_3_2_,
        inventory4_.RetailPrice_CurrencyId as Retail8_3_2_,
        inventory4_.WholeSalePrice_Amount as WholeS9_3_2_,
        inventory4_.WholeSalePrice_CurrencyId as Whole10_3_2_,
        inventory4_.BadStockPrice_Amount as BadSt11_3_2_,
        inventory4_.BadStockPrice_CurrencyId as BadSt12_3_2_,
        inventory4_.BadStock_Value as BadSt13_3_2_,
        inventory4_.BadStock_UnitId as BadSt14_3_2_,
        inventory4_.Received_Value as Recei15_3_2_,
        inventory4_.Received_UnitId as Recei16_3_2_,
        inventory4_.OnOrder_Value as OnOrd17_3_2_,
        inventory4_.OnOrder_UnitId as OnOrd18_3_2_,
        inventory4_.OnHand_Value as OnHan19_3_2_,
        inventory4_.OnHand_UnitId as OnHan20_3_2_,
        inventory4_.Allocated_Value as Alloc21_3_2_,
        inventory4_.Allocated_UnitId as Alloc22_3_2_,
        inventory4_.Shipped_Value as Shipp23_3_2_,
        inventory4_.Shipped_UnitId as Shipp24_3_2_,
        inventory4_.BackOrdered_Value as BackO25_3_2_,
        inventory4_.BackOrdered_UnitId as BackO26_3_2_,
        inventory4_.Available_Value as Avail27_3_2_,
        inventory4_.Available_UnitId as Avail28_3_2_,
        inventory4_.InitialLevel_Value as Initi29_3_2_,
        inventory4_.InitialLevel_UnitId as Initi30_3_2_,
        inventory4_.Shrinkage_Value as Shrin31_3_2_,
        inventory4_.Shrinkage_UnitId as Shrin32_3_2_,
        inventory4_.CurrentLevel_Value as Curre33_3_2_,
        inventory4_.CurrentLevel_UnitId as Curre34_3_2_,
        inventory4_.TargetLevel_Value as Targe35_3_2_,
        inventory4_.TargetLevel_UnitId as Targe36_3_2_,
        inventory4_.BelowTargetLevel_Value as Below37_3_2_,
        inventory4_.BelowTargetLevel_UnitId as Below38_3_2_,
        inventory4_.ReorderLevel_Value as Reord39_3_2_,
        inventory4_.ReorderLevel_UnitId as Reord40_3_2_,
        inventory4_.ReorderQuantity_Value as Reord41_3_2_,
        inventory4_.ReorderQuantity_UnitId as Reord42_3_2_,
        inventory4_.MinimumReorderQuantity_Value as Minim43_3_2_,
        inventory4_.MinimumReorderQuantity_UnitId as Minim44_3_2_,
        returns5_.OrderId as OrderI4_7_27_,
        returns5_.OrderReturnId as OrderR1_7_27_,
        returns5_.OrderReturnId as OrderR1_7_3_,
        returns5_.ReturnedOn as Return2_7_3_,
        returns5_.ProductId as Produc3_7_3_,
        returns5_.OrderId as OrderI4_7_3_,
        returns5_.ReasonId as Reason5_7_3_,
        returns5_.ReturnedById as Return6_7_3_,
        returns5_.Quantity_Value as Quanti7_7_3_,
        returns5_.Quantity_UnitId as Quanti8_7_3_,
        returns5_.Returned_Amount as Return9_7_3_,
        returns5_.Returned_CurrencyId as Retur10_7_3_,
        product6_.ProductId as Produ1_11_4_,
        product6_.Name as Name2_11_4_,
        product6_.Description as Descr3_11_4_,
        product6_.Image as Image4_11_4_,
        product6_.Discontinued as Disco5_11_4_,
        product6_.CategoryId as Categ6_11_4_,
        product6_.SupplierId as Suppl7_11_4_,
        inventory7_.InventoryId as Invent1_3_5_,
        inventory7_.ConversionFactor as Conver2_3_5_,
        inventory7_.UnitOfMeasureId as UnitOf3_3_5_,
        inventory7_.UnitOfMeasureBaseId as UnitOf4_3_5_,
        inventory7_.BasePrice_Amount as BasePr5_3_5_,
        inventory7_.BasePrice_CurrencyId as BasePr6_3_5_,
        inventory7_.RetailPrice_Amount as Retail7_3_5_,
        inventory7_.RetailPrice_CurrencyId as Retail8_3_5_,
        inventory7_.WholeSalePrice_Amount as WholeS9_3_5_,
        inventory7_.WholeSalePrice_CurrencyId as Whole10_3_5_,
        inventory7_.BadStockPrice_Amount as BadSt11_3_5_,
        inventory7_.BadStockPrice_CurrencyId as BadSt12_3_5_,
        inventory7_.BadStock_Value as BadSt13_3_5_,
        inventory7_.BadStock_UnitId as BadSt14_3_5_,
        inventory7_.Received_Value as Recei15_3_5_,
        inventory7_.Received_UnitId as Recei16_3_5_,
        inventory7_.OnOrder_Value as OnOrd17_3_5_,
        inventory7_.OnOrder_UnitId as OnOrd18_3_5_,
        inventory7_.OnHand_Value as OnHan19_3_5_,
        inventory7_.OnHand_UnitId as OnHan20_3_5_,
        inventory7_.Allocated_Value as Alloc21_3_5_,
        inventory7_.Allocated_UnitId as Alloc22_3_5_,
        inventory7_.Shipped_Value as Shipp23_3_5_,
        inventory7_.Shipped_UnitId as Shipp24_3_5_,
        inventory7_.BackOrdered_Value as BackO25_3_5_,
        inventory7_.BackOrdered_UnitId as BackO26_3_5_,
        inventory7_.Available_Value as Avail27_3_5_,
        inventory7_.Available_UnitId as Avail28_3_5_,
        inventory7_.InitialLevel_Value as Initi29_3_5_,
        inventory7_.InitialLevel_UnitId as Initi30_3_5_,
        inventory7_.Shrinkage_Value as Shrin31_3_5_,
        inventory7_.Shrinkage_UnitId as Shrin32_3_5_,
        inventory7_.CurrentLevel_Value as Curre33_3_5_,
        inventory7_.CurrentLevel_UnitId as Curre34_3_5_,
        inventory7_.TargetLevel_Value as Targe35_3_5_,
        inventory7_.TargetLevel_UnitId as Targe36_3_5_,
        inventory7_.BelowTargetLevel_Value as Below37_3_5_,
        inventory7_.BelowTargetLevel_UnitId as Below38_3_5_,
        inventory7_.ReorderLevel_Value as Reord39_3_5_,
        inventory7_.ReorderLevel_UnitId as Reord40_3_5_,
        inventory7_.ReorderQuantity_Value as Reord41_3_5_,
        inventory7_.ReorderQuantity_UnitId as Reord42_3_5_,
        inventory7_.MinimumReorderQuantity_Value as Minim43_3_5_,
        inventory7_.MinimumReorderQuantity_UnitId as Minim44_3_5_,
        returnreas8_.ReturnReasonId as Retur1_18_6_,
        returnreas8_.Name as Name2_18_6_,
        user9_.UserId as UserI1_25_7_,
        user9_.Username as Usern2_25_7_,
        user9_.Password as Passw3_25_7_,
        user9_.BranchId as Branc4_25_7_,
        user9_.FirstName as First5_25_7_,
        user9_.MiddleName as Middl6_25_7_,
        user9_.LastName as LastN7_25_7_,
        user9_.BirthDate as Birth8_25_7_,
        user9_.Street as Stree9_25_7_,
        user9_.Barangay as Bara10_25_7_,
        user9_.City as City11_25_7_,
        user9_.Province as Prov12_25_7_,
        user9_.Region as Regi13_25_7_,
        user9_.Country as Coun14_25_7_,
        user9_.ZipCode as ZipC15_25_7_,
        payments10_.OrderId as OrderI3_6_28_,
        payments10_.OrderPaymentId as OrderP1_6_28_,
        payments10_.OrderPaymentId as OrderP1_6_8_,
        payments10_.PaidOn as PaidOn2_6_8_,
        payments10_.OrderId as OrderI3_6_8_,
        payments10_.PaidById as PaidBy4_6_8_,
        payments10_.PaymentTypeId as Paymen5_6_8_,
        payments10_.Payment_Amount as Paymen6_6_8_,
        payments10_.Payment_CurrencyId as Paymen7_6_8_,
        user11_.UserId as UserI1_25_9_,
        user11_.Username as Usern2_25_9_,
        user11_.Password as Passw3_25_9_,
        user11_.BranchId as Branc4_25_9_,
        user11_.FirstName as First5_25_9_,
        user11_.MiddleName as Middl6_25_9_,
        user11_.LastName as LastN7_25_9_,
        user11_.BirthDate as Birth8_25_9_,
        user11_.Street as Stree9_25_9_,
        user11_.Barangay as Bara10_25_9_,
        user11_.City as City11_25_9_,
        user11_.Province as Prov12_25_9_,
        user11_.Region as Regi13_25_9_,
        user11_.Country as Coun14_25_9_,
        user11_.ZipCode as ZipC15_25_9_,
        paymenttyp12_.PaymentTypeId as Paymen1_8_10_,
        paymenttyp12_.Name as Name2_8_10_,
        branch13_.BranchId as Branch1_0_11_,
        branch13_.Name as Name2_0_11_,
        branch13_.Description as Descri3_0_11_,
        branch13_.Street as Street4_0_11_,
        branch13_.Barangay as Barang5_0_11_,
        branch13_.City as City6_0_11_,
        branch13_.Province as Provin7_0_11_,
        branch13_.Region as Region8_0_11_,
        branch13_.Country as Countr9_0_11_,
        branch13_.ZipCode as ZipCo10_0_11_,
        customer14_.CustomerId as Custom1_2_12_,
        customer14_.Name as Name2_2_12_,
        customer14_.PricingSchemeId as Pricin3_2_12_,
        customer14_.CreditLimit_Amount as Credit4_2_12_,
        customer14_.CreditLimit_CurrencyId as Credit5_2_12_,
        customer14_.Office_Street as Office6_2_12_,
        customer14_.Office_Barangay as Office7_2_12_,
        customer14_.Office_City as Office8_2_12_,
        customer14_.Office_Province as Office9_2_12_,
        customer14_.Office_Region as Offic10_2_12_,
        customer14_.Office_Country as Offic11_2_12_,
        customer14_.Office_ZipCode as Offic12_2_12_,
        customer14_.Billing_Street as Billi13_2_12_,
        customer14_.Billing_Barangay as Billi14_2_12_,
        customer14_.Billing_City as Billi15_2_12_,
        customer14_.Billing_Province as Billi16_2_12_,
        customer14_.Billing_Region as Billi17_2_12_,
        customer14_.Billing_Country as Billi18_2_12_,
        customer14_.Billing_ZipCode as Billi19_2_12_,
        customer14_.Email as Email20_2_12_,
        customer14_.Landline as Landl21_2_12_,
        customer14_.Fax as Fax22_2_12_,
        customer14_.Mobile as Mobil23_2_12_,
        customer14_.Web as Web24_2_12_,
        paymenttyp15_.PaymentTypeId as Paymen1_8_13_,
        paymenttyp15_.Name as Name2_8_13_,
        shipper16_.ShipperId as Shipp1_20_14_,
        shipper16_.Name as Name2_20_14_,
        shipper16_.Street as Stree3_20_14_,
        shipper16_.Barangay as Baran4_20_14_,
        shipper16_.City as City5_20_14_,
        shipper16_.Province as Provi6_20_14_,
        shipper16_.Region as Regio7_20_14_,
        shipper16_.Country as Count8_20_14_,
        shipper16_.ZipCode as ZipCo9_20_14_,
        shipper16_.Email as Emai10_20_14_,
        shipper16_.Landline as Land11_20_14_,
        shipper16_.Fax as Fax12_20_14_,
        shipper16_.Mobile as Mobi13_20_14_,
        shipper16_.Web as Web14_20_14_,
        user17_.UserId as UserI1_25_15_,
        user17_.Username as Usern2_25_15_,
        user17_.Password as Passw3_25_15_,
        user17_.BranchId as Branc4_25_15_,
        user17_.FirstName as First5_25_15_,
        user17_.MiddleName as Middl6_25_15_,
        user17_.LastName as LastN7_25_15_,
        user17_.BirthDate as Birth8_25_15_,
        user17_.Street as Stree9_25_15_,
        user17_.Barangay as Bara10_25_15_,
        user17_.City as City11_25_15_,
        user17_.Province as Prov12_25_15_,
        user17_.Region as Regi13_25_15_,
        user17_.Country as Coun14_25_15_,
        user17_.ZipCode as ZipC15_25_15_,
        user18_.UserId as UserI1_25_16_,
        user18_.Username as Usern2_25_16_,
        user18_.Password as Passw3_25_16_,
        user18_.BranchId as Branc4_25_16_,
        user18_.FirstName as First5_25_16_,
        user18_.MiddleName as Middl6_25_16_,
        user18_.LastName as LastN7_25_16_,
        user18_.BirthDate as Birth8_25_16_,
        user18_.Street as Stree9_25_16_,
        user18_.Barangay as Bara10_25_16_,
        user18_.City as City11_25_16_,
        user18_.Province as Prov12_25_16_,
        user18_.Region as Regi13_25_16_,
        user18_.Country as Coun14_25_16_,
        user18_.ZipCode as ZipC15_25_16_,
        user19_.UserId as UserI1_25_17_,
        user19_.Username as Usern2_25_17_,
        user19_.Password as Passw3_25_17_,
        user19_.BranchId as Branc4_25_17_,
        user19_.FirstName as First5_25_17_,
        user19_.MiddleName as Middl6_25_17_,
        user19_.LastName as LastN7_25_17_,
        user19_.BirthDate as Birth8_25_17_,
        user19_.Street as Stree9_25_17_,
        user19_.Barangay as Bara10_25_17_,
        user19_.City as City11_25_17_,
        user19_.Province as Prov12_25_17_,
        user19_.Region as Regi13_25_17_,
        user19_.Country as Coun14_25_17_,
        user19_.ZipCode as ZipC15_25_17_,
        user20_.UserId as UserI1_25_18_,
        user20_.Username as Usern2_25_18_,
        user20_.Password as Passw3_25_18_,
        user20_.BranchId as Branc4_25_18_,
        user20_.FirstName as First5_25_18_,
        user20_.MiddleName as Middl6_25_18_,
        user20_.LastName as LastN7_25_18_,
        user20_.BirthDate as Birth8_25_18_,
        user20_.Street as Stree9_25_18_,
        user20_.Barangay as Bara10_25_18_,
        user20_.City as City11_25_18_,
        user20_.Province as Prov12_25_18_,
        user20_.Region as Regi13_25_18_,
        user20_.Country as Coun14_25_18_,
        user20_.ZipCode as ZipC15_25_18_,
        user21_.UserId as UserI1_25_19_,
        user21_.Username as Usern2_25_19_,
        user21_.Password as Passw3_25_19_,
        user21_.BranchId as Branc4_25_19_,
        user21_.FirstName as First5_25_19_,
        user21_.MiddleName as Middl6_25_19_,
        user21_.LastName as LastN7_25_19_,
        user21_.BirthDate as Birth8_25_19_,
        user21_.Street as Stree9_25_19_,
        user21_.Barangay as Bara10_25_19_,
        user21_.City as City11_25_19_,
        user21_.Province as Prov12_25_19_,
        user21_.Region as Regi13_25_19_,
        user21_.Country as Coun14_25_19_,
        user21_.ZipCode as ZipC15_25_19_,
        user22_.UserId as UserI1_25_20_,
        user22_.Username as Usern2_25_20_,
        user22_.Password as Passw3_25_20_,
        user22_.BranchId as Branc4_25_20_,
        user22_.FirstName as First5_25_20_,
        user22_.MiddleName as Middl6_25_20_,
        user22_.LastName as LastN7_25_20_,
        user22_.BirthDate as Birth8_25_20_,
        user22_.Street as Stree9_25_20_,
        user22_.Barangay as Bara10_25_20_,
        user22_.City as City11_25_20_,
        user22_.Province as Prov12_25_20_,
        user22_.Region as Regi13_25_20_,
        user22_.Country as Coun14_25_20_,
        user22_.ZipCode as ZipC15_25_20_,
        user23_.UserId as UserI1_25_21_,
        user23_.Username as Usern2_25_21_,
        user23_.Password as Passw3_25_21_,
        user23_.BranchId as Branc4_25_21_,
        user23_.FirstName as First5_25_21_,
        user23_.MiddleName as Middl6_25_21_,
        user23_.LastName as LastN7_25_21_,
        user23_.BirthDate as Birth8_25_21_,
        user23_.Street as Stree9_25_21_,
        user23_.Barangay as Bara10_25_21_,
        user23_.City as City11_25_21_,
        user23_.Province as Prov12_25_21_,
        user23_.Region as Regi13_25_21_,
        user23_.Country as Coun14_25_21_,
        user23_.ZipCode as ZipC15_25_21_,
        user24_.UserId as UserI1_25_22_,
        user24_.Username as Usern2_25_22_,
        user24_.Password as Passw3_25_22_,
        user24_.BranchId as Branc4_25_22_,
        user24_.FirstName as First5_25_22_,
        user24_.MiddleName as Middl6_25_22_,
        user24_.LastName as LastN7_25_22_,
        user24_.BirthDate as Birth8_25_22_,
        user24_.Street as Stree9_25_22_,
        user24_.Barangay as Bara10_25_22_,
        user24_.City as City11_25_22_,
        user24_.Province as Prov12_25_22_,
        user24_.Region as Regi13_25_22_,
        user24_.Country as Coun14_25_22_,
        user24_.ZipCode as ZipC15_25_22_,
        pricingsch25_.PricingSchemeId as Pricin1_9_23_,
        pricingsch25_.Name as Name2_9_23_ 
    FROM
        dbo.Orders this_ 
    left outer join
        dbo.OrderItems items2_ 
            on this_.OrderId=items2_.OrderId 
    left outer join
        dbo.Products product3_ 
            on items2_.ProductId=product3_.ProductId 
    left outer join
        dbo.Inventories inventory4_ 
            on product3_.ProductId=inventory4_.InventoryId 
    left outer join
        dbo.OrderReturns returns5_ 
            on this_.OrderId=returns5_.OrderId 
    left outer join
        dbo.Products product6_ 
            on returns5_.ProductId=product6_.ProductId 
    left outer join
        dbo.Inventories inventory7_ 
            on product6_.ProductId=inventory7_.InventoryId 
    left outer join
        dbo.ReturnReasons returnreas8_ 
            on returns5_.ReasonId=returnreas8_.ReturnReasonId 
    left outer join
        dbo.Users user9_ 
            on returns5_.ReturnedById=user9_.UserId 
    left outer join
        dbo.OrderPayments payments10_ 
            on this_.OrderId=payments10_.OrderId 
    left outer join
        dbo.Users user11_ 
            on payments10_.PaidById=user11_.UserId 
    left outer join
        dbo.PaymentTypes paymenttyp12_ 
            on payments10_.PaymentTypeId=paymenttyp12_.PaymentTypeId 
    left outer join
        dbo.Branches branch13_ 
            on this_.BranchId=branch13_.BranchId 
    inner join
        dbo.Customers customer14_ 
            on this_.CustomerId=customer14_.CustomerId 
    left outer join
        dbo.PaymentTypes paymenttyp15_ 
            on this_.PaymentTypeId=paymenttyp15_.PaymentTypeId 
    left outer join
        dbo.Shippers shipper16_ 
            on this_.ShipperId=shipper16_.ShipperId 
    left outer join
        dbo.Users user17_ 
            on this_.OrderedById=user17_.UserId 
    left outer join
        dbo.Users user18_ 
            on this_.CreatedById=user18_.UserId 
    left outer join
        dbo.Users user19_ 
            on this_.StagedById=user19_.UserId 
    left outer join
        dbo.Users user20_ 
            on this_.RoutedById=user20_.UserId 
    left outer join
        dbo.Users user21_ 
            on this_.InvoicedById=user21_.UserId 
    left outer join
        dbo.Users user22_ 
            on this_.PaidToId=user22_.UserId 
    left outer join
        dbo.Users user23_ 
            on this_.CompletedById=user23_.UserId 
    left outer join
        dbo.Users user24_ 
            on this_.CancelledById=user24_.UserId 
    left outer join
        dbo.PricingSchemes pricingsch25_ 
            on this_.PricingSchemeId=pricingsch25_.PricingSchemeId 
    WHERE
        this_.OrderId = @p0;
    @p0 = 9dc80b0a-0a7a-41df-8194-a72900bee107 [Type: Guid (0:0:0)]
NHibernate: 
    select
        product0_.ProductId as Produ1_11_0_,
        inventory1_.InventoryId as Invent1_3_1_,
        product0_.Name as Name2_11_0_,
        product0_.Description as Descr3_11_0_,
        product0_.Image as Image4_11_0_,
        product0_.Discontinued as Disco5_11_0_,
        product0_.CategoryId as Categ6_11_0_,
        product0_.SupplierId as Suppl7_11_0_,
        inventory1_.ConversionFactor as Conver2_3_1_,
        inventory1_.UnitOfMeasureId as UnitOf3_3_1_,
        inventory1_.UnitOfMeasureBaseId as UnitOf4_3_1_,
        inventory1_.BasePrice_Amount as BasePr5_3_1_,
        inventory1_.BasePrice_CurrencyId as BasePr6_3_1_,
        inventory1_.RetailPrice_Amount as Retail7_3_1_,
        inventory1_.RetailPrice_CurrencyId as Retail8_3_1_,
        inventory1_.WholeSalePrice_Amount as WholeS9_3_1_,
        inventory1_.WholeSalePrice_CurrencyId as Whole10_3_1_,
        inventory1_.BadStockPrice_Amount as BadSt11_3_1_,
        inventory1_.BadStockPrice_CurrencyId as BadSt12_3_1_,
        inventory1_.BadStock_Value as BadSt13_3_1_,
        inventory1_.BadStock_UnitId as BadSt14_3_1_,
        inventory1_.Received_Value as Recei15_3_1_,
        inventory1_.Received_UnitId as Recei16_3_1_,
        inventory1_.OnOrder_Value as OnOrd17_3_1_,
        inventory1_.OnOrder_UnitId as OnOrd18_3_1_,
        inventory1_.OnHand_Value as OnHan19_3_1_,
        inventory1_.OnHand_UnitId as OnHan20_3_1_,
        inventory1_.Allocated_Value as Alloc21_3_1_,
        inventory1_.Allocated_UnitId as Alloc22_3_1_,
        inventory1_.Shipped_Value as Shipp23_3_1_,
        inventory1_.Shipped_UnitId as Shipp24_3_1_,
        inventory1_.BackOrdered_Value as BackO25_3_1_,
        inventory1_.BackOrdered_UnitId as BackO26_3_1_,
        inventory1_.Available_Value as Avail27_3_1_,
        inventory1_.Available_UnitId as Avail28_3_1_,
        inventory1_.InitialLevel_Value as Initi29_3_1_,
        inventory1_.InitialLevel_UnitId as Initi30_3_1_,
        inventory1_.Shrinkage_Value as Shrin31_3_1_,
        inventory1_.Shrinkage_UnitId as Shrin32_3_1_,
        inventory1_.CurrentLevel_Value as Curre33_3_1_,
        inventory1_.CurrentLevel_UnitId as Curre34_3_1_,
        inventory1_.TargetLevel_Value as Targe35_3_1_,
        inventory1_.TargetLevel_UnitId as Targe36_3_1_,
        inventory1_.BelowTargetLevel_Value as Below37_3_1_,
        inventory1_.BelowTargetLevel_UnitId as Below38_3_1_,
        inventory1_.ReorderLevel_Value as Reord39_3_1_,
        inventory1_.ReorderLevel_UnitId as Reord40_3_1_,
        inventory1_.ReorderQuantity_Value as Reord41_3_1_,
        inventory1_.ReorderQuantity_UnitId as Reord42_3_1_,
        inventory1_.MinimumReorderQuantity_Value as Minim43_3_1_,
        inventory1_.MinimumReorderQuantity_UnitId as Minim44_3_1_ 
    from
        dbo.Products product0_ 
    left outer join
        dbo.Inventories inventory1_ 
            on product0_.ProductId=inventory1_.InventoryId 
    where
        1=0
NHibernate: Batch commands:
command 0:
    INSERT 
    INTO
        dbo.OrderPayments
        (PaidOn, OrderId, PaidById, PaymentTypeId, Payment_Amount, Payment_CurrencyId, OrderPaymentId) 
    VALUES
        (@p0, @p1, @p2, @p3, @p4, @p5, @p6);
    @p0 = 2017-03-01T19:34:58.0000000 [Type: DateTime (0:0:0)], @p1 = 9dc80b0a-0a7a-41df-8194-a72900bee107 [Type: Guid (0:0:0)], @p2 = ca42947a-0ba3-4fc8-86e0-a635014b6b11 [Type: Guid (0:0:0)], @p3 = 'CK' [Type: String (4000:0:0)], @p4 = 136.71000 [Type: Decimal (0:5:28)], @p5 = 'PHP' [Type: String (4000:0:0)], @p6 = 6cede399-f277-42ec-85a7-a72900bee1d8 [Type: Guid (0:0:0)]

NHibernate: Batch commands:
command 0:
    UPDATE
        dbo.Orders 
    SET
        OrderNumber = @p0,
        TaxRate = @p1,
        Status = @p2,
        DueOn = @p3,
        OrderedOn = @p4,
        CreatedOn = @p5,
        StagedOn = @p6,
        ShippedOn = @p7,
        RoutedOn = @p8,
        InvoicedOn = @p9,
        PaidOn = @p10,
        CompletedOn = @p11,
        ReturnedOn = @p12,
        CancelledOn = @p13,
        CancellationReason = @p14,
        BranchId = @p15,
        CustomerId = @p16,
        PaymentTypeId = @p17,
        ShipperId = @p18,
        OrderedById = @p19,
        CreatedById = @p20,
        StagedById = @p21,
        ShippedById = @p22,
        RoutedById = @p23,
        InvoicedById = @p24,
        PaidToId = @p25,
        CompletedById = @p26,
        ReturnedById = @p27,
        CancelledById = @p28,
        PricingSchemeId = @p29,
        Tax_Amount = @p30,
        Tax_CurrencyId = @p31,
        ShippingFee_Amount = @p32,
        ShippingFee_CurrencyId = @p33,
        Discount_Amount = @p34,
        Discount_CurrencyId = @p35,
        Returned_Amount = @p36,
        Returned_CurrencyId = @p37,
        SubTotal_Amount = @p38,
        SubTotal_CurrencyId = @p39,
        Total_Amount = @p40,
        Total_CurrencyId = @p41 
    WHERE
        OrderId = @p42;
    @p0 = NULL [Type: String (4000:0:0)], @p1 = 0.12000 [Type: Decimal (0:5:28)], @p2 = 'Invoiced' [Type: String (4000:0:0)], @p3 = NULL [Type: DateTime (0:0:0)], @p4 = 2017-03-01T19:34:58.0000000 [Type: DateTime (0:0:0)], @p5 = 2017-03-01T19:34:58.0000000 [Type: DateTime (0:0:0)], @p6 = NULL [Type: DateTime (0:0:0)], @p7 = NULL [Type: DateTime (0:0:0)], @p8 = NULL [Type: DateTime (0:0:0)], @p9 = 2017-03-01T19:34:58.0000000 [Type: DateTime (0:0:0)], @p10 = 2017-03-01T19:34:58.0000000 [Type: DateTime (0:0:0)], @p11 = NULL [Type: DateTime (0:0:0)], @p12 = NULL [Type: DateTime (0:0:0)], @p13 = NULL [Type: DateTime (0:0:0)], @p14 = NULL [Type: String (4000:0:0)], @p15 = 406a71d8-4dfd-4d34-821e-a5e52e144e50 [Type: Guid (0:0:0)], @p16 = 'Id__45f4b513-444a-4d46-af20-0c3dc78b2a96' [Type: String (4000:0:0)], @p17 = 'CS' [Type: String (4000:0:0)], @p18 = NULL [Type: String (4000:0:0)], @p19 = 790ee6b8-bc9d-4406-b3dc-a72900bede2a [Type: Guid (0:0:0)], @p20 = 790ee6b8-bc9d-4406-b3dc-a72900bede2a [Type: Guid (0:0:0)], @p21 = NULL [Type: Guid (0:0:0)], @p22 = NULL [Type: Guid (0:0:0)], @p23 = NULL [Type: Guid (0:0:0)], @p24 = 6c75fb1c-0e84-43f1-b458-a72900bede2c [Type: Guid (0:0:0)], @p25 = ca42947a-0ba3-4fc8-86e0-a635014b6b11 [Type: Guid (0:0:0)], @p26 = NULL [Type: Guid (0:0:0)], @p27 = NULL [Type: Guid (0:0:0)], @p28 = NULL [Type: Guid (0:0:0)], @p29 = NULL [Type: String (4000:0:0)], @p30 = 0 [Type: Decimal (0:5:28)], @p31 = 'PHP' [Type: String (4000:0:0)], @p32 = 0 [Type: Decimal (0:5:28)], @p33 = 'PHP' [Type: String (4000:0:0)], @p34 = 0.00000 [Type: Decimal (0:5:28)], @p35 = 'PHP' [Type: String (4000:0:0)], @p36 = NULL [Type: Decimal (0:5:28)], @p37 = NULL [Type: String (4000:0:0)], @p38 = 136.71000 [Type: Decimal (0:5:28)], @p39 = 'PHP' [Type: String (4000:0:0)], @p40 = 136.71000 [Type: Decimal (0:5:28)], @p41 = 'PHP' [Type: String (4000:0:0)], @p42 = 9dc80b0a-0a7a-41df-8194-a72900bee107 [Type: Guid (0:0:0)]

NHibernate: 
    SELECT
        order0_.OrderId as OrderI1_5_0_,
        order0_.OrderNumber as OrderN2_5_0_,
        order0_.TaxRate as TaxRat3_5_0_,
        order0_.Status as Status4_5_0_,
        order0_.DueOn as DueOn5_5_0_,
        order0_.OrderedOn as Ordere6_5_0_,
        order0_.CreatedOn as Create7_5_0_,
        order0_.StagedOn as Staged8_5_0_,
        order0_.ShippedOn as Shippe9_5_0_,
        order0_.RoutedOn as Route10_5_0_,
        order0_.InvoicedOn as Invoi11_5_0_,
        order0_.PaidOn as PaidO12_5_0_,
        order0_.CompletedOn as Compl13_5_0_,
        order0_.ReturnedOn as Retur14_5_0_,
        order0_.CancelledOn as Cance15_5_0_,
        order0_.CancellationReason as Cance16_5_0_,
        order0_.BranchId as Branc17_5_0_,
        order0_.CustomerId as Custo18_5_0_,
        order0_.PaymentTypeId as Payme19_5_0_,
        order0_.ShipperId as Shipp20_5_0_,
        order0_.OrderedById as Order21_5_0_,
        order0_.CreatedById as Creat22_5_0_,
        order0_.StagedById as Stage23_5_0_,
        order0_.ShippedById as Shipp24_5_0_,
        order0_.RoutedById as Route25_5_0_,
        order0_.InvoicedById as Invoi26_5_0_,
        order0_.PaidToId as PaidT27_5_0_,
        order0_.CompletedById as Compl28_5_0_,
        order0_.ReturnedById as Retur29_5_0_,
        order0_.CancelledById as Cance30_5_0_,
        order0_.PricingSchemeId as Prici31_5_0_,
        order0_.Tax_Amount as Tax32_5_0_,
        order0_.Tax_CurrencyId as Tax33_5_0_,
        order0_.ShippingFee_Amount as Shipp34_5_0_,
        order0_.ShippingFee_CurrencyId as Shipp35_5_0_,
        order0_.Discount_Amount as Disco36_5_0_,
        order0_.Discount_CurrencyId as Disco37_5_0_,
        order0_.Returned_Amount as Retur38_5_0_,
        order0_.Returned_CurrencyId as Retur39_5_0_,
        order0_.SubTotal_Amount as SubTo40_5_0_,
        order0_.SubTotal_CurrencyId as SubTo41_5_0_,
        order0_.Total_Amount as Total42_5_0_,
        order0_.Total_CurrencyId as Total43_5_0_ 
    FROM
        dbo.Orders order0_ 
    WHERE
        order0_.OrderId=@p0;
    @p0 = 197b3a8c-06c0-48b6-96f1-a72900bee10d [Type: Guid (0:0:0)]
NHibernate: 
    SELECT
        items0_.OrderId as OrderI4_4_1_,
        items0_.OrderItemId as OrderI1_4_1_,
        items0_.OrderItemId as OrderI1_4_0_,
        items0_.DiscountRate as Discou2_4_0_,
        items0_.ProductId as Produc3_4_0_,
        items0_.OrderId as OrderI4_4_0_,
        items0_.Quantity_Value as Quanti5_4_0_,
        items0_.Quantity_UnitId as Quanti6_4_0_,
        items0_.Discount_Amount as Discou7_4_0_,
        items0_.Discount_CurrencyId as Discou8_4_0_,
        items0_.UnitPrice_Amount as UnitPr9_4_0_,
        items0_.UnitPrice_CurrencyId as UnitP10_4_0_,
        items0_.ExtendedPrice_Amount as Exten11_4_0_,
        items0_.ExtendedPrice_CurrencyId as Exten12_4_0_,
        items0_.TotalPrice_Amount as Total13_4_0_,
        items0_.TotalPrice_CurrencyId as Total14_4_0_ 
    FROM
        dbo.OrderItems items0_ 
    WHERE
        items0_.OrderId=@p0;
    @p0 = 197b3a8c-06c0-48b6-96f1-a72900bee10d [Type: Guid (0:0:0)]
NHibernate: 
    SELECT
        inventory0_.InventoryId as Invent1_3_0_,
        inventory0_.ConversionFactor as Conver2_3_0_,
        inventory0_.UnitOfMeasureId as UnitOf3_3_0_,
        inventory0_.UnitOfMeasureBaseId as UnitOf4_3_0_,
        inventory0_.BasePrice_Amount as BasePr5_3_0_,
        inventory0_.BasePrice_CurrencyId as BasePr6_3_0_,
        inventory0_.RetailPrice_Amount as Retail7_3_0_,
        inventory0_.RetailPrice_CurrencyId as Retail8_3_0_,
        inventory0_.WholeSalePrice_Amount as WholeS9_3_0_,
        inventory0_.WholeSalePrice_CurrencyId as Whole10_3_0_,
        inventory0_.BadStockPrice_Amount as BadSt11_3_0_,
        inventory0_.BadStockPrice_CurrencyId as BadSt12_3_0_,
        inventory0_.BadStock_Value as BadSt13_3_0_,
        inventory0_.BadStock_UnitId as BadSt14_3_0_,
        inventory0_.Received_Value as Recei15_3_0_,
        inventory0_.Received_UnitId as Recei16_3_0_,
        inventory0_.OnOrder_Value as OnOrd17_3_0_,
        inventory0_.OnOrder_UnitId as OnOrd18_3_0_,
        inventory0_.OnHand_Value as OnHan19_3_0_,
        inventory0_.OnHand_UnitId as OnHan20_3_0_,
        inventory0_.Allocated_Value as Alloc21_3_0_,
        inventory0_.Allocated_UnitId as Alloc22_3_0_,
        inventory0_.Shipped_Value as Shipp23_3_0_,
        inventory0_.Shipped_UnitId as Shipp24_3_0_,
        inventory0_.BackOrdered_Value as BackO25_3_0_,
        inventory0_.BackOrdered_UnitId as BackO26_3_0_,
        inventory0_.Available_Value as Avail27_3_0_,
        inventory0_.Available_UnitId as Avail28_3_0_,
        inventory0_.InitialLevel_Value as Initi29_3_0_,
        inventory0_.InitialLevel_UnitId as Initi30_3_0_,
        inventory0_.Shrinkage_Value as Shrin31_3_0_,
        inventory0_.Shrinkage_UnitId as Shrin32_3_0_,
        inventory0_.CurrentLevel_Value as Curre33_3_0_,
        inventory0_.CurrentLevel_UnitId as Curre34_3_0_,
        inventory0_.TargetLevel_Value as Targe35_3_0_,
        inventory0_.TargetLevel_UnitId as Targe36_3_0_,
        inventory0_.BelowTargetLevel_Value as Below37_3_0_,
        inventory0_.BelowTargetLevel_UnitId as Below38_3_0_,
        inventory0_.ReorderLevel_Value as Reord39_3_0_,
        inventory0_.ReorderLevel_UnitId as Reord40_3_0_,
        inventory0_.ReorderQuantity_Value as Reord41_3_0_,
        inventory0_.ReorderQuantity_UnitId as Reord42_3_0_,
        inventory0_.MinimumReorderQuantity_Value as Minim43_3_0_,
        inventory0_.MinimumReorderQuantity_UnitId as Minim44_3_0_ 
    FROM
        dbo.Inventories inventory0_ 
    WHERE
        inventory0_.InventoryId=@p0;
    @p0 = e58fc170-890a-4626-83f0-a72900beded0 [Type: Guid (0:0:0)]
NHibernate: Batch commands:
command 0:
    UPDATE
        dbo.Orders 
    SET
        OrderNumber = @p0,
        TaxRate = @p1,
        Status = @p2,
        DueOn = @p3,
        OrderedOn = @p4,
        CreatedOn = @p5,
        StagedOn = @p6,
        ShippedOn = @p7,
        RoutedOn = @p8,
        InvoicedOn = @p9,
        PaidOn = @p10,
        CompletedOn = @p11,
        ReturnedOn = @p12,
        CancelledOn = @p13,
        CancellationReason = @p14,
        BranchId = @p15,
        CustomerId = @p16,
        PaymentTypeId = @p17,
        ShipperId = @p18,
        OrderedById = @p19,
        CreatedById = @p20,
        StagedById = @p21,
        ShippedById = @p22,
        RoutedById = @p23,
        InvoicedById = @p24,
        PaidToId = @p25,
        CompletedById = @p26,
        ReturnedById = @p27,
        CancelledById = @p28,
        PricingSchemeId = @p29,
        Tax_Amount = @p30,
        Tax_CurrencyId = @p31,
        ShippingFee_Amount = @p32,
        ShippingFee_CurrencyId = @p33,
        Discount_Amount = @p34,
        Discount_CurrencyId = @p35,
        Returned_Amount = @p36,
        Returned_CurrencyId = @p37,
        SubTotal_Amount = @p38,
        SubTotal_CurrencyId = @p39,
        Total_Amount = @p40,
        Total_CurrencyId = @p41 
    WHERE
        OrderId = @p42;
    @p0 = NULL [Type: String (4000:0:0)], @p1 = 0.12000 [Type: Decimal (0:5:28)], @p2 = 'Invoiced' [Type: String (4000:0:0)], @p3 = NULL [Type: DateTime (0:0:0)], @p4 = 2017-03-01T19:34:58.0000000 [Type: DateTime (0:0:0)], @p5 = 2017-03-01T19:34:58.0000000 [Type: DateTime (0:0:0)], @p6 = NULL [Type: DateTime (0:0:0)], @p7 = NULL [Type: DateTime (0:0:0)], @p8 = NULL [Type: DateTime (0:0:0)], @p9 = 2017-03-01T19:34:58.0000000 [Type: DateTime (0:0:0)], @p10 = NULL [Type: DateTime (0:0:0)], @p11 = NULL [Type: DateTime (0:0:0)], @p12 = NULL [Type: DateTime (0:0:0)], @p13 = NULL [Type: DateTime (0:0:0)], @p14 = NULL [Type: String (4000:0:0)], @p15 = 406a71d8-4dfd-4d34-821e-a5e52e144e50 [Type: Guid (0:0:0)], @p16 = 'Id__99d18c28-5f9c-460d-9677-1e5c6162808d' [Type: String (4000:0:0)], @p17 = 'CC' [Type: String (4000:0:0)], @p18 = NULL [Type: String (4000:0:0)], @p19 = 758be66f-a814-4a22-be17-a72900bede2e [Type: Guid (0:0:0)], @p20 = 758be66f-a814-4a22-be17-a72900bede2e [Type: Guid (0:0:0)], @p21 = NULL [Type: Guid (0:0:0)], @p22 = NULL [Type: Guid (0:0:0)], @p23 = NULL [Type: Guid (0:0:0)], @p24 = 758be66f-a814-4a22-be17-a72900bede2e [Type: Guid (0:0:0)], @p25 = NULL [Type: Guid (0:0:0)], @p26 = NULL [Type: Guid (0:0:0)], @p27 = NULL [Type: Guid (0:0:0)], @p28 = NULL [Type: Guid (0:0:0)], @p29 = NULL [Type: String (4000:0:0)], @p30 = 0.00000 [Type: Decimal (0:5:28)], @p31 = 'PHP' [Type: String (4000:0:0)], @p32 = 0.00000 [Type: Decimal (0:5:28)], @p33 = 'PHP' [Type: String (4000:0:0)], @p34 = 0.00000 [Type: Decimal (0:5:28)], @p35 = 'PHP' [Type: String (4000:0:0)], @p36 = NULL [Type: Decimal (0:5:28)], @p37 = NULL [Type: String (4000:0:0)], @p38 = 19.53000 [Type: Decimal (0:5:28)], @p39 = 'PHP' [Type: String (4000:0:0)], @p40 = 19.53000 [Type: Decimal (0:5:28)], @p41 = 'PHP' [Type: String (4000:0:0)], @p42 = 197b3a8c-06c0-48b6-96f1-a72900bee10d [Type: Guid (0:0:0)]

NHibernate: Batch commands:
command 0:
    UPDATE
        dbo.Inventories 
    SET
        ConversionFactor = @p0,
        UnitOfMeasureId = @p1,
        UnitOfMeasureBaseId = @p2,
        BasePrice_Amount = @p3,
        BasePrice_CurrencyId = @p4,
        RetailPrice_Amount = @p5,
        RetailPrice_CurrencyId = @p6,
        WholeSalePrice_Amount = @p7,
        WholeSalePrice_CurrencyId = @p8,
        BadStockPrice_Amount = @p9,
        BadStockPrice_CurrencyId = @p10,
        BadStock_Value = @p11,
        BadStock_UnitId = @p12,
        Received_Value = @p13,
        Received_UnitId = @p14,
        OnOrder_Value = @p15,
        OnOrder_UnitId = @p16,
        OnHand_Value = @p17,
        OnHand_UnitId = @p18,
        Allocated_Value = @p19,
        Allocated_UnitId = @p20,
        Shipped_Value = @p21,
        Shipped_UnitId = @p22,
        BackOrdered_Value = @p23,
        BackOrdered_UnitId = @p24,
        Available_Value = @p25,
        Available_UnitId = @p26,
        InitialLevel_Value = @p27,
        InitialLevel_UnitId = @p28,
        Shrinkage_Value = @p29,
        Shrinkage_UnitId = @p30,
        CurrentLevel_Value = @p31,
        CurrentLevel_UnitId = @p32,
        TargetLevel_Value = @p33,
        TargetLevel_UnitId = @p34,
        BelowTargetLevel_Value = @p35,
        BelowTargetLevel_UnitId = @p36,
        ReorderLevel_Value = @p37,
        ReorderLevel_UnitId = @p38,
        ReorderQuantity_Value = @p39,
        ReorderQuantity_UnitId = @p40,
        MinimumReorderQuantity_Value = @p41,
        MinimumReorderQuantity_UnitId = @p42 
    WHERE
        InventoryId = @p43;
    @p0 = 0.30000 [Type: Decimal (0:5:28)], @p1 = 'dag' [Type: String (4000:0:0)], @p2 = 'kl' [Type: String (4000:0:0)], @p3 = 0.79000 [Type: Decimal (0:5:28)], @p4 = 'PHP' [Type: String (4000:0:0)], @p5 = 2.79000 [Type: Decimal (0:5:28)], @p6 = 'PHP' [Type: String (4000:0:0)], @p7 = 1.79000 [Type: Decimal (0:5:28)], @p8 = 'PHP' [Type: String (4000:0:0)], @p9 = 0.00000 [Type: Decimal (0:5:28)], @p10 = 'PHP' [Type: String (4000:0:0)], @p11 = NULL [Type: Decimal (0:5:28)], @p12 = NULL [Type: String (4000:0:0)], @p13 = NULL [Type: Decimal (0:5:28)], @p14 = NULL [Type: String (4000:0:0)], @p15 = NULL [Type: Decimal (0:5:28)], @p16 = NULL [Type: String (4000:0:0)], @p17 = 0.00000 [Type: Decimal (0:5:28)], @p18 = 'dag' [Type: String (4000:0:0)], @p19 = 56.00000 [Type: Decimal (0:5:28)], @p20 = 'dag' [Type: String (4000:0:0)], @p21 = NULL [Type: Decimal (0:5:28)], @p22 = NULL [Type: String (4000:0:0)], @p23 = NULL [Type: Decimal (0:5:28)], @p24 = NULL [Type: String (4000:0:0)], @p25 = -56.00000 [Type: Decimal (0:5:28)], @p26 = 'dag' [Type: String (4000:0:0)], @p27 = 0.00000 [Type: Decimal (0:5:28)], @p28 = 'dag' [Type: String (4000:0:0)], @p29 = NULL [Type: Decimal (0:5:28)], @p30 = NULL [Type: String (4000:0:0)], @p31 = -56.00000 [Type: Decimal (0:5:28)], @p32 = 'dag' [Type: String (4000:0:0)], @p33 = 0.00000 [Type: Decimal (0:5:28)], @p34 = 'dag' [Type: String (4000:0:0)], @p35 = 56.00000 [Type: Decimal (0:5:28)], @p36 = 'dag' [Type: String (4000:0:0)], @p37 = 0.00000 [Type: Decimal (0:5:28)], @p38 = 'dag' [Type: String (4000:0:0)], @p39 = 56.00000 [Type: Decimal (0:5:28)], @p40 = 'dag' [Type: String (4000:0:0)], @p41 = 0.00000 [Type: Decimal (0:5:28)], @p42 = 'dag' [Type: String (4000:0:0)], @p43 = e58fc170-890a-4626-83f0-a72900beded0 [Type: Guid (0:0:0)]

NHibernate: 
    SELECT
        this_.OrderId as OrderI1_5_21_,
        this_.OrderNumber as OrderN2_5_21_,
        this_.TaxRate as TaxRat3_5_21_,
        this_.Status as Status4_5_21_,
        this_.DueOn as DueOn5_5_21_,
        this_.OrderedOn as Ordere6_5_21_,
        this_.CreatedOn as Create7_5_21_,
        this_.StagedOn as Staged8_5_21_,
        this_.ShippedOn as Shippe9_5_21_,
        this_.RoutedOn as Route10_5_21_,
        this_.InvoicedOn as Invoi11_5_21_,
        this_.PaidOn as PaidO12_5_21_,
        this_.CompletedOn as Compl13_5_21_,
        this_.ReturnedOn as Retur14_5_21_,
        this_.CancelledOn as Cance15_5_21_,
        this_.CancellationReason as Cance16_5_21_,
        this_.BranchId as Branc17_5_21_,
        this_.CustomerId as Custo18_5_21_,
        this_.PaymentTypeId as Payme19_5_21_,
        this_.ShipperId as Shipp20_5_21_,
        this_.OrderedById as Order21_5_21_,
        this_.CreatedById as Creat22_5_21_,
        this_.StagedById as Stage23_5_21_,
        this_.ShippedById as Shipp24_5_21_,
        this_.RoutedById as Route25_5_21_,
        this_.InvoicedById as Invoi26_5_21_,
        this_.PaidToId as PaidT27_5_21_,
        this_.CompletedById as Compl28_5_21_,
        this_.ReturnedById as Retur29_5_21_,
        this_.CancelledById as Cance30_5_21_,
        this_.PricingSchemeId as Prici31_5_21_,
        this_.Tax_Amount as Tax32_5_21_,
        this_.Tax_CurrencyId as Tax33_5_21_,
        this_.ShippingFee_Amount as Shipp34_5_21_,
        this_.ShippingFee_CurrencyId as Shipp35_5_21_,
        this_.Discount_Amount as Disco36_5_21_,
        this_.Discount_CurrencyId as Disco37_5_21_,
        this_.Returned_Amount as Retur38_5_21_,
        this_.Returned_CurrencyId as Retur39_5_21_,
        this_.SubTotal_Amount as SubTo40_5_21_,
        this_.SubTotal_CurrencyId as SubTo41_5_21_,
        this_.Total_Amount as Total42_5_21_,
        this_.Total_CurrencyId as Total43_5_21_,
        items2_.OrderId as OrderI4_4_23_,
        items2_.OrderItemId as OrderI1_4_23_,
        items2_.OrderItemId as OrderI1_4_0_,
        items2_.DiscountRate as Discou2_4_0_,
        items2_.ProductId as Produc3_4_0_,
        items2_.OrderId as OrderI4_4_0_,
        items2_.Quantity_Value as Quanti5_4_0_,
        items2_.Quantity_UnitId as Quanti6_4_0_,
        items2_.Discount_Amount as Discou7_4_0_,
        items2_.Discount_CurrencyId as Discou8_4_0_,
        items2_.UnitPrice_Amount as UnitPr9_4_0_,
        items2_.UnitPrice_CurrencyId as UnitP10_4_0_,
        items2_.ExtendedPrice_Amount as Exten11_4_0_,
        items2_.ExtendedPrice_CurrencyId as Exten12_4_0_,
        items2_.TotalPrice_Amount as Total13_4_0_,
        items2_.TotalPrice_CurrencyId as Total14_4_0_,
        product3_.ProductId as Produ1_11_1_,
        product3_.Name as Name2_11_1_,
        product3_.Description as Descr3_11_1_,
        product3_.Image as Image4_11_1_,
        product3_.Discontinued as Disco5_11_1_,
        product3_.CategoryId as Categ6_11_1_,
        product3_.SupplierId as Suppl7_11_1_,
        inventory4_.InventoryId as Invent1_3_2_,
        inventory4_.ConversionFactor as Conver2_3_2_,
        inventory4_.UnitOfMeasureId as UnitOf3_3_2_,
        inventory4_.UnitOfMeasureBaseId as UnitOf4_3_2_,
        inventory4_.BasePrice_Amount as BasePr5_3_2_,
        inventory4_.BasePrice_CurrencyId as BasePr6_3_2_,
        inventory4_.RetailPrice_Amount as Retail7_3_2_,
        inventory4_.RetailPrice_CurrencyId as Retail8_3_2_,
        inventory4_.WholeSalePrice_Amount as WholeS9_3_2_,
        inventory4_.WholeSalePrice_CurrencyId as Whole10_3_2_,
        inventory4_.BadStockPrice_Amount as BadSt11_3_2_,
        inventory4_.BadStockPrice_CurrencyId as BadSt12_3_2_,
        inventory4_.BadStock_Value as BadSt13_3_2_,
        inventory4_.BadStock_UnitId as BadSt14_3_2_,
        inventory4_.Received_Value as Recei15_3_2_,
        inventory4_.Received_UnitId as Recei16_3_2_,
        inventory4_.OnOrder_Value as OnOrd17_3_2_,
        inventory4_.OnOrder_UnitId as OnOrd18_3_2_,
        inventory4_.OnHand_Value as OnHan19_3_2_,
        inventory4_.OnHand_UnitId as OnHan20_3_2_,
        inventory4_.Allocated_Value as Alloc21_3_2_,
        inventory4_.Allocated_UnitId as Alloc22_3_2_,
        inventory4_.Shipped_Value as Shipp23_3_2_,
        inventory4_.Shipped_UnitId as Shipp24_3_2_,
        inventory4_.BackOrdered_Value as BackO25_3_2_,
        inventory4_.BackOrdered_UnitId as BackO26_3_2_,
        inventory4_.Available_Value as Avail27_3_2_,
        inventory4_.Available_UnitId as Avail28_3_2_,
        inventory4_.InitialLevel_Value as Initi29_3_2_,
        inventory4_.InitialLevel_UnitId as Initi30_3_2_,
        inventory4_.Shrinkage_Value as Shrin31_3_2_,
        inventory4_.Shrinkage_UnitId as Shrin32_3_2_,
        inventory4_.CurrentLevel_Value as Curre33_3_2_,
        inventory4_.CurrentLevel_UnitId as Curre34_3_2_,
        inventory4_.TargetLevel_Value as Targe35_3_2_,
        inventory4_.TargetLevel_UnitId as Targe36_3_2_,
        inventory4_.BelowTargetLevel_Value as Below37_3_2_,
        inventory4_.BelowTargetLevel_UnitId as Below38_3_2_,
        inventory4_.ReorderLevel_Value as Reord39_3_2_,
        inventory4_.ReorderLevel_UnitId as Reord40_3_2_,
        inventory4_.ReorderQuantity_Value as Reord41_3_2_,
        inventory4_.ReorderQuantity_UnitId as Reord42_3_2_,
        inventory4_.MinimumReorderQuantity_Value as Minim43_3_2_,
        inventory4_.MinimumReorderQuantity_UnitId as Minim44_3_2_,
        returns5_.OrderId as OrderI4_7_24_,
        returns5_.OrderReturnId as OrderR1_7_24_,
        returns5_.OrderReturnId as OrderR1_7_3_,
        returns5_.ReturnedOn as Return2_7_3_,
        returns5_.ProductId as Produc3_7_3_,
        returns5_.OrderId as OrderI4_7_3_,
        returns5_.ReasonId as Reason5_7_3_,
        returns5_.ReturnedById as Return6_7_3_,
        returns5_.Quantity_Value as Quanti7_7_3_,
        returns5_.Quantity_UnitId as Quanti8_7_3_,
        returns5_.Returned_Amount as Return9_7_3_,
        returns5_.Returned_CurrencyId as Retur10_7_3_,
        product6_.ProductId as Produ1_11_4_,
        product6_.Name as Name2_11_4_,
        product6_.Description as Descr3_11_4_,
        product6_.Image as Image4_11_4_,
        product6_.Discontinued as Disco5_11_4_,
        product6_.CategoryId as Categ6_11_4_,
        product6_.SupplierId as Suppl7_11_4_,
        payments7_.OrderId as OrderI3_6_25_,
        payments7_.OrderPaymentId as OrderP1_6_25_,
        payments7_.OrderPaymentId as OrderP1_6_5_,
        payments7_.PaidOn as PaidOn2_6_5_,
        payments7_.OrderId as OrderI3_6_5_,
        payments7_.PaidById as PaidBy4_6_5_,
        payments7_.PaymentTypeId as Paymen5_6_5_,
        payments7_.Payment_Amount as Paymen6_6_5_,
        payments7_.Payment_CurrencyId as Paymen7_6_5_,
        user8_.UserId as UserI1_25_6_,
        user8_.Username as Usern2_25_6_,
        user8_.Password as Passw3_25_6_,
        user8_.BranchId as Branc4_25_6_,
        user8_.FirstName as First5_25_6_,
        user8_.MiddleName as Middl6_25_6_,
        user8_.LastName as LastN7_25_6_,
        user8_.BirthDate as Birth8_25_6_,
        user8_.Street as Stree9_25_6_,
        user8_.Barangay as Bara10_25_6_,
        user8_.City as City11_25_6_,
        user8_.Province as Prov12_25_6_,
        user8_.Region as Regi13_25_6_,
        user8_.Country as Coun14_25_6_,
        user8_.ZipCode as ZipC15_25_6_,
        paymenttyp9_.PaymentTypeId as Paymen1_8_7_,
        paymenttyp9_.Name as Name2_8_7_,
        branch10_.BranchId as Branch1_0_8_,
        branch10_.Name as Name2_0_8_,
        branch10_.Description as Descri3_0_8_,
        branch10_.Street as Street4_0_8_,
        branch10_.Barangay as Barang5_0_8_,
        branch10_.City as City6_0_8_,
        branch10_.Province as Provin7_0_8_,
        branch10_.Region as Region8_0_8_,
        branch10_.Country as Countr9_0_8_,
        branch10_.ZipCode as ZipCo10_0_8_,
        customer11_.CustomerId as Custom1_2_9_,
        customer11_.Name as Name2_2_9_,
        customer11_.PricingSchemeId as Pricin3_2_9_,
        customer11_.CreditLimit_Amount as Credit4_2_9_,
        customer11_.CreditLimit_CurrencyId as Credit5_2_9_,
        customer11_.Office_Street as Office6_2_9_,
        customer11_.Office_Barangay as Office7_2_9_,
        customer11_.Office_City as Office8_2_9_,
        customer11_.Office_Province as Office9_2_9_,
        customer11_.Office_Region as Offic10_2_9_,
        customer11_.Office_Country as Offic11_2_9_,
        customer11_.Office_ZipCode as Offic12_2_9_,
        customer11_.Billing_Street as Billi13_2_9_,
        customer11_.Billing_Barangay as Billi14_2_9_,
        customer11_.Billing_City as Billi15_2_9_,
        customer11_.Billing_Province as Billi16_2_9_,
        customer11_.Billing_Region as Billi17_2_9_,
        customer11_.Billing_Country as Billi18_2_9_,
        customer11_.Billing_ZipCode as Billi19_2_9_,
        customer11_.Email as Email20_2_9_,
        customer11_.Landline as Landl21_2_9_,
        customer11_.Fax as Fax22_2_9_,
        customer11_.Mobile as Mobil23_2_9_,
        customer11_.Web as Web24_2_9_,
        paymenttyp12_.PaymentTypeId as Paymen1_8_10_,
        paymenttyp12_.Name as Name2_8_10_,
        shipper13_.ShipperId as Shipp1_20_11_,
        shipper13_.Name as Name2_20_11_,
        shipper13_.Street as Stree3_20_11_,
        shipper13_.Barangay as Baran4_20_11_,
        shipper13_.City as City5_20_11_,
        shipper13_.Province as Provi6_20_11_,
        shipper13_.Region as Regio7_20_11_,
        shipper13_.Country as Count8_20_11_,
        shipper13_.ZipCode as ZipCo9_20_11_,
        shipper13_.Email as Emai10_20_11_,
        shipper13_.Landline as Land11_20_11_,
        shipper13_.Fax as Fax12_20_11_,
        shipper13_.Mobile as Mobi13_20_11_,
        shipper13_.Web as Web14_20_11_,
        user14_.UserId as UserI1_25_12_,
        user14_.Username as Usern2_25_12_,
        user14_.Password as Passw3_25_12_,
        user14_.BranchId as Branc4_25_12_,
        user14_.FirstName as First5_25_12_,
        user14_.MiddleName as Middl6_25_12_,
        user14_.LastName as LastN7_25_12_,
        user14_.BirthDate as Birth8_25_12_,
        user14_.Street as Stree9_25_12_,
        user14_.Barangay as Bara10_25_12_,
        user14_.City as City11_25_12_,
        user14_.Province as Prov12_25_12_,
        user14_.Region as Regi13_25_12_,
        user14_.Country as Coun14_25_12_,
        user14_.ZipCode as ZipC15_25_12_,
        user15_.UserId as UserI1_25_13_,
        user15_.Username as Usern2_25_13_,
        user15_.Password as Passw3_25_13_,
        user15_.BranchId as Branc4_25_13_,
        user15_.FirstName as First5_25_13_,
        user15_.MiddleName as Middl6_25_13_,
        user15_.LastName as LastN7_25_13_,
        user15_.BirthDate as Birth8_25_13_,
        user15_.Street as Stree9_25_13_,
        user15_.Barangay as Bara10_25_13_,
        user15_.City as City11_25_13_,
        user15_.Province as Prov12_25_13_,
        user15_.Region as Regi13_25_13_,
        user15_.Country as Coun14_25_13_,
        user15_.ZipCode as ZipC15_25_13_,
        user16_.UserId as UserI1_25_14_,
        user16_.Username as Usern2_25_14_,
        user16_.Password as Passw3_25_14_,
        user16_.BranchId as Branc4_25_14_,
        user16_.FirstName as First5_25_14_,
        user16_.MiddleName as Middl6_25_14_,
        user16_.LastName as LastN7_25_14_,
        user16_.BirthDate as Birth8_25_14_,
        user16_.Street as Stree9_25_14_,
        user16_.Barangay as Bara10_25_14_,
        user16_.City as City11_25_14_,
        user16_.Province as Prov12_25_14_,
        user16_.Region as Regi13_25_14_,
        user16_.Country as Coun14_25_14_,
        user16_.ZipCode as ZipC15_25_14_,
        user17_.UserId as UserI1_25_15_,
        user17_.Username as Usern2_25_15_,
        user17_.Password as Passw3_25_15_,
        user17_.BranchId as Branc4_25_15_,
        user17_.FirstName as First5_25_15_,
        user17_.MiddleName as Middl6_25_15_,
        user17_.LastName as LastN7_25_15_,
        user17_.BirthDate as Birth8_25_15_,
        user17_.Street as Stree9_25_15_,
        user17_.Barangay as Bara10_25_15_,
        user17_.City as City11_25_15_,
        user17_.Province as Prov12_25_15_,
        user17_.Region as Regi13_25_15_,
        user17_.Country as Coun14_25_15_,
        user17_.ZipCode as ZipC15_25_15_,
        user18_.UserId as UserI1_25_16_,
        user18_.Username as Usern2_25_16_,
        user18_.Password as Passw3_25_16_,
        user18_.BranchId as Branc4_25_16_,
        user18_.FirstName as First5_25_16_,
        user18_.MiddleName as Middl6_25_16_,
        user18_.LastName as LastN7_25_16_,
        user18_.BirthDate as Birth8_25_16_,
        user18_.Street as Stree9_25_16_,
        user18_.Barangay as Bara10_25_16_,
        user18_.City as City11_25_16_,
        user18_.Province as Prov12_25_16_,
        user18_.Region as Regi13_25_16_,
        user18_.Country as Coun14_25_16_,
        user18_.ZipCode as ZipC15_25_16_,
        user19_.UserId as UserI1_25_17_,
        user19_.Username as Usern2_25_17_,
        user19_.Password as Passw3_25_17_,
        user19_.BranchId as Branc4_25_17_,
        user19_.FirstName as First5_25_17_,
        user19_.MiddleName as Middl6_25_17_,
        user19_.LastName as LastN7_25_17_,
        user19_.BirthDate as Birth8_25_17_,
        user19_.Street as Stree9_25_17_,
        user19_.Barangay as Bara10_25_17_,
        user19_.City as City11_25_17_,
        user19_.Province as Prov12_25_17_,
        user19_.Region as Regi13_25_17_,
        user19_.Country as Coun14_25_17_,
        user19_.ZipCode as ZipC15_25_17_,
        user20_.UserId as UserI1_25_18_,
        user20_.Username as Usern2_25_18_,
        user20_.Password as Passw3_25_18_,
        user20_.BranchId as Branc4_25_18_,
        user20_.FirstName as First5_25_18_,
        user20_.MiddleName as Middl6_25_18_,
        user20_.LastName as LastN7_25_18_,
        user20_.BirthDate as Birth8_25_18_,
        user20_.Street as Stree9_25_18_,
        user20_.Barangay as Bara10_25_18_,
        user20_.City as City11_25_18_,
        user20_.Province as Prov12_25_18_,
        user20_.Region as Regi13_25_18_,
        user20_.Country as Coun14_25_18_,
        user20_.ZipCode as ZipC15_25_18_,
        user21_.UserId as UserI1_25_19_,
        user21_.Username as Usern2_25_19_,
        user21_.Password as Passw3_25_19_,
        user21_.BranchId as Branc4_25_19_,
        user21_.FirstName as First5_25_19_,
        user21_.MiddleName as Middl6_25_19_,
        user21_.LastName as LastN7_25_19_,
        user21_.BirthDate as Birth8_25_19_,
        user21_.Street as Stree9_25_19_,
        user21_.Barangay as Bara10_25_19_,
        user21_.City as City11_25_19_,
        user21_.Province as Prov12_25_19_,
        user21_.Region as Regi13_25_19_,
        user21_.Country as Coun14_25_19_,
        user21_.ZipCode as ZipC15_25_19_,
        pricingsch22_.PricingSchemeId as Pricin1_9_20_,
        pricingsch22_.Name as Name2_9_20_ 
    FROM
        dbo.Orders this_ 
    left outer join
        dbo.OrderItems items2_ 
            on this_.OrderId=items2_.OrderId 
    left outer join
        dbo.Products product3_ 
            on items2_.ProductId=product3_.ProductId 
    left outer join
        dbo.Inventories inventory4_ 
            on product3_.ProductId=inventory4_.InventoryId 
    left outer join
        dbo.OrderReturns returns5_ 
            on this_.OrderId=returns5_.OrderId 
    left outer join
        dbo.Products product6_ 
            on returns5_.ProductId=product6_.ProductId 
    left outer join
        dbo.OrderPayments payments7_ 
            on this_.OrderId=payments7_.OrderId 
    left outer join
        dbo.Users user8_ 
            on payments7_.PaidById=user8_.UserId 
    left outer join
        dbo.PaymentTypes paymenttyp9_ 
            on payments7_.PaymentTypeId=paymenttyp9_.PaymentTypeId 
    left outer join
        dbo.Branches branch10_ 
            on this_.BranchId=branch10_.BranchId 
    inner join
        dbo.Customers customer11_ 
            on this_.CustomerId=customer11_.CustomerId 
    left outer join
        dbo.PaymentTypes paymenttyp12_ 
            on this_.PaymentTypeId=paymenttyp12_.PaymentTypeId 
    left outer join
        dbo.Shippers shipper13_ 
            on this_.ShipperId=shipper13_.ShipperId 
    left outer join
        dbo.Users user14_ 
            on this_.OrderedById=user14_.UserId 
    left outer join
        dbo.Users user15_ 
            on this_.CreatedById=user15_.UserId 
    left outer join
        dbo.Users user16_ 
            on this_.StagedById=user16_.UserId 
    left outer join
        dbo.Users user17_ 
            on this_.RoutedById=user17_.UserId 
    left outer join
        dbo.Users user18_ 
            on this_.InvoicedById=user18_.UserId 
    left outer join
        dbo.Users user19_ 
            on this_.PaidToId=user19_.UserId 
    left outer join
        dbo.Users user20_ 
            on this_.CompletedById=user20_.UserId 
    left outer join
        dbo.Users user21_ 
            on this_.CancelledById=user21_.UserId 
    left outer join
        dbo.PricingSchemes pricingsch22_ 
            on this_.PricingSchemeId=pricingsch22_.PricingSchemeId 
    WHERE
        this_.OrderId = @p0;
    @p0 = 197b3a8c-06c0-48b6-96f1-a72900bee10d [Type: Guid (0:0:0)]
NHibernate: 
    SELECT
        this_.OrderId as OrderI1_5_24_,
        this_.OrderNumber as OrderN2_5_24_,
        this_.TaxRate as TaxRat3_5_24_,
        this_.Status as Status4_5_24_,
        this_.DueOn as DueOn5_5_24_,
        this_.OrderedOn as Ordere6_5_24_,
        this_.CreatedOn as Create7_5_24_,
        this_.StagedOn as Staged8_5_24_,
        this_.ShippedOn as Shippe9_5_24_,
        this_.RoutedOn as Route10_5_24_,
        this_.InvoicedOn as Invoi11_5_24_,
        this_.PaidOn as PaidO12_5_24_,
        this_.CompletedOn as Compl13_5_24_,
        this_.ReturnedOn as Retur14_5_24_,
        this_.CancelledOn as Cance15_5_24_,
        this_.CancellationReason as Cance16_5_24_,
        this_.BranchId as Branc17_5_24_,
        this_.CustomerId as Custo18_5_24_,
        this_.PaymentTypeId as Payme19_5_24_,
        this_.ShipperId as Shipp20_5_24_,
        this_.OrderedById as Order21_5_24_,
        this_.CreatedById as Creat22_5_24_,
        this_.StagedById as Stage23_5_24_,
        this_.ShippedById as Shipp24_5_24_,
        this_.RoutedById as Route25_5_24_,
        this_.InvoicedById as Invoi26_5_24_,
        this_.PaidToId as PaidT27_5_24_,
        this_.CompletedById as Compl28_5_24_,
        this_.ReturnedById as Retur29_5_24_,
        this_.CancelledById as Cance30_5_24_,
        this_.PricingSchemeId as Prici31_5_24_,
        this_.Tax_Amount as Tax32_5_24_,
        this_.Tax_CurrencyId as Tax33_5_24_,
        this_.ShippingFee_Amount as Shipp34_5_24_,
        this_.ShippingFee_CurrencyId as Shipp35_5_24_,
        this_.Discount_Amount as Disco36_5_24_,
        this_.Discount_CurrencyId as Disco37_5_24_,
        this_.Returned_Amount as Retur38_5_24_,
        this_.Returned_CurrencyId as Retur39_5_24_,
        this_.SubTotal_Amount as SubTo40_5_24_,
        this_.SubTotal_CurrencyId as SubTo41_5_24_,
        this_.Total_Amount as Total42_5_24_,
        this_.Total_CurrencyId as Total43_5_24_,
        items2_.OrderId as OrderI4_4_26_,
        items2_.OrderItemId as OrderI1_4_26_,
        items2_.OrderItemId as OrderI1_4_0_,
        items2_.DiscountRate as Discou2_4_0_,
        items2_.ProductId as Produc3_4_0_,
        items2_.OrderId as OrderI4_4_0_,
        items2_.Quantity_Value as Quanti5_4_0_,
        items2_.Quantity_UnitId as Quanti6_4_0_,
        items2_.Discount_Amount as Discou7_4_0_,
        items2_.Discount_CurrencyId as Discou8_4_0_,
        items2_.UnitPrice_Amount as UnitPr9_4_0_,
        items2_.UnitPrice_CurrencyId as UnitP10_4_0_,
        items2_.ExtendedPrice_Amount as Exten11_4_0_,
        items2_.ExtendedPrice_CurrencyId as Exten12_4_0_,
        items2_.TotalPrice_Amount as Total13_4_0_,
        items2_.TotalPrice_CurrencyId as Total14_4_0_,
        product3_.ProductId as Produ1_11_1_,
        product3_.Name as Name2_11_1_,
        product3_.Description as Descr3_11_1_,
        product3_.Image as Image4_11_1_,
        product3_.Discontinued as Disco5_11_1_,
        product3_.CategoryId as Categ6_11_1_,
        product3_.SupplierId as Suppl7_11_1_,
        inventory4_.InventoryId as Invent1_3_2_,
        inventory4_.ConversionFactor as Conver2_3_2_,
        inventory4_.UnitOfMeasureId as UnitOf3_3_2_,
        inventory4_.UnitOfMeasureBaseId as UnitOf4_3_2_,
        inventory4_.BasePrice_Amount as BasePr5_3_2_,
        inventory4_.BasePrice_CurrencyId as BasePr6_3_2_,
        inventory4_.RetailPrice_Amount as Retail7_3_2_,
        inventory4_.RetailPrice_CurrencyId as Retail8_3_2_,
        inventory4_.WholeSalePrice_Amount as WholeS9_3_2_,
        inventory4_.WholeSalePrice_CurrencyId as Whole10_3_2_,
        inventory4_.BadStockPrice_Amount as BadSt11_3_2_,
        inventory4_.BadStockPrice_CurrencyId as BadSt12_3_2_,
        inventory4_.BadStock_Value as BadSt13_3_2_,
        inventory4_.BadStock_UnitId as BadSt14_3_2_,
        inventory4_.Received_Value as Recei15_3_2_,
        inventory4_.Received_UnitId as Recei16_3_2_,
        inventory4_.OnOrder_Value as OnOrd17_3_2_,
        inventory4_.OnOrder_UnitId as OnOrd18_3_2_,
        inventory4_.OnHand_Value as OnHan19_3_2_,
        inventory4_.OnHand_UnitId as OnHan20_3_2_,
        inventory4_.Allocated_Value as Alloc21_3_2_,
        inventory4_.Allocated_UnitId as Alloc22_3_2_,
        inventory4_.Shipped_Value as Shipp23_3_2_,
        inventory4_.Shipped_UnitId as Shipp24_3_2_,
        inventory4_.BackOrdered_Value as BackO25_3_2_,
        inventory4_.BackOrdered_UnitId as BackO26_3_2_,
        inventory4_.Available_Value as Avail27_3_2_,
        inventory4_.Available_UnitId as Avail28_3_2_,
        inventory4_.InitialLevel_Value as Initi29_3_2_,
        inventory4_.InitialLevel_UnitId as Initi30_3_2_,
        inventory4_.Shrinkage_Value as Shrin31_3_2_,
        inventory4_.Shrinkage_UnitId as Shrin32_3_2_,
        inventory4_.CurrentLevel_Value as Curre33_3_2_,
        inventory4_.CurrentLevel_UnitId as Curre34_3_2_,
        inventory4_.TargetLevel_Value as Targe35_3_2_,
        inventory4_.TargetLevel_UnitId as Targe36_3_2_,
        inventory4_.BelowTargetLevel_Value as Below37_3_2_,
        inventory4_.BelowTargetLevel_UnitId as Below38_3_2_,
        inventory4_.ReorderLevel_Value as Reord39_3_2_,
        inventory4_.ReorderLevel_UnitId as Reord40_3_2_,
        inventory4_.ReorderQuantity_Value as Reord41_3_2_,
        inventory4_.ReorderQuantity_UnitId as Reord42_3_2_,
        inventory4_.MinimumReorderQuantity_Value as Minim43_3_2_,
        inventory4_.MinimumReorderQuantity_UnitId as Minim44_3_2_,
        returns5_.OrderId as OrderI4_7_27_,
        returns5_.OrderReturnId as OrderR1_7_27_,
        returns5_.OrderReturnId as OrderR1_7_3_,
        returns5_.ReturnedOn as Return2_7_3_,
        returns5_.ProductId as Produc3_7_3_,
        returns5_.OrderId as OrderI4_7_3_,
        returns5_.ReasonId as Reason5_7_3_,
        returns5_.ReturnedById as Return6_7_3_,
        returns5_.Quantity_Value as Quanti7_7_3_,
        returns5_.Quantity_UnitId as Quanti8_7_3_,
        returns5_.Returned_Amount as Return9_7_3_,
        returns5_.Returned_CurrencyId as Retur10_7_3_,
        product6_.ProductId as Produ1_11_4_,
        product6_.Name as Name2_11_4_,
        product6_.Description as Descr3_11_4_,
        product6_.Image as Image4_11_4_,
        product6_.Discontinued as Disco5_11_4_,
        product6_.CategoryId as Categ6_11_4_,
        product6_.SupplierId as Suppl7_11_4_,
        inventory7_.InventoryId as Invent1_3_5_,
        inventory7_.ConversionFactor as Conver2_3_5_,
        inventory7_.UnitOfMeasureId as UnitOf3_3_5_,
        inventory7_.UnitOfMeasureBaseId as UnitOf4_3_5_,
        inventory7_.BasePrice_Amount as BasePr5_3_5_,
        inventory7_.BasePrice_CurrencyId as BasePr6_3_5_,
        inventory7_.RetailPrice_Amount as Retail7_3_5_,
        inventory7_.RetailPrice_CurrencyId as Retail8_3_5_,
        inventory7_.WholeSalePrice_Amount as WholeS9_3_5_,
        inventory7_.WholeSalePrice_CurrencyId as Whole10_3_5_,
        inventory7_.BadStockPrice_Amount as BadSt11_3_5_,
        inventory7_.BadStockPrice_CurrencyId as BadSt12_3_5_,
        inventory7_.BadStock_Value as BadSt13_3_5_,
        inventory7_.BadStock_UnitId as BadSt14_3_5_,
        inventory7_.Received_Value as Recei15_3_5_,
        inventory7_.Received_UnitId as Recei16_3_5_,
        inventory7_.OnOrder_Value as OnOrd17_3_5_,
        inventory7_.OnOrder_UnitId as OnOrd18_3_5_,
        inventory7_.OnHand_Value as OnHan19_3_5_,
        inventory7_.OnHand_UnitId as OnHan20_3_5_,
        inventory7_.Allocated_Value as Alloc21_3_5_,
        inventory7_.Allocated_UnitId as Alloc22_3_5_,
        inventory7_.Shipped_Value as Shipp23_3_5_,
        inventory7_.Shipped_UnitId as Shipp24_3_5_,
        inventory7_.BackOrdered_Value as BackO25_3_5_,
        inventory7_.BackOrdered_UnitId as BackO26_3_5_,
        inventory7_.Available_Value as Avail27_3_5_,
        inventory7_.Available_UnitId as Avail28_3_5_,
        inventory7_.InitialLevel_Value as Initi29_3_5_,
        inventory7_.InitialLevel_UnitId as Initi30_3_5_,
        inventory7_.Shrinkage_Value as Shrin31_3_5_,
        inventory7_.Shrinkage_UnitId as Shrin32_3_5_,
        inventory7_.CurrentLevel_Value as Curre33_3_5_,
        inventory7_.CurrentLevel_UnitId as Curre34_3_5_,
        inventory7_.TargetLevel_Value as Targe35_3_5_,
        inventory7_.TargetLevel_UnitId as Targe36_3_5_,
        inventory7_.BelowTargetLevel_Value as Below37_3_5_,
        inventory7_.BelowTargetLevel_UnitId as Below38_3_5_,
        inventory7_.ReorderLevel_Value as Reord39_3_5_,
        inventory7_.ReorderLevel_UnitId as Reord40_3_5_,
        inventory7_.ReorderQuantity_Value as Reord41_3_5_,
        inventory7_.ReorderQuantity_UnitId as Reord42_3_5_,
        inventory7_.MinimumReorderQuantity_Value as Minim43_3_5_,
        inventory7_.MinimumReorderQuantity_UnitId as Minim44_3_5_,
        returnreas8_.ReturnReasonId as Retur1_18_6_,
        returnreas8_.Name as Name2_18_6_,
        user9_.UserId as UserI1_25_7_,
        user9_.Username as Usern2_25_7_,
        user9_.Password as Passw3_25_7_,
        user9_.BranchId as Branc4_25_7_,
        user9_.FirstName as First5_25_7_,
        user9_.MiddleName as Middl6_25_7_,
        user9_.LastName as LastN7_25_7_,
        user9_.BirthDate as Birth8_25_7_,
        user9_.Street as Stree9_25_7_,
        user9_.Barangay as Bara10_25_7_,
        user9_.City as City11_25_7_,
        user9_.Province as Prov12_25_7_,
        user9_.Region as Regi13_25_7_,
        user9_.Country as Coun14_25_7_,
        user9_.ZipCode as ZipC15_25_7_,
        payments10_.OrderId as OrderI3_6_28_,
        payments10_.OrderPaymentId as OrderP1_6_28_,
        payments10_.OrderPaymentId as OrderP1_6_8_,
        payments10_.PaidOn as PaidOn2_6_8_,
        payments10_.OrderId as OrderI3_6_8_,
        payments10_.PaidById as PaidBy4_6_8_,
        payments10_.PaymentTypeId as Paymen5_6_8_,
        payments10_.Payment_Amount as Paymen6_6_8_,
        payments10_.Payment_CurrencyId as Paymen7_6_8_,
        user11_.UserId as UserI1_25_9_,
        user11_.Username as Usern2_25_9_,
        user11_.Password as Passw3_25_9_,
        user11_.BranchId as Branc4_25_9_,
        user11_.FirstName as First5_25_9_,
        user11_.MiddleName as Middl6_25_9_,
        user11_.LastName as LastN7_25_9_,
        user11_.BirthDate as Birth8_25_9_,
        user11_.Street as Stree9_25_9_,
        user11_.Barangay as Bara10_25_9_,
        user11_.City as City11_25_9_,
        user11_.Province as Prov12_25_9_,
        user11_.Region as Regi13_25_9_,
        user11_.Country as Coun14_25_9_,
        user11_.ZipCode as ZipC15_25_9_,
        paymenttyp12_.PaymentTypeId as Paymen1_8_10_,
        paymenttyp12_.Name as Name2_8_10_,
        branch13_.BranchId as Branch1_0_11_,
        branch13_.Name as Name2_0_11_,
        branch13_.Description as Descri3_0_11_,
        branch13_.Street as Street4_0_11_,
        branch13_.Barangay as Barang5_0_11_,
        branch13_.City as City6_0_11_,
        branch13_.Province as Provin7_0_11_,
        branch13_.Region as Region8_0_11_,
        branch13_.Country as Countr9_0_11_,
        branch13_.ZipCode as ZipCo10_0_11_,
        customer14_.CustomerId as Custom1_2_12_,
        customer14_.Name as Name2_2_12_,
        customer14_.PricingSchemeId as Pricin3_2_12_,
        customer14_.CreditLimit_Amount as Credit4_2_12_,
        customer14_.CreditLimit_CurrencyId as Credit5_2_12_,
        customer14_.Office_Street as Office6_2_12_,
        customer14_.Office_Barangay as Office7_2_12_,
        customer14_.Office_City as Office8_2_12_,
        customer14_.Office_Province as Office9_2_12_,
        customer14_.Office_Region as Offic10_2_12_,
        customer14_.Office_Country as Offic11_2_12_,
        customer14_.Office_ZipCode as Offic12_2_12_,
        customer14_.Billing_Street as Billi13_2_12_,
        customer14_.Billing_Barangay as Billi14_2_12_,
        customer14_.Billing_City as Billi15_2_12_,
        customer14_.Billing_Province as Billi16_2_12_,
        customer14_.Billing_Region as Billi17_2_12_,
        customer14_.Billing_Country as Billi18_2_12_,
        customer14_.Billing_ZipCode as Billi19_2_12_,
        customer14_.Email as Email20_2_12_,
        customer14_.Landline as Landl21_2_12_,
        customer14_.Fax as Fax22_2_12_,
        customer14_.Mobile as Mobil23_2_12_,
        customer14_.Web as Web24_2_12_,
        paymenttyp15_.PaymentTypeId as Paymen1_8_13_,
        paymenttyp15_.Name as Name2_8_13_,
        shipper16_.ShipperId as Shipp1_20_14_,
        shipper16_.Name as Name2_20_14_,
        shipper16_.Street as Stree3_20_14_,
        shipper16_.Barangay as Baran4_20_14_,
        shipper16_.City as City5_20_14_,
        shipper16_.Province as Provi6_20_14_,
        shipper16_.Region as Regio7_20_14_,
        shipper16_.Country as Count8_20_14_,
        shipper16_.ZipCode as ZipCo9_20_14_,
        shipper16_.Email as Emai10_20_14_,
        shipper16_.Landline as Land11_20_14_,
        shipper16_.Fax as Fax12_20_14_,
        shipper16_.Mobile as Mobi13_20_14_,
        shipper16_.Web as Web14_20_14_,
        user17_.UserId as UserI1_25_15_,
        user17_.Username as Usern2_25_15_,
        user17_.Password as Passw3_25_15_,
        user17_.BranchId as Branc4_25_15_,
        user17_.FirstName as First5_25_15_,
        user17_.MiddleName as Middl6_25_15_,
        user17_.LastName as LastN7_25_15_,
        user17_.BirthDate as Birth8_25_15_,
        user17_.Street as Stree9_25_15_,
        user17_.Barangay as Bara10_25_15_,
        user17_.City as City11_25_15_,
        user17_.Province as Prov12_25_15_,
        user17_.Region as Regi13_25_15_,
        user17_.Country as Coun14_25_15_,
        user17_.ZipCode as ZipC15_25_15_,
        user18_.UserId as UserI1_25_16_,
        user18_.Username as Usern2_25_16_,
        user18_.Password as Passw3_25_16_,
        user18_.BranchId as Branc4_25_16_,
        user18_.FirstName as First5_25_16_,
        user18_.MiddleName as Middl6_25_16_,
        user18_.LastName as LastN7_25_16_,
        user18_.BirthDate as Birth8_25_16_,
        user18_.Street as Stree9_25_16_,
        user18_.Barangay as Bara10_25_16_,
        user18_.City as City11_25_16_,
        user18_.Province as Prov12_25_16_,
        user18_.Region as Regi13_25_16_,
        user18_.Country as Coun14_25_16_,
        user18_.ZipCode as ZipC15_25_16_,
        user19_.UserId as UserI1_25_17_,
        user19_.Username as Usern2_25_17_,
        user19_.Password as Passw3_25_17_,
        user19_.BranchId as Branc4_25_17_,
        user19_.FirstName as First5_25_17_,
        user19_.MiddleName as Middl6_25_17_,
        user19_.LastName as LastN7_25_17_,
        user19_.BirthDate as Birth8_25_17_,
        user19_.Street as Stree9_25_17_,
        user19_.Barangay as Bara10_25_17_,
        user19_.City as City11_25_17_,
        user19_.Province as Prov12_25_17_,
        user19_.Region as Regi13_25_17_,
        user19_.Country as Coun14_25_17_,
        user19_.ZipCode as ZipC15_25_17_,
        user20_.UserId as UserI1_25_18_,
        user20_.Username as Usern2_25_18_,
        user20_.Password as Passw3_25_18_,
        user20_.BranchId as Branc4_25_18_,
        user20_.FirstName as First5_25_18_,
        user20_.MiddleName as Middl6_25_18_,
        user20_.LastName as LastN7_25_18_,
        user20_.BirthDate as Birth8_25_18_,
        user20_.Street as Stree9_25_18_,
        user20_.Barangay as Bara10_25_18_,
        user20_.City as City11_25_18_,
        user20_.Province as Prov12_25_18_,
        user20_.Region as Regi13_25_18_,
        user20_.Country as Coun14_25_18_,
        user20_.ZipCode as ZipC15_25_18_,
        user21_.UserId as UserI1_25_19_,
        user21_.Username as Usern2_25_19_,
        user21_.Password as Passw3_25_19_,
        user21_.BranchId as Branc4_25_19_,
        user21_.FirstName as First5_25_19_,
        user21_.MiddleName as Middl6_25_19_,
        user21_.LastName as LastN7_25_19_,
        user21_.BirthDate as Birth8_25_19_,
        user21_.Street as Stree9_25_19_,
        user21_.Barangay as Bara10_25_19_,
        user21_.City as City11_25_19_,
        user21_.Province as Prov12_25_19_,
        user21_.Region as Regi13_25_19_,
        user21_.Country as Coun14_25_19_,
        user21_.ZipCode as ZipC15_25_19_,
        user22_.UserId as UserI1_25_20_,
        user22_.Username as Usern2_25_20_,
        user22_.Password as Passw3_25_20_,
        user22_.BranchId as Branc4_25_20_,
        user22_.FirstName as First5_25_20_,
        user22_.MiddleName as Middl6_25_20_,
        user22_.LastName as LastN7_25_20_,
        user22_.BirthDate as Birth8_25_20_,
        user22_.Street as Stree9_25_20_,
        user22_.Barangay as Bara10_25_20_,
        user22_.City as City11_25_20_,
        user22_.Province as Prov12_25_20_,
        user22_.Region as Regi13_25_20_,
        user22_.Country as Coun14_25_20_,
        user22_.ZipCode as ZipC15_25_20_,
        user23_.UserId as UserI1_25_21_,
        user23_.Username as Usern2_25_21_,
        user23_.Password as Passw3_25_21_,
        user23_.BranchId as Branc4_25_21_,
        user23_.FirstName as First5_25_21_,
        user23_.MiddleName as Middl6_25_21_,
        user23_.LastName as LastN7_25_21_,
        user23_.BirthDate as Birth8_25_21_,
        user23_.Street as Stree9_25_21_,
        user23_.Barangay as Bara10_25_21_,
        user23_.City as City11_25_21_,
        user23_.Province as Prov12_25_21_,
        user23_.Region as Regi13_25_21_,
        user23_.Country as Coun14_25_21_,
        user23_.ZipCode as ZipC15_25_21_,
        user24_.UserId as UserI1_25_22_,
        user24_.Username as Usern2_25_22_,
        user24_.Password as Passw3_25_22_,
        user24_.BranchId as Branc4_25_22_,
        user24_.FirstName as First5_25_22_,
        user24_.MiddleName as Middl6_25_22_,
        user24_.LastName as LastN7_25_22_,
        user24_.BirthDate as Birth8_25_22_,
        user24_.Street as Stree9_25_22_,
        user24_.Barangay as Bara10_25_22_,
        user24_.City as City11_25_22_,
        user24_.Province as Prov12_25_22_,
        user24_.Region as Regi13_25_22_,
        user24_.Country as Coun14_25_22_,
        user24_.ZipCode as ZipC15_25_22_,
        pricingsch25_.PricingSchemeId as Pricin1_9_23_,
        pricingsch25_.Name as Name2_9_23_ 
    FROM
        dbo.Orders this_ 
    left outer join
        dbo.OrderItems items2_ 
            on this_.OrderId=items2_.OrderId 
    left outer join
        dbo.Products product3_ 
            on items2_.ProductId=product3_.ProductId 
    left outer join
        dbo.Inventories inventory4_ 
            on product3_.ProductId=inventory4_.InventoryId 
    left outer join
        dbo.OrderReturns returns5_ 
            on this_.OrderId=returns5_.OrderId 
    left outer join
        dbo.Products product6_ 
            on returns5_.ProductId=product6_.ProductId 
    left outer join
        dbo.Inventories inventory7_ 
            on product6_.ProductId=inventory7_.InventoryId 
    left outer join
        dbo.ReturnReasons returnreas8_ 
            on returns5_.ReasonId=returnreas8_.ReturnReasonId 
    left outer join
        dbo.Users user9_ 
            on returns5_.ReturnedById=user9_.UserId 
    left outer join
        dbo.OrderPayments payments10_ 
            on this_.OrderId=payments10_.OrderId 
    left outer join
        dbo.Users user11_ 
            on payments10_.PaidById=user11_.UserId 
    left outer join
        dbo.PaymentTypes paymenttyp12_ 
            on payments10_.PaymentTypeId=paymenttyp12_.PaymentTypeId 
    left outer join
        dbo.Branches branch13_ 
            on this_.BranchId=branch13_.BranchId 
    inner join
        dbo.Customers customer14_ 
            on this_.CustomerId=customer14_.CustomerId 
    left outer join
        dbo.PaymentTypes paymenttyp15_ 
            on this_.PaymentTypeId=paymenttyp15_.PaymentTypeId 
    left outer join
        dbo.Shippers shipper16_ 
            on this_.ShipperId=shipper16_.ShipperId 
    left outer join
        dbo.Users user17_ 
            on this_.OrderedById=user17_.UserId 
    left outer join
        dbo.Users user18_ 
            on this_.CreatedById=user18_.UserId 
    left outer join
        dbo.Users user19_ 
            on this_.StagedById=user19_.UserId 
    left outer join
        dbo.Users user20_ 
            on this_.RoutedById=user20_.UserId 
    left outer join
        dbo.Users user21_ 
            on this_.InvoicedById=user21_.UserId 
    left outer join
        dbo.Users user22_ 
            on this_.PaidToId=user22_.UserId 
    left outer join
        dbo.Users user23_ 
            on this_.CompletedById=user23_.UserId 
    left outer join
        dbo.Users user24_ 
            on this_.CancelledById=user24_.UserId 
    left outer join
        dbo.PricingSchemes pricingsch25_ 
            on this_.PricingSchemeId=pricingsch25_.PricingSchemeId 
    WHERE
        this_.OrderId = @p0;
    @p0 = 197b3a8c-06c0-48b6-96f1-a72900bee10d [Type: Guid (0:0:0)]
NHibernate: 
    select
        product0_.ProductId as Produ1_11_0_,
        inventory1_.InventoryId as Invent1_3_1_,
        product0_.Name as Name2_11_0_,
        product0_.Description as Descr3_11_0_,
        product0_.Image as Image4_11_0_,
        product0_.Discontinued as Disco5_11_0_,
        product0_.CategoryId as Categ6_11_0_,
        product0_.SupplierId as Suppl7_11_0_,
        inventory1_.ConversionFactor as Conver2_3_1_,
        inventory1_.UnitOfMeasureId as UnitOf3_3_1_,
        inventory1_.UnitOfMeasureBaseId as UnitOf4_3_1_,
        inventory1_.BasePrice_Amount as BasePr5_3_1_,
        inventory1_.BasePrice_CurrencyId as BasePr6_3_1_,
        inventory1_.RetailPrice_Amount as Retail7_3_1_,
        inventory1_.RetailPrice_CurrencyId as Retail8_3_1_,
        inventory1_.WholeSalePrice_Amount as WholeS9_3_1_,
        inventory1_.WholeSalePrice_CurrencyId as Whole10_3_1_,
        inventory1_.BadStockPrice_Amount as BadSt11_3_1_,
        inventory1_.BadStockPrice_CurrencyId as BadSt12_3_1_,
        inventory1_.BadStock_Value as BadSt13_3_1_,
        inventory1_.BadStock_UnitId as BadSt14_3_1_,
        inventory1_.Received_Value as Recei15_3_1_,
        inventory1_.Received_UnitId as Recei16_3_1_,
        inventory1_.OnOrder_Value as OnOrd17_3_1_,
        inventory1_.OnOrder_UnitId as OnOrd18_3_1_,
        inventory1_.OnHand_Value as OnHan19_3_1_,
        inventory1_.OnHand_UnitId as OnHan20_3_1_,
        inventory1_.Allocated_Value as Alloc21_3_1_,
        inventory1_.Allocated_UnitId as Alloc22_3_1_,
        inventory1_.Shipped_Value as Shipp23_3_1_,
        inventory1_.Shipped_UnitId as Shipp24_3_1_,
        inventory1_.BackOrdered_Value as BackO25_3_1_,
        inventory1_.BackOrdered_UnitId as BackO26_3_1_,
        inventory1_.Available_Value as Avail27_3_1_,
        inventory1_.Available_UnitId as Avail28_3_1_,
        inventory1_.InitialLevel_Value as Initi29_3_1_,
        inventory1_.InitialLevel_UnitId as Initi30_3_1_,
        inventory1_.Shrinkage_Value as Shrin31_3_1_,
        inventory1_.Shrinkage_UnitId as Shrin32_3_1_,
        inventory1_.CurrentLevel_Value as Curre33_3_1_,
        inventory1_.CurrentLevel_UnitId as Curre34_3_1_,
        inventory1_.TargetLevel_Value as Targe35_3_1_,
        inventory1_.TargetLevel_UnitId as Targe36_3_1_,
        inventory1_.BelowTargetLevel_Value as Below37_3_1_,
        inventory1_.BelowTargetLevel_UnitId as Below38_3_1_,
        inventory1_.ReorderLevel_Value as Reord39_3_1_,
        inventory1_.ReorderLevel_UnitId as Reord40_3_1_,
        inventory1_.ReorderQuantity_Value as Reord41_3_1_,
        inventory1_.ReorderQuantity_UnitId as Reord42_3_1_,
        inventory1_.MinimumReorderQuantity_Value as Minim43_3_1_,
        inventory1_.MinimumReorderQuantity_UnitId as Minim44_3_1_ 
    from
        dbo.Products product0_ 
    left outer join
        dbo.Inventories inventory1_ 
            on product0_.ProductId=inventory1_.InventoryId 
    where
        1=0
NHibernate: Batch commands:
command 0:
    INSERT 
    INTO
        dbo.OrderPayments
        (PaidOn, OrderId, PaidById, PaymentTypeId, Payment_Amount, Payment_CurrencyId, OrderPaymentId) 
    VALUES
        (@p0, @p1, @p2, @p3, @p4, @p5, @p6);
    @p0 = 2017-03-01T19:34:58.0000000 [Type: DateTime (0:0:0)], @p1 = 197b3a8c-06c0-48b6-96f1-a72900bee10d [Type: Guid (0:0:0)], @p2 = 6c75fb1c-0e84-43f1-b458-a72900bede2c [Type: Guid (0:0:0)], @p3 = 'CS' [Type: String (4000:0:0)], @p4 = 19.53000 [Type: Decimal (0:5:28)], @p5 = 'PHP' [Type: String (4000:0:0)], @p6 = cd139093-9a76-4782-818e-a72900bee1e6 [Type: Guid (0:0:0)]

NHibernate: Batch commands:
command 0:
    UPDATE
        dbo.Orders 
    SET
        OrderNumber = @p0,
        TaxRate = @p1,
        Status = @p2,
        DueOn = @p3,
        OrderedOn = @p4,
        CreatedOn = @p5,
        StagedOn = @p6,
        ShippedOn = @p7,
        RoutedOn = @p8,
        InvoicedOn = @p9,
        PaidOn = @p10,
        CompletedOn = @p11,
        ReturnedOn = @p12,
        CancelledOn = @p13,
        CancellationReason = @p14,
        BranchId = @p15,
        CustomerId = @p16,
        PaymentTypeId = @p17,
        ShipperId = @p18,
        OrderedById = @p19,
        CreatedById = @p20,
        StagedById = @p21,
        ShippedById = @p22,
        RoutedById = @p23,
        InvoicedById = @p24,
        PaidToId = @p25,
        CompletedById = @p26,
        ReturnedById = @p27,
        CancelledById = @p28,
        PricingSchemeId = @p29,
        Tax_Amount = @p30,
        Tax_CurrencyId = @p31,
        ShippingFee_Amount = @p32,
        ShippingFee_CurrencyId = @p33,
        Discount_Amount = @p34,
        Discount_CurrencyId = @p35,
        Returned_Amount = @p36,
        Returned_CurrencyId = @p37,
        SubTotal_Amount = @p38,
        SubTotal_CurrencyId = @p39,
        Total_Amount = @p40,
        Total_CurrencyId = @p41 
    WHERE
        OrderId = @p42;
    @p0 = NULL [Type: String (4000:0:0)], @p1 = 0.12000 [Type: Decimal (0:5:28)], @p2 = 'Invoiced' [Type: String (4000:0:0)], @p3 = NULL [Type: DateTime (0:0:0)], @p4 = 2017-03-01T19:34:58.0000000 [Type: DateTime (0:0:0)], @p5 = 2017-03-01T19:34:58.0000000 [Type: DateTime (0:0:0)], @p6 = NULL [Type: DateTime (0:0:0)], @p7 = NULL [Type: DateTime (0:0:0)], @p8 = NULL [Type: DateTime (0:0:0)], @p9 = 2017-03-01T19:34:58.0000000 [Type: DateTime (0:0:0)], @p10 = 2017-03-01T19:34:58.0000000 [Type: DateTime (0:0:0)], @p11 = NULL [Type: DateTime (0:0:0)], @p12 = NULL [Type: DateTime (0:0:0)], @p13 = NULL [Type: DateTime (0:0:0)], @p14 = NULL [Type: String (4000:0:0)], @p15 = 406a71d8-4dfd-4d34-821e-a5e52e144e50 [Type: Guid (0:0:0)], @p16 = 'Id__99d18c28-5f9c-460d-9677-1e5c6162808d' [Type: String (4000:0:0)], @p17 = 'CC' [Type: String (4000:0:0)], @p18 = NULL [Type: String (4000:0:0)], @p19 = 758be66f-a814-4a22-be17-a72900bede2e [Type: Guid (0:0:0)], @p20 = 758be66f-a814-4a22-be17-a72900bede2e [Type: Guid (0:0:0)], @p21 = NULL [Type: Guid (0:0:0)], @p22 = NULL [Type: Guid (0:0:0)], @p23 = NULL [Type: Guid (0:0:0)], @p24 = 758be66f-a814-4a22-be17-a72900bede2e [Type: Guid (0:0:0)], @p25 = 6c75fb1c-0e84-43f1-b458-a72900bede2c [Type: Guid (0:0:0)], @p26 = NULL [Type: Guid (0:0:0)], @p27 = NULL [Type: Guid (0:0:0)], @p28 = NULL [Type: Guid (0:0:0)], @p29 = NULL [Type: String (4000:0:0)], @p30 = 0 [Type: Decimal (0:5:28)], @p31 = 'PHP' [Type: String (4000:0:0)], @p32 = 0 [Type: Decimal (0:5:28)], @p33 = 'PHP' [Type: String (4000:0:0)], @p34 = 0.00000 [Type: Decimal (0:5:28)], @p35 = 'PHP' [Type: String (4000:0:0)], @p36 = NULL [Type: Decimal (0:5:28)], @p37 = NULL [Type: String (4000:0:0)], @p38 = 19.53000 [Type: Decimal (0:5:28)], @p39 = 'PHP' [Type: String (4000:0:0)], @p40 = 19.53000 [Type: Decimal (0:5:28)], @p41 = 'PHP' [Type: String (4000:0:0)], @p42 = 197b3a8c-06c0-48b6-96f1-a72900bee10d [Type: Guid (0:0:0)]

NHibernate: 
    SELECT
        order0_.OrderId as OrderI1_5_0_,
        order0_.OrderNumber as OrderN2_5_0_,
        order0_.TaxRate as TaxRat3_5_0_,
        order0_.Status as Status4_5_0_,
        order0_.DueOn as DueOn5_5_0_,
        order0_.OrderedOn as Ordere6_5_0_,
        order0_.CreatedOn as Create7_5_0_,
        order0_.StagedOn as Staged8_5_0_,
        order0_.ShippedOn as Shippe9_5_0_,
        order0_.RoutedOn as Route10_5_0_,
        order0_.InvoicedOn as Invoi11_5_0_,
        order0_.PaidOn as PaidO12_5_0_,
        order0_.CompletedOn as Compl13_5_0_,
        order0_.ReturnedOn as Retur14_5_0_,
        order0_.CancelledOn as Cance15_5_0_,
        order0_.CancellationReason as Cance16_5_0_,
        order0_.BranchId as Branc17_5_0_,
        order0_.CustomerId as Custo18_5_0_,
        order0_.PaymentTypeId as Payme19_5_0_,
        order0_.ShipperId as Shipp20_5_0_,
        order0_.OrderedById as Order21_5_0_,
        order0_.CreatedById as Creat22_5_0_,
        order0_.StagedById as Stage23_5_0_,
        order0_.ShippedById as Shipp24_5_0_,
        order0_.RoutedById as Route25_5_0_,
        order0_.InvoicedById as Invoi26_5_0_,
        order0_.PaidToId as PaidT27_5_0_,
        order0_.CompletedById as Compl28_5_0_,
        order0_.ReturnedById as Retur29_5_0_,
        order0_.CancelledById as Cance30_5_0_,
        order0_.PricingSchemeId as Prici31_5_0_,
        order0_.Tax_Amount as Tax32_5_0_,
        order0_.Tax_CurrencyId as Tax33_5_0_,
        order0_.ShippingFee_Amount as Shipp34_5_0_,
        order0_.ShippingFee_CurrencyId as Shipp35_5_0_,
        order0_.Discount_Amount as Disco36_5_0_,
        order0_.Discount_CurrencyId as Disco37_5_0_,
        order0_.Returned_Amount as Retur38_5_0_,
        order0_.Returned_CurrencyId as Retur39_5_0_,
        order0_.SubTotal_Amount as SubTo40_5_0_,
        order0_.SubTotal_CurrencyId as SubTo41_5_0_,
        order0_.Total_Amount as Total42_5_0_,
        order0_.Total_CurrencyId as Total43_5_0_ 
    FROM
        dbo.Orders order0_ 
    WHERE
        order0_.OrderId=@p0;
    @p0 = 82d9dc07-eecd-4042-a893-a72900bee0d2 [Type: Guid (0:0:0)]
NHibernate: 
    SELECT
        items0_.OrderId as OrderI4_4_1_,
        items0_.OrderItemId as OrderI1_4_1_,
        items0_.OrderItemId as OrderI1_4_0_,
        items0_.DiscountRate as Discou2_4_0_,
        items0_.ProductId as Produc3_4_0_,
        items0_.OrderId as OrderI4_4_0_,
        items0_.Quantity_Value as Quanti5_4_0_,
        items0_.Quantity_UnitId as Quanti6_4_0_,
        items0_.Discount_Amount as Discou7_4_0_,
        items0_.Discount_CurrencyId as Discou8_4_0_,
        items0_.UnitPrice_Amount as UnitPr9_4_0_,
        items0_.UnitPrice_CurrencyId as UnitP10_4_0_,
        items0_.ExtendedPrice_Amount as Exten11_4_0_,
        items0_.ExtendedPrice_CurrencyId as Exten12_4_0_,
        items0_.TotalPrice_Amount as Total13_4_0_,
        items0_.TotalPrice_CurrencyId as Total14_4_0_ 
    FROM
        dbo.OrderItems items0_ 
    WHERE
        items0_.OrderId=@p0;
    @p0 = 82d9dc07-eecd-4042-a893-a72900bee0d2 [Type: Guid (0:0:0)]
NHibernate: 
    SELECT
        inventory0_.InventoryId as Invent1_3_0_,
        inventory0_.ConversionFactor as Conver2_3_0_,
        inventory0_.UnitOfMeasureId as UnitOf3_3_0_,
        inventory0_.UnitOfMeasureBaseId as UnitOf4_3_0_,
        inventory0_.BasePrice_Amount as BasePr5_3_0_,
        inventory0_.BasePrice_CurrencyId as BasePr6_3_0_,
        inventory0_.RetailPrice_Amount as Retail7_3_0_,
        inventory0_.RetailPrice_CurrencyId as Retail8_3_0_,
        inventory0_.WholeSalePrice_Amount as WholeS9_3_0_,
        inventory0_.WholeSalePrice_CurrencyId as Whole10_3_0_,
        inventory0_.BadStockPrice_Amount as BadSt11_3_0_,
        inventory0_.BadStockPrice_CurrencyId as BadSt12_3_0_,
        inventory0_.BadStock_Value as BadSt13_3_0_,
        inventory0_.BadStock_UnitId as BadSt14_3_0_,
        inventory0_.Received_Value as Recei15_3_0_,
        inventory0_.Received_UnitId as Recei16_3_0_,
        inventory0_.OnOrder_Value as OnOrd17_3_0_,
        inventory0_.OnOrder_UnitId as OnOrd18_3_0_,
        inventory0_.OnHand_Value as OnHan19_3_0_,
        inventory0_.OnHand_UnitId as OnHan20_3_0_,
        inventory0_.Allocated_Value as Alloc21_3_0_,
        inventory0_.Allocated_UnitId as Alloc22_3_0_,
        inventory0_.Shipped_Value as Shipp23_3_0_,
        inventory0_.Shipped_UnitId as Shipp24_3_0_,
        inventory0_.BackOrdered_Value as BackO25_3_0_,
        inventory0_.BackOrdered_UnitId as BackO26_3_0_,
        inventory0_.Available_Value as Avail27_3_0_,
        inventory0_.Available_UnitId as Avail28_3_0_,
        inventory0_.InitialLevel_Value as Initi29_3_0_,
        inventory0_.InitialLevel_UnitId as Initi30_3_0_,
        inventory0_.Shrinkage_Value as Shrin31_3_0_,
        inventory0_.Shrinkage_UnitId as Shrin32_3_0_,
        inventory0_.CurrentLevel_Value as Curre33_3_0_,
        inventory0_.CurrentLevel_UnitId as Curre34_3_0_,
        inventory0_.TargetLevel_Value as Targe35_3_0_,
        inventory0_.TargetLevel_UnitId as Targe36_3_0_,
        inventory0_.BelowTargetLevel_Value as Below37_3_0_,
        inventory0_.BelowTargetLevel_UnitId as Below38_3_0_,
        inventory0_.ReorderLevel_Value as Reord39_3_0_,
        inventory0_.ReorderLevel_UnitId as Reord40_3_0_,
        inventory0_.ReorderQuantity_Value as Reord41_3_0_,
        inventory0_.ReorderQuantity_UnitId as Reord42_3_0_,
        inventory0_.MinimumReorderQuantity_Value as Minim43_3_0_,
        inventory0_.MinimumReorderQuantity_UnitId as Minim44_3_0_ 
    FROM
        dbo.Inventories inventory0_ 
    WHERE
        inventory0_.InventoryId=@p0;
    @p0 = 9d087926-8eca-43f6-bffb-a72900bedec9 [Type: Guid (0:0:0)]
NHibernate: 
    SELECT
        inventory0_.InventoryId as Invent1_3_0_,
        inventory0_.ConversionFactor as Conver2_3_0_,
        inventory0_.UnitOfMeasureId as UnitOf3_3_0_,
        inventory0_.UnitOfMeasureBaseId as UnitOf4_3_0_,
        inventory0_.BasePrice_Amount as BasePr5_3_0_,
        inventory0_.BasePrice_CurrencyId as BasePr6_3_0_,
        inventory0_.RetailPrice_Amount as Retail7_3_0_,
        inventory0_.RetailPrice_CurrencyId as Retail8_3_0_,
        inventory0_.WholeSalePrice_Amount as WholeS9_3_0_,
        inventory0_.WholeSalePrice_CurrencyId as Whole10_3_0_,
        inventory0_.BadStockPrice_Amount as BadSt11_3_0_,
        inventory0_.BadStockPrice_CurrencyId as BadSt12_3_0_,
        inventory0_.BadStock_Value as BadSt13_3_0_,
        inventory0_.BadStock_UnitId as BadSt14_3_0_,
        inventory0_.Received_Value as Recei15_3_0_,
        inventory0_.Received_UnitId as Recei16_3_0_,
        inventory0_.OnOrder_Value as OnOrd17_3_0_,
        inventory0_.OnOrder_UnitId as OnOrd18_3_0_,
        inventory0_.OnHand_Value as OnHan19_3_0_,
        inventory0_.OnHand_UnitId as OnHan20_3_0_,
        inventory0_.Allocated_Value as Alloc21_3_0_,
        inventory0_.Allocated_UnitId as Alloc22_3_0_,
        inventory0_.Shipped_Value as Shipp23_3_0_,
        inventory0_.Shipped_UnitId as Shipp24_3_0_,
        inventory0_.BackOrdered_Value as BackO25_3_0_,
        inventory0_.BackOrdered_UnitId as BackO26_3_0_,
        inventory0_.Available_Value as Avail27_3_0_,
        inventory0_.Available_UnitId as Avail28_3_0_,
        inventory0_.InitialLevel_Value as Initi29_3_0_,
        inventory0_.InitialLevel_UnitId as Initi30_3_0_,
        inventory0_.Shrinkage_Value as Shrin31_3_0_,
        inventory0_.Shrinkage_UnitId as Shrin32_3_0_,
        inventory0_.CurrentLevel_Value as Curre33_3_0_,
        inventory0_.CurrentLevel_UnitId as Curre34_3_0_,
        inventory0_.TargetLevel_Value as Targe35_3_0_,
        inventory0_.TargetLevel_UnitId as Targe36_3_0_,
        inventory0_.BelowTargetLevel_Value as Below37_3_0_,
        inventory0_.BelowTargetLevel_UnitId as Below38_3_0_,
        inventory0_.ReorderLevel_Value as Reord39_3_0_,
        inventory0_.ReorderLevel_UnitId as Reord40_3_0_,
        inventory0_.ReorderQuantity_Value as Reord41_3_0_,
        inventory0_.ReorderQuantity_UnitId as Reord42_3_0_,
        inventory0_.MinimumReorderQuantity_Value as Minim43_3_0_,
        inventory0_.MinimumReorderQuantity_UnitId as Minim44_3_0_ 
    FROM
        dbo.Inventories inventory0_ 
    WHERE
        inventory0_.InventoryId=@p0;
    @p0 = 61c58cad-6fc7-45a0-9851-a72900bededc [Type: Guid (0:0:0)]
NHibernate: Batch commands:
command 0:
    UPDATE
        dbo.Orders 
    SET
        OrderNumber = @p0,
        TaxRate = @p1,
        Status = @p2,
        DueOn = @p3,
        OrderedOn = @p4,
        CreatedOn = @p5,
        StagedOn = @p6,
        ShippedOn = @p7,
        RoutedOn = @p8,
        InvoicedOn = @p9,
        PaidOn = @p10,
        CompletedOn = @p11,
        ReturnedOn = @p12,
        CancelledOn = @p13,
        CancellationReason = @p14,
        BranchId = @p15,
        CustomerId = @p16,
        PaymentTypeId = @p17,
        ShipperId = @p18,
        OrderedById = @p19,
        CreatedById = @p20,
        StagedById = @p21,
        ShippedById = @p22,
        RoutedById = @p23,
        InvoicedById = @p24,
        PaidToId = @p25,
        CompletedById = @p26,
        ReturnedById = @p27,
        CancelledById = @p28,
        PricingSchemeId = @p29,
        Tax_Amount = @p30,
        Tax_CurrencyId = @p31,
        ShippingFee_Amount = @p32,
        ShippingFee_CurrencyId = @p33,
        Discount_Amount = @p34,
        Discount_CurrencyId = @p35,
        Returned_Amount = @p36,
        Returned_CurrencyId = @p37,
        SubTotal_Amount = @p38,
        SubTotal_CurrencyId = @p39,
        Total_Amount = @p40,
        Total_CurrencyId = @p41 
    WHERE
        OrderId = @p42;
    @p0 = NULL [Type: String (4000:0:0)], @p1 = 0.12000 [Type: Decimal (0:5:28)], @p2 = 'Shipped' [Type: String (4000:0:0)], @p3 = NULL [Type: DateTime (0:0:0)], @p4 = 2017-03-01T19:34:58.0000000 [Type: DateTime (0:0:0)], @p5 = 2017-03-01T19:34:58.0000000 [Type: DateTime (0:0:0)], @p6 = 2017-03-01T00:00:00.0000000 [Type: DateTime (0:0:0)], @p7 = 2017-03-01T19:34:58.0000000 [Type: DateTime (0:0:0)], @p8 = NULL [Type: DateTime (0:0:0)], @p9 = 2017-03-01T19:34:58.0000000 [Type: DateTime (0:0:0)], @p10 = 2017-03-01T19:34:58.0000000 [Type: DateTime (0:0:0)], @p11 = NULL [Type: DateTime (0:0:0)], @p12 = NULL [Type: DateTime (0:0:0)], @p13 = NULL [Type: DateTime (0:0:0)], @p14 = NULL [Type: String (4000:0:0)], @p15 = 406a71d8-4dfd-4d34-821e-a5e52e144e50 [Type: Guid (0:0:0)], @p16 = 'Id__99d18c28-5f9c-460d-9677-1e5c6162808d' [Type: String (4000:0:0)], @p17 = 'CC' [Type: String (4000:0:0)], @p18 = NULL [Type: String (4000:0:0)], @p19 = 6c75fb1c-0e84-43f1-b458-a72900bede2c [Type: Guid (0:0:0)], @p20 = 6c75fb1c-0e84-43f1-b458-a72900bede2c [Type: Guid (0:0:0)], @p21 = 6c75fb1c-0e84-43f1-b458-a72900bede2c [Type: Guid (0:0:0)], @p22 = 5c2b8cdf-64e5-483b-9252-a72900bede26 [Type: Guid (0:0:0)], @p23 = NULL [Type: Guid (0:0:0)], @p24 = 790ee6b8-bc9d-4406-b3dc-a72900bede2a [Type: Guid (0:0:0)], @p25 = 6c75fb1c-0e84-43f1-b458-a72900bede2c [Type: Guid (0:0:0)], @p26 = NULL [Type: Guid (0:0:0)], @p27 = NULL [Type: Guid (0:0:0)], @p28 = NULL [Type: Guid (0:0:0)], @p29 = NULL [Type: String (4000:0:0)], @p30 = 0.00000 [Type: Decimal (0:5:28)], @p31 = 'PHP' [Type: String (4000:0:0)], @p32 = 0.00000 [Type: Decimal (0:5:28)], @p33 = 'PHP' [Type: String (4000:0:0)], @p34 = 0.00000 [Type: Decimal (0:5:28)], @p35 = 'PHP' [Type: String (4000:0:0)], @p36 = NULL [Type: Decimal (0:5:28)], @p37 = NULL [Type: String (4000:0:0)], @p38 = 184.66000 [Type: Decimal (0:5:28)], @p39 = 'PHP' [Type: String (4000:0:0)], @p40 = 184.66000 [Type: Decimal (0:5:28)], @p41 = 'PHP' [Type: String (4000:0:0)], @p42 = 82d9dc07-eecd-4042-a893-a72900bee0d2 [Type: Guid (0:0:0)]

NHibernate: Batch commands:
command 0:
    UPDATE
        dbo.Inventories 
    SET
        ConversionFactor = @p0,
        UnitOfMeasureId = @p1,
        UnitOfMeasureBaseId = @p2,
        BasePrice_Amount = @p3,
        BasePrice_CurrencyId = @p4,
        RetailPrice_Amount = @p5,
        RetailPrice_CurrencyId = @p6,
        WholeSalePrice_Amount = @p7,
        WholeSalePrice_CurrencyId = @p8,
        BadStockPrice_Amount = @p9,
        BadStockPrice_CurrencyId = @p10,
        BadStock_Value = @p11,
        BadStock_UnitId = @p12,
        Received_Value = @p13,
        Received_UnitId = @p14,
        OnOrder_Value = @p15,
        OnOrder_UnitId = @p16,
        OnHand_Value = @p17,
        OnHand_UnitId = @p18,
        Allocated_Value = @p19,
        Allocated_UnitId = @p20,
        Shipped_Value = @p21,
        Shipped_UnitId = @p22,
        BackOrdered_Value = @p23,
        BackOrdered_UnitId = @p24,
        Available_Value = @p25,
        Available_UnitId = @p26,
        InitialLevel_Value = @p27,
        InitialLevel_UnitId = @p28,
        Shrinkage_Value = @p29,
        Shrinkage_UnitId = @p30,
        CurrentLevel_Value = @p31,
        CurrentLevel_UnitId = @p32,
        TargetLevel_Value = @p33,
        TargetLevel_UnitId = @p34,
        BelowTargetLevel_Value = @p35,
        BelowTargetLevel_UnitId = @p36,
        ReorderLevel_Value = @p37,
        ReorderLevel_UnitId = @p38,
        ReorderQuantity_Value = @p39,
        ReorderQuantity_UnitId = @p40,
        MinimumReorderQuantity_Value = @p41,
        MinimumReorderQuantity_UnitId = @p42 
    WHERE
        InventoryId = @p43;
    @p0 = 0.30000 [Type: Decimal (0:5:28)], @p1 = 'g' [Type: String (4000:0:0)], @p2 = 'hm' [Type: String (4000:0:0)], @p3 = 0.22000 [Type: Decimal (0:5:28)], @p4 = 'PHP' [Type: String (4000:0:0)], @p5 = 2.22000 [Type: Decimal (0:5:28)], @p6 = 'PHP' [Type: String (4000:0:0)], @p7 = 1.22000 [Type: Decimal (0:5:28)], @p8 = 'PHP' [Type: String (4000:0:0)], @p9 = 0.00000 [Type: Decimal (0:5:28)], @p10 = 'PHP' [Type: String (4000:0:0)], @p11 = NULL [Type: Decimal (0:5:28)], @p12 = NULL [Type: String (4000:0:0)], @p13 = NULL [Type: Decimal (0:5:28)], @p14 = NULL [Type: String (4000:0:0)], @p15 = NULL [Type: Decimal (0:5:28)], @p16 = NULL [Type: String (4000:0:0)], @p17 = -32.00000 [Type: Decimal (0:5:28)], @p18 = 'g' [Type: String (4000:0:0)], @p19 = 0.00000 [Type: Decimal (0:5:28)], @p20 = 'g' [Type: String (4000:0:0)], @p21 = 32.00000 [Type: Decimal (0:5:28)], @p22 = 'g' [Type: String (4000:0:0)], @p23 = NULL [Type: Decimal (0:5:28)], @p24 = NULL [Type: String (4000:0:0)], @p25 = -32.00000 [Type: Decimal (0:5:28)], @p26 = 'g' [Type: String (4000:0:0)], @p27 = 0.00000 [Type: Decimal (0:5:28)], @p28 = 'g' [Type: String (4000:0:0)], @p29 = NULL [Type: Decimal (0:5:28)], @p30 = NULL [Type: String (4000:0:0)], @p31 = -32.00000 [Type: Decimal (0:5:28)], @p32 = 'g' [Type: String (4000:0:0)], @p33 = 0.00000 [Type: Decimal (0:5:28)], @p34 = 'g' [Type: String (4000:0:0)], @p35 = 32.00000 [Type: Decimal (0:5:28)], @p36 = 'g' [Type: String (4000:0:0)], @p37 = 0.00000 [Type: Decimal (0:5:28)], @p38 = 'g' [Type: String (4000:0:0)], @p39 = 32.00000 [Type: Decimal (0:5:28)], @p40 = 'g' [Type: String (4000:0:0)], @p41 = 0.00000 [Type: Decimal (0:5:28)], @p42 = 'g' [Type: String (4000:0:0)], @p43 = 9d087926-8eca-43f6-bffb-a72900bedec9 [Type: Guid (0:0:0)]
command 1:
    UPDATE
        dbo.Inventories 
    SET
        ConversionFactor = @p0,
        UnitOfMeasureId = @p1,
        UnitOfMeasureBaseId = @p2,
        BasePrice_Amount = @p3,
        BasePrice_CurrencyId = @p4,
        RetailPrice_Amount = @p5,
        RetailPrice_CurrencyId = @p6,
        WholeSalePrice_Amount = @p7,
        WholeSalePrice_CurrencyId = @p8,
        BadStockPrice_Amount = @p9,
        BadStockPrice_CurrencyId = @p10,
        BadStock_Value = @p11,
        BadStock_UnitId = @p12,
        Received_Value = @p13,
        Received_UnitId = @p14,
        OnOrder_Value = @p15,
        OnOrder_UnitId = @p16,
        OnHand_Value = @p17,
        OnHand_UnitId = @p18,
        Allocated_Value = @p19,
        Allocated_UnitId = @p20,
        Shipped_Value = @p21,
        Shipped_UnitId = @p22,
        BackOrdered_Value = @p23,
        BackOrdered_UnitId = @p24,
        Available_Value = @p25,
        Available_UnitId = @p26,
        InitialLevel_Value = @p27,
        InitialLevel_UnitId = @p28,
        Shrinkage_Value = @p29,
        Shrinkage_UnitId = @p30,
        CurrentLevel_Value = @p31,
        CurrentLevel_UnitId = @p32,
        TargetLevel_Value = @p33,
        TargetLevel_UnitId = @p34,
        BelowTargetLevel_Value = @p35,
        BelowTargetLevel_UnitId = @p36,
        ReorderLevel_Value = @p37,
        ReorderLevel_UnitId = @p38,
        ReorderQuantity_Value = @p39,
        ReorderQuantity_UnitId = @p40,
        MinimumReorderQuantity_Value = @p41,
        MinimumReorderQuantity_UnitId = @p42 
    WHERE
        InventoryId = @p43;
    @p0 = 0.30000 [Type: Decimal (0:5:28)], @p1 = 'kl' [Type: String (4000:0:0)], @p2 = 'kl' [Type: String (4000:0:0)], @p3 = 0.47000 [Type: Decimal (0:5:28)], @p4 = 'PHP' [Type: String (4000:0:0)], @p5 = 2.47000 [Type: Decimal (0:5:28)], @p6 = 'PHP' [Type: String (4000:0:0)], @p7 = 1.47000 [Type: Decimal (0:5:28)], @p8 = 'PHP' [Type: String (4000:0:0)], @p9 = 0.00000 [Type: Decimal (0:5:28)], @p10 = 'PHP' [Type: String (4000:0:0)], @p11 = NULL [Type: Decimal (0:5:28)], @p12 = NULL [Type: String (4000:0:0)], @p13 = NULL [Type: Decimal (0:5:28)], @p14 = NULL [Type: String (4000:0:0)], @p15 = NULL [Type: Decimal (0:5:28)], @p16 = NULL [Type: String (4000:0:0)], @p17 = -46.00000 [Type: Decimal (0:5:28)], @p18 = 'kl' [Type: String (4000:0:0)], @p19 = 0.00000 [Type: Decimal (0:5:28)], @p20 = 'kl' [Type: String (4000:0:0)], @p21 = 46.00000 [Type: Decimal (0:5:28)], @p22 = 'kl' [Type: String (4000:0:0)], @p23 = NULL [Type: Decimal (0:5:28)], @p24 = NULL [Type: String (4000:0:0)], @p25 = -46.00000 [Type: Decimal (0:5:28)], @p26 = 'kl' [Type: String (4000:0:0)], @p27 = 0.00000 [Type: Decimal (0:5:28)], @p28 = 'kl' [Type: String (4000:0:0)], @p29 = NULL [Type: Decimal (0:5:28)], @p30 = NULL [Type: String (4000:0:0)], @p31 = -46.00000 [Type: Decimal (0:5:28)], @p32 = 'kl' [Type: String (4000:0:0)], @p33 = 0.00000 [Type: Decimal (0:5:28)], @p34 = 'kl' [Type: String (4000:0:0)], @p35 = 46.00000 [Type: Decimal (0:5:28)], @p36 = 'kl' [Type: String (4000:0:0)], @p37 = 0.00000 [Type: Decimal (0:5:28)], @p38 = 'kl' [Type: String (4000:0:0)], @p39 = 46.00000 [Type: Decimal (0:5:28)], @p40 = 'kl' [Type: String (4000:0:0)], @p41 = 0.00000 [Type: Decimal (0:5:28)], @p42 = 'kl' [Type: String (4000:0:0)], @p43 = 61c58cad-6fc7-45a0-9851-a72900bededc [Type: Guid (0:0:0)]

NHibernate: 
    SELECT
        this_.OrderId as OrderI1_5_21_,
        this_.OrderNumber as OrderN2_5_21_,
        this_.TaxRate as TaxRat3_5_21_,
        this_.Status as Status4_5_21_,
        this_.DueOn as DueOn5_5_21_,
        this_.OrderedOn as Ordere6_5_21_,
        this_.CreatedOn as Create7_5_21_,
        this_.StagedOn as Staged8_5_21_,
        this_.ShippedOn as Shippe9_5_21_,
        this_.RoutedOn as Route10_5_21_,
        this_.InvoicedOn as Invoi11_5_21_,
        this_.PaidOn as PaidO12_5_21_,
        this_.CompletedOn as Compl13_5_21_,
        this_.ReturnedOn as Retur14_5_21_,
        this_.CancelledOn as Cance15_5_21_,
        this_.CancellationReason as Cance16_5_21_,
        this_.BranchId as Branc17_5_21_,
        this_.CustomerId as Custo18_5_21_,
        this_.PaymentTypeId as Payme19_5_21_,
        this_.ShipperId as Shipp20_5_21_,
        this_.OrderedById as Order21_5_21_,
        this_.CreatedById as Creat22_5_21_,
        this_.StagedById as Stage23_5_21_,
        this_.ShippedById as Shipp24_5_21_,
        this_.RoutedById as Route25_5_21_,
        this_.InvoicedById as Invoi26_5_21_,
        this_.PaidToId as PaidT27_5_21_,
        this_.CompletedById as Compl28_5_21_,
        this_.ReturnedById as Retur29_5_21_,
        this_.CancelledById as Cance30_5_21_,
        this_.PricingSchemeId as Prici31_5_21_,
        this_.Tax_Amount as Tax32_5_21_,
        this_.Tax_CurrencyId as Tax33_5_21_,
        this_.ShippingFee_Amount as Shipp34_5_21_,
        this_.ShippingFee_CurrencyId as Shipp35_5_21_,
        this_.Discount_Amount as Disco36_5_21_,
        this_.Discount_CurrencyId as Disco37_5_21_,
        this_.Returned_Amount as Retur38_5_21_,
        this_.Returned_CurrencyId as Retur39_5_21_,
        this_.SubTotal_Amount as SubTo40_5_21_,
        this_.SubTotal_CurrencyId as SubTo41_5_21_,
        this_.Total_Amount as Total42_5_21_,
        this_.Total_CurrencyId as Total43_5_21_,
        items2_.OrderId as OrderI4_4_23_,
        items2_.OrderItemId as OrderI1_4_23_,
        items2_.OrderItemId as OrderI1_4_0_,
        items2_.DiscountRate as Discou2_4_0_,
        items2_.ProductId as Produc3_4_0_,
        items2_.OrderId as OrderI4_4_0_,
        items2_.Quantity_Value as Quanti5_4_0_,
        items2_.Quantity_UnitId as Quanti6_4_0_,
        items2_.Discount_Amount as Discou7_4_0_,
        items2_.Discount_CurrencyId as Discou8_4_0_,
        items2_.UnitPrice_Amount as UnitPr9_4_0_,
        items2_.UnitPrice_CurrencyId as UnitP10_4_0_,
        items2_.ExtendedPrice_Amount as Exten11_4_0_,
        items2_.ExtendedPrice_CurrencyId as Exten12_4_0_,
        items2_.TotalPrice_Amount as Total13_4_0_,
        items2_.TotalPrice_CurrencyId as Total14_4_0_,
        product3_.ProductId as Produ1_11_1_,
        product3_.Name as Name2_11_1_,
        product3_.Description as Descr3_11_1_,
        product3_.Image as Image4_11_1_,
        product3_.Discontinued as Disco5_11_1_,
        product3_.CategoryId as Categ6_11_1_,
        product3_.SupplierId as Suppl7_11_1_,
        inventory4_.InventoryId as Invent1_3_2_,
        inventory4_.ConversionFactor as Conver2_3_2_,
        inventory4_.UnitOfMeasureId as UnitOf3_3_2_,
        inventory4_.UnitOfMeasureBaseId as UnitOf4_3_2_,
        inventory4_.BasePrice_Amount as BasePr5_3_2_,
        inventory4_.BasePrice_CurrencyId as BasePr6_3_2_,
        inventory4_.RetailPrice_Amount as Retail7_3_2_,
        inventory4_.RetailPrice_CurrencyId as Retail8_3_2_,
        inventory4_.WholeSalePrice_Amount as WholeS9_3_2_,
        inventory4_.WholeSalePrice_CurrencyId as Whole10_3_2_,
        inventory4_.BadStockPrice_Amount as BadSt11_3_2_,
        inventory4_.BadStockPrice_CurrencyId as BadSt12_3_2_,
        inventory4_.BadStock_Value as BadSt13_3_2_,
        inventory4_.BadStock_UnitId as BadSt14_3_2_,
        inventory4_.Received_Value as Recei15_3_2_,
        inventory4_.Received_UnitId as Recei16_3_2_,
        inventory4_.OnOrder_Value as OnOrd17_3_2_,
        inventory4_.OnOrder_UnitId as OnOrd18_3_2_,
        inventory4_.OnHand_Value as OnHan19_3_2_,
        inventory4_.OnHand_UnitId as OnHan20_3_2_,
        inventory4_.Allocated_Value as Alloc21_3_2_,
        inventory4_.Allocated_UnitId as Alloc22_3_2_,
        inventory4_.Shipped_Value as Shipp23_3_2_,
        inventory4_.Shipped_UnitId as Shipp24_3_2_,
        inventory4_.BackOrdered_Value as BackO25_3_2_,
        inventory4_.BackOrdered_UnitId as BackO26_3_2_,
        inventory4_.Available_Value as Avail27_3_2_,
        inventory4_.Available_UnitId as Avail28_3_2_,
        inventory4_.InitialLevel_Value as Initi29_3_2_,
        inventory4_.InitialLevel_UnitId as Initi30_3_2_,
        inventory4_.Shrinkage_Value as Shrin31_3_2_,
        inventory4_.Shrinkage_UnitId as Shrin32_3_2_,
        inventory4_.CurrentLevel_Value as Curre33_3_2_,
        inventory4_.CurrentLevel_UnitId as Curre34_3_2_,
        inventory4_.TargetLevel_Value as Targe35_3_2_,
        inventory4_.TargetLevel_UnitId as Targe36_3_2_,
        inventory4_.BelowTargetLevel_Value as Below37_3_2_,
        inventory4_.BelowTargetLevel_UnitId as Below38_3_2_,
        inventory4_.ReorderLevel_Value as Reord39_3_2_,
        inventory4_.ReorderLevel_UnitId as Reord40_3_2_,
        inventory4_.ReorderQuantity_Value as Reord41_3_2_,
        inventory4_.ReorderQuantity_UnitId as Reord42_3_2_,
        inventory4_.MinimumReorderQuantity_Value as Minim43_3_2_,
        inventory4_.MinimumReorderQuantity_UnitId as Minim44_3_2_,
        returns5_.OrderId as OrderI4_7_24_,
        returns5_.OrderReturnId as OrderR1_7_24_,
        returns5_.OrderReturnId as OrderR1_7_3_,
        returns5_.ReturnedOn as Return2_7_3_,
        returns5_.ProductId as Produc3_7_3_,
        returns5_.OrderId as OrderI4_7_3_,
        returns5_.ReasonId as Reason5_7_3_,
        returns5_.ReturnedById as Return6_7_3_,
        returns5_.Quantity_Value as Quanti7_7_3_,
        returns5_.Quantity_UnitId as Quanti8_7_3_,
        returns5_.Returned_Amount as Return9_7_3_,
        returns5_.Returned_CurrencyId as Retur10_7_3_,
        product6_.ProductId as Produ1_11_4_,
        product6_.Name as Name2_11_4_,
        product6_.Description as Descr3_11_4_,
        product6_.Image as Image4_11_4_,
        product6_.Discontinued as Disco5_11_4_,
        product6_.CategoryId as Categ6_11_4_,
        product6_.SupplierId as Suppl7_11_4_,
        payments7_.OrderId as OrderI3_6_25_,
        payments7_.OrderPaymentId as OrderP1_6_25_,
        payments7_.OrderPaymentId as OrderP1_6_5_,
        payments7_.PaidOn as PaidOn2_6_5_,
        payments7_.OrderId as OrderI3_6_5_,
        payments7_.PaidById as PaidBy4_6_5_,
        payments7_.PaymentTypeId as Paymen5_6_5_,
        payments7_.Payment_Amount as Paymen6_6_5_,
        payments7_.Payment_CurrencyId as Paymen7_6_5_,
        user8_.UserId as UserI1_25_6_,
        user8_.Username as Usern2_25_6_,
        user8_.Password as Passw3_25_6_,
        user8_.BranchId as Branc4_25_6_,
        user8_.FirstName as First5_25_6_,
        user8_.MiddleName as Middl6_25_6_,
        user8_.LastName as LastN7_25_6_,
        user8_.BirthDate as Birth8_25_6_,
        user8_.Street as Stree9_25_6_,
        user8_.Barangay as Bara10_25_6_,
        user8_.City as City11_25_6_,
        user8_.Province as Prov12_25_6_,
        user8_.Region as Regi13_25_6_,
        user8_.Country as Coun14_25_6_,
        user8_.ZipCode as ZipC15_25_6_,
        paymenttyp9_.PaymentTypeId as Paymen1_8_7_,
        paymenttyp9_.Name as Name2_8_7_,
        branch10_.BranchId as Branch1_0_8_,
        branch10_.Name as Name2_0_8_,
        branch10_.Description as Descri3_0_8_,
        branch10_.Street as Street4_0_8_,
        branch10_.Barangay as Barang5_0_8_,
        branch10_.City as City6_0_8_,
        branch10_.Province as Provin7_0_8_,
        branch10_.Region as Region8_0_8_,
        branch10_.Country as Countr9_0_8_,
        branch10_.ZipCode as ZipCo10_0_8_,
        customer11_.CustomerId as Custom1_2_9_,
        customer11_.Name as Name2_2_9_,
        customer11_.PricingSchemeId as Pricin3_2_9_,
        customer11_.CreditLimit_Amount as Credit4_2_9_,
        customer11_.CreditLimit_CurrencyId as Credit5_2_9_,
        customer11_.Office_Street as Office6_2_9_,
        customer11_.Office_Barangay as Office7_2_9_,
        customer11_.Office_City as Office8_2_9_,
        customer11_.Office_Province as Office9_2_9_,
        customer11_.Office_Region as Offic10_2_9_,
        customer11_.Office_Country as Offic11_2_9_,
        customer11_.Office_ZipCode as Offic12_2_9_,
        customer11_.Billing_Street as Billi13_2_9_,
        customer11_.Billing_Barangay as Billi14_2_9_,
        customer11_.Billing_City as Billi15_2_9_,
        customer11_.Billing_Province as Billi16_2_9_,
        customer11_.Billing_Region as Billi17_2_9_,
        customer11_.Billing_Country as Billi18_2_9_,
        customer11_.Billing_ZipCode as Billi19_2_9_,
        customer11_.Email as Email20_2_9_,
        customer11_.Landline as Landl21_2_9_,
        customer11_.Fax as Fax22_2_9_,
        customer11_.Mobile as Mobil23_2_9_,
        customer11_.Web as Web24_2_9_,
        paymenttyp12_.PaymentTypeId as Paymen1_8_10_,
        paymenttyp12_.Name as Name2_8_10_,
        shipper13_.ShipperId as Shipp1_20_11_,
        shipper13_.Name as Name2_20_11_,
        shipper13_.Street as Stree3_20_11_,
        shipper13_.Barangay as Baran4_20_11_,
        shipper13_.City as City5_20_11_,
        shipper13_.Province as Provi6_20_11_,
        shipper13_.Region as Regio7_20_11_,
        shipper13_.Country as Count8_20_11_,
        shipper13_.ZipCode as ZipCo9_20_11_,
        shipper13_.Email as Emai10_20_11_,
        shipper13_.Landline as Land11_20_11_,
        shipper13_.Fax as Fax12_20_11_,
        shipper13_.Mobile as Mobi13_20_11_,
        shipper13_.Web as Web14_20_11_,
        user14_.UserId as UserI1_25_12_,
        user14_.Username as Usern2_25_12_,
        user14_.Password as Passw3_25_12_,
        user14_.BranchId as Branc4_25_12_,
        user14_.FirstName as First5_25_12_,
        user14_.MiddleName as Middl6_25_12_,
        user14_.LastName as LastN7_25_12_,
        user14_.BirthDate as Birth8_25_12_,
        user14_.Street as Stree9_25_12_,
        user14_.Barangay as Bara10_25_12_,
        user14_.City as City11_25_12_,
        user14_.Province as Prov12_25_12_,
        user14_.Region as Regi13_25_12_,
        user14_.Country as Coun14_25_12_,
        user14_.ZipCode as ZipC15_25_12_,
        user15_.UserId as UserI1_25_13_,
        user15_.Username as Usern2_25_13_,
        user15_.Password as Passw3_25_13_,
        user15_.BranchId as Branc4_25_13_,
        user15_.FirstName as First5_25_13_,
        user15_.MiddleName as Middl6_25_13_,
        user15_.LastName as LastN7_25_13_,
        user15_.BirthDate as Birth8_25_13_,
        user15_.Street as Stree9_25_13_,
        user15_.Barangay as Bara10_25_13_,
        user15_.City as City11_25_13_,
        user15_.Province as Prov12_25_13_,
        user15_.Region as Regi13_25_13_,
        user15_.Country as Coun14_25_13_,
        user15_.ZipCode as ZipC15_25_13_,
        user16_.UserId as UserI1_25_14_,
        user16_.Username as Usern2_25_14_,
        user16_.Password as Passw3_25_14_,
        user16_.BranchId as Branc4_25_14_,
        user16_.FirstName as First5_25_14_,
        user16_.MiddleName as Middl6_25_14_,
        user16_.LastName as LastN7_25_14_,
        user16_.BirthDate as Birth8_25_14_,
        user16_.Street as Stree9_25_14_,
        user16_.Barangay as Bara10_25_14_,
        user16_.City as City11_25_14_,
        user16_.Province as Prov12_25_14_,
        user16_.Region as Regi13_25_14_,
        user16_.Country as Coun14_25_14_,
        user16_.ZipCode as ZipC15_25_14_,
        user17_.UserId as UserI1_25_15_,
        user17_.Username as Usern2_25_15_,
        user17_.Password as Passw3_25_15_,
        user17_.BranchId as Branc4_25_15_,
        user17_.FirstName as First5_25_15_,
        user17_.MiddleName as Middl6_25_15_,
        user17_.LastName as LastN7_25_15_,
        user17_.BirthDate as Birth8_25_15_,
        user17_.Street as Stree9_25_15_,
        user17_.Barangay as Bara10_25_15_,
        user17_.City as City11_25_15_,
        user17_.Province as Prov12_25_15_,
        user17_.Region as Regi13_25_15_,
        user17_.Country as Coun14_25_15_,
        user17_.ZipCode as ZipC15_25_15_,
        user18_.UserId as UserI1_25_16_,
        user18_.Username as Usern2_25_16_,
        user18_.Password as Passw3_25_16_,
        user18_.BranchId as Branc4_25_16_,
        user18_.FirstName as First5_25_16_,
        user18_.MiddleName as Middl6_25_16_,
        user18_.LastName as LastN7_25_16_,
        user18_.BirthDate as Birth8_25_16_,
        user18_.Street as Stree9_25_16_,
        user18_.Barangay as Bara10_25_16_,
        user18_.City as City11_25_16_,
        user18_.Province as Prov12_25_16_,
        user18_.Region as Regi13_25_16_,
        user18_.Country as Coun14_25_16_,
        user18_.ZipCode as ZipC15_25_16_,
        user19_.UserId as UserI1_25_17_,
        user19_.Username as Usern2_25_17_,
        user19_.Password as Passw3_25_17_,
        user19_.BranchId as Branc4_25_17_,
        user19_.FirstName as First5_25_17_,
        user19_.MiddleName as Middl6_25_17_,
        user19_.LastName as LastN7_25_17_,
        user19_.BirthDate as Birth8_25_17_,
        user19_.Street as Stree9_25_17_,
        user19_.Barangay as Bara10_25_17_,
        user19_.City as City11_25_17_,
        user19_.Province as Prov12_25_17_,
        user19_.Region as Regi13_25_17_,
        user19_.Country as Coun14_25_17_,
        user19_.ZipCode as ZipC15_25_17_,
        user20_.UserId as UserI1_25_18_,
        user20_.Username as Usern2_25_18_,
        user20_.Password as Passw3_25_18_,
        user20_.BranchId as Branc4_25_18_,
        user20_.FirstName as First5_25_18_,
        user20_.MiddleName as Middl6_25_18_,
        user20_.LastName as LastN7_25_18_,
        user20_.BirthDate as Birth8_25_18_,
        user20_.Street as Stree9_25_18_,
        user20_.Barangay as Bara10_25_18_,
        user20_.City as City11_25_18_,
        user20_.Province as Prov12_25_18_,
        user20_.Region as Regi13_25_18_,
        user20_.Country as Coun14_25_18_,
        user20_.ZipCode as ZipC15_25_18_,
        user21_.UserId as UserI1_25_19_,
        user21_.Username as Usern2_25_19_,
        user21_.Password as Passw3_25_19_,
        user21_.BranchId as Branc4_25_19_,
        user21_.FirstName as First5_25_19_,
        user21_.MiddleName as Middl6_25_19_,
        user21_.LastName as LastN7_25_19_,
        user21_.BirthDate as Birth8_25_19_,
        user21_.Street as Stree9_25_19_,
        user21_.Barangay as Bara10_25_19_,
        user21_.City as City11_25_19_,
        user21_.Province as Prov12_25_19_,
        user21_.Region as Regi13_25_19_,
        user21_.Country as Coun14_25_19_,
        user21_.ZipCode as ZipC15_25_19_,
        pricingsch22_.PricingSchemeId as Pricin1_9_20_,
        pricingsch22_.Name as Name2_9_20_ 
    FROM
        dbo.Orders this_ 
    left outer join
        dbo.OrderItems items2_ 
            on this_.OrderId=items2_.OrderId 
    left outer join
        dbo.Products product3_ 
            on items2_.ProductId=product3_.ProductId 
    left outer join
        dbo.Inventories inventory4_ 
            on product3_.ProductId=inventory4_.InventoryId 
    left outer join
        dbo.OrderReturns returns5_ 
            on this_.OrderId=returns5_.OrderId 
    left outer join
        dbo.Products product6_ 
            on returns5_.ProductId=product6_.ProductId 
    left outer join
        dbo.OrderPayments payments7_ 
            on this_.OrderId=payments7_.OrderId 
    left outer join
        dbo.Users user8_ 
            on payments7_.PaidById=user8_.UserId 
    left outer join
        dbo.PaymentTypes paymenttyp9_ 
            on payments7_.PaymentTypeId=paymenttyp9_.PaymentTypeId 
    left outer join
        dbo.Branches branch10_ 
            on this_.BranchId=branch10_.BranchId 
    inner join
        dbo.Customers customer11_ 
            on this_.CustomerId=customer11_.CustomerId 
    left outer join
        dbo.PaymentTypes paymenttyp12_ 
            on this_.PaymentTypeId=paymenttyp12_.PaymentTypeId 
    left outer join
        dbo.Shippers shipper13_ 
            on this_.ShipperId=shipper13_.ShipperId 
    left outer join
        dbo.Users user14_ 
            on this_.OrderedById=user14_.UserId 
    left outer join
        dbo.Users user15_ 
            on this_.CreatedById=user15_.UserId 
    left outer join
        dbo.Users user16_ 
            on this_.StagedById=user16_.UserId 
    left outer join
        dbo.Users user17_ 
            on this_.RoutedById=user17_.UserId 
    left outer join
        dbo.Users user18_ 
            on this_.InvoicedById=user18_.UserId 
    left outer join
        dbo.Users user19_ 
            on this_.PaidToId=user19_.UserId 
    left outer join
        dbo.Users user20_ 
            on this_.CompletedById=user20_.UserId 
    left outer join
        dbo.Users user21_ 
            on this_.CancelledById=user21_.UserId 
    left outer join
        dbo.PricingSchemes pricingsch22_ 
            on this_.PricingSchemeId=pricingsch22_.PricingSchemeId 
    WHERE
        this_.OrderId = @p0;
    @p0 = 82d9dc07-eecd-4042-a893-a72900bee0d2 [Type: Guid (0:0:0)]
NHibernate: 
    SELECT
        order0_.OrderId as OrderI1_5_0_,
        order0_.OrderNumber as OrderN2_5_0_,
        order0_.TaxRate as TaxRat3_5_0_,
        order0_.Status as Status4_5_0_,
        order0_.DueOn as DueOn5_5_0_,
        order0_.OrderedOn as Ordere6_5_0_,
        order0_.CreatedOn as Create7_5_0_,
        order0_.StagedOn as Staged8_5_0_,
        order0_.ShippedOn as Shippe9_5_0_,
        order0_.RoutedOn as Route10_5_0_,
        order0_.InvoicedOn as Invoi11_5_0_,
        order0_.PaidOn as PaidO12_5_0_,
        order0_.CompletedOn as Compl13_5_0_,
        order0_.ReturnedOn as Retur14_5_0_,
        order0_.CancelledOn as Cance15_5_0_,
        order0_.CancellationReason as Cance16_5_0_,
        order0_.BranchId as Branc17_5_0_,
        order0_.CustomerId as Custo18_5_0_,
        order0_.PaymentTypeId as Payme19_5_0_,
        order0_.ShipperId as Shipp20_5_0_,
        order0_.OrderedById as Order21_5_0_,
        order0_.CreatedById as Creat22_5_0_,
        order0_.StagedById as Stage23_5_0_,
        order0_.ShippedById as Shipp24_5_0_,
        order0_.RoutedById as Route25_5_0_,
        order0_.InvoicedById as Invoi26_5_0_,
        order0_.PaidToId as PaidT27_5_0_,
        order0_.CompletedById as Compl28_5_0_,
        order0_.ReturnedById as Retur29_5_0_,
        order0_.CancelledById as Cance30_5_0_,
        order0_.PricingSchemeId as Prici31_5_0_,
        order0_.Tax_Amount as Tax32_5_0_,
        order0_.Tax_CurrencyId as Tax33_5_0_,
        order0_.ShippingFee_Amount as Shipp34_5_0_,
        order0_.ShippingFee_CurrencyId as Shipp35_5_0_,
        order0_.Discount_Amount as Disco36_5_0_,
        order0_.Discount_CurrencyId as Disco37_5_0_,
        order0_.Returned_Amount as Retur38_5_0_,
        order0_.Returned_CurrencyId as Retur39_5_0_,
        order0_.SubTotal_Amount as SubTo40_5_0_,
        order0_.SubTotal_CurrencyId as SubTo41_5_0_,
        order0_.Total_Amount as Total42_5_0_,
        order0_.Total_CurrencyId as Total43_5_0_ 
    FROM
        dbo.Orders order0_ 
    WHERE
        order0_.OrderId=@p0;
    @p0 = 82d9dc07-eecd-4042-a893-a72900bee0d2 [Type: Guid (0:0:0)]
NHibernate: Batch commands:
command 0:
    UPDATE
        dbo.Orders 
    SET
        OrderNumber = @p0,
        TaxRate = @p1,
        Status = @p2,
        DueOn = @p3,
        OrderedOn = @p4,
        CreatedOn = @p5,
        StagedOn = @p6,
        ShippedOn = @p7,
        RoutedOn = @p8,
        InvoicedOn = @p9,
        PaidOn = @p10,
        CompletedOn = @p11,
        ReturnedOn = @p12,
        CancelledOn = @p13,
        CancellationReason = @p14,
        BranchId = @p15,
        CustomerId = @p16,
        PaymentTypeId = @p17,
        ShipperId = @p18,
        OrderedById = @p19,
        CreatedById = @p20,
        StagedById = @p21,
        ShippedById = @p22,
        RoutedById = @p23,
        InvoicedById = @p24,
        PaidToId = @p25,
        CompletedById = @p26,
        ReturnedById = @p27,
        CancelledById = @p28,
        PricingSchemeId = @p29,
        Tax_Amount = @p30,
        Tax_CurrencyId = @p31,
        ShippingFee_Amount = @p32,
        ShippingFee_CurrencyId = @p33,
        Discount_Amount = @p34,
        Discount_CurrencyId = @p35,
        Returned_Amount = @p36,
        Returned_CurrencyId = @p37,
        SubTotal_Amount = @p38,
        SubTotal_CurrencyId = @p39,
        Total_Amount = @p40,
        Total_CurrencyId = @p41 
    WHERE
        OrderId = @p42;
    @p0 = NULL [Type: String (4000:0:0)], @p1 = 0.12000 [Type: Decimal (0:5:28)], @p2 = 'Completed' [Type: String (4000:0:0)], @p3 = NULL [Type: DateTime (0:0:0)], @p4 = 2017-03-01T19:34:58.0000000 [Type: DateTime (0:0:0)], @p5 = 2017-03-01T19:34:58.0000000 [Type: DateTime (0:0:0)], @p6 = 2017-03-01T00:00:00.0000000 [Type: DateTime (0:0:0)], @p7 = 2017-03-01T19:34:58.0000000 [Type: DateTime (0:0:0)], @p8 = NULL [Type: DateTime (0:0:0)], @p9 = 2017-03-01T19:34:58.0000000 [Type: DateTime (0:0:0)], @p10 = 2017-03-01T19:34:58.0000000 [Type: DateTime (0:0:0)], @p11 = 2017-03-01T19:34:58.0000000 [Type: DateTime (0:0:0)], @p12 = NULL [Type: DateTime (0:0:0)], @p13 = NULL [Type: DateTime (0:0:0)], @p14 = NULL [Type: String (4000:0:0)], @p15 = 406a71d8-4dfd-4d34-821e-a5e52e144e50 [Type: Guid (0:0:0)], @p16 = 'Id__99d18c28-5f9c-460d-9677-1e5c6162808d' [Type: String (4000:0:0)], @p17 = 'CC' [Type: String (4000:0:0)], @p18 = NULL [Type: String (4000:0:0)], @p19 = 6c75fb1c-0e84-43f1-b458-a72900bede2c [Type: Guid (0:0:0)], @p20 = 6c75fb1c-0e84-43f1-b458-a72900bede2c [Type: Guid (0:0:0)], @p21 = 6c75fb1c-0e84-43f1-b458-a72900bede2c [Type: Guid (0:0:0)], @p22 = 5c2b8cdf-64e5-483b-9252-a72900bede26 [Type: Guid (0:0:0)], @p23 = NULL [Type: Guid (0:0:0)], @p24 = 790ee6b8-bc9d-4406-b3dc-a72900bede2a [Type: Guid (0:0:0)], @p25 = 6c75fb1c-0e84-43f1-b458-a72900bede2c [Type: Guid (0:0:0)], @p26 = ca42947a-0ba3-4fc8-86e0-a635014b6b11 [Type: Guid (0:0:0)], @p27 = NULL [Type: Guid (0:0:0)], @p28 = NULL [Type: Guid (0:0:0)], @p29 = NULL [Type: String (4000:0:0)], @p30 = 0.00000 [Type: Decimal (0:5:28)], @p31 = 'PHP' [Type: String (4000:0:0)], @p32 = 0.00000 [Type: Decimal (0:5:28)], @p33 = 'PHP' [Type: String (4000:0:0)], @p34 = 0.00000 [Type: Decimal (0:5:28)], @p35 = 'PHP' [Type: String (4000:0:0)], @p36 = NULL [Type: Decimal (0:5:28)], @p37 = NULL [Type: String (4000:0:0)], @p38 = 184.66000 [Type: Decimal (0:5:28)], @p39 = 'PHP' [Type: String (4000:0:0)], @p40 = 184.66000 [Type: Decimal (0:5:28)], @p41 = 'PHP' [Type: String (4000:0:0)], @p42 = 82d9dc07-eecd-4042-a893-a72900bee0d2 [Type: Guid (0:0:0)]

NHibernate: 
    SELECT
        this_.OrderId as OrderI1_5_21_,
        this_.OrderNumber as OrderN2_5_21_,
        this_.TaxRate as TaxRat3_5_21_,
        this_.Status as Status4_5_21_,
        this_.DueOn as DueOn5_5_21_,
        this_.OrderedOn as Ordere6_5_21_,
        this_.CreatedOn as Create7_5_21_,
        this_.StagedOn as Staged8_5_21_,
        this_.ShippedOn as Shippe9_5_21_,
        this_.RoutedOn as Route10_5_21_,
        this_.InvoicedOn as Invoi11_5_21_,
        this_.PaidOn as PaidO12_5_21_,
        this_.CompletedOn as Compl13_5_21_,
        this_.ReturnedOn as Retur14_5_21_,
        this_.CancelledOn as Cance15_5_21_,
        this_.CancellationReason as Cance16_5_21_,
        this_.BranchId as Branc17_5_21_,
        this_.CustomerId as Custo18_5_21_,
        this_.PaymentTypeId as Payme19_5_21_,
        this_.ShipperId as Shipp20_5_21_,
        this_.OrderedById as Order21_5_21_,
        this_.CreatedById as Creat22_5_21_,
        this_.StagedById as Stage23_5_21_,
        this_.ShippedById as Shipp24_5_21_,
        this_.RoutedById as Route25_5_21_,
        this_.InvoicedById as Invoi26_5_21_,
        this_.PaidToId as PaidT27_5_21_,
        this_.CompletedById as Compl28_5_21_,
        this_.ReturnedById as Retur29_5_21_,
        this_.CancelledById as Cance30_5_21_,
        this_.PricingSchemeId as Prici31_5_21_,
        this_.Tax_Amount as Tax32_5_21_,
        this_.Tax_CurrencyId as Tax33_5_21_,
        this_.ShippingFee_Amount as Shipp34_5_21_,
        this_.ShippingFee_CurrencyId as Shipp35_5_21_,
        this_.Discount_Amount as Disco36_5_21_,
        this_.Discount_CurrencyId as Disco37_5_21_,
        this_.Returned_Amount as Retur38_5_21_,
        this_.Returned_CurrencyId as Retur39_5_21_,
        this_.SubTotal_Amount as SubTo40_5_21_,
        this_.SubTotal_CurrencyId as SubTo41_5_21_,
        this_.Total_Amount as Total42_5_21_,
        this_.Total_CurrencyId as Total43_5_21_,
        items2_.OrderId as OrderI4_4_23_,
        items2_.OrderItemId as OrderI1_4_23_,
        items2_.OrderItemId as OrderI1_4_0_,
        items2_.DiscountRate as Discou2_4_0_,
        items2_.ProductId as Produc3_4_0_,
        items2_.OrderId as OrderI4_4_0_,
        items2_.Quantity_Value as Quanti5_4_0_,
        items2_.Quantity_UnitId as Quanti6_4_0_,
        items2_.Discount_Amount as Discou7_4_0_,
        items2_.Discount_CurrencyId as Discou8_4_0_,
        items2_.UnitPrice_Amount as UnitPr9_4_0_,
        items2_.UnitPrice_CurrencyId as UnitP10_4_0_,
        items2_.ExtendedPrice_Amount as Exten11_4_0_,
        items2_.ExtendedPrice_CurrencyId as Exten12_4_0_,
        items2_.TotalPrice_Amount as Total13_4_0_,
        items2_.TotalPrice_CurrencyId as Total14_4_0_,
        product3_.ProductId as Produ1_11_1_,
        product3_.Name as Name2_11_1_,
        product3_.Description as Descr3_11_1_,
        product3_.Image as Image4_11_1_,
        product3_.Discontinued as Disco5_11_1_,
        product3_.CategoryId as Categ6_11_1_,
        product3_.SupplierId as Suppl7_11_1_,
        inventory4_.InventoryId as Invent1_3_2_,
        inventory4_.ConversionFactor as Conver2_3_2_,
        inventory4_.UnitOfMeasureId as UnitOf3_3_2_,
        inventory4_.UnitOfMeasureBaseId as UnitOf4_3_2_,
        inventory4_.BasePrice_Amount as BasePr5_3_2_,
        inventory4_.BasePrice_CurrencyId as BasePr6_3_2_,
        inventory4_.RetailPrice_Amount as Retail7_3_2_,
        inventory4_.RetailPrice_CurrencyId as Retail8_3_2_,
        inventory4_.WholeSalePrice_Amount as WholeS9_3_2_,
        inventory4_.WholeSalePrice_CurrencyId as Whole10_3_2_,
        inventory4_.BadStockPrice_Amount as BadSt11_3_2_,
        inventory4_.BadStockPrice_CurrencyId as BadSt12_3_2_,
        inventory4_.BadStock_Value as BadSt13_3_2_,
        inventory4_.BadStock_UnitId as BadSt14_3_2_,
        inventory4_.Received_Value as Recei15_3_2_,
        inventory4_.Received_UnitId as Recei16_3_2_,
        inventory4_.OnOrder_Value as OnOrd17_3_2_,
        inventory4_.OnOrder_UnitId as OnOrd18_3_2_,
        inventory4_.OnHand_Value as OnHan19_3_2_,
        inventory4_.OnHand_UnitId as OnHan20_3_2_,
        inventory4_.Allocated_Value as Alloc21_3_2_,
        inventory4_.Allocated_UnitId as Alloc22_3_2_,
        inventory4_.Shipped_Value as Shipp23_3_2_,
        inventory4_.Shipped_UnitId as Shipp24_3_2_,
        inventory4_.BackOrdered_Value as BackO25_3_2_,
        inventory4_.BackOrdered_UnitId as BackO26_3_2_,
        inventory4_.Available_Value as Avail27_3_2_,
        inventory4_.Available_UnitId as Avail28_3_2_,
        inventory4_.InitialLevel_Value as Initi29_3_2_,
        inventory4_.InitialLevel_UnitId as Initi30_3_2_,
        inventory4_.Shrinkage_Value as Shrin31_3_2_,
        inventory4_.Shrinkage_UnitId as Shrin32_3_2_,
        inventory4_.CurrentLevel_Value as Curre33_3_2_,
        inventory4_.CurrentLevel_UnitId as Curre34_3_2_,
        inventory4_.TargetLevel_Value as Targe35_3_2_,
        inventory4_.TargetLevel_UnitId as Targe36_3_2_,
        inventory4_.BelowTargetLevel_Value as Below37_3_2_,
        inventory4_.BelowTargetLevel_UnitId as Below38_3_2_,
        inventory4_.ReorderLevel_Value as Reord39_3_2_,
        inventory4_.ReorderLevel_UnitId as Reord40_3_2_,
        inventory4_.ReorderQuantity_Value as Reord41_3_2_,
        inventory4_.ReorderQuantity_UnitId as Reord42_3_2_,
        inventory4_.MinimumReorderQuantity_Value as Minim43_3_2_,
        inventory4_.MinimumReorderQuantity_UnitId as Minim44_3_2_,
        returns5_.OrderId as OrderI4_7_24_,
        returns5_.OrderReturnId as OrderR1_7_24_,
        returns5_.OrderReturnId as OrderR1_7_3_,
        returns5_.ReturnedOn as Return2_7_3_,
        returns5_.ProductId as Produc3_7_3_,
        returns5_.OrderId as OrderI4_7_3_,
        returns5_.ReasonId as Reason5_7_3_,
        returns5_.ReturnedById as Return6_7_3_,
        returns5_.Quantity_Value as Quanti7_7_3_,
        returns5_.Quantity_UnitId as Quanti8_7_3_,
        returns5_.Returned_Amount as Return9_7_3_,
        returns5_.Returned_CurrencyId as Retur10_7_3_,
        product6_.ProductId as Produ1_11_4_,
        product6_.Name as Name2_11_4_,
        product6_.Description as Descr3_11_4_,
        product6_.Image as Image4_11_4_,
        product6_.Discontinued as Disco5_11_4_,
        product6_.CategoryId as Categ6_11_4_,
        product6_.SupplierId as Suppl7_11_4_,
        payments7_.OrderId as OrderI3_6_25_,
        payments7_.OrderPaymentId as OrderP1_6_25_,
        payments7_.OrderPaymentId as OrderP1_6_5_,
        payments7_.PaidOn as PaidOn2_6_5_,
        payments7_.OrderId as OrderI3_6_5_,
        payments7_.PaidById as PaidBy4_6_5_,
        payments7_.PaymentTypeId as Paymen5_6_5_,
        payments7_.Payment_Amount as Paymen6_6_5_,
        payments7_.Payment_CurrencyId as Paymen7_6_5_,
        user8_.UserId as UserI1_25_6_,
        user8_.Username as Usern2_25_6_,
        user8_.Password as Passw3_25_6_,
        user8_.BranchId as Branc4_25_6_,
        user8_.FirstName as First5_25_6_,
        user8_.MiddleName as Middl6_25_6_,
        user8_.LastName as LastN7_25_6_,
        user8_.BirthDate as Birth8_25_6_,
        user8_.Street as Stree9_25_6_,
        user8_.Barangay as Bara10_25_6_,
        user8_.City as City11_25_6_,
        user8_.Province as Prov12_25_6_,
        user8_.Region as Regi13_25_6_,
        user8_.Country as Coun14_25_6_,
        user8_.ZipCode as ZipC15_25_6_,
        paymenttyp9_.PaymentTypeId as Paymen1_8_7_,
        paymenttyp9_.Name as Name2_8_7_,
        branch10_.BranchId as Branch1_0_8_,
        branch10_.Name as Name2_0_8_,
        branch10_.Description as Descri3_0_8_,
        branch10_.Street as Street4_0_8_,
        branch10_.Barangay as Barang5_0_8_,
        branch10_.City as City6_0_8_,
        branch10_.Province as Provin7_0_8_,
        branch10_.Region as Region8_0_8_,
        branch10_.Country as Countr9_0_8_,
        branch10_.ZipCode as ZipCo10_0_8_,
        customer11_.CustomerId as Custom1_2_9_,
        customer11_.Name as Name2_2_9_,
        customer11_.PricingSchemeId as Pricin3_2_9_,
        customer11_.CreditLimit_Amount as Credit4_2_9_,
        customer11_.CreditLimit_CurrencyId as Credit5_2_9_,
        customer11_.Office_Street as Office6_2_9_,
        customer11_.Office_Barangay as Office7_2_9_,
        customer11_.Office_City as Office8_2_9_,
        customer11_.Office_Province as Office9_2_9_,
        customer11_.Office_Region as Offic10_2_9_,
        customer11_.Office_Country as Offic11_2_9_,
        customer11_.Office_ZipCode as Offic12_2_9_,
        customer11_.Billing_Street as Billi13_2_9_,
        customer11_.Billing_Barangay as Billi14_2_9_,
        customer11_.Billing_City as Billi15_2_9_,
        customer11_.Billing_Province as Billi16_2_9_,
        customer11_.Billing_Region as Billi17_2_9_,
        customer11_.Billing_Country as Billi18_2_9_,
        customer11_.Billing_ZipCode as Billi19_2_9_,
        customer11_.Email as Email20_2_9_,
        customer11_.Landline as Landl21_2_9_,
        customer11_.Fax as Fax22_2_9_,
        customer11_.Mobile as Mobil23_2_9_,
        customer11_.Web as Web24_2_9_,
        paymenttyp12_.PaymentTypeId as Paymen1_8_10_,
        paymenttyp12_.Name as Name2_8_10_,
        shipper13_.ShipperId as Shipp1_20_11_,
        shipper13_.Name as Name2_20_11_,
        shipper13_.Street as Stree3_20_11_,
        shipper13_.Barangay as Baran4_20_11_,
        shipper13_.City as City5_20_11_,
        shipper13_.Province as Provi6_20_11_,
        shipper13_.Region as Regio7_20_11_,
        shipper13_.Country as Count8_20_11_,
        shipper13_.ZipCode as ZipCo9_20_11_,
        shipper13_.Email as Emai10_20_11_,
        shipper13_.Landline as Land11_20_11_,
        shipper13_.Fax as Fax12_20_11_,
        shipper13_.Mobile as Mobi13_20_11_,
        shipper13_.Web as Web14_20_11_,
        user14_.UserId as UserI1_25_12_,
        user14_.Username as Usern2_25_12_,
        user14_.Password as Passw3_25_12_,
        user14_.BranchId as Branc4_25_12_,
        user14_.FirstName as First5_25_12_,
        user14_.MiddleName as Middl6_25_12_,
        user14_.LastName as LastN7_25_12_,
        user14_.BirthDate as Birth8_25_12_,
        user14_.Street as Stree9_25_12_,
        user14_.Barangay as Bara10_25_12_,
        user14_.City as City11_25_12_,
        user14_.Province as Prov12_25_12_,
        user14_.Region as Regi13_25_12_,
        user14_.Country as Coun14_25_12_,
        user14_.ZipCode as ZipC15_25_12_,
        user15_.UserId as UserI1_25_13_,
        user15_.Username as Usern2_25_13_,
        user15_.Password as Passw3_25_13_,
        user15_.BranchId as Branc4_25_13_,
        user15_.FirstName as First5_25_13_,
        user15_.MiddleName as Middl6_25_13_,
        user15_.LastName as LastN7_25_13_,
        user15_.BirthDate as Birth8_25_13_,
        user15_.Street as Stree9_25_13_,
        user15_.Barangay as Bara10_25_13_,
        user15_.City as City11_25_13_,
        user15_.Province as Prov12_25_13_,
        user15_.Region as Regi13_25_13_,
        user15_.Country as Coun14_25_13_,
        user15_.ZipCode as ZipC15_25_13_,
        user16_.UserId as UserI1_25_14_,
        user16_.Username as Usern2_25_14_,
        user16_.Password as Passw3_25_14_,
        user16_.BranchId as Branc4_25_14_,
        user16_.FirstName as First5_25_14_,
        user16_.MiddleName as Middl6_25_14_,
        user16_.LastName as LastN7_25_14_,
        user16_.BirthDate as Birth8_25_14_,
        user16_.Street as Stree9_25_14_,
        user16_.Barangay as Bara10_25_14_,
        user16_.City as City11_25_14_,
        user16_.Province as Prov12_25_14_,
        user16_.Region as Regi13_25_14_,
        user16_.Country as Coun14_25_14_,
        user16_.ZipCode as ZipC15_25_14_,
        user17_.UserId as UserI1_25_15_,
        user17_.Username as Usern2_25_15_,
        user17_.Password as Passw3_25_15_,
        user17_.BranchId as Branc4_25_15_,
        user17_.FirstName as First5_25_15_,
        user17_.MiddleName as Middl6_25_15_,
        user17_.LastName as LastN7_25_15_,
        user17_.BirthDate as Birth8_25_15_,
        user17_.Street as Stree9_25_15_,
        user17_.Barangay as Bara10_25_15_,
        user17_.City as City11_25_15_,
        user17_.Province as Prov12_25_15_,
        user17_.Region as Regi13_25_15_,
        user17_.Country as Coun14_25_15_,
        user17_.ZipCode as ZipC15_25_15_,
        user18_.UserId as UserI1_25_16_,
        user18_.Username as Usern2_25_16_,
        user18_.Password as Passw3_25_16_,
        user18_.BranchId as Branc4_25_16_,
        user18_.FirstName as First5_25_16_,
        user18_.MiddleName as Middl6_25_16_,
        user18_.LastName as LastN7_25_16_,
        user18_.BirthDate as Birth8_25_16_,
        user18_.Street as Stree9_25_16_,
        user18_.Barangay as Bara10_25_16_,
        user18_.City as City11_25_16_,
        user18_.Province as Prov12_25_16_,
        user18_.Region as Regi13_25_16_,
        user18_.Country as Coun14_25_16_,
        user18_.ZipCode as ZipC15_25_16_,
        user19_.UserId as UserI1_25_17_,
        user19_.Username as Usern2_25_17_,
        user19_.Password as Passw3_25_17_,
        user19_.BranchId as Branc4_25_17_,
        user19_.FirstName as First5_25_17_,
        user19_.MiddleName as Middl6_25_17_,
        user19_.LastName as LastN7_25_17_,
        user19_.BirthDate as Birth8_25_17_,
        user19_.Street as Stree9_25_17_,
        user19_.Barangay as Bara10_25_17_,
        user19_.City as City11_25_17_,
        user19_.Province as Prov12_25_17_,
        user19_.Region as Regi13_25_17_,
        user19_.Country as Coun14_25_17_,
        user19_.ZipCode as ZipC15_25_17_,
        user20_.UserId as UserI1_25_18_,
        user20_.Username as Usern2_25_18_,
        user20_.Password as Passw3_25_18_,
        user20_.BranchId as Branc4_25_18_,
        user20_.FirstName as First5_25_18_,
        user20_.MiddleName as Middl6_25_18_,
        user20_.LastName as LastN7_25_18_,
        user20_.BirthDate as Birth8_25_18_,
        user20_.Street as Stree9_25_18_,
        user20_.Barangay as Bara10_25_18_,
        user20_.City as City11_25_18_,
        user20_.Province as Prov12_25_18_,
        user20_.Region as Regi13_25_18_,
        user20_.Country as Coun14_25_18_,
        user20_.ZipCode as ZipC15_25_18_,
        user21_.UserId as UserI1_25_19_,
        user21_.Username as Usern2_25_19_,
        user21_.Password as Passw3_25_19_,
        user21_.BranchId as Branc4_25_19_,
        user21_.FirstName as First5_25_19_,
        user21_.MiddleName as Middl6_25_19_,
        user21_.LastName as LastN7_25_19_,
        user21_.BirthDate as Birth8_25_19_,
        user21_.Street as Stree9_25_19_,
        user21_.Barangay as Bara10_25_19_,
        user21_.City as City11_25_19_,
        user21_.Province as Prov12_25_19_,
        user21_.Region as Regi13_25_19_,
        user21_.Country as Coun14_25_19_,
        user21_.ZipCode as ZipC15_25_19_,
        pricingsch22_.PricingSchemeId as Pricin1_9_20_,
        pricingsch22_.Name as Name2_9_20_ 
    FROM
        dbo.Orders this_ 
    left outer join
        dbo.OrderItems items2_ 
            on this_.OrderId=items2_.OrderId 
    left outer join
        dbo.Products product3_ 
            on items2_.ProductId=product3_.ProductId 
    left outer join
        dbo.Inventories inventory4_ 
            on product3_.ProductId=inventory4_.InventoryId 
    left outer join
        dbo.OrderReturns returns5_ 
            on this_.OrderId=returns5_.OrderId 
    left outer join
        dbo.Products product6_ 
            on returns5_.ProductId=product6_.ProductId 
    left outer join
        dbo.OrderPayments payments7_ 
            on this_.OrderId=payments7_.OrderId 
    left outer join
        dbo.Users user8_ 
            on payments7_.PaidById=user8_.UserId 
    left outer join
        dbo.PaymentTypes paymenttyp9_ 
            on payments7_.PaymentTypeId=paymenttyp9_.PaymentTypeId 
    left outer join
        dbo.Branches branch10_ 
            on this_.BranchId=branch10_.BranchId 
    inner join
        dbo.Customers customer11_ 
            on this_.CustomerId=customer11_.CustomerId 
    left outer join
        dbo.PaymentTypes paymenttyp12_ 
            on this_.PaymentTypeId=paymenttyp12_.PaymentTypeId 
    left outer join
        dbo.Shippers shipper13_ 
            on this_.ShipperId=shipper13_.ShipperId 
    left outer join
        dbo.Users user14_ 
            on this_.OrderedById=user14_.UserId 
    left outer join
        dbo.Users user15_ 
            on this_.CreatedById=user15_.UserId 
    left outer join
        dbo.Users user16_ 
            on this_.StagedById=user16_.UserId 
    left outer join
        dbo.Users user17_ 
            on this_.RoutedById=user17_.UserId 
    left outer join
        dbo.Users user18_ 
            on this_.InvoicedById=user18_.UserId 
    left outer join
        dbo.Users user19_ 
            on this_.PaidToId=user19_.UserId 
    left outer join
        dbo.Users user20_ 
            on this_.CompletedById=user20_.UserId 
    left outer join
        dbo.Users user21_ 
            on this_.CancelledById=user21_.UserId 
    left outer join
        dbo.PricingSchemes pricingsch22_ 
            on this_.PricingSchemeId=pricingsch22_.PricingSchemeId 
    WHERE
        this_.OrderId = @p0;
    @p0 = 82d9dc07-eecd-4042-a893-a72900bee0d2 [Type: Guid (0:0:0)]
]]></output>
            </test-case>
            <test-case id="0-1004" name="Testing" fullname="AmpedBiz.Tests.IntegrationTests.IntegrationTests.Testing" methodname="Testing" classname="AmpedBiz.Tests.IntegrationTests.IntegrationTests" runstate="Runnable" seed="1212504767" result="Passed" start-time="2017-03-01 11:34:59Z" end-time="2017-03-01 11:34:59Z" duration="0.000150" asserts="0" />
          </test-suite>
          <test-suite type="TestFixture" id="0-1005" name="OrderTest" fullname="AmpedBiz.Tests.IntegrationTests.OrderTest" classname="AmpedBiz.Tests.IntegrationTests.OrderTest" runstate="Runnable" testcasecount="1" result="Passed" start-time="2017-03-01 11:34:59Z" end-time="2017-03-01 11:34:59Z" duration="0.004032" total="1" passed="1" failed="0" warnings="0" inconclusive="0" skipped="0" asserts="0">
            <test-case id="0-1006" name="Test" fullname="AmpedBiz.Tests.IntegrationTests.OrderTest.Test" methodname="Test" classname="AmpedBiz.Tests.IntegrationTests.OrderTest" runstate="Runnable" seed="835383941" result="Passed" start-time="2017-03-01 11:34:59Z" end-time="2017-03-01 11:34:59Z" duration="0.000186" asserts="0" />
          </test-suite>
        </test-suite>
        <test-suite type="TestSuite" id="0-1010" name="UnitTests" fullname="AmpedBiz.Tests.UnitTests" runstate="Runnable" testcasecount="1" result="Passed" start-time="2017-03-01 11:34:46Z" end-time="2017-03-01 11:34:59Z" duration="12.216756" total="1" passed="1" failed="0" warnings="0" inconclusive="0" skipped="0" asserts="28">
          <test-suite type="TestFixture" id="0-1000" name="MappingTest" fullname="AmpedBiz.Tests.UnitTests.MappingTest" classname="AmpedBiz.Tests.UnitTests.MappingTest" runstate="Runnable" testcasecount="1" result="Passed" start-time="2017-03-01 11:34:59Z" end-time="2017-03-01 11:34:59Z" duration="0.007070" total="1" passed="1" failed="0" warnings="0" inconclusive="0" skipped="0" asserts="28">
            <test-case id="0-1001" name="ShouldMapAddress" fullname="AmpedBiz.Tests.UnitTests.MappingTest.ShouldMapAddress" methodname="ShouldMapAddress" classname="AmpedBiz.Tests.UnitTests.MappingTest" runstate="Runnable" seed="316197345" result="Passed" start-time="2017-03-01 11:34:59Z" end-time="2017-03-01 11:34:59Z" duration="0.004261" asserts="28" />
          </test-suite>
        </test-suite>
      </test-suite>
    </test-suite>
  </test-suite>
</test-run>